<?xml version="1.0" encoding="utf-8" standalone="no"?>
<test-run id="2" testcasecount="56" result="Failed" total="56" passed="0" failed="56" inconclusive="0" skipped="0" asserts="0" engine-version="3.10.0.0" clr-version="4.0.30319.42000" start-time="2019-05-23 19:03:43Z" end-time="2019-05-23 19:19:12Z" duration="928.985567">
  <command-line><![CDATA["C:\Program Files (x86)\NUnit.Console-3.10.0\bin\net35\nunit3-console.exe"  "CSharpSeleniumTemplate.dll" --inprocess --labels=On]]></command-line>
  <test-suite type="Assembly" id="0-1068" name="CSharpSeleniumTemplate.dll" fullname="CSharpSeleniumTemplate.dll" runstate="Runnable" testcasecount="56" result="Failed" site="Child" start-time="2019-05-23 19:03:43Z" end-time="2019-05-23 19:19:12Z" duration="928.397073" total="56" passed="0" failed="56" warnings="0" inconclusive="0" skipped="0" asserts="0">
    <environment framework-version="3.11.0.0" clr-version="4.0.30319.42000" os-version="Microsoft Windows NT 10.0.17763.0" platform="Win32NT" cwd="C:\Mantis2\csharpseleniumextentreporttemplate-master\CSharpSeleniumTemplate\bin\Debug" machine-name="PLUTO" user="SISTEMA" user-domain="WORKGROUP" culture="pt-BR" uiculture="pt-BR" os-architecture="x64" />
    <settings>
      <setting name="ProcessModel" value="InProcess" />
      <setting name="DisposeRunners" value="True" />
      <setting name="WorkDirectory" value="C:\Mantis2\csharpseleniumextentreporttemplate-master\CSharpSeleniumTemplate\bin\Debug" />
      <setting name="ImageRuntimeVersion" value="4.0.30319" />
      <setting name="ImageTargetFrameworkName" value=".NETFramework,Version=v4.6.1" />
      <setting name="ImageRequiresX86" value="False" />
      <setting name="ImageRequiresDefaultAppDomainAssemblyResolver" value="False" />
      <setting name="NumberOfTestWorkers" value="4" />
    </settings>
    <properties>
      <property name="_PID" value="17784" />
      <property name="_APPDOMAIN" value="domain-" />
    </properties>
    <failure>
      <message><![CDATA[One or more child tests had errors]]></message>
    </failure>
    <test-suite type="TestSuite" id="0-1069" name="CSharpSeleniumTemplate" fullname="CSharpSeleniumTemplate" runstate="Runnable" testcasecount="56" result="Failed" site="Child" start-time="2019-05-23 19:03:43Z" end-time="2019-05-23 19:19:12Z" duration="928.376184" total="56" passed="0" failed="56" warnings="0" inconclusive="0" skipped="0" asserts="0">
      <failure>
        <message><![CDATA[One or more child tests had errors]]></message>
      </failure>
      <test-suite type="TestSuite" id="0-1070" name="Tests" fullname="CSharpSeleniumTemplate.Tests" runstate="Runnable" testcasecount="56" result="Failed" site="Child" start-time="2019-05-23 19:03:43Z" end-time="2019-05-23 19:19:12Z" duration="928.375635" total="56" passed="0" failed="56" warnings="0" inconclusive="0" skipped="0" asserts="0">
        <failure>
          <message><![CDATA[One or more child tests had errors]]></message>
        </failure>
        <test-suite type="TestFixture" id="0-1027" name="CriarTarefa" fullname="CSharpSeleniumTemplate.Tests.CriarTarefa" classname="CSharpSeleniumTemplate.Tests.CriarTarefa" runstate="Runnable" testcasecount="9" result="Failed" site="Child" start-time="2019-05-23 19:03:43Z" end-time="2019-05-23 19:06:41Z" duration="177.577140" total="9" passed="0" failed="9" warnings="0" inconclusive="0" skipped="0" asserts="0">
          <failure>
            <message><![CDATA[One or more child tests had errors]]></message>
          </failure>
          <test-case id="0-1035" name="CadastrarMaisTarefas" fullname="CSharpSeleniumTemplate.Tests.CriarTarefa.CadastrarMaisTarefas" methodname="CadastrarMaisTarefas" classname="CSharpSeleniumTemplate.Tests.CriarTarefa" runstate="Runnable" seed="953258304" result="Failed" label="Error" start-time="2019-05-23 19:03:44Z" end-time="2019-05-23 19:04:05Z" duration="21.638368" asserts="0">
            <failure>
              <message><![CDATA[OpenQA.Selenium.WebDriverException : Error forwarding the new session Error forwarding the request timeout
TearDown : System.NullReferenceException : Referência de objeto não definida para uma instância de um objeto.]]></message>
              <stack-trace><![CDATA[   em OpenQA.Selenium.Remote.RemoteWebDriver.UnpackAndThrowOnError(Response errorResponse)
   em OpenQA.Selenium.Remote.RemoteWebDriver.Execute(String driverCommandToExecute, Dictionary`2 parameters)
   em OpenQA.Selenium.Remote.RemoteWebDriver.StartSession(ICapabilities desiredCapabilities)
   em OpenQA.Selenium.Remote.RemoteWebDriver..ctor(ICommandExecutor commandExecutor, ICapabilities desiredCapabilities)
   em OpenQA.Selenium.Remote.RemoteWebDriver..ctor(Uri remoteAddress, ICapabilities desiredCapabilities)
   em CSharpSeleniumTemplate.Helpers.DriverFactory.CreateInstance() na C:\Mantis2\csharpseleniumextentreporttemplate-master\CSharpSeleniumTemplate\Helpers\DriverFactory.cs:linha 81
   em CSharpSeleniumTemplate.Bases.TestBase.SetUp() na C:\Mantis2\csharpseleniumextentreporttemplate-master\CSharpSeleniumTemplate\Bases\TestBase.cs:linha 26
--TearDown
   em CSharpSeleniumTemplate.Helpers.GeneralHelpers.GetScreenshot(String path) na C:\Mantis2\csharpseleniumextentreporttemplate-master\CSharpSeleniumTemplate\Helpers\GeneralHelpers.cs:linha 65
   em CSharpSeleniumTemplate.Helpers.ExtentReportHelpers.GetScreenShotMedia() na C:\Mantis2\csharpseleniumextentreporttemplate-master\CSharpSeleniumTemplate\Helpers\ExtentReportHelpers.cs:linha 46
   em CSharpSeleniumTemplate.Helpers.ExtentReportHelpers.AddTestResult() na C:\Mantis2\csharpseleniumextentreporttemplate-master\CSharpSeleniumTemplate\Helpers\ExtentReportHelpers.cs:linha 60
   em CSharpSeleniumTemplate.Bases.TestBase.TearDown() na C:\Mantis2\csharpseleniumextentreporttemplate-master\CSharpSeleniumTemplate\Bases\TestBase.cs:linha 42]]></stack-trace>
            </failure>
          </test-case>
          <test-case id="0-1028" name="CadastrarTarefaApenasCamposObrigatorios" fullname="CSharpSeleniumTemplate.Tests.CriarTarefa.CadastrarTarefaApenasCamposObrigatorios" methodname="CadastrarTarefaApenasCamposObrigatorios" classname="CSharpSeleniumTemplate.Tests.CriarTarefa" runstate="Runnable" seed="880367536" result="Failed" label="Error" start-time="2019-05-23 19:04:05Z" end-time="2019-05-23 19:04:22Z" duration="16.851754" asserts="0">
            <failure>
              <message><![CDATA[OpenQA.Selenium.WebDriverException : Error forwarding the new session Error forwarding the request timeout
TearDown : System.NullReferenceException : Referência de objeto não definida para uma instância de um objeto.]]></message>
              <stack-trace><![CDATA[   em OpenQA.Selenium.Remote.RemoteWebDriver.UnpackAndThrowOnError(Response errorResponse)
   em OpenQA.Selenium.Remote.RemoteWebDriver.Execute(String driverCommandToExecute, Dictionary`2 parameters)
   em OpenQA.Selenium.Remote.RemoteWebDriver.StartSession(ICapabilities desiredCapabilities)
   em OpenQA.Selenium.Remote.RemoteWebDriver..ctor(ICommandExecutor commandExecutor, ICapabilities desiredCapabilities)
   em OpenQA.Selenium.Remote.RemoteWebDriver..ctor(Uri remoteAddress, ICapabilities desiredCapabilities)
   em CSharpSeleniumTemplate.Helpers.DriverFactory.CreateInstance() na C:\Mantis2\csharpseleniumextentreporttemplate-master\CSharpSeleniumTemplate\Helpers\DriverFactory.cs:linha 81
   em CSharpSeleniumTemplate.Bases.TestBase.SetUp() na C:\Mantis2\csharpseleniumextentreporttemplate-master\CSharpSeleniumTemplate\Bases\TestBase.cs:linha 26
--TearDown
   em CSharpSeleniumTemplate.Helpers.GeneralHelpers.GetScreenshot(String path) na C:\Mantis2\csharpseleniumextentreporttemplate-master\CSharpSeleniumTemplate\Helpers\GeneralHelpers.cs:linha 65
   em CSharpSeleniumTemplate.Helpers.ExtentReportHelpers.GetScreenShotMedia() na C:\Mantis2\csharpseleniumextentreporttemplate-master\CSharpSeleniumTemplate\Helpers\ExtentReportHelpers.cs:linha 46
   em CSharpSeleniumTemplate.Helpers.ExtentReportHelpers.AddTestResult() na C:\Mantis2\csharpseleniumextentreporttemplate-master\CSharpSeleniumTemplate\Helpers\ExtentReportHelpers.cs:linha 60
   em CSharpSeleniumTemplate.Bases.TestBase.TearDown() na C:\Mantis2\csharpseleniumextentreporttemplate-master\CSharpSeleniumTemplate\Bases\TestBase.cs:linha 42]]></stack-trace>
            </failure>
          </test-case>
          <test-suite type="ParameterizedMethod" id="0-1034" name="CadastrarTarefaTodosCampos" fullname="CSharpSeleniumTemplate.Tests.CriarTarefa.CadastrarTarefaTodosCampos" classname="CSharpSeleniumTemplate.Tests.CriarTarefa" runstate="Runnable" testcasecount="5" result="Failed" site="Child" start-time="2019-05-23 19:04:22Z" end-time="2019-05-23 19:05:53Z" duration="90.740684" total="5" passed="0" failed="5" warnings="0" inconclusive="0" skipped="0" asserts="0">
            <failure>
              <message><![CDATA[One or more child tests had errors]]></message>
            </failure>
            <test-case id="0-1029" name="CadastrarTarefaTodosCampos(System.Collections.ArrayList)" fullname="CSharpSeleniumTemplate.Tests.CriarTarefa.CadastrarTarefaTodosCampos(System.Collections.ArrayList)" methodname="CadastrarTarefaTodosCampos" classname="CSharpSeleniumTemplate.Tests.CriarTarefa" runstate="Runnable" seed="2095030713" result="Failed" label="Error" start-time="2019-05-23 19:04:22Z" end-time="2019-05-23 19:04:39Z" duration="16.517031" asserts="0">
              <failure>
                <message><![CDATA[OpenQA.Selenium.WebDriverException : Error forwarding the new session Error forwarding the request timeout
TearDown : System.NullReferenceException : Referência de objeto não definida para uma instância de um objeto.]]></message>
                <stack-trace><![CDATA[   em OpenQA.Selenium.Remote.RemoteWebDriver.UnpackAndThrowOnError(Response errorResponse)
   em OpenQA.Selenium.Remote.RemoteWebDriver.Execute(String driverCommandToExecute, Dictionary`2 parameters)
   em OpenQA.Selenium.Remote.RemoteWebDriver.StartSession(ICapabilities desiredCapabilities)
   em OpenQA.Selenium.Remote.RemoteWebDriver..ctor(ICommandExecutor commandExecutor, ICapabilities desiredCapabilities)
   em OpenQA.Selenium.Remote.RemoteWebDriver..ctor(Uri remoteAddress, ICapabilities desiredCapabilities)
   em CSharpSeleniumTemplate.Helpers.DriverFactory.CreateInstance() na C:\Mantis2\csharpseleniumextentreporttemplate-master\CSharpSeleniumTemplate\Helpers\DriverFactory.cs:linha 81
   em CSharpSeleniumTemplate.Bases.TestBase.SetUp() na C:\Mantis2\csharpseleniumextentreporttemplate-master\CSharpSeleniumTemplate\Bases\TestBase.cs:linha 26
--TearDown
   em CSharpSeleniumTemplate.Helpers.GeneralHelpers.GetScreenshot(String path) na C:\Mantis2\csharpseleniumextentreporttemplate-master\CSharpSeleniumTemplate\Helpers\GeneralHelpers.cs:linha 65
   em CSharpSeleniumTemplate.Helpers.ExtentReportHelpers.GetScreenShotMedia() na C:\Mantis2\csharpseleniumextentreporttemplate-master\CSharpSeleniumTemplate\Helpers\ExtentReportHelpers.cs:linha 46
   em CSharpSeleniumTemplate.Helpers.ExtentReportHelpers.AddTestResult() na C:\Mantis2\csharpseleniumextentreporttemplate-master\CSharpSeleniumTemplate\Helpers\ExtentReportHelpers.cs:linha 60
   em CSharpSeleniumTemplate.Bases.TestBase.TearDown() na C:\Mantis2\csharpseleniumextentreporttemplate-master\CSharpSeleniumTemplate\Bases\TestBase.cs:linha 42]]></stack-trace>
              </failure>
            </test-case>
            <test-case id="0-1030" name="CadastrarTarefaTodosCampos(System.Collections.ArrayList)" fullname="CSharpSeleniumTemplate.Tests.CriarTarefa.CadastrarTarefaTodosCampos(System.Collections.ArrayList)" methodname="CadastrarTarefaTodosCampos" classname="CSharpSeleniumTemplate.Tests.CriarTarefa" runstate="Runnable" seed="1167641946" result="Failed" label="Error" start-time="2019-05-23 19:04:39Z" end-time="2019-05-23 19:04:58Z" duration="19.465509" asserts="0">
              <failure>
                <message><![CDATA[OpenQA.Selenium.WebDriverException : Error forwarding the new session Error forwarding the request timeout
TearDown : System.NullReferenceException : Referência de objeto não definida para uma instância de um objeto.]]></message>
                <stack-trace><![CDATA[   em OpenQA.Selenium.Remote.RemoteWebDriver.UnpackAndThrowOnError(Response errorResponse)
   em OpenQA.Selenium.Remote.RemoteWebDriver.Execute(String driverCommandToExecute, Dictionary`2 parameters)
   em OpenQA.Selenium.Remote.RemoteWebDriver.StartSession(ICapabilities desiredCapabilities)
   em OpenQA.Selenium.Remote.RemoteWebDriver..ctor(ICommandExecutor commandExecutor, ICapabilities desiredCapabilities)
   em OpenQA.Selenium.Remote.RemoteWebDriver..ctor(Uri remoteAddress, ICapabilities desiredCapabilities)
   em CSharpSeleniumTemplate.Helpers.DriverFactory.CreateInstance() na C:\Mantis2\csharpseleniumextentreporttemplate-master\CSharpSeleniumTemplate\Helpers\DriverFactory.cs:linha 81
   em CSharpSeleniumTemplate.Bases.TestBase.SetUp() na C:\Mantis2\csharpseleniumextentreporttemplate-master\CSharpSeleniumTemplate\Bases\TestBase.cs:linha 26
--TearDown
   em CSharpSeleniumTemplate.Helpers.GeneralHelpers.GetScreenshot(String path) na C:\Mantis2\csharpseleniumextentreporttemplate-master\CSharpSeleniumTemplate\Helpers\GeneralHelpers.cs:linha 65
   em CSharpSeleniumTemplate.Helpers.ExtentReportHelpers.GetScreenShotMedia() na C:\Mantis2\csharpseleniumextentreporttemplate-master\CSharpSeleniumTemplate\Helpers\ExtentReportHelpers.cs:linha 46
   em CSharpSeleniumTemplate.Helpers.ExtentReportHelpers.AddTestResult() na C:\Mantis2\csharpseleniumextentreporttemplate-master\CSharpSeleniumTemplate\Helpers\ExtentReportHelpers.cs:linha 60
   em CSharpSeleniumTemplate.Bases.TestBase.TearDown() na C:\Mantis2\csharpseleniumextentreporttemplate-master\CSharpSeleniumTemplate\Bases\TestBase.cs:linha 42]]></stack-trace>
              </failure>
            </test-case>
            <test-case id="0-1031" name="CadastrarTarefaTodosCampos(System.Collections.ArrayList)" fullname="CSharpSeleniumTemplate.Tests.CriarTarefa.CadastrarTarefaTodosCampos(System.Collections.ArrayList)" methodname="CadastrarTarefaTodosCampos" classname="CSharpSeleniumTemplate.Tests.CriarTarefa" runstate="Runnable" seed="943057925" result="Failed" label="Error" start-time="2019-05-23 19:04:58Z" end-time="2019-05-23 19:05:18Z" duration="20.189840" asserts="0">
              <failure>
                <message><![CDATA[OpenQA.Selenium.WebDriverException : Error forwarding the new session Error forwarding the request timeout
TearDown : System.NullReferenceException : Referência de objeto não definida para uma instância de um objeto.]]></message>
                <stack-trace><![CDATA[   em OpenQA.Selenium.Remote.RemoteWebDriver.UnpackAndThrowOnError(Response errorResponse)
   em OpenQA.Selenium.Remote.RemoteWebDriver.Execute(String driverCommandToExecute, Dictionary`2 parameters)
   em OpenQA.Selenium.Remote.RemoteWebDriver.StartSession(ICapabilities desiredCapabilities)
   em OpenQA.Selenium.Remote.RemoteWebDriver..ctor(ICommandExecutor commandExecutor, ICapabilities desiredCapabilities)
   em OpenQA.Selenium.Remote.RemoteWebDriver..ctor(Uri remoteAddress, ICapabilities desiredCapabilities)
   em CSharpSeleniumTemplate.Helpers.DriverFactory.CreateInstance() na C:\Mantis2\csharpseleniumextentreporttemplate-master\CSharpSeleniumTemplate\Helpers\DriverFactory.cs:linha 81
   em CSharpSeleniumTemplate.Bases.TestBase.SetUp() na C:\Mantis2\csharpseleniumextentreporttemplate-master\CSharpSeleniumTemplate\Bases\TestBase.cs:linha 26
--TearDown
   em CSharpSeleniumTemplate.Helpers.GeneralHelpers.GetScreenshot(String path) na C:\Mantis2\csharpseleniumextentreporttemplate-master\CSharpSeleniumTemplate\Helpers\GeneralHelpers.cs:linha 65
   em CSharpSeleniumTemplate.Helpers.ExtentReportHelpers.GetScreenShotMedia() na C:\Mantis2\csharpseleniumextentreporttemplate-master\CSharpSeleniumTemplate\Helpers\ExtentReportHelpers.cs:linha 46
   em CSharpSeleniumTemplate.Helpers.ExtentReportHelpers.AddTestResult() na C:\Mantis2\csharpseleniumextentreporttemplate-master\CSharpSeleniumTemplate\Helpers\ExtentReportHelpers.cs:linha 60
   em CSharpSeleniumTemplate.Bases.TestBase.TearDown() na C:\Mantis2\csharpseleniumextentreporttemplate-master\CSharpSeleniumTemplate\Bases\TestBase.cs:linha 42]]></stack-trace>
              </failure>
            </test-case>
            <test-case id="0-1032" name="CadastrarTarefaTodosCampos(System.Collections.ArrayList)" fullname="CSharpSeleniumTemplate.Tests.CriarTarefa.CadastrarTarefaTodosCampos(System.Collections.ArrayList)" methodname="CadastrarTarefaTodosCampos" classname="CSharpSeleniumTemplate.Tests.CriarTarefa" runstate="Runnable" seed="1200178963" result="Failed" label="Error" start-time="2019-05-23 19:05:18Z" end-time="2019-05-23 19:05:35Z" duration="16.941656" asserts="0">
              <failure>
                <message><![CDATA[OpenQA.Selenium.WebDriverException : Error forwarding the new session Error forwarding the request timeout
TearDown : System.NullReferenceException : Referência de objeto não definida para uma instância de um objeto.]]></message>
                <stack-trace><![CDATA[   em OpenQA.Selenium.Remote.RemoteWebDriver.UnpackAndThrowOnError(Response errorResponse)
   em OpenQA.Selenium.Remote.RemoteWebDriver.Execute(String driverCommandToExecute, Dictionary`2 parameters)
   em OpenQA.Selenium.Remote.RemoteWebDriver.StartSession(ICapabilities desiredCapabilities)
   em OpenQA.Selenium.Remote.RemoteWebDriver..ctor(ICommandExecutor commandExecutor, ICapabilities desiredCapabilities)
   em OpenQA.Selenium.Remote.RemoteWebDriver..ctor(Uri remoteAddress, ICapabilities desiredCapabilities)
   em CSharpSeleniumTemplate.Helpers.DriverFactory.CreateInstance() na C:\Mantis2\csharpseleniumextentreporttemplate-master\CSharpSeleniumTemplate\Helpers\DriverFactory.cs:linha 81
   em CSharpSeleniumTemplate.Bases.TestBase.SetUp() na C:\Mantis2\csharpseleniumextentreporttemplate-master\CSharpSeleniumTemplate\Bases\TestBase.cs:linha 26
--TearDown
   em CSharpSeleniumTemplate.Helpers.GeneralHelpers.GetScreenshot(String path) na C:\Mantis2\csharpseleniumextentreporttemplate-master\CSharpSeleniumTemplate\Helpers\GeneralHelpers.cs:linha 65
   em CSharpSeleniumTemplate.Helpers.ExtentReportHelpers.GetScreenShotMedia() na C:\Mantis2\csharpseleniumextentreporttemplate-master\CSharpSeleniumTemplate\Helpers\ExtentReportHelpers.cs:linha 46
   em CSharpSeleniumTemplate.Helpers.ExtentReportHelpers.AddTestResult() na C:\Mantis2\csharpseleniumextentreporttemplate-master\CSharpSeleniumTemplate\Helpers\ExtentReportHelpers.cs:linha 60
   em CSharpSeleniumTemplate.Bases.TestBase.TearDown() na C:\Mantis2\csharpseleniumextentreporttemplate-master\CSharpSeleniumTemplate\Bases\TestBase.cs:linha 42]]></stack-trace>
              </failure>
            </test-case>
            <test-case id="0-1033" name="CadastrarTarefaTodosCampos(System.Collections.ArrayList)" fullname="CSharpSeleniumTemplate.Tests.CriarTarefa.CadastrarTarefaTodosCampos(System.Collections.ArrayList)" methodname="CadastrarTarefaTodosCampos" classname="CSharpSeleniumTemplate.Tests.CriarTarefa" runstate="Runnable" seed="1112109287" result="Failed" label="Error" start-time="2019-05-23 19:05:35Z" end-time="2019-05-23 19:05:53Z" duration="17.621431" asserts="0">
              <failure>
                <message><![CDATA[OpenQA.Selenium.WebDriverException : Error forwarding the new session Error forwarding the request timeout
TearDown : System.NullReferenceException : Referência de objeto não definida para uma instância de um objeto.]]></message>
                <stack-trace><![CDATA[   em OpenQA.Selenium.Remote.RemoteWebDriver.UnpackAndThrowOnError(Response errorResponse)
   em OpenQA.Selenium.Remote.RemoteWebDriver.Execute(String driverCommandToExecute, Dictionary`2 parameters)
   em OpenQA.Selenium.Remote.RemoteWebDriver.StartSession(ICapabilities desiredCapabilities)
   em OpenQA.Selenium.Remote.RemoteWebDriver..ctor(ICommandExecutor commandExecutor, ICapabilities desiredCapabilities)
   em OpenQA.Selenium.Remote.RemoteWebDriver..ctor(Uri remoteAddress, ICapabilities desiredCapabilities)
   em CSharpSeleniumTemplate.Helpers.DriverFactory.CreateInstance() na C:\Mantis2\csharpseleniumextentreporttemplate-master\CSharpSeleniumTemplate\Helpers\DriverFactory.cs:linha 81
   em CSharpSeleniumTemplate.Bases.TestBase.SetUp() na C:\Mantis2\csharpseleniumextentreporttemplate-master\CSharpSeleniumTemplate\Bases\TestBase.cs:linha 26
--TearDown
   em CSharpSeleniumTemplate.Helpers.GeneralHelpers.GetScreenshot(String path) na C:\Mantis2\csharpseleniumextentreporttemplate-master\CSharpSeleniumTemplate\Helpers\GeneralHelpers.cs:linha 65
   em CSharpSeleniumTemplate.Helpers.ExtentReportHelpers.GetScreenShotMedia() na C:\Mantis2\csharpseleniumextentreporttemplate-master\CSharpSeleniumTemplate\Helpers\ExtentReportHelpers.cs:linha 46
   em CSharpSeleniumTemplate.Helpers.ExtentReportHelpers.AddTestResult() na C:\Mantis2\csharpseleniumextentreporttemplate-master\CSharpSeleniumTemplate\Helpers\ExtentReportHelpers.cs:linha 60
   em CSharpSeleniumTemplate.Bases.TestBase.TearDown() na C:\Mantis2\csharpseleniumextentreporttemplate-master\CSharpSeleniumTemplate\Bases\TestBase.cs:linha 42]]></stack-trace>
              </failure>
            </test-case>
          </test-suite>
          <test-case id="0-1037" name="CampoDescricaoNaoPreenchido" fullname="CSharpSeleniumTemplate.Tests.CriarTarefa.CampoDescricaoNaoPreenchido" methodname="CampoDescricaoNaoPreenchido" classname="CSharpSeleniumTemplate.Tests.CriarTarefa" runstate="Runnable" seed="754950822" result="Failed" label="Error" start-time="2019-05-23 19:05:53Z" end-time="2019-05-23 19:06:09Z" duration="15.777907" asserts="0">
            <failure>
              <message><![CDATA[OpenQA.Selenium.WebDriverException : Error forwarding the new session Error forwarding the request timeout
TearDown : System.NullReferenceException : Referência de objeto não definida para uma instância de um objeto.]]></message>
              <stack-trace><![CDATA[   em OpenQA.Selenium.Remote.RemoteWebDriver.UnpackAndThrowOnError(Response errorResponse)
   em OpenQA.Selenium.Remote.RemoteWebDriver.Execute(String driverCommandToExecute, Dictionary`2 parameters)
   em OpenQA.Selenium.Remote.RemoteWebDriver.StartSession(ICapabilities desiredCapabilities)
   em OpenQA.Selenium.Remote.RemoteWebDriver..ctor(ICommandExecutor commandExecutor, ICapabilities desiredCapabilities)
   em OpenQA.Selenium.Remote.RemoteWebDriver..ctor(Uri remoteAddress, ICapabilities desiredCapabilities)
   em CSharpSeleniumTemplate.Helpers.DriverFactory.CreateInstance() na C:\Mantis2\csharpseleniumextentreporttemplate-master\CSharpSeleniumTemplate\Helpers\DriverFactory.cs:linha 81
   em CSharpSeleniumTemplate.Bases.TestBase.SetUp() na C:\Mantis2\csharpseleniumextentreporttemplate-master\CSharpSeleniumTemplate\Bases\TestBase.cs:linha 26
--TearDown
   em CSharpSeleniumTemplate.Helpers.GeneralHelpers.GetScreenshot(String path) na C:\Mantis2\csharpseleniumextentreporttemplate-master\CSharpSeleniumTemplate\Helpers\GeneralHelpers.cs:linha 65
   em CSharpSeleniumTemplate.Helpers.ExtentReportHelpers.GetScreenShotMedia() na C:\Mantis2\csharpseleniumextentreporttemplate-master\CSharpSeleniumTemplate\Helpers\ExtentReportHelpers.cs:linha 46
   em CSharpSeleniumTemplate.Helpers.ExtentReportHelpers.AddTestResult() na C:\Mantis2\csharpseleniumextentreporttemplate-master\CSharpSeleniumTemplate\Helpers\ExtentReportHelpers.cs:linha 60
   em CSharpSeleniumTemplate.Bases.TestBase.TearDown() na C:\Mantis2\csharpseleniumextentreporttemplate-master\CSharpSeleniumTemplate\Bases\TestBase.cs:linha 42]]></stack-trace>
            </failure>
          </test-case>
          <test-case id="0-1036" name="CampoResumoNaoPreenchido" fullname="CSharpSeleniumTemplate.Tests.CriarTarefa.CampoResumoNaoPreenchido" methodname="CampoResumoNaoPreenchido" classname="CSharpSeleniumTemplate.Tests.CriarTarefa" runstate="Runnable" seed="147652894" result="Failed" label="Error" start-time="2019-05-23 19:06:09Z" end-time="2019-05-23 19:06:27Z" duration="18.572277" asserts="0">
            <failure>
              <message><![CDATA[OpenQA.Selenium.WebDriverException : Error forwarding the new session Error forwarding the request timeout
TearDown : System.NullReferenceException : Referência de objeto não definida para uma instância de um objeto.]]></message>
              <stack-trace><![CDATA[   em OpenQA.Selenium.Remote.RemoteWebDriver.UnpackAndThrowOnError(Response errorResponse)
   em OpenQA.Selenium.Remote.RemoteWebDriver.Execute(String driverCommandToExecute, Dictionary`2 parameters)
   em OpenQA.Selenium.Remote.RemoteWebDriver.StartSession(ICapabilities desiredCapabilities)
   em OpenQA.Selenium.Remote.RemoteWebDriver..ctor(ICommandExecutor commandExecutor, ICapabilities desiredCapabilities)
   em OpenQA.Selenium.Remote.RemoteWebDriver..ctor(Uri remoteAddress, ICapabilities desiredCapabilities)
   em CSharpSeleniumTemplate.Helpers.DriverFactory.CreateInstance() na C:\Mantis2\csharpseleniumextentreporttemplate-master\CSharpSeleniumTemplate\Helpers\DriverFactory.cs:linha 81
   em CSharpSeleniumTemplate.Bases.TestBase.SetUp() na C:\Mantis2\csharpseleniumextentreporttemplate-master\CSharpSeleniumTemplate\Bases\TestBase.cs:linha 26
--TearDown
   em CSharpSeleniumTemplate.Helpers.GeneralHelpers.GetScreenshot(String path) na C:\Mantis2\csharpseleniumextentreporttemplate-master\CSharpSeleniumTemplate\Helpers\GeneralHelpers.cs:linha 65
   em CSharpSeleniumTemplate.Helpers.ExtentReportHelpers.GetScreenShotMedia() na C:\Mantis2\csharpseleniumextentreporttemplate-master\CSharpSeleniumTemplate\Helpers\ExtentReportHelpers.cs:linha 46
   em CSharpSeleniumTemplate.Helpers.ExtentReportHelpers.AddTestResult() na C:\Mantis2\csharpseleniumextentreporttemplate-master\CSharpSeleniumTemplate\Helpers\ExtentReportHelpers.cs:linha 60
   em CSharpSeleniumTemplate.Bases.TestBase.TearDown() na C:\Mantis2\csharpseleniumextentreporttemplate-master\CSharpSeleniumTemplate\Bases\TestBase.cs:linha 42]]></stack-trace>
            </failure>
          </test-case>
        </test-suite>
        <test-suite type="TestFixture" id="0-1000" name="GerenciarCamposPersonalizados" fullname="CSharpSeleniumTemplate.Tests.GerenciarCamposPersonalizados" classname="CSharpSeleniumTemplate.Tests.GerenciarCamposPersonalizados" runstate="Runnable" testcasecount="5" result="Failed" site="Child" start-time="2019-05-23 19:06:41Z" end-time="2019-05-23 19:08:05Z" duration="84.264496" total="5" passed="0" failed="5" warnings="0" inconclusive="0" skipped="0" asserts="0">
          <failure>
            <message><![CDATA[One or more child tests had errors]]></message>
          </failure>
          <test-case id="0-1005" name="ApagarCampoPersonalizado" fullname="CSharpSeleniumTemplate.Tests.GerenciarCamposPersonalizados.ApagarCampoPersonalizado" methodname="ApagarCampoPersonalizado" classname="CSharpSeleniumTemplate.Tests.GerenciarCamposPersonalizados" runstate="Runnable" seed="2054019658" result="Failed" label="Error" start-time="2019-05-23 19:06:41Z" end-time="2019-05-23 19:07:00Z" duration="19.368457" asserts="0">
            <failure>
              <message><![CDATA[OpenQA.Selenium.WebDriverException : Error forwarding the new session Error forwarding the request timeout
TearDown : System.NullReferenceException : Referência de objeto não definida para uma instância de um objeto.]]></message>
              <stack-trace><![CDATA[   em OpenQA.Selenium.Remote.RemoteWebDriver.UnpackAndThrowOnError(Response errorResponse)
   em OpenQA.Selenium.Remote.RemoteWebDriver.Execute(String driverCommandToExecute, Dictionary`2 parameters)
   em OpenQA.Selenium.Remote.RemoteWebDriver.StartSession(ICapabilities desiredCapabilities)
   em OpenQA.Selenium.Remote.RemoteWebDriver..ctor(ICommandExecutor commandExecutor, ICapabilities desiredCapabilities)
   em OpenQA.Selenium.Remote.RemoteWebDriver..ctor(Uri remoteAddress, ICapabilities desiredCapabilities)
   em CSharpSeleniumTemplate.Helpers.DriverFactory.CreateInstance() na C:\Mantis2\csharpseleniumextentreporttemplate-master\CSharpSeleniumTemplate\Helpers\DriverFactory.cs:linha 81
   em CSharpSeleniumTemplate.Bases.TestBase.SetUp() na C:\Mantis2\csharpseleniumextentreporttemplate-master\CSharpSeleniumTemplate\Bases\TestBase.cs:linha 26
--TearDown
   em CSharpSeleniumTemplate.Helpers.GeneralHelpers.GetScreenshot(String path) na C:\Mantis2\csharpseleniumextentreporttemplate-master\CSharpSeleniumTemplate\Helpers\GeneralHelpers.cs:linha 65
   em CSharpSeleniumTemplate.Helpers.ExtentReportHelpers.GetScreenShotMedia() na C:\Mantis2\csharpseleniumextentreporttemplate-master\CSharpSeleniumTemplate\Helpers\ExtentReportHelpers.cs:linha 46
   em CSharpSeleniumTemplate.Helpers.ExtentReportHelpers.AddTestResult() na C:\Mantis2\csharpseleniumextentreporttemplate-master\CSharpSeleniumTemplate\Helpers\ExtentReportHelpers.cs:linha 60
   em CSharpSeleniumTemplate.Bases.TestBase.TearDown() na C:\Mantis2\csharpseleniumextentreporttemplate-master\CSharpSeleniumTemplate\Bases\TestBase.cs:linha 42]]></stack-trace>
            </failure>
          </test-case>
          <test-case id="0-1001" name="CadastrarCampoPersonalizado" fullname="CSharpSeleniumTemplate.Tests.GerenciarCamposPersonalizados.CadastrarCampoPersonalizado" methodname="CadastrarCampoPersonalizado" classname="CSharpSeleniumTemplate.Tests.GerenciarCamposPersonalizados" runstate="Runnable" seed="424543054" result="Failed" label="Error" start-time="2019-05-23 19:07:00Z" end-time="2019-05-23 19:07:18Z" duration="17.672934" asserts="0">
            <failure>
              <message><![CDATA[OpenQA.Selenium.WebDriverException : Error forwarding the new session Error forwarding the request timeout
TearDown : System.NullReferenceException : Referência de objeto não definida para uma instância de um objeto.]]></message>
              <stack-trace><![CDATA[   em OpenQA.Selenium.Remote.RemoteWebDriver.UnpackAndThrowOnError(Response errorResponse)
   em OpenQA.Selenium.Remote.RemoteWebDriver.Execute(String driverCommandToExecute, Dictionary`2 parameters)
   em OpenQA.Selenium.Remote.RemoteWebDriver.StartSession(ICapabilities desiredCapabilities)
   em OpenQA.Selenium.Remote.RemoteWebDriver..ctor(ICommandExecutor commandExecutor, ICapabilities desiredCapabilities)
   em OpenQA.Selenium.Remote.RemoteWebDriver..ctor(Uri remoteAddress, ICapabilities desiredCapabilities)
   em CSharpSeleniumTemplate.Helpers.DriverFactory.CreateInstance() na C:\Mantis2\csharpseleniumextentreporttemplate-master\CSharpSeleniumTemplate\Helpers\DriverFactory.cs:linha 81
   em CSharpSeleniumTemplate.Bases.TestBase.SetUp() na C:\Mantis2\csharpseleniumextentreporttemplate-master\CSharpSeleniumTemplate\Bases\TestBase.cs:linha 26
--TearDown
   em CSharpSeleniumTemplate.Helpers.GeneralHelpers.GetScreenshot(String path) na C:\Mantis2\csharpseleniumextentreporttemplate-master\CSharpSeleniumTemplate\Helpers\GeneralHelpers.cs:linha 65
   em CSharpSeleniumTemplate.Helpers.ExtentReportHelpers.GetScreenShotMedia() na C:\Mantis2\csharpseleniumextentreporttemplate-master\CSharpSeleniumTemplate\Helpers\ExtentReportHelpers.cs:linha 46
   em CSharpSeleniumTemplate.Helpers.ExtentReportHelpers.AddTestResult() na C:\Mantis2\csharpseleniumextentreporttemplate-master\CSharpSeleniumTemplate\Helpers\ExtentReportHelpers.cs:linha 60
   em CSharpSeleniumTemplate.Bases.TestBase.TearDown() na C:\Mantis2\csharpseleniumextentreporttemplate-master\CSharpSeleniumTemplate\Bases\TestBase.cs:linha 42]]></stack-trace>
            </failure>
          </test-case>
          <test-case id="0-1002" name="CampoObrigatorioNaoInformado" fullname="CSharpSeleniumTemplate.Tests.GerenciarCamposPersonalizados.CampoObrigatorioNaoInformado" methodname="CampoObrigatorioNaoInformado" classname="CSharpSeleniumTemplate.Tests.GerenciarCamposPersonalizados" runstate="Runnable" seed="2015596065" result="Failed" label="Error" start-time="2019-05-23 19:07:18Z" end-time="2019-05-23 19:07:34Z" duration="16.185861" asserts="0">
            <failure>
              <message><![CDATA[OpenQA.Selenium.WebDriverException : Error forwarding the new session Error forwarding the request timeout
TearDown : System.NullReferenceException : Referência de objeto não definida para uma instância de um objeto.]]></message>
              <stack-trace><![CDATA[   em OpenQA.Selenium.Remote.RemoteWebDriver.UnpackAndThrowOnError(Response errorResponse)
   em OpenQA.Selenium.Remote.RemoteWebDriver.Execute(String driverCommandToExecute, Dictionary`2 parameters)
   em OpenQA.Selenium.Remote.RemoteWebDriver.StartSession(ICapabilities desiredCapabilities)
   em OpenQA.Selenium.Remote.RemoteWebDriver..ctor(ICommandExecutor commandExecutor, ICapabilities desiredCapabilities)
   em OpenQA.Selenium.Remote.RemoteWebDriver..ctor(Uri remoteAddress, ICapabilities desiredCapabilities)
   em CSharpSeleniumTemplate.Helpers.DriverFactory.CreateInstance() na C:\Mantis2\csharpseleniumextentreporttemplate-master\CSharpSeleniumTemplate\Helpers\DriverFactory.cs:linha 81
   em CSharpSeleniumTemplate.Bases.TestBase.SetUp() na C:\Mantis2\csharpseleniumextentreporttemplate-master\CSharpSeleniumTemplate\Bases\TestBase.cs:linha 26
--TearDown
   em CSharpSeleniumTemplate.Helpers.GeneralHelpers.GetScreenshot(String path) na C:\Mantis2\csharpseleniumextentreporttemplate-master\CSharpSeleniumTemplate\Helpers\GeneralHelpers.cs:linha 65
   em CSharpSeleniumTemplate.Helpers.ExtentReportHelpers.GetScreenShotMedia() na C:\Mantis2\csharpseleniumextentreporttemplate-master\CSharpSeleniumTemplate\Helpers\ExtentReportHelpers.cs:linha 46
   em CSharpSeleniumTemplate.Helpers.ExtentReportHelpers.AddTestResult() na C:\Mantis2\csharpseleniumextentreporttemplate-master\CSharpSeleniumTemplate\Helpers\ExtentReportHelpers.cs:linha 60
   em CSharpSeleniumTemplate.Bases.TestBase.TearDown() na C:\Mantis2\csharpseleniumextentreporttemplate-master\CSharpSeleniumTemplate\Bases\TestBase.cs:linha 42]]></stack-trace>
            </failure>
          </test-case>
          <test-case id="0-1003" name="CampoPersonalizadoJaCadastrado" fullname="CSharpSeleniumTemplate.Tests.GerenciarCamposPersonalizados.CampoPersonalizadoJaCadastrado" methodname="CampoPersonalizadoJaCadastrado" classname="CSharpSeleniumTemplate.Tests.GerenciarCamposPersonalizados" runstate="Runnable" seed="224314687" result="Failed" label="Error" start-time="2019-05-23 19:07:34Z" end-time="2019-05-23 19:07:49Z" duration="15.188981" asserts="0">
            <failure>
              <message><![CDATA[OpenQA.Selenium.WebDriverException : Error forwarding the new session Error forwarding the request timeout
TearDown : System.NullReferenceException : Referência de objeto não definida para uma instância de um objeto.]]></message>
              <stack-trace><![CDATA[   em OpenQA.Selenium.Remote.RemoteWebDriver.UnpackAndThrowOnError(Response errorResponse)
   em OpenQA.Selenium.Remote.RemoteWebDriver.Execute(String driverCommandToExecute, Dictionary`2 parameters)
   em OpenQA.Selenium.Remote.RemoteWebDriver.StartSession(ICapabilities desiredCapabilities)
   em OpenQA.Selenium.Remote.RemoteWebDriver..ctor(ICommandExecutor commandExecutor, ICapabilities desiredCapabilities)
   em OpenQA.Selenium.Remote.RemoteWebDriver..ctor(Uri remoteAddress, ICapabilities desiredCapabilities)
   em CSharpSeleniumTemplate.Helpers.DriverFactory.CreateInstance() na C:\Mantis2\csharpseleniumextentreporttemplate-master\CSharpSeleniumTemplate\Helpers\DriverFactory.cs:linha 81
   em CSharpSeleniumTemplate.Bases.TestBase.SetUp() na C:\Mantis2\csharpseleniumextentreporttemplate-master\CSharpSeleniumTemplate\Bases\TestBase.cs:linha 26
--TearDown
   em CSharpSeleniumTemplate.Helpers.GeneralHelpers.GetScreenshot(String path) na C:\Mantis2\csharpseleniumextentreporttemplate-master\CSharpSeleniumTemplate\Helpers\GeneralHelpers.cs:linha 65
   em CSharpSeleniumTemplate.Helpers.ExtentReportHelpers.GetScreenShotMedia() na C:\Mantis2\csharpseleniumextentreporttemplate-master\CSharpSeleniumTemplate\Helpers\ExtentReportHelpers.cs:linha 46
   em CSharpSeleniumTemplate.Helpers.ExtentReportHelpers.AddTestResult() na C:\Mantis2\csharpseleniumextentreporttemplate-master\CSharpSeleniumTemplate\Helpers\ExtentReportHelpers.cs:linha 60
   em CSharpSeleniumTemplate.Bases.TestBase.TearDown() na C:\Mantis2\csharpseleniumextentreporttemplate-master\CSharpSeleniumTemplate\Bases\TestBase.cs:linha 42]]></stack-trace>
            </failure>
          </test-case>
          <test-case id="0-1004" name="EditarCampoPersonalizado" fullname="CSharpSeleniumTemplate.Tests.GerenciarCamposPersonalizados.EditarCampoPersonalizado" methodname="EditarCampoPersonalizado" classname="CSharpSeleniumTemplate.Tests.GerenciarCamposPersonalizados" runstate="Runnable" seed="1207014365" result="Failed" label="Error" start-time="2019-05-23 19:07:49Z" end-time="2019-05-23 19:08:05Z" duration="15.837433" asserts="0">
            <failure>
              <message><![CDATA[OpenQA.Selenium.WebDriverException : Error forwarding the new session Error forwarding the request timeout
TearDown : System.NullReferenceException : Referência de objeto não definida para uma instância de um objeto.]]></message>
              <stack-trace><![CDATA[   em OpenQA.Selenium.Remote.RemoteWebDriver.UnpackAndThrowOnError(Response errorResponse)
   em OpenQA.Selenium.Remote.RemoteWebDriver.Execute(String driverCommandToExecute, Dictionary`2 parameters)
   em OpenQA.Selenium.Remote.RemoteWebDriver.StartSession(ICapabilities desiredCapabilities)
   em OpenQA.Selenium.Remote.RemoteWebDriver..ctor(ICommandExecutor commandExecutor, ICapabilities desiredCapabilities)
   em OpenQA.Selenium.Remote.RemoteWebDriver..ctor(Uri remoteAddress, ICapabilities desiredCapabilities)
   em CSharpSeleniumTemplate.Helpers.DriverFactory.CreateInstance() na C:\Mantis2\csharpseleniumextentreporttemplate-master\CSharpSeleniumTemplate\Helpers\DriverFactory.cs:linha 81
   em CSharpSeleniumTemplate.Bases.TestBase.SetUp() na C:\Mantis2\csharpseleniumextentreporttemplate-master\CSharpSeleniumTemplate\Bases\TestBase.cs:linha 26
--TearDown
   em CSharpSeleniumTemplate.Helpers.GeneralHelpers.GetScreenshot(String path) na C:\Mantis2\csharpseleniumextentreporttemplate-master\CSharpSeleniumTemplate\Helpers\GeneralHelpers.cs:linha 65
   em CSharpSeleniumTemplate.Helpers.ExtentReportHelpers.GetScreenShotMedia() na C:\Mantis2\csharpseleniumextentreporttemplate-master\CSharpSeleniumTemplate\Helpers\ExtentReportHelpers.cs:linha 46
   em CSharpSeleniumTemplate.Helpers.ExtentReportHelpers.AddTestResult() na C:\Mantis2\csharpseleniumextentreporttemplate-master\CSharpSeleniumTemplate\Helpers\ExtentReportHelpers.cs:linha 60
   em CSharpSeleniumTemplate.Bases.TestBase.TearDown() na C:\Mantis2\csharpseleniumextentreporttemplate-master\CSharpSeleniumTemplate\Bases\TestBase.cs:linha 42]]></stack-trace>
            </failure>
          </test-case>
        </test-suite>
        <test-suite type="TestFixture" id="0-1038" name="GerenciarCategorias" fullname="CSharpSeleniumTemplate.Tests.GerenciarCategorias" classname="CSharpSeleniumTemplate.Tests.GerenciarCategorias" runstate="Runnable" testcasecount="5" result="Failed" site="Child" start-time="2019-05-23 19:08:05Z" end-time="2019-05-23 19:09:25Z" duration="79.909983" total="5" passed="0" failed="5" warnings="0" inconclusive="0" skipped="0" asserts="0">
          <failure>
            <message><![CDATA[One or more child tests had errors]]></message>
          </failure>
          <test-case id="0-1043" name="ApagarCategoria" fullname="CSharpSeleniumTemplate.Tests.GerenciarCategorias.ApagarCategoria" methodname="ApagarCategoria" classname="CSharpSeleniumTemplate.Tests.GerenciarCategorias" runstate="Runnable" seed="1729238679" result="Failed" label="Error" start-time="2019-05-23 19:08:05Z" end-time="2019-05-23 19:08:22Z" duration="16.612753" asserts="0">
            <failure>
              <message><![CDATA[OpenQA.Selenium.WebDriverException : Error forwarding the new session Error forwarding the request timeout
TearDown : System.NullReferenceException : Referência de objeto não definida para uma instância de um objeto.]]></message>
              <stack-trace><![CDATA[   em OpenQA.Selenium.Remote.RemoteWebDriver.UnpackAndThrowOnError(Response errorResponse)
   em OpenQA.Selenium.Remote.RemoteWebDriver.Execute(String driverCommandToExecute, Dictionary`2 parameters)
   em OpenQA.Selenium.Remote.RemoteWebDriver.StartSession(ICapabilities desiredCapabilities)
   em OpenQA.Selenium.Remote.RemoteWebDriver..ctor(ICommandExecutor commandExecutor, ICapabilities desiredCapabilities)
   em OpenQA.Selenium.Remote.RemoteWebDriver..ctor(Uri remoteAddress, ICapabilities desiredCapabilities)
   em CSharpSeleniumTemplate.Helpers.DriverFactory.CreateInstance() na C:\Mantis2\csharpseleniumextentreporttemplate-master\CSharpSeleniumTemplate\Helpers\DriverFactory.cs:linha 81
   em CSharpSeleniumTemplate.Bases.TestBase.SetUp() na C:\Mantis2\csharpseleniumextentreporttemplate-master\CSharpSeleniumTemplate\Bases\TestBase.cs:linha 26
--TearDown
   em CSharpSeleniumTemplate.Helpers.GeneralHelpers.GetScreenshot(String path) na C:\Mantis2\csharpseleniumextentreporttemplate-master\CSharpSeleniumTemplate\Helpers\GeneralHelpers.cs:linha 65
   em CSharpSeleniumTemplate.Helpers.ExtentReportHelpers.GetScreenShotMedia() na C:\Mantis2\csharpseleniumextentreporttemplate-master\CSharpSeleniumTemplate\Helpers\ExtentReportHelpers.cs:linha 46
   em CSharpSeleniumTemplate.Helpers.ExtentReportHelpers.AddTestResult() na C:\Mantis2\csharpseleniumextentreporttemplate-master\CSharpSeleniumTemplate\Helpers\ExtentReportHelpers.cs:linha 60
   em CSharpSeleniumTemplate.Bases.TestBase.TearDown() na C:\Mantis2\csharpseleniumextentreporttemplate-master\CSharpSeleniumTemplate\Bases\TestBase.cs:linha 42]]></stack-trace>
            </failure>
          </test-case>
          <test-case id="0-1039" name="CadastrarCategoria" fullname="CSharpSeleniumTemplate.Tests.GerenciarCategorias.CadastrarCategoria" methodname="CadastrarCategoria" classname="CSharpSeleniumTemplate.Tests.GerenciarCategorias" runstate="Runnable" seed="1810262273" result="Failed" label="Error" start-time="2019-05-23 19:08:22Z" end-time="2019-05-23 19:08:38Z" duration="16.212948" asserts="0">
            <failure>
              <message><![CDATA[OpenQA.Selenium.WebDriverException : Error forwarding the new session Error forwarding the request timeout
TearDown : System.NullReferenceException : Referência de objeto não definida para uma instância de um objeto.]]></message>
              <stack-trace><![CDATA[   em OpenQA.Selenium.Remote.RemoteWebDriver.UnpackAndThrowOnError(Response errorResponse)
   em OpenQA.Selenium.Remote.RemoteWebDriver.Execute(String driverCommandToExecute, Dictionary`2 parameters)
   em OpenQA.Selenium.Remote.RemoteWebDriver.StartSession(ICapabilities desiredCapabilities)
   em OpenQA.Selenium.Remote.RemoteWebDriver..ctor(ICommandExecutor commandExecutor, ICapabilities desiredCapabilities)
   em OpenQA.Selenium.Remote.RemoteWebDriver..ctor(Uri remoteAddress, ICapabilities desiredCapabilities)
   em CSharpSeleniumTemplate.Helpers.DriverFactory.CreateInstance() na C:\Mantis2\csharpseleniumextentreporttemplate-master\CSharpSeleniumTemplate\Helpers\DriverFactory.cs:linha 81
   em CSharpSeleniumTemplate.Bases.TestBase.SetUp() na C:\Mantis2\csharpseleniumextentreporttemplate-master\CSharpSeleniumTemplate\Bases\TestBase.cs:linha 26
--TearDown
   em CSharpSeleniumTemplate.Helpers.GeneralHelpers.GetScreenshot(String path) na C:\Mantis2\csharpseleniumextentreporttemplate-master\CSharpSeleniumTemplate\Helpers\GeneralHelpers.cs:linha 65
   em CSharpSeleniumTemplate.Helpers.ExtentReportHelpers.GetScreenShotMedia() na C:\Mantis2\csharpseleniumextentreporttemplate-master\CSharpSeleniumTemplate\Helpers\ExtentReportHelpers.cs:linha 46
   em CSharpSeleniumTemplate.Helpers.ExtentReportHelpers.AddTestResult() na C:\Mantis2\csharpseleniumextentreporttemplate-master\CSharpSeleniumTemplate\Helpers\ExtentReportHelpers.cs:linha 60
   em CSharpSeleniumTemplate.Bases.TestBase.TearDown() na C:\Mantis2\csharpseleniumextentreporttemplate-master\CSharpSeleniumTemplate\Bases\TestBase.cs:linha 42]]></stack-trace>
            </failure>
          </test-case>
          <test-case id="0-1041" name="CampoObrigatorioNaoPreenchido" fullname="CSharpSeleniumTemplate.Tests.GerenciarCategorias.CampoObrigatorioNaoPreenchido" methodname="CampoObrigatorioNaoPreenchido" classname="CSharpSeleniumTemplate.Tests.GerenciarCategorias" runstate="Runnable" seed="1588133885" result="Failed" label="Error" start-time="2019-05-23 19:08:38Z" end-time="2019-05-23 19:08:53Z" duration="15.247608" asserts="0">
            <failure>
              <message><![CDATA[OpenQA.Selenium.WebDriverException : Error forwarding the new session Error forwarding the request timeout
TearDown : System.NullReferenceException : Referência de objeto não definida para uma instância de um objeto.]]></message>
              <stack-trace><![CDATA[   em OpenQA.Selenium.Remote.RemoteWebDriver.UnpackAndThrowOnError(Response errorResponse)
   em OpenQA.Selenium.Remote.RemoteWebDriver.Execute(String driverCommandToExecute, Dictionary`2 parameters)
   em OpenQA.Selenium.Remote.RemoteWebDriver.StartSession(ICapabilities desiredCapabilities)
   em OpenQA.Selenium.Remote.RemoteWebDriver..ctor(ICommandExecutor commandExecutor, ICapabilities desiredCapabilities)
   em OpenQA.Selenium.Remote.RemoteWebDriver..ctor(Uri remoteAddress, ICapabilities desiredCapabilities)
   em CSharpSeleniumTemplate.Helpers.DriverFactory.CreateInstance() na C:\Mantis2\csharpseleniumextentreporttemplate-master\CSharpSeleniumTemplate\Helpers\DriverFactory.cs:linha 81
   em CSharpSeleniumTemplate.Bases.TestBase.SetUp() na C:\Mantis2\csharpseleniumextentreporttemplate-master\CSharpSeleniumTemplate\Bases\TestBase.cs:linha 26
--TearDown
   em CSharpSeleniumTemplate.Helpers.GeneralHelpers.GetScreenshot(String path) na C:\Mantis2\csharpseleniumextentreporttemplate-master\CSharpSeleniumTemplate\Helpers\GeneralHelpers.cs:linha 65
   em CSharpSeleniumTemplate.Helpers.ExtentReportHelpers.GetScreenShotMedia() na C:\Mantis2\csharpseleniumextentreporttemplate-master\CSharpSeleniumTemplate\Helpers\ExtentReportHelpers.cs:linha 46
   em CSharpSeleniumTemplate.Helpers.ExtentReportHelpers.AddTestResult() na C:\Mantis2\csharpseleniumextentreporttemplate-master\CSharpSeleniumTemplate\Helpers\ExtentReportHelpers.cs:linha 60
   em CSharpSeleniumTemplate.Bases.TestBase.TearDown() na C:\Mantis2\csharpseleniumextentreporttemplate-master\CSharpSeleniumTemplate\Bases\TestBase.cs:linha 42]]></stack-trace>
            </failure>
          </test-case>
          <test-case id="0-1040" name="CategoriaJaCadastrada" fullname="CSharpSeleniumTemplate.Tests.GerenciarCategorias.CategoriaJaCadastrada" methodname="CategoriaJaCadastrada" classname="CSharpSeleniumTemplate.Tests.GerenciarCategorias" runstate="Runnable" seed="1470379348" result="Failed" label="Error" start-time="2019-05-23 19:08:53Z" end-time="2019-05-23 19:09:09Z" duration="16.121986" asserts="0">
            <failure>
              <message><![CDATA[OpenQA.Selenium.WebDriverException : Error forwarding the new session Error forwarding the request timeout
TearDown : System.NullReferenceException : Referência de objeto não definida para uma instância de um objeto.]]></message>
              <stack-trace><![CDATA[   em OpenQA.Selenium.Remote.RemoteWebDriver.UnpackAndThrowOnError(Response errorResponse)
   em OpenQA.Selenium.Remote.RemoteWebDriver.Execute(String driverCommandToExecute, Dictionary`2 parameters)
   em OpenQA.Selenium.Remote.RemoteWebDriver.StartSession(ICapabilities desiredCapabilities)
   em OpenQA.Selenium.Remote.RemoteWebDriver..ctor(ICommandExecutor commandExecutor, ICapabilities desiredCapabilities)
   em OpenQA.Selenium.Remote.RemoteWebDriver..ctor(Uri remoteAddress, ICapabilities desiredCapabilities)
   em CSharpSeleniumTemplate.Helpers.DriverFactory.CreateInstance() na C:\Mantis2\csharpseleniumextentreporttemplate-master\CSharpSeleniumTemplate\Helpers\DriverFactory.cs:linha 81
   em CSharpSeleniumTemplate.Bases.TestBase.SetUp() na C:\Mantis2\csharpseleniumextentreporttemplate-master\CSharpSeleniumTemplate\Bases\TestBase.cs:linha 26
--TearDown
   em CSharpSeleniumTemplate.Helpers.GeneralHelpers.GetScreenshot(String path) na C:\Mantis2\csharpseleniumextentreporttemplate-master\CSharpSeleniumTemplate\Helpers\GeneralHelpers.cs:linha 65
   em CSharpSeleniumTemplate.Helpers.ExtentReportHelpers.GetScreenShotMedia() na C:\Mantis2\csharpseleniumextentreporttemplate-master\CSharpSeleniumTemplate\Helpers\ExtentReportHelpers.cs:linha 46
   em CSharpSeleniumTemplate.Helpers.ExtentReportHelpers.AddTestResult() na C:\Mantis2\csharpseleniumextentreporttemplate-master\CSharpSeleniumTemplate\Helpers\ExtentReportHelpers.cs:linha 60
   em CSharpSeleniumTemplate.Bases.TestBase.TearDown() na C:\Mantis2\csharpseleniumextentreporttemplate-master\CSharpSeleniumTemplate\Bases\TestBase.cs:linha 42]]></stack-trace>
            </failure>
          </test-case>
          <test-case id="0-1042" name="EditarCategoria" fullname="CSharpSeleniumTemplate.Tests.GerenciarCategorias.EditarCategoria" methodname="EditarCategoria" classname="CSharpSeleniumTemplate.Tests.GerenciarCategorias" runstate="Runnable" seed="1963706030" result="Failed" label="Error" start-time="2019-05-23 19:09:09Z" end-time="2019-05-23 19:09:25Z" duration="15.672410" asserts="0">
            <failure>
              <message><![CDATA[OpenQA.Selenium.WebDriverException : Error forwarding the new session Error forwarding the request timeout
TearDown : System.NullReferenceException : Referência de objeto não definida para uma instância de um objeto.]]></message>
              <stack-trace><![CDATA[   em OpenQA.Selenium.Remote.RemoteWebDriver.UnpackAndThrowOnError(Response errorResponse)
   em OpenQA.Selenium.Remote.RemoteWebDriver.Execute(String driverCommandToExecute, Dictionary`2 parameters)
   em OpenQA.Selenium.Remote.RemoteWebDriver.StartSession(ICapabilities desiredCapabilities)
   em OpenQA.Selenium.Remote.RemoteWebDriver..ctor(ICommandExecutor commandExecutor, ICapabilities desiredCapabilities)
   em OpenQA.Selenium.Remote.RemoteWebDriver..ctor(Uri remoteAddress, ICapabilities desiredCapabilities)
   em CSharpSeleniumTemplate.Helpers.DriverFactory.CreateInstance() na C:\Mantis2\csharpseleniumextentreporttemplate-master\CSharpSeleniumTemplate\Helpers\DriverFactory.cs:linha 81
   em CSharpSeleniumTemplate.Bases.TestBase.SetUp() na C:\Mantis2\csharpseleniumextentreporttemplate-master\CSharpSeleniumTemplate\Bases\TestBase.cs:linha 26
--TearDown
   em CSharpSeleniumTemplate.Helpers.GeneralHelpers.GetScreenshot(String path) na C:\Mantis2\csharpseleniumextentreporttemplate-master\CSharpSeleniumTemplate\Helpers\GeneralHelpers.cs:linha 65
   em CSharpSeleniumTemplate.Helpers.ExtentReportHelpers.GetScreenShotMedia() na C:\Mantis2\csharpseleniumextentreporttemplate-master\CSharpSeleniumTemplate\Helpers\ExtentReportHelpers.cs:linha 46
   em CSharpSeleniumTemplate.Helpers.ExtentReportHelpers.AddTestResult() na C:\Mantis2\csharpseleniumextentreporttemplate-master\CSharpSeleniumTemplate\Helpers\ExtentReportHelpers.cs:linha 60
   em CSharpSeleniumTemplate.Bases.TestBase.TearDown() na C:\Mantis2\csharpseleniumextentreporttemplate-master\CSharpSeleniumTemplate\Bases\TestBase.cs:linha 42]]></stack-trace>
            </failure>
          </test-case>
        </test-suite>
        <test-suite type="TestFixture" id="0-1006" name="GerenciarMarcadores" fullname="CSharpSeleniumTemplate.Tests.GerenciarMarcadores" classname="CSharpSeleniumTemplate.Tests.GerenciarMarcadores" runstate="Runnable" testcasecount="5" result="Failed" site="Child" start-time="2019-05-23 19:09:25Z" end-time="2019-05-23 19:10:46Z" duration="81.378238" total="5" passed="0" failed="5" warnings="0" inconclusive="0" skipped="0" asserts="0">
          <failure>
            <message><![CDATA[One or more child tests had errors]]></message>
          </failure>
          <test-case id="0-1010" name="ApagarMarcador" fullname="CSharpSeleniumTemplate.Tests.GerenciarMarcadores.ApagarMarcador" methodname="ApagarMarcador" classname="CSharpSeleniumTemplate.Tests.GerenciarMarcadores" runstate="Runnable" seed="1827808265" result="Failed" label="Error" start-time="2019-05-23 19:09:25Z" end-time="2019-05-23 19:09:41Z" duration="15.860024" asserts="0">
            <failure>
              <message><![CDATA[OpenQA.Selenium.WebDriverException : Error forwarding the new session Error forwarding the request timeout
TearDown : System.NullReferenceException : Referência de objeto não definida para uma instância de um objeto.]]></message>
              <stack-trace><![CDATA[   em OpenQA.Selenium.Remote.RemoteWebDriver.UnpackAndThrowOnError(Response errorResponse)
   em OpenQA.Selenium.Remote.RemoteWebDriver.Execute(String driverCommandToExecute, Dictionary`2 parameters)
   em OpenQA.Selenium.Remote.RemoteWebDriver.StartSession(ICapabilities desiredCapabilities)
   em OpenQA.Selenium.Remote.RemoteWebDriver..ctor(ICommandExecutor commandExecutor, ICapabilities desiredCapabilities)
   em OpenQA.Selenium.Remote.RemoteWebDriver..ctor(Uri remoteAddress, ICapabilities desiredCapabilities)
   em CSharpSeleniumTemplate.Helpers.DriverFactory.CreateInstance() na C:\Mantis2\csharpseleniumextentreporttemplate-master\CSharpSeleniumTemplate\Helpers\DriverFactory.cs:linha 81
   em CSharpSeleniumTemplate.Bases.TestBase.SetUp() na C:\Mantis2\csharpseleniumextentreporttemplate-master\CSharpSeleniumTemplate\Bases\TestBase.cs:linha 26
--TearDown
   em CSharpSeleniumTemplate.Helpers.GeneralHelpers.GetScreenshot(String path) na C:\Mantis2\csharpseleniumextentreporttemplate-master\CSharpSeleniumTemplate\Helpers\GeneralHelpers.cs:linha 65
   em CSharpSeleniumTemplate.Helpers.ExtentReportHelpers.GetScreenShotMedia() na C:\Mantis2\csharpseleniumextentreporttemplate-master\CSharpSeleniumTemplate\Helpers\ExtentReportHelpers.cs:linha 46
   em CSharpSeleniumTemplate.Helpers.ExtentReportHelpers.AddTestResult() na C:\Mantis2\csharpseleniumextentreporttemplate-master\CSharpSeleniumTemplate\Helpers\ExtentReportHelpers.cs:linha 60
   em CSharpSeleniumTemplate.Bases.TestBase.TearDown() na C:\Mantis2\csharpseleniumextentreporttemplate-master\CSharpSeleniumTemplate\Bases\TestBase.cs:linha 42]]></stack-trace>
            </failure>
          </test-case>
          <test-case id="0-1007" name="CadastrarMarcador" fullname="CSharpSeleniumTemplate.Tests.GerenciarMarcadores.CadastrarMarcador" methodname="CadastrarMarcador" classname="CSharpSeleniumTemplate.Tests.GerenciarMarcadores" runstate="Runnable" seed="713545178" result="Failed" label="Error" start-time="2019-05-23 19:09:41Z" end-time="2019-05-23 19:09:56Z" duration="15.536993" asserts="0">
            <failure>
              <message><![CDATA[OpenQA.Selenium.WebDriverException : Error forwarding the new session Error forwarding the request timeout
TearDown : System.NullReferenceException : Referência de objeto não definida para uma instância de um objeto.]]></message>
              <stack-trace><![CDATA[   em OpenQA.Selenium.Remote.RemoteWebDriver.UnpackAndThrowOnError(Response errorResponse)
   em OpenQA.Selenium.Remote.RemoteWebDriver.Execute(String driverCommandToExecute, Dictionary`2 parameters)
   em OpenQA.Selenium.Remote.RemoteWebDriver.StartSession(ICapabilities desiredCapabilities)
   em OpenQA.Selenium.Remote.RemoteWebDriver..ctor(ICommandExecutor commandExecutor, ICapabilities desiredCapabilities)
   em OpenQA.Selenium.Remote.RemoteWebDriver..ctor(Uri remoteAddress, ICapabilities desiredCapabilities)
   em CSharpSeleniumTemplate.Helpers.DriverFactory.CreateInstance() na C:\Mantis2\csharpseleniumextentreporttemplate-master\CSharpSeleniumTemplate\Helpers\DriverFactory.cs:linha 81
   em CSharpSeleniumTemplate.Bases.TestBase.SetUp() na C:\Mantis2\csharpseleniumextentreporttemplate-master\CSharpSeleniumTemplate\Bases\TestBase.cs:linha 26
--TearDown
   em CSharpSeleniumTemplate.Helpers.GeneralHelpers.GetScreenshot(String path) na C:\Mantis2\csharpseleniumextentreporttemplate-master\CSharpSeleniumTemplate\Helpers\GeneralHelpers.cs:linha 65
   em CSharpSeleniumTemplate.Helpers.ExtentReportHelpers.GetScreenShotMedia() na C:\Mantis2\csharpseleniumextentreporttemplate-master\CSharpSeleniumTemplate\Helpers\ExtentReportHelpers.cs:linha 46
   em CSharpSeleniumTemplate.Helpers.ExtentReportHelpers.AddTestResult() na C:\Mantis2\csharpseleniumextentreporttemplate-master\CSharpSeleniumTemplate\Helpers\ExtentReportHelpers.cs:linha 60
   em CSharpSeleniumTemplate.Bases.TestBase.TearDown() na C:\Mantis2\csharpseleniumextentreporttemplate-master\CSharpSeleniumTemplate\Bases\TestBase.cs:linha 42]]></stack-trace>
            </failure>
          </test-case>
          <test-case id="0-1008" name="CampoObrigatorioNaoPreenchido" fullname="CSharpSeleniumTemplate.Tests.GerenciarMarcadores.CampoObrigatorioNaoPreenchido" methodname="CampoObrigatorioNaoPreenchido" classname="CSharpSeleniumTemplate.Tests.GerenciarMarcadores" runstate="Runnable" seed="455874915" result="Failed" label="Error" start-time="2019-05-23 19:09:56Z" end-time="2019-05-23 19:10:13Z" duration="16.334459" asserts="0">
            <failure>
              <message><![CDATA[OpenQA.Selenium.WebDriverException : Error forwarding the new session Error forwarding the request timeout
TearDown : System.NullReferenceException : Referência de objeto não definida para uma instância de um objeto.]]></message>
              <stack-trace><![CDATA[   em OpenQA.Selenium.Remote.RemoteWebDriver.UnpackAndThrowOnError(Response errorResponse)
   em OpenQA.Selenium.Remote.RemoteWebDriver.Execute(String driverCommandToExecute, Dictionary`2 parameters)
   em OpenQA.Selenium.Remote.RemoteWebDriver.StartSession(ICapabilities desiredCapabilities)
   em OpenQA.Selenium.Remote.RemoteWebDriver..ctor(ICommandExecutor commandExecutor, ICapabilities desiredCapabilities)
   em OpenQA.Selenium.Remote.RemoteWebDriver..ctor(Uri remoteAddress, ICapabilities desiredCapabilities)
   em CSharpSeleniumTemplate.Helpers.DriverFactory.CreateInstance() na C:\Mantis2\csharpseleniumextentreporttemplate-master\CSharpSeleniumTemplate\Helpers\DriverFactory.cs:linha 81
   em CSharpSeleniumTemplate.Bases.TestBase.SetUp() na C:\Mantis2\csharpseleniumextentreporttemplate-master\CSharpSeleniumTemplate\Bases\TestBase.cs:linha 26
--TearDown
   em CSharpSeleniumTemplate.Helpers.GeneralHelpers.GetScreenshot(String path) na C:\Mantis2\csharpseleniumextentreporttemplate-master\CSharpSeleniumTemplate\Helpers\GeneralHelpers.cs:linha 65
   em CSharpSeleniumTemplate.Helpers.ExtentReportHelpers.GetScreenShotMedia() na C:\Mantis2\csharpseleniumextentreporttemplate-master\CSharpSeleniumTemplate\Helpers\ExtentReportHelpers.cs:linha 46
   em CSharpSeleniumTemplate.Helpers.ExtentReportHelpers.AddTestResult() na C:\Mantis2\csharpseleniumextentreporttemplate-master\CSharpSeleniumTemplate\Helpers\ExtentReportHelpers.cs:linha 60
   em CSharpSeleniumTemplate.Bases.TestBase.TearDown() na C:\Mantis2\csharpseleniumextentreporttemplate-master\CSharpSeleniumTemplate\Bases\TestBase.cs:linha 42]]></stack-trace>
            </failure>
          </test-case>
          <test-case id="0-1009" name="EditarMarcador" fullname="CSharpSeleniumTemplate.Tests.GerenciarMarcadores.EditarMarcador" methodname="EditarMarcador" classname="CSharpSeleniumTemplate.Tests.GerenciarMarcadores" runstate="Runnable" seed="183431905" result="Failed" label="Error" start-time="2019-05-23 19:10:13Z" end-time="2019-05-23 19:10:30Z" duration="17.579276" asserts="0">
            <failure>
              <message><![CDATA[OpenQA.Selenium.WebDriverException : Error forwarding the new session Error forwarding the request timeout
TearDown : System.NullReferenceException : Referência de objeto não definida para uma instância de um objeto.]]></message>
              <stack-trace><![CDATA[   em OpenQA.Selenium.Remote.RemoteWebDriver.UnpackAndThrowOnError(Response errorResponse)
   em OpenQA.Selenium.Remote.RemoteWebDriver.Execute(String driverCommandToExecute, Dictionary`2 parameters)
   em OpenQA.Selenium.Remote.RemoteWebDriver.StartSession(ICapabilities desiredCapabilities)
   em OpenQA.Selenium.Remote.RemoteWebDriver..ctor(ICommandExecutor commandExecutor, ICapabilities desiredCapabilities)
   em OpenQA.Selenium.Remote.RemoteWebDriver..ctor(Uri remoteAddress, ICapabilities desiredCapabilities)
   em CSharpSeleniumTemplate.Helpers.DriverFactory.CreateInstance() na C:\Mantis2\csharpseleniumextentreporttemplate-master\CSharpSeleniumTemplate\Helpers\DriverFactory.cs:linha 81
   em CSharpSeleniumTemplate.Bases.TestBase.SetUp() na C:\Mantis2\csharpseleniumextentreporttemplate-master\CSharpSeleniumTemplate\Bases\TestBase.cs:linha 26
--TearDown
   em CSharpSeleniumTemplate.Helpers.GeneralHelpers.GetScreenshot(String path) na C:\Mantis2\csharpseleniumextentreporttemplate-master\CSharpSeleniumTemplate\Helpers\GeneralHelpers.cs:linha 65
   em CSharpSeleniumTemplate.Helpers.ExtentReportHelpers.GetScreenShotMedia() na C:\Mantis2\csharpseleniumextentreporttemplate-master\CSharpSeleniumTemplate\Helpers\ExtentReportHelpers.cs:linha 46
   em CSharpSeleniumTemplate.Helpers.ExtentReportHelpers.AddTestResult() na C:\Mantis2\csharpseleniumextentreporttemplate-master\CSharpSeleniumTemplate\Helpers\ExtentReportHelpers.cs:linha 60
   em CSharpSeleniumTemplate.Bases.TestBase.TearDown() na C:\Mantis2\csharpseleniumextentreporttemplate-master\CSharpSeleniumTemplate\Bases\TestBase.cs:linha 42]]></stack-trace>
            </failure>
          </test-case>
          <test-case id="0-1011" name="VoltarAoDetalheMarcador" fullname="CSharpSeleniumTemplate.Tests.GerenciarMarcadores.VoltarAoDetalheMarcador" methodname="VoltarAoDetalheMarcador" classname="CSharpSeleniumTemplate.Tests.GerenciarMarcadores" runstate="Runnable" seed="1995703227" result="Failed" label="Error" start-time="2019-05-23 19:10:30Z" end-time="2019-05-23 19:10:46Z" duration="16.042087" asserts="0">
            <failure>
              <message><![CDATA[OpenQA.Selenium.WebDriverException : Error forwarding the new session Error forwarding the request timeout
TearDown : System.NullReferenceException : Referência de objeto não definida para uma instância de um objeto.]]></message>
              <stack-trace><![CDATA[   em OpenQA.Selenium.Remote.RemoteWebDriver.UnpackAndThrowOnError(Response errorResponse)
   em OpenQA.Selenium.Remote.RemoteWebDriver.Execute(String driverCommandToExecute, Dictionary`2 parameters)
   em OpenQA.Selenium.Remote.RemoteWebDriver.StartSession(ICapabilities desiredCapabilities)
   em OpenQA.Selenium.Remote.RemoteWebDriver..ctor(ICommandExecutor commandExecutor, ICapabilities desiredCapabilities)
   em OpenQA.Selenium.Remote.RemoteWebDriver..ctor(Uri remoteAddress, ICapabilities desiredCapabilities)
   em CSharpSeleniumTemplate.Helpers.DriverFactory.CreateInstance() na C:\Mantis2\csharpseleniumextentreporttemplate-master\CSharpSeleniumTemplate\Helpers\DriverFactory.cs:linha 81
   em CSharpSeleniumTemplate.Bases.TestBase.SetUp() na C:\Mantis2\csharpseleniumextentreporttemplate-master\CSharpSeleniumTemplate\Bases\TestBase.cs:linha 26
--TearDown
   em CSharpSeleniumTemplate.Helpers.GeneralHelpers.GetScreenshot(String path) na C:\Mantis2\csharpseleniumextentreporttemplate-master\CSharpSeleniumTemplate\Helpers\GeneralHelpers.cs:linha 65
   em CSharpSeleniumTemplate.Helpers.ExtentReportHelpers.GetScreenShotMedia() na C:\Mantis2\csharpseleniumextentreporttemplate-master\CSharpSeleniumTemplate\Helpers\ExtentReportHelpers.cs:linha 46
   em CSharpSeleniumTemplate.Helpers.ExtentReportHelpers.AddTestResult() na C:\Mantis2\csharpseleniumextentreporttemplate-master\CSharpSeleniumTemplate\Helpers\ExtentReportHelpers.cs:linha 60
   em CSharpSeleniumTemplate.Bases.TestBase.TearDown() na C:\Mantis2\csharpseleniumextentreporttemplate-master\CSharpSeleniumTemplate\Bases\TestBase.cs:linha 42]]></stack-trace>
            </failure>
          </test-case>
        </test-suite>
        <test-suite type="TestFixture" id="0-1012" name="GerenciarPerfisGlobais" fullname="CSharpSeleniumTemplate.Tests.GerenciarPerfisGlobais" classname="CSharpSeleniumTemplate.Tests.GerenciarPerfisGlobais" runstate="Runnable" testcasecount="8" result="Failed" site="Child" start-time="2019-05-23 19:10:46Z" end-time="2019-05-23 19:12:55Z" duration="128.506727" total="8" passed="0" failed="8" warnings="0" inconclusive="0" skipped="0" asserts="0">
          <failure>
            <message><![CDATA[One or more child tests had errors]]></message>
          </failure>
          <test-case id="0-1020" name="ApagarPerfilScucesso" fullname="CSharpSeleniumTemplate.Tests.GerenciarPerfisGlobais.ApagarPerfilScucesso" methodname="ApagarPerfilScucesso" classname="CSharpSeleniumTemplate.Tests.GerenciarPerfisGlobais" runstate="Runnable" seed="117355094" result="Failed" label="Error" start-time="2019-05-23 19:10:46Z" end-time="2019-05-23 19:11:02Z" duration="15.916853" asserts="0">
            <failure>
              <message><![CDATA[OpenQA.Selenium.WebDriverException : Error forwarding the new session Error forwarding the request timeout
TearDown : System.NullReferenceException : Referência de objeto não definida para uma instância de um objeto.]]></message>
              <stack-trace><![CDATA[   em OpenQA.Selenium.Remote.RemoteWebDriver.UnpackAndThrowOnError(Response errorResponse)
   em OpenQA.Selenium.Remote.RemoteWebDriver.Execute(String driverCommandToExecute, Dictionary`2 parameters)
   em OpenQA.Selenium.Remote.RemoteWebDriver.StartSession(ICapabilities desiredCapabilities)
   em OpenQA.Selenium.Remote.RemoteWebDriver..ctor(ICommandExecutor commandExecutor, ICapabilities desiredCapabilities)
   em OpenQA.Selenium.Remote.RemoteWebDriver..ctor(Uri remoteAddress, ICapabilities desiredCapabilities)
   em CSharpSeleniumTemplate.Helpers.DriverFactory.CreateInstance() na C:\Mantis2\csharpseleniumextentreporttemplate-master\CSharpSeleniumTemplate\Helpers\DriverFactory.cs:linha 81
   em CSharpSeleniumTemplate.Bases.TestBase.SetUp() na C:\Mantis2\csharpseleniumextentreporttemplate-master\CSharpSeleniumTemplate\Bases\TestBase.cs:linha 26
--TearDown
   em CSharpSeleniumTemplate.Helpers.GeneralHelpers.GetScreenshot(String path) na C:\Mantis2\csharpseleniumextentreporttemplate-master\CSharpSeleniumTemplate\Helpers\GeneralHelpers.cs:linha 65
   em CSharpSeleniumTemplate.Helpers.ExtentReportHelpers.GetScreenShotMedia() na C:\Mantis2\csharpseleniumextentreporttemplate-master\CSharpSeleniumTemplate\Helpers\ExtentReportHelpers.cs:linha 46
   em CSharpSeleniumTemplate.Helpers.ExtentReportHelpers.AddTestResult() na C:\Mantis2\csharpseleniumextentreporttemplate-master\CSharpSeleniumTemplate\Helpers\ExtentReportHelpers.cs:linha 60
   em CSharpSeleniumTemplate.Bases.TestBase.TearDown() na C:\Mantis2\csharpseleniumextentreporttemplate-master\CSharpSeleniumTemplate\Bases\TestBase.cs:linha 42]]></stack-trace>
            </failure>
          </test-case>
          <test-case id="0-1019" name="ApagarSemSelecionarUmPerfil" fullname="CSharpSeleniumTemplate.Tests.GerenciarPerfisGlobais.ApagarSemSelecionarUmPerfil" methodname="ApagarSemSelecionarUmPerfil" classname="CSharpSeleniumTemplate.Tests.GerenciarPerfisGlobais" runstate="Runnable" seed="960785350" result="Failed" label="Error" start-time="2019-05-23 19:11:02Z" end-time="2019-05-23 19:11:20Z" duration="18.016822" asserts="0">
            <failure>
              <message><![CDATA[OpenQA.Selenium.WebDriverException : Error forwarding the new session Error forwarding the request timeout
TearDown : System.NullReferenceException : Referência de objeto não definida para uma instância de um objeto.]]></message>
              <stack-trace><![CDATA[   em OpenQA.Selenium.Remote.RemoteWebDriver.UnpackAndThrowOnError(Response errorResponse)
   em OpenQA.Selenium.Remote.RemoteWebDriver.Execute(String driverCommandToExecute, Dictionary`2 parameters)
   em OpenQA.Selenium.Remote.RemoteWebDriver.StartSession(ICapabilities desiredCapabilities)
   em OpenQA.Selenium.Remote.RemoteWebDriver..ctor(ICommandExecutor commandExecutor, ICapabilities desiredCapabilities)
   em OpenQA.Selenium.Remote.RemoteWebDriver..ctor(Uri remoteAddress, ICapabilities desiredCapabilities)
   em CSharpSeleniumTemplate.Helpers.DriverFactory.CreateInstance() na C:\Mantis2\csharpseleniumextentreporttemplate-master\CSharpSeleniumTemplate\Helpers\DriverFactory.cs:linha 81
   em CSharpSeleniumTemplate.Bases.TestBase.SetUp() na C:\Mantis2\csharpseleniumextentreporttemplate-master\CSharpSeleniumTemplate\Bases\TestBase.cs:linha 26
--TearDown
   em CSharpSeleniumTemplate.Helpers.GeneralHelpers.GetScreenshot(String path) na C:\Mantis2\csharpseleniumextentreporttemplate-master\CSharpSeleniumTemplate\Helpers\GeneralHelpers.cs:linha 65
   em CSharpSeleniumTemplate.Helpers.ExtentReportHelpers.GetScreenShotMedia() na C:\Mantis2\csharpseleniumextentreporttemplate-master\CSharpSeleniumTemplate\Helpers\ExtentReportHelpers.cs:linha 46
   em CSharpSeleniumTemplate.Helpers.ExtentReportHelpers.AddTestResult() na C:\Mantis2\csharpseleniumextentreporttemplate-master\CSharpSeleniumTemplate\Helpers\ExtentReportHelpers.cs:linha 60
   em CSharpSeleniumTemplate.Bases.TestBase.TearDown() na C:\Mantis2\csharpseleniumextentreporttemplate-master\CSharpSeleniumTemplate\Bases\TestBase.cs:linha 42]]></stack-trace>
            </failure>
          </test-case>
          <test-case id="0-1013" name="CadastrarPerfilSucesso" fullname="CSharpSeleniumTemplate.Tests.GerenciarPerfisGlobais.CadastrarPerfilSucesso" methodname="CadastrarPerfilSucesso" classname="CSharpSeleniumTemplate.Tests.GerenciarPerfisGlobais" runstate="Runnable" seed="1439017614" result="Failed" label="Error" start-time="2019-05-23 19:11:20Z" end-time="2019-05-23 19:11:36Z" duration="15.921459" asserts="0">
            <failure>
              <message><![CDATA[OpenQA.Selenium.WebDriverException : Error forwarding the new session Error forwarding the request timeout
TearDown : System.NullReferenceException : Referência de objeto não definida para uma instância de um objeto.]]></message>
              <stack-trace><![CDATA[   em OpenQA.Selenium.Remote.RemoteWebDriver.UnpackAndThrowOnError(Response errorResponse)
   em OpenQA.Selenium.Remote.RemoteWebDriver.Execute(String driverCommandToExecute, Dictionary`2 parameters)
   em OpenQA.Selenium.Remote.RemoteWebDriver.StartSession(ICapabilities desiredCapabilities)
   em OpenQA.Selenium.Remote.RemoteWebDriver..ctor(ICommandExecutor commandExecutor, ICapabilities desiredCapabilities)
   em OpenQA.Selenium.Remote.RemoteWebDriver..ctor(Uri remoteAddress, ICapabilities desiredCapabilities)
   em CSharpSeleniumTemplate.Helpers.DriverFactory.CreateInstance() na C:\Mantis2\csharpseleniumextentreporttemplate-master\CSharpSeleniumTemplate\Helpers\DriverFactory.cs:linha 81
   em CSharpSeleniumTemplate.Bases.TestBase.SetUp() na C:\Mantis2\csharpseleniumextentreporttemplate-master\CSharpSeleniumTemplate\Bases\TestBase.cs:linha 26
--TearDown
   em CSharpSeleniumTemplate.Helpers.GeneralHelpers.GetScreenshot(String path) na C:\Mantis2\csharpseleniumextentreporttemplate-master\CSharpSeleniumTemplate\Helpers\GeneralHelpers.cs:linha 65
   em CSharpSeleniumTemplate.Helpers.ExtentReportHelpers.GetScreenShotMedia() na C:\Mantis2\csharpseleniumextentreporttemplate-master\CSharpSeleniumTemplate\Helpers\ExtentReportHelpers.cs:linha 46
   em CSharpSeleniumTemplate.Helpers.ExtentReportHelpers.AddTestResult() na C:\Mantis2\csharpseleniumextentreporttemplate-master\CSharpSeleniumTemplate\Helpers\ExtentReportHelpers.cs:linha 60
   em CSharpSeleniumTemplate.Bases.TestBase.TearDown() na C:\Mantis2\csharpseleniumextentreporttemplate-master\CSharpSeleniumTemplate\Bases\TestBase.cs:linha 42]]></stack-trace>
            </failure>
          </test-case>
          <test-case id="0-1018" name="EditarPerfilSucesso" fullname="CSharpSeleniumTemplate.Tests.GerenciarPerfisGlobais.EditarPerfilSucesso" methodname="EditarPerfilSucesso" classname="CSharpSeleniumTemplate.Tests.GerenciarPerfisGlobais" runstate="Runnable" seed="729104365" result="Failed" label="Error" start-time="2019-05-23 19:11:36Z" end-time="2019-05-23 19:11:53Z" duration="16.416444" asserts="0">
            <failure>
              <message><![CDATA[OpenQA.Selenium.WebDriverException : Error forwarding the new session Error forwarding the request timeout
TearDown : System.NullReferenceException : Referência de objeto não definida para uma instância de um objeto.]]></message>
              <stack-trace><![CDATA[   em OpenQA.Selenium.Remote.RemoteWebDriver.UnpackAndThrowOnError(Response errorResponse)
   em OpenQA.Selenium.Remote.RemoteWebDriver.Execute(String driverCommandToExecute, Dictionary`2 parameters)
   em OpenQA.Selenium.Remote.RemoteWebDriver.StartSession(ICapabilities desiredCapabilities)
   em OpenQA.Selenium.Remote.RemoteWebDriver..ctor(ICommandExecutor commandExecutor, ICapabilities desiredCapabilities)
   em OpenQA.Selenium.Remote.RemoteWebDriver..ctor(Uri remoteAddress, ICapabilities desiredCapabilities)
   em CSharpSeleniumTemplate.Helpers.DriverFactory.CreateInstance() na C:\Mantis2\csharpseleniumextentreporttemplate-master\CSharpSeleniumTemplate\Helpers\DriverFactory.cs:linha 81
   em CSharpSeleniumTemplate.Bases.TestBase.SetUp() na C:\Mantis2\csharpseleniumextentreporttemplate-master\CSharpSeleniumTemplate\Bases\TestBase.cs:linha 26
--TearDown
   em CSharpSeleniumTemplate.Helpers.GeneralHelpers.GetScreenshot(String path) na C:\Mantis2\csharpseleniumextentreporttemplate-master\CSharpSeleniumTemplate\Helpers\GeneralHelpers.cs:linha 65
   em CSharpSeleniumTemplate.Helpers.ExtentReportHelpers.GetScreenShotMedia() na C:\Mantis2\csharpseleniumextentreporttemplate-master\CSharpSeleniumTemplate\Helpers\ExtentReportHelpers.cs:linha 46
   em CSharpSeleniumTemplate.Helpers.ExtentReportHelpers.AddTestResult() na C:\Mantis2\csharpseleniumextentreporttemplate-master\CSharpSeleniumTemplate\Helpers\ExtentReportHelpers.cs:linha 60
   em CSharpSeleniumTemplate.Bases.TestBase.TearDown() na C:\Mantis2\csharpseleniumextentreporttemplate-master\CSharpSeleniumTemplate\Bases\TestBase.cs:linha 42]]></stack-trace>
            </failure>
          </test-case>
          <test-case id="0-1017" name="EditarSemSelecionarUmPerfil" fullname="CSharpSeleniumTemplate.Tests.GerenciarPerfisGlobais.EditarSemSelecionarUmPerfil" methodname="EditarSemSelecionarUmPerfil" classname="CSharpSeleniumTemplate.Tests.GerenciarPerfisGlobais" runstate="Runnable" seed="456504393" result="Failed" label="Error" start-time="2019-05-23 19:11:53Z" end-time="2019-05-23 19:12:08Z" duration="15.692909" asserts="0">
            <failure>
              <message><![CDATA[OpenQA.Selenium.WebDriverException : Error forwarding the new session Error forwarding the request timeout
TearDown : System.NullReferenceException : Referência de objeto não definida para uma instância de um objeto.]]></message>
              <stack-trace><![CDATA[   em OpenQA.Selenium.Remote.RemoteWebDriver.UnpackAndThrowOnError(Response errorResponse)
   em OpenQA.Selenium.Remote.RemoteWebDriver.Execute(String driverCommandToExecute, Dictionary`2 parameters)
   em OpenQA.Selenium.Remote.RemoteWebDriver.StartSession(ICapabilities desiredCapabilities)
   em OpenQA.Selenium.Remote.RemoteWebDriver..ctor(ICommandExecutor commandExecutor, ICapabilities desiredCapabilities)
   em OpenQA.Selenium.Remote.RemoteWebDriver..ctor(Uri remoteAddress, ICapabilities desiredCapabilities)
   em CSharpSeleniumTemplate.Helpers.DriverFactory.CreateInstance() na C:\Mantis2\csharpseleniumextentreporttemplate-master\CSharpSeleniumTemplate\Helpers\DriverFactory.cs:linha 81
   em CSharpSeleniumTemplate.Bases.TestBase.SetUp() na C:\Mantis2\csharpseleniumextentreporttemplate-master\CSharpSeleniumTemplate\Bases\TestBase.cs:linha 26
--TearDown
   em CSharpSeleniumTemplate.Helpers.GeneralHelpers.GetScreenshot(String path) na C:\Mantis2\csharpseleniumextentreporttemplate-master\CSharpSeleniumTemplate\Helpers\GeneralHelpers.cs:linha 65
   em CSharpSeleniumTemplate.Helpers.ExtentReportHelpers.GetScreenShotMedia() na C:\Mantis2\csharpseleniumextentreporttemplate-master\CSharpSeleniumTemplate\Helpers\ExtentReportHelpers.cs:linha 46
   em CSharpSeleniumTemplate.Helpers.ExtentReportHelpers.AddTestResult() na C:\Mantis2\csharpseleniumextentreporttemplate-master\CSharpSeleniumTemplate\Helpers\ExtentReportHelpers.cs:linha 60
   em CSharpSeleniumTemplate.Bases.TestBase.TearDown() na C:\Mantis2\csharpseleniumextentreporttemplate-master\CSharpSeleniumTemplate\Bases\TestBase.cs:linha 42]]></stack-trace>
            </failure>
          </test-case>
          <test-case id="0-1016" name="EnviarSemSelecionarUmdosParametros" fullname="CSharpSeleniumTemplate.Tests.GerenciarPerfisGlobais.EnviarSemSelecionarUmdosParametros" methodname="EnviarSemSelecionarUmdosParametros" classname="CSharpSeleniumTemplate.Tests.GerenciarPerfisGlobais" runstate="Runnable" seed="1371699318" result="Failed" label="Error" start-time="2019-05-23 19:12:08Z" end-time="2019-05-23 19:12:24Z" duration="15.386743" asserts="0">
            <failure>
              <message><![CDATA[OpenQA.Selenium.WebDriverException : Error forwarding the new session Error forwarding the request timeout
TearDown : System.NullReferenceException : Referência de objeto não definida para uma instância de um objeto.]]></message>
              <stack-trace><![CDATA[   em OpenQA.Selenium.Remote.RemoteWebDriver.UnpackAndThrowOnError(Response errorResponse)
   em OpenQA.Selenium.Remote.RemoteWebDriver.Execute(String driverCommandToExecute, Dictionary`2 parameters)
   em OpenQA.Selenium.Remote.RemoteWebDriver.StartSession(ICapabilities desiredCapabilities)
   em OpenQA.Selenium.Remote.RemoteWebDriver..ctor(ICommandExecutor commandExecutor, ICapabilities desiredCapabilities)
   em OpenQA.Selenium.Remote.RemoteWebDriver..ctor(Uri remoteAddress, ICapabilities desiredCapabilities)
   em CSharpSeleniumTemplate.Helpers.DriverFactory.CreateInstance() na C:\Mantis2\csharpseleniumextentreporttemplate-master\CSharpSeleniumTemplate\Helpers\DriverFactory.cs:linha 81
   em CSharpSeleniumTemplate.Bases.TestBase.SetUp() na C:\Mantis2\csharpseleniumextentreporttemplate-master\CSharpSeleniumTemplate\Bases\TestBase.cs:linha 26
--TearDown
   em CSharpSeleniumTemplate.Helpers.GeneralHelpers.GetScreenshot(String path) na C:\Mantis2\csharpseleniumextentreporttemplate-master\CSharpSeleniumTemplate\Helpers\GeneralHelpers.cs:linha 65
   em CSharpSeleniumTemplate.Helpers.ExtentReportHelpers.GetScreenShotMedia() na C:\Mantis2\csharpseleniumextentreporttemplate-master\CSharpSeleniumTemplate\Helpers\ExtentReportHelpers.cs:linha 46
   em CSharpSeleniumTemplate.Helpers.ExtentReportHelpers.AddTestResult() na C:\Mantis2\csharpseleniumextentreporttemplate-master\CSharpSeleniumTemplate\Helpers\ExtentReportHelpers.cs:linha 60
   em CSharpSeleniumTemplate.Bases.TestBase.TearDown() na C:\Mantis2\csharpseleniumextentreporttemplate-master\CSharpSeleniumTemplate\Bases\TestBase.cs:linha 42]]></stack-trace>
            </failure>
          </test-case>
          <test-case id="0-1014" name="PlataformaNaoPreenchida" fullname="CSharpSeleniumTemplate.Tests.GerenciarPerfisGlobais.PlataformaNaoPreenchida" methodname="PlataformaNaoPreenchida" classname="CSharpSeleniumTemplate.Tests.GerenciarPerfisGlobais" runstate="Runnable" seed="875533986" result="Failed" label="Error" start-time="2019-05-23 19:12:24Z" end-time="2019-05-23 19:12:39Z" duration="15.246897" asserts="0">
            <failure>
              <message><![CDATA[OpenQA.Selenium.WebDriverException : Error forwarding the new session Error forwarding the request timeout
TearDown : System.NullReferenceException : Referência de objeto não definida para uma instância de um objeto.]]></message>
              <stack-trace><![CDATA[   em OpenQA.Selenium.Remote.RemoteWebDriver.UnpackAndThrowOnError(Response errorResponse)
[...]
   em CSharpSeleniumTemplate.Helpers.DriverFactory.CreateInstance() na C:\Mantis2\csharpseleniumextentreporttemplate-master\CSharpSeleniumTemplate\Helpers\DriverFactory.cs:linha 81
   em CSharpSeleniumTemplate.Bases.TestBase.SetUp() na C:\Mantis2\csharpseleniumextentreporttemplate-master\CSharpSeleniumTemplate\Bases\TestBase.cs:linha 26
--TearDown
   em CSharpSeleniumTemplate.Helpers.GeneralHelpers.GetScreenshot(String path) na C:\Mantis2\csharpseleniumextentreporttemplate-master\CSharpSeleniumTemplate\Helpers\GeneralHelpers.cs:linha 65
   em CSharpSeleniumTemplate.Helpers.ExtentReportHelpers.GetScreenShotMedia() na C:\Mantis2\csharpseleniumextentreporttemplate-master\CSharpSeleniumTemplate\Helpers\ExtentReportHelpers.cs:linha 46
   em CSharpSeleniumTemplate.Helpers.ExtentReportHelpers.AddTestResult() na C:\Mantis2\csharpseleniumextentreporttemplate-master\CSharpSeleniumTemplate\Helpers\ExtentReportHelpers.cs:linha 60
   em CSharpSeleniumTemplate.Bases.TestBase.TearDown() na C:\Mantis2\csharpseleniumextentreporttemplate-master\CSharpSeleniumTemplate\Bases\TestBase.cs:linha 42]]></stack-trace>
            </failure>
          </test-case>
          <test-case id="0-1060" name="PesquisarUsuarios" fullname="CSharpSeleniumTemplate.Tests.GerenciarUsuarios.PesquisarUsuarios" methodname="PesquisarUsuarios" classname="CSharpSeleniumTemplate.Tests.GerenciarUsuarios" runstate="Runnable" seed="1413078181" result="Failed" label="Error" start-time="2019-05-23 19:17:22Z" end-time="2019-05-23 19:17:37Z" duration="15.494562" asserts="0">
            <failure>
              <message><![CDATA[OpenQA.Selenium.WebDriverException : Error forwarding the new session Error forwarding the request timeout
TearDown : System.NullReferenceException : Referência de objeto não definida para uma instância de um objeto.]]></message>
              <stack-trace><![CDATA[   em OpenQA.Selenium.Remote.RemoteWebDriver.UnpackAndThrowOnError(Response errorResponse)
   em OpenQA.Selenium.Remote.RemoteWebDriver.Execute(String driverCommandToExecute, Dictionary`2 parameters)
   em OpenQA.Selenium.Remote.RemoteWebDriver.StartSession(ICapabilities desiredCapabilities)
   em OpenQA.Selenium.Remote.RemoteWebDriver..ctor(ICommandExecutor commandExecutor, ICapabilities desiredCapabilities)
   em OpenQA.Selenium.Remote.RemoteWebDriver..ctor(Uri remoteAddress, ICapabilities desiredCapabilities)
   em CSharpSeleniumTemplate.Helpers.DriverFactory.CreateInstance() na C:\Mantis2\csharpseleniumextentreporttemplate-master\CSharpSeleniumTemplate\Helpers\DriverFactory.cs:linha 81
   em CSharpSeleniumTemplate.Bases.TestBase.SetUp() na C:\Mantis2\csharpseleniumextentreporttemplate-master\CSharpSeleniumTemplate\Bases\TestBase.cs:linha 26
--TearDown
   em CSharpSeleniumTemplate.Helpers.GeneralHelpers.GetScreenshot(String path) na C:\Mantis2\csharpseleniumextentreporttemplate-master\CSharpSeleniumTemplate\Helpers\GeneralHelpers.cs:linha 65
   em CSharpSeleniumTemplate.Helpers.ExtentReportHelpers.GetScreenShotMedia() na C:\Mantis2\csharpseleniumextentreporttemplate-master\CSharpSeleniumTemplate\Helpers\ExtentReportHelpers.cs:linha 46
   em CSharpSeleniumTemplate.Helpers.ExtentReportHelpers.AddTestResult() na C:\Mantis2\csharpseleniumextentreporttemplate-master\CSharpSeleniumTemplate\Helpers\ExtentReportHelpers.cs:linha 60
   em CSharpSeleniumTemplate.Bases.TestBase.TearDown() na C:\Mantis2\csharpseleniumextentreporttemplate-master\CSharpSeleniumTemplate\Bases\TestBase.cs:linha 42]]></stack-trace>
            </failure>
          </test-case>
          <test-case id="0-1058" name="RedefinirSenhaSemPreencherEmail" fullname="CSharpSeleniumTemplate.Tests.GerenciarUsuarios.RedefinirSenhaSemPreencherEmail" methodname="RedefinirSenhaSemPreencherEmail" classname="CSharpSeleniumTemplate.Tests.GerenciarUsuarios" runstate="Runnable" seed="1558607738" result="Failed" label="Error" start-time="2019-05-23 19:17:37Z" end-time="2019-05-23 19:17:53Z" duration="15.355296" asserts="0">
            <failure>
              <message><![CDATA[OpenQA.Selenium.WebDriverException : Error forwarding the new session Error forwarding the request timeout
TearDown : System.NullReferenceException : Referência de objeto não definida para uma instância de um objeto.]]></message>
              <stack-trace><![CDATA[   em OpenQA.Selenium.Remote.RemoteWebDriver.UnpackAndThrowOnError(Response errorResponse)
   em OpenQA.Selenium.Remote.RemoteWebDriver.Execute(String driverCommandToExecute, Dictionary`2 parameters)
   em OpenQA.Selenium.Remote.RemoteWebDriver.StartSession(ICapabilities desiredCapabilities)
   em OpenQA.Selenium.Remote.RemoteWebDriver..ctor(ICommandExecutor commandExecutor, ICapabilities desiredCapabilities)
   em OpenQA.Selenium.Remote.RemoteWebDriver..ctor(Uri remoteAddress, ICapabilities desiredCapabilities)
   em CSharpSeleniumTemplate.Helpers.DriverFactory.CreateInstance() na C:\Mantis2\csharpseleniumextentreporttemplate-master\CSharpSeleniumTemplate\Helpers\DriverFactory.cs:linha 81
   em CSharpSeleniumTemplate.Bases.TestBase.SetUp() na C:\Mantis2\csharpseleniumextentreporttemplate-master\CSharpSeleniumTemplate\Bases\TestBase.cs:linha 26
--TearDown
   em CSharpSeleniumTemplate.Helpers.GeneralHelpers.GetScreenshot(String path) na C:\Mantis2\csharpseleniumextentreporttemplate-master\CSharpSeleniumTemplate\Helpers\GeneralHelpers.cs:linha 65
   em CSharpSeleniumTemplate.Helpers.ExtentReportHelpers.GetScreenShotMedia() na C:\Mantis2\csharpseleniumextentreporttemplate-master\CSharpSeleniumTemplate\Helpers\ExtentReportHelpers.cs:linha 46
   em CSharpSeleniumTemplate.Helpers.ExtentReportHelpers.AddTestResult() na C:\Mantis2\csharpseleniumextentreporttemplate-master\CSharpSeleniumTemplate\Helpers\ExtentReportHelpers.cs:linha 60
   em CSharpSeleniumTemplate.Bases.TestBase.TearDown() na C:\Mantis2\csharpseleniumextentreporttemplate-master\CSharpSeleniumTemplate\Bases\TestBase.cs:linha 42]]></stack-trace>
            </failure>
          </test-case>
          <test-case id="0-1054" name="UsuarioJaCadastrado" fullname="CSharpSeleniumTemplate.Tests.GerenciarUsuarios.UsuarioJaCadastrado" methodname="UsuarioJaCadastrado" classname="CSharpSeleniumTemplate.Tests.GerenciarUsuarios" runstate="Runnable" seed="2032407927" result="Failed" label="Error" start-time="2019-05-23 19:17:53Z" end-time="2019-05-23 19:18:08Z" duration="15.283759" asserts="0">
            <failure>
              <message><![CDATA[OpenQA.Selenium.WebDriverException : Error forwarding the new session Error forwarding the request timeout
TearDown : System.NullReferenceException : Referência de objeto não definida para uma instância de um objeto.]]></message>
              <stack-trace><![CDATA[   em OpenQA.Selenium.Remote.RemoteWebDriver.UnpackAndThrowOnError(Response errorResponse)
   em OpenQA.Selenium.Remote.RemoteWebDriver.Execute(String driverCommandToExecute, Dictionary`2 parameters)
   em OpenQA.Selenium.Remote.RemoteWebDriver.StartSession(ICapabilities desiredCapabilities)
   em OpenQA.Selenium.Remote.RemoteWebDriver..ctor(ICommandExecutor commandExecutor, ICapabilities desiredCapabilities)
   em OpenQA.Selenium.Remote.RemoteWebDriver..ctor(Uri remoteAddress, ICapabilities desiredCapabilities)
   em CSharpSeleniumTemplate.Helpers.DriverFactory.CreateInstance() na C:\Mantis2\csharpseleniumextentreporttemplate-master\CSharpSeleniumTemplate\Helpers\DriverFactory.cs:linha 81
   em CSharpSeleniumTemplate.Bases.TestBase.SetUp() na C:\Mantis2\csharpseleniumextentreporttemplate-master\CSharpSeleniumTemplate\Bases\TestBase.cs:linha 26
--TearDown
   em CSharpSeleniumTemplate.Helpers.GeneralHelpers.GetScreenshot(String path) na C:\Mantis2\csharpseleniumextentreporttemplate-master\CSharpSeleniumTemplate\Helpers\GeneralHelpers.cs:linha 65
   em CSharpSeleniumTemplate.Helpers.ExtentReportHelpers.GetScreenShotMedia() na C:\Mantis2\csharpseleniumextentreporttemplate-master\CSharpSeleniumTemplate\Helpers\ExtentReportHelpers.cs:linha 46
   em CSharpSeleniumTemplate.Helpers.ExtentReportHelpers.AddTestResult() na C:\Mantis2\csharpseleniumextentreporttemplate-master\CSharpSeleniumTemplate\Helpers\ExtentReportHelpers.cs:linha 60
   em CSharpSeleniumTemplate.Bases.TestBase.TearDown() na C:\Mantis2\csharpseleniumextentreporttemplate-master\CSharpSeleniumTemplate\Bases\TestBase.cs:linha 42]]></stack-trace>
            </failure>
          </test-case>
        </test-suite>
        <test-suite type="TestFixture" id="0-1061" name="LoginTests" fullname="CSharpSeleniumTemplate.Tests.LoginTests" classname="CSharpSeleniumTemplate.Tests.LoginTests" runstate="Runnable" testcasecount="4" result="Failed" site="Child" start-time="2019-05-23 19:18:08Z" end-time="2019-05-23 19:19:12Z" duration="63.643705" total="4" passed="0" failed="4" warnings="0" inconclusive="0" skipped="0" asserts="0">
          <failure>
            <message><![CDATA[One or more child tests had errors]]></message>
          </failure>
          <test-case id="0-1062" name="EfetuarLoginComSucesso" fullname="CSharpSeleniumTemplate.Tests.LoginTests.EfetuarLoginComSucesso" methodname="EfetuarLoginComSucesso" classname="CSharpSeleniumTemplate.Tests.LoginTests" runstate="Runnable" seed="1632966572" result="Failed" label="Error" start-time="2019-05-23 19:18:08Z" end-time="2019-05-23 19:18:24Z" duration="15.622049" asserts="0">
            <failure>
              <message><![CDATA[OpenQA.Selenium.WebDriverException : Error forwarding the new session Error forwarding the request timeout
TearDown : System.NullReferenceException : Referência de objeto não definida para uma instância de um objeto.]]></message>
              <stack-trace><![CDATA[   em OpenQA.Selenium.Remote.RemoteWebDriver.UnpackAndThrowOnError(Response errorResponse)
   em OpenQA.Selenium.Remote.RemoteWebDriver.Execute(String driverCommandToExecute, Dictionary`2 parameters)
   em OpenQA.Selenium.Remote.RemoteWebDriver.StartSession(ICapabilities desiredCapabilities)
   em OpenQA.Selenium.Remote.RemoteWebDriver..ctor(ICommandExecutor commandExecutor, ICapabilities desiredCapabilities)
   em OpenQA.Selenium.Remote.RemoteWebDriver..ctor(Uri remoteAddress, ICapabilities desiredCapabilities)
   em CSharpSeleniumTemplate.Helpers.DriverFactory.CreateInstance() na C:\Mantis2\csharpseleniumextentreporttemplate-master\CSharpSeleniumTemplate\Helpers\DriverFactory.cs:linha 81
   em CSharpSeleniumTemplate.Bases.TestBase.SetUp() na C:\Mantis2\csharpseleniumextentreporttemplate-master\CSharpSeleniumTemplate\Bases\TestBase.cs:linha 26
--TearDown
   em CSharpSeleniumTemplate.Helpers.GeneralHelpers.GetScreenshot(String path) na C:\Mantis2\csharpseleniumextentreporttemplate-master\CSharpSeleniumTemplate\Helpers\GeneralHelpers.cs:linha 65
   em CSharpSeleniumTemplate.Helpers.ExtentReportHelpers.GetScreenShotMedia() na C:\Mantis2\csharpseleniumextentreporttemplate-master\CSharpSeleniumTemplate\Helpers\ExtentReportHelpers.cs:linha 46
   em CSharpSeleniumTemplate.Helpers.ExtentReportHelpers.AddTestResult() na C:\Mantis2\csharpseleniumextentreporttemplate-master\CSharpSeleniumTemplate\Helpers\ExtentReportHelpers.cs:linha 60
   em CSharpSeleniumTemplate.Bases.TestBase.TearDown() na C:\Mantis2\csharpseleniumextentreporttemplate-master\CSharpSeleniumTemplate\Bases\TestBase.cs:linha 42]]></stack-trace>
            </failure>
          </test-case>
          <test-suite type="ParameterizedMethod" id="0-1066" name="EfetuarLoginInformandoUsuarioInvalido" fullname="CSharpSeleniumTemplate.Tests.LoginTests.EfetuarLoginInformandoUsuarioInvalido" classname="CSharpSeleniumTemplate.Tests.LoginTests" runstate="Runnable" testcasecount="3" result="Failed" site="Child" start-time="2019-05-23 19:18:24Z" end-time="2019-05-23 19:19:12Z" duration="48.008703" total="3" passed="0" failed="3" warnings="0" inconclusive="0" skipped="0" asserts="0">
            <failure>
              <message><![CDATA[One or more child tests had errors]]></message>
            </failure>
            <test-case id="0-1063" name="EfetuarLoginInformandoUsuarioInvalido(System.Collections.ArrayList)" fullname="CSharpSeleniumTemplate.Tests.LoginTests.EfetuarLoginInformandoUsuarioInvalido(System.Collections.ArrayList)" methodname="EfetuarLoginInformandoUsuarioInvalido" classname="CSharpSeleniumTemplate.Tests.LoginTests" runstate="Runnable" seed="1331252486" result="Failed" label="Error" start-time="2019-05-23 19:18:24Z" end-time="2019-05-23 19:18:40Z" duration="16.554998" asserts="0">
              <failure>
                <message><![CDATA[OpenQA.Selenium.WebDriverException : Error forwarding the new session Error forwarding the request timeout
TearDown : System.NullReferenceException : Referência de objeto não definida para uma instância de um objeto.]]></message>
                <stack-trace><![CDATA[   em OpenQA.Selenium.Remote.RemoteWebDriver.UnpackAndThrowOnError(Response errorResponse)
   em OpenQA.Selenium.Remote.RemoteWebDriver.Execute(String driverCommandToExecute, Dictionary`2 parameters)
   em OpenQA.Selenium.Remote.RemoteWebDriver.StartSession(ICapabilities desiredCapabilities)
   em OpenQA.Selenium.Remote.RemoteWebDriver..ctor(ICommandExecutor commandExecutor, ICapabilities desiredCapabilities)
   em OpenQA.Selenium.Remote.RemoteWebDriver..ctor(Uri remoteAddress, ICapabilities desiredCapabilities)
   em CSharpSeleniumTemplate.Helpers.DriverFactory.CreateInstance() na C:\Mantis2\csharpseleniumextentreporttemplate-master\CSharpSeleniumTemplate\Helpers\DriverFactory.cs:linha 81
   em CSharpSeleniumTemplate.Bases.TestBase.SetUp() na C:\Mantis2\csharpseleniumextentreporttemplate-master\CSharpSeleniumTemplate\Bases\TestBase.cs:linha 26
--TearDown
   em CSharpSeleniumTemplate.Helpers.GeneralHelpers.GetScreenshot(String path) na C:\Mantis2\csharpseleniumextentreporttemplate-master\CSharpSeleniumTemplate\Helpers\GeneralHelpers.cs:linha 65
   em CSharpSeleniumTemplate.Helpers.ExtentReportHelpers.GetScreenShotMedia() na C:\Mantis2\csharpseleniumextentreporttemplate-master\CSharpSeleniumTemplate\Helpers\ExtentReportHelpers.cs:linha 46
   em CSharpSeleniumTemplate.Helpers.ExtentReportHelpers.AddTestResult() na C:\Mantis2\csharpseleniumextentreporttemplate-master\CSharpSeleniumTemplate\Helpers\ExtentReportHelpers.cs:linha 60
   em CSharpSeleniumTemplate.Bases.TestBase.TearDown() na C:\Mantis2\csharpseleniumextentreporttemplate-master\CSharpSeleniumTemplate\Bases\TestBase.cs:linha 42]]></stack-trace>
              </failure>
            </test-case>
            <test-case id="0-1064" name="EfetuarLoginInformandoUsuarioInvalido(System.Collections.ArrayList)" fullname="CSharpSeleniumTemplate.Tests.LoginTests.EfetuarLoginInformandoUsuarioInvalido(System.Collections.ArrayList)" methodname="EfetuarLoginInformandoUsuarioInvalido" classname="CSharpSeleniumTemplate.Tests.LoginTests" runstate="Runnable" seed="1538752086" result="Failed" label="Error" start-time="2019-05-23 19:18:40Z" end-time="2019-05-23 19:18:56Z" duration="16.179857" asserts="0">
              <failure>
                <message><![CDATA[OpenQA.Selenium.WebDriverException : Error forwarding the new session Error forwarding the request timeout
TearDown : System.NullReferenceException : Referência de objeto não definida para uma instância de um objeto.]]></message>
                <stack-trace><![CDATA[   em OpenQA.Selenium.Remote.RemoteWebDriver.UnpackAndThrowOnError(Response errorResponse)
   em OpenQA.Selenium.Remote.RemoteWebDriver.Execute(String driverCommandToExecute, Dictionary`2 parameters)
   em OpenQA.Selenium.Remote.RemoteWebDriver.StartSession(ICapabilities desiredCapabilities)
   em OpenQA.Selenium.Remote.RemoteWebDriver..ctor(ICommandExecutor commandExecutor, ICapabilities desiredCapabilities)
   em OpenQA.Selenium.Remote.RemoteWebDriver..ctor(Uri remoteAddress, ICapabilities desiredCapabilities)
   em CSharpSeleniumTemplate.Helpers.DriverFactory.CreateInstance() na C:\Mantis2\csharpseleniumextentreporttemplate-master\CSharpSeleniumTemplate\Helpers\DriverFactory.cs:linha 81
   em CSharpSeleniumTemplate.Bases.TestBase.SetUp() na C:\Mantis2\csharpseleniumextentreporttemplate-master\CSharpSeleniumTemplate\Bases\TestBase.cs:linha 26
--TearDown
   em CSharpSeleniumTemplate.Helpers.GeneralHelpers.GetScreenshot(String path) na C:\Mantis2\csharpseleniumextentreporttemplate-master\CSharpSeleniumTemplate\Helpers\GeneralHelpers.cs:linha 65
   em CSharpSeleniumTemplate.Helpers.ExtentReportHelpers.GetScreenShotMedia() na C:\Mantis2\csharpseleniumextentreporttemplate-master\CSharpSeleniumTemplate\Helpers\ExtentReportHelpers.cs:linha 46
   em CSharpSeleniumTemplate.Helpers.ExtentReportHelpers.AddTestResult() na C:\Mantis2\csharpseleniumextentreporttemplate-master\CSharpSeleniumTemplate\Helpers\ExtentReportHelpers.cs:linha 60
   em CSharpSeleniumTemplate.Bases.TestBase.TearDown() na C:\Mantis2\csharpseleniumextentreporttemplate-master\CSharpSeleniumTemplate\Bases\TestBase.cs:linha 42]]></stack-trace>
              </failure>
            </test-case>
            <test-case id="0-1065" name="EfetuarLoginInformandoUsuarioInvalido(System.Collections.ArrayList)" fullname="CSharpSeleniumTemplate.Tests.LoginTests.EfetuarLoginInformandoUsuarioInvalido(System.Collections.ArrayList)" methodname="EfetuarLoginInformandoUsuarioInvalido" classname="CSharpSeleniumTemplate.Tests.LoginTests" runstate="Runnable" seed="1496305065" result="Failed" label="Error" start-time="2019-05-23 19:18:56Z" end-time="2019-05-23 19:19:12Z" duration="15.273686" asserts="0">
              <failure>
                <message><![CDATA[OpenQA.Selenium.WebDriverException : Error forwarding the new session Error forwarding the request timeout
TearDown : System.NullReferenceException : Referência de objeto não definida para uma instância de um objeto.]]></message>
                <stack-trace><![CDATA[   em OpenQA.Selenium.Remote.RemoteWebDriver.UnpackAndThrowOnError(Response errorResponse)
   em OpenQA.Selenium.Remote.RemoteWebDriver.Execute(String driverCommandToExecute, Dictionary`2 parameters)
   em OpenQA.Selenium.Remote.RemoteWebDriver.StartSession(ICapabilities desiredCapabilities)
   em OpenQA.Selenium.Remote.RemoteWebDriver..ctor(ICommandExecutor commandExecutor, ICapabilities desiredCapabilities)
   em OpenQA.Selenium.Remote.RemoteWebDriver..ctor(Uri remoteAddress, ICapabilities desiredCapabilities)
   em CSharpSeleniumTemplate.Helpers.DriverFactory.CreateInstance() na C:\Mantis2\csharpseleniumextentreporttemplate-master\CSharpSeleniumTemplate\Helpers\DriverFactory.cs:linha 81
   em CSharpSeleniumTemplate.Bases.TestBase.SetUp() na C:\Mantis2\csharpseleniumextentreporttemplate-master\CSharpSeleniumTemplate\Bases\TestBase.cs:linha 26
--TearDown
   em CSharpSeleniumTemplate.Helpers.GeneralHelpers.GetScreenshot(String path) na C:\Mantis2\csharpseleniumextentreporttemplate-master\CSharpSeleniumTemplate\Helpers\GeneralHelpers.cs:linha 65
   em CSharpSeleniumTemplate.Helpers.ExtentReportHelpers.GetScreenShotMedia() na C:\Mantis2\csharpseleniumextentreporttemplate-master\CSharpSeleniumTemplate\Helpers\ExtentReportHelpers.cs:linha 46
   em CSharpSeleniumTemplate.Helpers.ExtentReportHelpers.AddTestResult() na C:\Mantis2\csharpseleniumextentreporttemplate-master\CSharpSeleniumTemplate\Helpers\ExtentReportHelpers.cs:linha 60
   em CSharpSeleniumTemplate.Bases.TestBase.TearDown() na C:\Mantis2\csharpseleniumextentreporttemplate-master\CSharpSeleniumTemplate\Bases\TestBase.cs:linha 42]]></stack-trace>
              </failure>
            </test-case>
          </test-suite>
        </test-suite>
        <test-suite type="TestFixture" id="0-1067" name="ReportIssueTests" fullname="CSharpSeleniumTemplate.Tests.ReportIssueTests" classname="CSharpSeleniumTemplate.Tests.ReportIssueTests" runstate="Runnable" testcasecount="0" result="Passed" start-time="2019-05-23 19:19:12Z" end-time="2019-05-23 19:19:12Z" duration="0.000011" total="0" passed="0" failed="0" warnings="0" inconclusive="0" skipped="0" asserts="0" />
      </test-suite>
    </test-suite>
  </test-suite>
</test-run>