<?xml version="1.0" encoding="utf-8" standalone="no"?>
<test-run id="2" testcasecount="56" result="Failed" total="56" passed="0" failed="56" inconclusive="0" skipped="0" asserts="0" engine-version="3.10.0.0" clr-version="4.0.30319.42000" start-time="2019-05-24 17:51:57Z" end-time="2019-05-24 17:52:42Z" duration="44.986935">
  <command-line><![CDATA["C:\Program Files (x86)\NUnit.Console-3.10.0\bin\net35\nunit3-console.exe"  "CSharpSeleniumTemplate.dll" --inprocess --labels=On]]></command-line>
  <test-suite type="Assembly" id="0-1068" name="CSharpSeleniumTemplate.dll" fullname="CSharpSeleniumTemplate.dll" runstate="Runnable" testcasecount="56" result="Failed" site="Child" start-time="2019-05-24 17:51:58Z" end-time="2019-05-24 17:52:42Z" duration="44.497378" total="56" passed="0" failed="56" warnings="0" inconclusive="0" skipped="0" asserts="0">
    <environment framework-version="3.11.0.0" clr-version="4.0.30319.42000" os-version="Microsoft Windows NT 10.0.17763.0" platform="Win32NT" cwd="C:\Mantis2\csharpseleniumextentreporttemplate-master\CSharpSeleniumTemplate\bin\Debug" machine-name="PLUTO" user="SISTEMA" user-domain="WORKGROUP" culture="pt-BR" uiculture="pt-BR" os-architecture="x64" />
    <settings>
      <setting name="ProcessModel" value="InProcess" />
      <setting name="DisposeRunners" value="True" />
      <setting name="WorkDirectory" value="C:\Mantis2\csharpseleniumextentreporttemplate-master\CSharpSeleniumTemplate\bin\Debug" />
      <setting name="ImageRuntimeVersion" value="4.0.30319" />
      <setting name="ImageTargetFrameworkName" value=".NETFramework,Version=v4.6.1" />
      <setting name="ImageRequiresX86" value="False" />
      <setting name="ImageRequiresDefaultAppDomainAssemblyResolver" value="False" />
      <setting name="NumberOfTestWorkers" value="4" />
    </settings>
    <properties>
      <property name="_PID" value="10924" />
      <property name="_APPDOMAIN" value="domain-" />
    </properties>
    <failure>
      <message><![CDATA[One or more child tests had errors]]></message>
    </failure>
    <test-suite type="TestSuite" id="0-1069" name="CSharpSeleniumTemplate" fullname="CSharpSeleniumTemplate" runstate="Runnable" testcasecount="56" result="Failed" site="Child" start-time="2019-05-24 17:51:58Z" end-time="2019-05-24 17:52:42Z" duration="44.476872" total="56" passed="0" failed="56" warnings="0" inconclusive="0" skipped="0" asserts="0">
      <failure>
        <message><![CDATA[One or more child tests had errors]]></message>
      </failure>
      <test-suite type="TestSuite" id="0-1070" name="Tests" fullname="CSharpSeleniumTemplate.Tests" runstate="Runnable" testcasecount="56" result="Failed" site="Child" start-time="2019-05-24 17:51:58Z" end-time="2019-05-24 17:52:42Z" duration="44.476339" total="56" passed="0" failed="56" warnings="0" inconclusive="0" skipped="0" asserts="0">
        <failure>
          <message><![CDATA[One or more child tests had errors]]></message>
        </failure>
        <test-suite type="TestFixture" id="0-1027" name="CriarTarefa" fullname="CSharpSeleniumTemplate.Tests.CriarTarefa" classname="CSharpSeleniumTemplate.Tests.CriarTarefa" runstate="Runnable" testcasecount="9" result="Failed" site="Child" start-time="2019-05-24 17:51:58Z" end-time="2019-05-24 17:52:11Z" duration="13.250243" total="9" passed="0" failed="9" warnings="0" inconclusive="0" skipped="0" asserts="0">
          <failure>
            <message><![CDATA[One or more child tests had errors]]></message>
          </failure>
          <test-case id="0-1035" name="CadastrarMaisTarefas" fullname="CSharpSeleniumTemplate.Tests.CriarTarefa.CadastrarMaisTarefas" methodname="CadastrarMaisTarefas" classname="CSharpSeleniumTemplate.Tests.CriarTarefa" runstate="Runnable" seed="1032765743" result="Failed" label="Error" start-time="2019-05-24 17:51:58Z" end-time="2019-05-24 17:52:01Z" duration="2.489675" asserts="0">
            <failure>
              <message><![CDATA[System.InvalidOperationException : Unexpected error launching Internet Explorer. Protected Mode settings are not the same for all zones. Enable Protected Mode must be set to the same value (enabled or disabled) for all zones.
Build info: version: '3.141.59', revision: 'e82be7d358', time: '2018-11-14T08:25:53'
System info: host: 'PLUTO', ip: '192.168.99.1', os.name: 'Windows 10', os.arch: 'amd64', os.version: '10.0', java.version: '1.8.0_171'
Driver info: driver.version: unknown
remote stacktrace:  (SessionNotCreated)
TearDown : System.NullReferenceException : Referência de objeto não definida para uma instância de um objeto.]]></message>
              <stack-trace><![CDATA[   em OpenQA.Selenium.Remote.RemoteWebDriver.UnpackAndThrowOnError(Response errorResponse)
   em OpenQA.Selenium.Remote.RemoteWebDriver.Execute(String driverCommandToExecute, Dictionary`2 parameters)
   em OpenQA.Selenium.Remote.RemoteWebDriver.StartSession(ICapabilities desiredCapabilities)
   em OpenQA.Selenium.Remote.RemoteWebDriver..ctor(ICommandExecutor commandExecutor, ICapabilities desiredCapabilities)
   em OpenQA.Selenium.Remote.RemoteWebDriver..ctor(Uri remoteAddress, ICapabilities desiredCapabilities)
   em CSharpSeleniumTemplate.Helpers.DriverFactory.CreateInstance() na C:\Mantis2\csharpseleniumextentreporttemplate-master\CSharpSeleniumTemplate\Helpers\DriverFactory.cs:linha 66
   em CSharpSeleniumTemplate.Bases.TestBase.SetUp() na C:\Mantis2\csharpseleniumextentreporttemplate-master\CSharpSeleniumTemplate\Bases\TestBase.cs:linha 26
--TearDown
   em CSharpSeleniumTemplate.Helpers.GeneralHelpers.GetScreenshot(String path) na C:\Mantis2\csharpseleniumextentreporttemplate-master\CSharpSeleniumTemplate\Helpers\GeneralHelpers.cs:linha 65
   em CSharpSeleniumTemplate.Helpers.ExtentReportHelpers.GetScreenShotMedia() na C:\Mantis2\csharpseleniumextentreporttemplate-master\CSharpSeleniumTemplate\Helpers\ExtentReportHelpers.cs:linha 46
   em CSharpSeleniumTemplate.Helpers.ExtentReportHelpers.AddTestResult() na C:\Mantis2\csharpseleniumextentreporttemplate-master\CSharpSeleniumTemplate\Helpers\ExtentReportHelpers.cs:linha 60
   em CSharpSeleniumTemplate.Bases.TestBase.TearDown() na C:\Mantis2\csharpseleniumextentreporttemplate-master\CSharpSeleniumTemplate\Bases\TestBase.cs:linha 42]]></stack-trace>
            </failure>
          </test-case>
          <test-case id="0-1028" name="CadastrarTarefaApenasCamposObrigatorios" fullname="CSharpSeleniumTemplate.Tests.CriarTarefa.CadastrarTarefaApenasCamposObrigatorios" methodname="CadastrarTarefaApenasCamposObrigatorios" classname="CSharpSeleniumTemplate.Tests.CriarTarefa" runstate="Runnable" seed="488674313" result="Failed" label="Error" start-time="2019-05-24 17:52:01Z" end-time="2019-05-24 17:52:01Z" duration="0.648383" asserts="0">
            <failure>
              <message><![CDATA[System.InvalidOperationException : Unexpected error launching Internet Explorer. Protected Mode settings are not the same for all zones. Enable Protected Mode must be set to the same value (enabled or disabled) for all zones.
Build info: version: '3.141.59', revision: 'e82be7d358', time: '2018-11-14T08:25:53'
System info: host: 'PLUTO', ip: '192.168.99.1', os.name: 'Windows 10', os.arch: 'amd64', os.version: '10.0', java.version: '1.8.0_171'
Driver info: driver.version: unknown
remote stacktrace:  (SessionNotCreated)
TearDown : System.NullReferenceException : Referência de objeto não definida para uma instância de um objeto.]]></message>
              <stack-trace><![CDATA[   em OpenQA.Selenium.Remote.RemoteWebDriver.UnpackAndThrowOnError(Response errorResponse)
   em OpenQA.Selenium.Remote.RemoteWebDriver.Execute(String driverCommandToExecute, Dictionary`2 parameters)
   em OpenQA.Selenium.Remote.RemoteWebDriver.StartSession(ICapabilities desiredCapabilities)
   em OpenQA.Selenium.Remote.RemoteWebDriver..ctor(ICommandExecutor commandExecutor, ICapabilities desiredCapabilities)
   em OpenQA.Selenium.Remote.RemoteWebDriver..ctor(Uri remoteAddress, ICapabilities desiredCapabilities)
   em CSharpSeleniumTemplate.Helpers.DriverFactory.CreateInstance() na C:\Mantis2\csharpseleniumextentreporttemplate-master\CSharpSeleniumTemplate\Helpers\DriverFactory.cs:linha 66
   em CSharpSeleniumTemplate.Bases.TestBase.SetUp() na C:\Mantis2\csharpseleniumextentreporttemplate-master\CSharpSeleniumTemplate\Bases\TestBase.cs:linha 26
--TearDown
   em CSharpSeleniumTemplate.Helpers.GeneralHelpers.GetScreenshot(String path) na C:\Mantis2\csharpseleniumextentreporttemplate-master\CSharpSeleniumTemplate\Helpers\GeneralHelpers.cs:linha 65
   em CSharpSeleniumTemplate.Helpers.ExtentReportHelpers.GetScreenShotMedia() na C:\Mantis2\csharpseleniumextentreporttemplate-master\CSharpSeleniumTemplate\Helpers\ExtentReportHelpers.cs:linha 46
   em CSharpSeleniumTemplate.Helpers.ExtentReportHelpers.AddTestResult() na C:\Mantis2\csharpseleniumextentreporttemplate-master\CSharpSeleniumTemplate\Helpers\ExtentReportHelpers.cs:linha 60
   em CSharpSeleniumTemplate.Bases.TestBase.TearDown() na C:\Mantis2\csharpseleniumextentreporttemplate-master\CSharpSeleniumTemplate\Bases\TestBase.cs:linha 42]]></stack-trace>
            </failure>
          </test-case>
          <test-suite type="ParameterizedMethod" id="0-1034" name="CadastrarTarefaTodosCampos" fullname="CSharpSeleniumTemplate.Tests.CriarTarefa.CadastrarTarefaTodosCampos" classname="CSharpSeleniumTemplate.Tests.CriarTarefa" runstate="Runnable" testcasecount="5" result="Failed" site="Child" start-time="2019-05-24 17:52:01Z" end-time="2019-05-24 17:52:05Z" duration="3.295597" total="5" passed="0" failed="5" warnings="0" inconclusive="0" skipped="0" asserts="0">
            <failure>
              <message><![CDATA[One or more child tests had errors]]></message>
            </failure>
            <test-case id="0-1029" name="CadastrarTarefaTodosCampos(System.Collections.ArrayList)" fullname="CSharpSeleniumTemplate.Tests.CriarTarefa.CadastrarTarefaTodosCampos(System.Collections.ArrayList)" methodname="CadastrarTarefaTodosCampos" classname="CSharpSeleniumTemplate.Tests.CriarTarefa" runstate="Runnable" seed="844850609" result="Failed" label="Error" start-time="2019-05-24 17:52:01Z" end-time="2019-05-24 17:52:02Z" duration="0.620493" asserts="0">
              <failure>
                <message><![CDATA[System.InvalidOperationException : Unexpected error launching Internet Explorer. Protected Mode settings are not the same for all zones. Enable Protected Mode must be set to the same value (enabled or disabled) for all zones.
Build info: version: '3.141.59', revision: 'e82be7d358', time: '2018-11-14T08:25:53'
System info: host: 'PLUTO', ip: '192.168.99.1', os.name: 'Windows 10', os.arch: 'amd64', os.version: '10.0', java.version: '1.8.0_171'
Driver info: driver.version: unknown
remote stacktrace:  (SessionNotCreated)
TearDown : System.NullReferenceException : Referência de objeto não definida para uma instância de um objeto.]]></message>
                <stack-trace><![CDATA[   em OpenQA.Selenium.Remote.RemoteWebDriver.UnpackAndThrowOnError(Response errorResponse)
   em OpenQA.Selenium.Remote.RemoteWebDriver.Execute(String driverCommandToExecute, Dictionary`2 parameters)
   em OpenQA.Selenium.Remote.RemoteWebDriver.StartSession(ICapabilities desiredCapabilities)
   em OpenQA.Selenium.Remote.RemoteWebDriver..ctor(ICommandExecutor commandExecutor, ICapabilities desiredCapabilities)
   em OpenQA.Selenium.Remote.RemoteWebDriver..ctor(Uri remoteAddress, ICapabilities desiredCapabilities)
   em CSharpSeleniumTemplate.Helpers.DriverFactory.CreateInstance() na C:\Mantis2\csharpseleniumextentreporttemplate-master\CSharpSeleniumTemplate\Helpers\DriverFactory.cs:linha 66
   em CSharpSeleniumTemplate.Bases.TestBase.SetUp() na C:\Mantis2\csharpseleniumextentreporttemplate-master\CSharpSeleniumTemplate\Bases\TestBase.cs:linha 26
--TearDown
   em CSharpSeleniumTemplate.Helpers.GeneralHelpers.GetScreenshot(String path) na C:\Mantis2\csharpseleniumextentreporttemplate-master\CSharpSeleniumTemplate\Helpers\GeneralHelpers.cs:linha 65
   em CSharpSeleniumTemplate.Helpers.ExtentReportHelpers.GetScreenShotMedia() na C:\Mantis2\csharpseleniumextentreporttemplate-master\CSharpSeleniumTemplate\Helpers\ExtentReportHelpers.cs:linha 46
   em CSharpSeleniumTemplate.Helpers.ExtentReportHelpers.AddTestResult() na C:\Mantis2\csharpseleniumextentreporttemplate-master\CSharpSeleniumTemplate\Helpers\ExtentReportHelpers.cs:linha 60
   em CSharpSeleniumTemplate.Bases.TestBase.TearDown() na C:\Mantis2\csharpseleniumextentreporttemplate-master\CSharpSeleniumTemplate\Bases\TestBase.cs:linha 42]]></stack-trace>
              </failure>
            </test-case>
            <test-case id="0-1030" name="CadastrarTarefaTodosCampos(System.Collections.ArrayList)" fullname="CSharpSeleniumTemplate.Tests.CriarTarefa.CadastrarTarefaTodosCampos(System.Collections.ArrayList)" methodname="CadastrarTarefaTodosCampos" classname="CSharpSeleniumTemplate.Tests.CriarTarefa" runstate="Runnable" seed="1258317895" result="Failed" label="Error" start-time="2019-05-24 17:52:02Z" end-time="2019-05-24 17:52:03Z" duration="0.708489" asserts="0">
              <failure>
                <message><![CDATA[System.InvalidOperationException : Unexpected error launching Internet Explorer. Protected Mode settings are not the same for all zones. Enable Protected Mode must be set to the same value (enabled or disabled) for all zones.
Build info: version: '3.141.59', revision: 'e82be7d358', time: '2018-11-14T08:25:53'
System info: host: 'PLUTO', ip: '192.168.99.1', os.name: 'Windows 10', os.arch: 'amd64', os.version: '10.0', java.version: '1.8.0_171'
Driver info: driver.version: unknown
remote stacktrace:  (SessionNotCreated)
TearDown : System.NullReferenceException : Referência de objeto não definida para uma instância de um objeto.]]></message>
                <stack-trace><![CDATA[   em OpenQA.Selenium.Remote.RemoteWebDriver.UnpackAndThrowOnError(Response errorResponse)
   em OpenQA.Selenium.Remote.RemoteWebDriver.Execute(String driverCommandToExecute, Dictionary`2 parameters)
   em OpenQA.Selenium.Remote.RemoteWebDriver.StartSession(ICapabilities desiredCapabilities)
   em OpenQA.Selenium.Remote.RemoteWebDriver..ctor(ICommandExecutor commandExecutor, ICapabilities desiredCapabilities)
   em OpenQA.Selenium.Remote.RemoteWebDriver..ctor(Uri remoteAddress, ICapabilities desiredCapabilities)
   em CSharpSeleniumTemplate.Helpers.DriverFactory.CreateInstance() na C:\Mantis2\csharpseleniumextentreporttemplate-master\CSharpSeleniumTemplate\Helpers\DriverFactory.cs:linha 66
   em CSharpSeleniumTemplate.Bases.TestBase.SetUp() na C:\Mantis2\csharpseleniumextentreporttemplate-master\CSharpSeleniumTemplate\Bases\TestBase.cs:linha 26
--TearDown
   em CSharpSeleniumTemplate.Helpers.GeneralHelpers.GetScreenshot(String path) na C:\Mantis2\csharpseleniumextentreporttemplate-master\CSharpSeleniumTemplate\Helpers\GeneralHelpers.cs:linha 65
   em CSharpSeleniumTemplate.Helpers.ExtentReportHelpers.GetScreenShotMedia() na C:\Mantis2\csharpseleniumextentreporttemplate-master\CSharpSeleniumTemplate\Helpers\ExtentReportHelpers.cs:linha 46
   em CSharpSeleniumTemplate.Helpers.ExtentReportHelpers.AddTestResult() na C:\Mantis2\csharpseleniumextentreporttemplate-master\CSharpSeleniumTemplate\Helpers\ExtentReportHelpers.cs:linha 60
   em CSharpSeleniumTemplate.Bases.TestBase.TearDown() na C:\Mantis2\csharpseleniumextentreporttemplate-master\CSharpSeleniumTemplate\Bases\TestBase.cs:linha 42]]></stack-trace>
              </failure>
            </test-case>
            <test-case id="0-1031" name="CadastrarTarefaTodosCampos(System.Collections.ArrayList)" fullname="CSharpSeleniumTemplate.Tests.CriarTarefa.CadastrarTarefaTodosCampos(System.Collections.ArrayList)" methodname="CadastrarTarefaTodosCampos" classname="CSharpSeleniumTemplate.Tests.CriarTarefa" runstate="Runnable" seed="2034631828" result="Failed" label="Error" start-time="2019-05-24 17:52:03Z" end-time="2019-05-24 17:52:03Z" duration="0.664065" asserts="0">
              <failure>
                <message><![CDATA[System.InvalidOperationException : Unexpected error launching Internet Explorer. Protected Mode settings are not the same for all zones. Enable Protected Mode must be set to the same value (enabled or disabled) for all zones.
Build info: version: '3.141.59', revision: 'e82be7d358', time: '2018-11-14T08:25:53'
System info: host: 'PLUTO', ip: '192.168.99.1', os.name: 'Windows 10', os.arch: 'amd64', os.version: '10.0', java.version: '1.8.0_171'
Driver info: driver.version: unknown
remote stacktrace:  (SessionNotCreated)
TearDown : System.NullReferenceException : Referência de objeto não definida para uma instância de um objeto.]]></message>
                <stack-trace><![CDATA[   em OpenQA.Selenium.Remote.RemoteWebDriver.UnpackAndThrowOnError(Response errorResponse)
   em OpenQA.Selenium.Remote.RemoteWebDriver.Execute(String driverCommandToExecute, Dictionary`2 parameters)
   em OpenQA.Selenium.Remote.RemoteWebDriver.StartSession(ICapabilities desiredCapabilities)
   em OpenQA.Selenium.Remote.RemoteWebDriver..ctor(ICommandExecutor commandExecutor, ICapabilities desiredCapabilities)
   em OpenQA.Selenium.Remote.RemoteWebDriver..ctor(Uri remoteAddress, ICapabilities desiredCapabilities)
   em CSharpSeleniumTemplate.Helpers.DriverFactory.CreateInstance() na C:\Mantis2\csharpseleniumextentreporttemplate-master\CSharpSeleniumTemplate\Helpers\DriverFactory.cs:linha 66
   em CSharpSeleniumTemplate.Bases.TestBase.SetUp() na C:\Mantis2\csharpseleniumextentreporttemplate-master\CSharpSeleniumTemplate\Bases\TestBase.cs:linha 26
--TearDown
   em CSharpSeleniumTemplate.Helpers.GeneralHelpers.GetScreenshot(String path) na C:\Mantis2\csharpseleniumextentreporttemplate-master\CSharpSeleniumTemplate\Helpers\GeneralHelpers.cs:linha 65
   em CSharpSeleniumTemplate.Helpers.ExtentReportHelpers.GetScreenShotMedia() na C:\Mantis2\csharpseleniumextentreporttemplate-master\CSharpSeleniumTemplate\Helpers\ExtentReportHelpers.cs:linha 46
   em CSharpSeleniumTemplate.Helpers.ExtentReportHelpers.AddTestResult() na C:\Mantis2\csharpseleniumextentreporttemplate-master\CSharpSeleniumTemplate\Helpers\ExtentReportHelpers.cs:linha 60
   em CSharpSeleniumTemplate.Bases.TestBase.TearDown() na C:\Mantis2\csharpseleniumextentreporttemplate-master\CSharpSeleniumTemplate\Bases\TestBase.cs:linha 42]]></stack-trace>
              </failure>
            </test-case>
            <test-case id="0-1032" name="CadastrarTarefaTodosCampos(System.Collections.ArrayList)" fullname="CSharpSeleniumTemplate.Tests.CriarTarefa.CadastrarTarefaTodosCampos(System.Collections.ArrayList)" methodname="CadastrarTarefaTodosCampos" classname="CSharpSeleniumTemplate.Tests.CriarTarefa" runstate="Runnable" seed="209302627" result="Failed" label="Error" start-time="2019-05-24 17:52:03Z" end-time="2019-05-24 17:52:04Z" duration="0.642548" asserts="0">
              <failure>
                <message><![CDATA[System.InvalidOperationException : Unexpected error launching Internet Explorer. Protected Mode settings are not the same for all zones. Enable Protected Mode must be set to the same value (enabled or disabled) for all zones.
Build info: version: '3.141.59', revision: 'e82be7d358', time: '2018-11-14T08:25:53'
System info: host: 'PLUTO', ip: '192.168.99.1', os.name: 'Windows 10', os.arch: 'amd64', os.version: '10.0', java.version: '1.8.0_171'
Driver info: driver.version: unknown
remote stacktrace:  (SessionNotCreated)
TearDown : System.NullReferenceException : Referência de objeto não definida para uma instância de um objeto.]]></message>
                <stack-trace><![CDATA[   em OpenQA.Selenium.Remote.RemoteWebDriver.UnpackAndThrowOnError(Response errorResponse)
   em OpenQA.Selenium.Remote.RemoteWebDriver.Execute(String driverCommandToExecute, Dictionary`2 parameters)
   em OpenQA.Selenium.Remote.RemoteWebDriver.StartSession(ICapabilities desiredCapabilities)
   em OpenQA.Selenium.Remote.RemoteWebDriver..ctor(ICommandExecutor commandExecutor, ICapabilities desiredCapabilities)
   em OpenQA.Selenium.Remote.RemoteWebDriver..ctor(Uri remoteAddress, ICapabilities desiredCapabilities)
   em CSharpSeleniumTemplate.Helpers.DriverFactory.CreateInstance() na C:\Mantis2\csharpseleniumextentreporttemplate-master\CSharpSeleniumTemplate\Helpers\DriverFactory.cs:linha 66
   em CSharpSeleniumTemplate.Bases.TestBase.SetUp() na C:\Mantis2\csharpseleniumextentreporttemplate-master\CSharpSeleniumTemplate\Bases\TestBase.cs:linha 26
--TearDown
   em CSharpSeleniumTemplate.Helpers.GeneralHelpers.GetScreenshot(String path) na C:\Mantis2\csharpseleniumextentreporttemplate-master\CSharpSeleniumTemplate\Helpers\GeneralHelpers.cs:linha 65
   em CSharpSeleniumTemplate.Helpers.ExtentReportHelpers.GetScreenShotMedia() na C:\Mantis2\csharpseleniumextentreporttemplate-master\CSharpSeleniumTemplate\Helpers\ExtentReportHelpers.cs:linha 46
   em CSharpSeleniumTemplate.Helpers.ExtentReportHelpers.AddTestResult() na C:\Mantis2\csharpseleniumextentreporttemplate-master\CSharpSeleniumTemplate\Helpers\ExtentReportHelpers.cs:linha 60
   em CSharpSeleniumTemplate.Bases.TestBase.TearDown() na C:\Mantis2\csharpseleniumextentreporttemplate-master\CSharpSeleniumTemplate\Bases\TestBase.cs:linha 42]]></stack-trace>
              </failure>
            </test-case>
            <test-case id="0-1033" name="CadastrarTarefaTodosCampos(System.Collections.ArrayList)" fullname="CSharpSeleniumTemplate.Tests.CriarTarefa.CadastrarTarefaTodosCampos(System.Collections.ArrayList)" methodname="CadastrarTarefaTodosCampos" classname="CSharpSeleniumTemplate.Tests.CriarTarefa" runstate="Runnable" seed="262880802" result="Failed" label="Error" start-time="2019-05-24 17:52:04Z" end-time="2019-05-24 17:52:05Z" duration="0.656837" asserts="0">
              <failure>
                <message><![CDATA[System.InvalidOperationException : Unexpected error launching Internet Explorer. Protected Mode settings are not the same for all zones. Enable Protected Mode must be set to the same value (enabled or disabled) for all zones.
Build info: version: '3.141.59', revision: 'e82be7d358', time: '2018-11-14T08:25:53'
System info: host: 'PLUTO', ip: '192.168.99.1', os.name: 'Windows 10', os.arch: 'amd64', os.version: '10.0', java.version: '1.8.0_171'
Driver info: driver.version: unknown
remote stacktrace:  (SessionNotCreated)
TearDown : System.NullReferenceException : Referência de objeto não definida para uma instância de um objeto.]]></message>
                <stack-trace><![CDATA[   em OpenQA.Selenium.Remote.RemoteWebDriver.UnpackAndThrowOnError(Response errorResponse)
   em OpenQA.Selenium.Remote.RemoteWebDriver.Execute(String driverCommandToExecute, Dictionary`2 parameters)
   em OpenQA.Selenium.Remote.RemoteWebDriver.StartSession(ICapabilities desiredCapabilities)
   em OpenQA.Selenium.Remote.RemoteWebDriver..ctor(ICommandExecutor commandExecutor, ICapabilities desiredCapabilities)
   em OpenQA.Selenium.Remote.RemoteWebDriver..ctor(Uri remoteAddress, ICapabilities desiredCapabilities)
   em CSharpSeleniumTemplate.Helpers.DriverFactory.CreateInstance() na C:\Mantis2\csharpseleniumextentreporttemplate-master\CSharpSeleniumTemplate\Helpers\DriverFactory.cs:linha 66
   em CSharpSeleniumTemplate.Bases.TestBase.SetUp() na C:\Mantis2\csharpseleniumextentreporttemplate-master\CSharpSeleniumTemplate\Bases\TestBase.cs:linha 26
--TearDown
   em CSharpSeleniumTemplate.Helpers.GeneralHelpers.GetScreenshot(String path) na C:\Mantis2\csharpseleniumextentreporttemplate-master\CSharpSeleniumTemplate\Helpers\GeneralHelpers.cs:linha 65
   em CSharpSeleniumTemplate.Helpers.ExtentReportHelpers.GetScreenShotMedia() na C:\Mantis2\csharpseleniumextentreporttemplate-master\CSharpSeleniumTemplate\Helpers\ExtentReportHelpers.cs:linha 46
   em CSharpSeleniumTemplate.Helpers.ExtentReportHelpers.AddTestResult() na C:\Mantis2\csharpseleniumextentreporttemplate-master\CSharpSeleniumTemplate\Helpers\ExtentReportHelpers.cs:linha 60
   em CSharpSeleniumTemplate.Bases.TestBase.TearDown() na C:\Mantis2\csharpseleniumextentreporttemplate-master\CSharpSeleniumTemplate\Bases\TestBase.cs:linha 42]]></stack-trace>
              </failure>
            </test-case>
          </test-suite>
          <test-case id="0-1037" name="CampoDescricaoNaoPreenchido" fullname="CSharpSeleniumTemplate.Tests.CriarTarefa.CampoDescricaoNaoPreenchido" methodname="CampoDescricaoNaoPreenchido" classname="CSharpSeleniumTemplate.Tests.CriarTarefa" runstate="Runnable" seed="1783030293" result="Failed" label="Error" start-time="2019-05-24 17:52:05Z" end-time="2019-05-24 17:52:05Z" duration="0.648729" asserts="0">
            <failure>
              <message><![CDATA[System.InvalidOperationException : Unexpected error launching Internet Explorer. Protected Mode settings are not the same for all zones. Enable Protected Mode must be set to the same value (enabled or disabled) for all zones.
Build info: version: '3.141.59', revision: 'e82be7d358', time: '2018-11-14T08:25:53'
System info: host: 'PLUTO', ip: '192.168.99.1', os.name: 'Windows 10', os.arch: 'amd64', os.version: '10.0', java.version: '1.8.0_171'
Driver info: driver.version: unknown
remote stacktrace:  (SessionNotCreated)
TearDown : System.NullReferenceException : Referência de objeto não definida para uma instância de um objeto.]]></message>
              <stack-trace><![CDATA[   em OpenQA.Selenium.Remote.RemoteWebDriver.UnpackAndThrowOnError(Response errorResponse)
   em OpenQA.Selenium.Remote.RemoteWebDriver.Execute(String driverCommandToExecute, Dictionary`2 parameters)
   em OpenQA.Selenium.Remote.RemoteWebDriver.StartSession(ICapabilities desiredCapabilities)
   em OpenQA.Selenium.Remote.RemoteWebDriver..ctor(ICommandExecutor commandExecutor, ICapabilities desiredCapabilities)
   em OpenQA.Selenium.Remote.RemoteWebDriver..ctor(Uri remoteAddress, ICapabilities desiredCapabilities)
   em CSharpSeleniumTemplate.Helpers.DriverFactory.CreateInstance() na C:\Mantis2\csharpseleniumextentreporttemplate-master\CSharpSeleniumTemplate\Helpers\DriverFactory.cs:linha 66
   em CSharpSeleniumTemplate.Bases.TestBase.SetUp() na C:\Mantis2\csharpseleniumextentreporttemplate-master\CSharpSeleniumTemplate\Bases\TestBase.cs:linha 26
--TearDown
   em CSharpSeleniumTemplate.Helpers.GeneralHelpers.GetScreenshot(String path) na C:\Mantis2\csharpseleniumextentreporttemplate-master\CSharpSeleniumTemplate\Helpers\GeneralHelpers.cs:linha 65
   em CSharpSeleniumTemplate.Helpers.ExtentReportHelpers.GetScreenShotMedia() na C:\Mantis2\csharpseleniumextentreporttemplate-master\CSharpSeleniumTemplate\Helpers\ExtentReportHelpers.cs:linha 46
   em CSharpSeleniumTemplate.Helpers.ExtentReportHelpers.AddTestResult() na C:\Mantis2\csharpseleniumextentreporttemplate-master\CSharpSeleniumTemplate\Helpers\ExtentReportHelpers.cs:linha 60
   em CSharpSeleniumTemplate.Bases.TestBase.TearDown() na C:\Mantis2\csharpseleniumextentreporttemplate-master\CSharpSeleniumTemplate\Bases\TestBase.cs:linha 42]]></stack-trace>
            </failure>
          </test-case>
          <test-case id="0-1036" name="CampoResumoNaoPreenchido" fullname="CSharpSeleniumTemplate.Tests.CriarTarefa.CampoResumoNaoPreenchido" methodname="CampoResumoNaoPreenchido" classname="CSharpSeleniumTemplate.Tests.CriarTarefa" runstate="Runnable" seed="1330848052" result="Failed" label="Error" start-time="2019-05-24 17:52:05Z" end-time="2019-05-24 17:52:06Z" duration="0.616403" asserts="0">
            <failure>
              <message><![CDATA[System.InvalidOperationException : Unexpected error launching Internet Explorer. Protected Mode settings are not the same for all zones. Enable Protected Mode must be set to the same value (enabled or disabled) for all zones.
Build info: version: '3.141.59', revision: 'e82be7d358', time: '2018-11-14T08:25:53'
System info: host: 'PLUTO', ip: '192.168.99.1', os.name: 'Windows 10', os.arch: 'amd64', os.version: '10.0', java.version: '1.8.0_171'
Driver info: driver.version: unknown
remote stacktrace:  (SessionNotCreated)
TearDown : System.NullReferenceException : Referência de objeto não definida para uma instância de um objeto.]]></message>
              <stack-trace><![CDATA[   em OpenQA.Selenium.Remote.RemoteWebDriver.UnpackAndThrowOnError(Response errorResponse)
   em OpenQA.Selenium.Remote.RemoteWebDriver.Execute(String driverCommandToExecute, Dictionary`2 parameters)
   em OpenQA.Selenium.Remote.RemoteWebDriver.StartSession(ICapabilities desiredCapabilities)
   em OpenQA.Selenium.Remote.RemoteWebDriver..ctor(ICommandExecutor commandExecutor, ICapabilities desiredCapabilities)
   em OpenQA.Selenium.Remote.RemoteWebDriver..ctor(Uri remoteAddress, ICapabilities desiredCapabilities)
   em CSharpSeleniumTemplate.Helpers.DriverFactory.CreateInstance() na C:\Mantis2\csharpseleniumextentreporttemplate-master\CSharpSeleniumTemplate\Helpers\DriverFactory.cs:linha 66
   em CSharpSeleniumTemplate.Bases.TestBase.SetUp() na C:\Mantis2\csharpseleniumextentreporttemplate-master\CSharpSeleniumTemplate\Bases\TestBase.cs:linha 26
--TearDown
   em CSharpSeleniumTemplate.Helpers.GeneralHelpers.GetScreenshot(String path) na C:\Mantis2\csharpseleniumextentreporttemplate-master\CSharpSeleniumTemplate\Helpers\GeneralHelpers.cs:linha 65
   em CSharpSeleniumTemplate.Helpers.ExtentReportHelpers.GetScreenShotMedia() na C:\Mantis2\csharpseleniumextentreporttemplate-master\CSharpSeleniumTemplate\Helpers\ExtentReportHelpers.cs:linha 46
   em CSharpSeleniumTemplate.Helpers.ExtentReportHelpers.AddTestResult() na C:\Mantis2\csharpseleniumextentreporttemplate-master\CSharpSeleniumTemplate\Helpers\ExtentReportHelpers.cs:linha 60
   em CSharpSeleniumTemplate.Bases.TestBase.TearDown() na C:\Mantis2\csharpseleniumextentreporttemplate-master\CSharpSeleniumTemplate\Bases\TestBase.cs:linha 42]]></stack-trace>
            </failure>
          </test-case>
        </test-suite>
        <test-suite type="TestFixture" id="0-1000" name="GerenciarCamposPersonalizados" fullname="CSharpSeleniumTemplate.Tests.GerenciarCamposPersonalizados" classname="CSharpSeleniumTemplate.Tests.GerenciarCamposPersonalizados" runstate="Runnable" testcasecount="5" result="Failed" site="Child" start-time="2019-05-24 17:52:11Z" end-time="2019-05-24 17:52:14Z" duration="3.078025" total="5" passed="0" failed="5" warnings="0" inconclusive="0" skipped="0" asserts="0">
          <failure>
            <message><![CDATA[One or more child tests had errors]]></message>
          </failure>
          <test-case id="0-1005" name="ApagarCampoPersonalizado" fullname="CSharpSeleniumTemplate.Tests.GerenciarCamposPersonalizados.ApagarCampoPersonalizado" methodname="ApagarCampoPersonalizado" classname="CSharpSeleniumTemplate.Tests.GerenciarCamposPersonalizados" runstate="Runnable" seed="247403458" result="Failed" label="Error" start-time="2019-05-24 17:52:11Z" end-time="2019-05-24 17:52:12Z" duration="0.591509" asserts="0">
            <failure>
              <message><![CDATA[System.InvalidOperationException : Unexpected error launching Internet Explorer. Protected Mode settings are not the same for all zones. Enable Protected Mode must be set to the same value (enabled or disabled) for all zones.
Build info: version: '3.141.59', revision: 'e82be7d358', time: '2018-11-14T08:25:53'
System info: host: 'PLUTO', ip: '192.168.99.1', os.name: 'Windows 10', os.arch: 'amd64', os.version: '10.0', java.version: '1.8.0_171'
Driver info: driver.version: unknown
remote stacktrace:  (SessionNotCreated)
TearDown : System.NullReferenceException : Referência de objeto não definida para uma instância de um objeto.]]></message>
              <stack-trace><![CDATA[   em OpenQA.Selenium.Remote.RemoteWebDriver.UnpackAndThrowOnError(Response errorResponse)
   em OpenQA.Selenium.Remote.RemoteWebDriver.Execute(String driverCommandToExecute, Dictionary`2 parameters)
   em OpenQA.Selenium.Remote.RemoteWebDriver.StartSession(ICapabilities desiredCapabilities)
   em OpenQA.Selenium.Remote.RemoteWebDriver..ctor(ICommandExecutor commandExecutor, ICapabilities desiredCapabilities)
   em OpenQA.Selenium.Remote.RemoteWebDriver..ctor(Uri remoteAddress, ICapabilities desiredCapabilities)
   em CSharpSeleniumTemplate.Helpers.DriverFactory.CreateInstance() na C:\Mantis2\csharpseleniumextentreporttemplate-master\CSharpSeleniumTemplate\Helpers\DriverFactory.cs:linha 66
   em CSharpSeleniumTemplate.Bases.TestBase.SetUp() na C:\Mantis2\csharpseleniumextentreporttemplate-master\CSharpSeleniumTemplate\Bases\TestBase.cs:linha 26
--TearDown
   em CSharpSeleniumTemplate.Helpers.GeneralHelpers.GetScreenshot(String path) na C:\Mantis2\csharpseleniumextentreporttemplate-master\CSharpSeleniumTemplate\Helpers\GeneralHelpers.cs:linha 65
   em CSharpSeleniumTemplate.Helpers.ExtentReportHelpers.GetScreenShotMedia() na C:\Mantis2\csharpseleniumextentreporttemplate-master\CSharpSeleniumTemplate\Helpers\ExtentReportHelpers.cs:linha 46
   em CSharpSeleniumTemplate.Helpers.ExtentReportHelpers.AddTestResult() na C:\Mantis2\csharpseleniumextentreporttemplate-master\CSharpSeleniumTemplate\Helpers\ExtentReportHelpers.cs:linha 60
   em CSharpSeleniumTemplate.Bases.TestBase.TearDown() na C:\Mantis2\csharpseleniumextentreporttemplate-master\CSharpSeleniumTemplate\Bases\TestBase.cs:linha 42]]></stack-trace>
            </failure>
          </test-case>
          <test-case id="0-1001" name="CadastrarCampoPersonalizado" fullname="CSharpSeleniumTemplate.Tests.GerenciarCamposPersonalizados.CadastrarCampoPersonalizado" methodname="CadastrarCampoPersonalizado" classname="CSharpSeleniumTemplate.Tests.GerenciarCamposPersonalizados" runstate="Runnable" seed="547288696" result="Failed" label="Error" start-time="2019-05-24 17:52:12Z" end-time="2019-05-24 17:52:12Z" duration="0.606802" asserts="0">
            <failure>
              <message><![CDATA[System.InvalidOperationException : Unexpected error launching Internet Explorer. Protected Mode settings are not the same for all zones. Enable Protected Mode must be set to the same value (enabled or disabled) for all zones.
Build info: version: '3.141.59', revision: 'e82be7d358', time: '2018-11-14T08:25:53'
System info: host: 'PLUTO', ip: '192.168.99.1', os.name: 'Windows 10', os.arch: 'amd64', os.version: '10.0', java.version: '1.8.0_171'
Driver info: driver.version: unknown
remote stacktrace:  (SessionNotCreated)
TearDown : System.NullReferenceException : Referência de objeto não definida para uma instância de um objeto.]]></message>
              <stack-trace><![CDATA[   em OpenQA.Selenium.Remote.RemoteWebDriver.UnpackAndThrowOnError(Response errorResponse)
   em OpenQA.Selenium.Remote.RemoteWebDriver.Execute(String driverCommandToExecute, Dictionary`2 parameters)
   em OpenQA.Selenium.Remote.RemoteWebDriver.StartSession(ICapabilities desiredCapabilities)
   em OpenQA.Selenium.Remote.RemoteWebDriver..ctor(ICommandExecutor commandExecutor, ICapabilities desiredCapabilities)
   em OpenQA.Selenium.Remote.RemoteWebDriver..ctor(Uri remoteAddress, ICapabilities desiredCapabilities)
   em CSharpSeleniumTemplate.Helpers.DriverFactory.CreateInstance() na C:\Mantis2\csharpseleniumextentreporttemplate-master\CSharpSeleniumTemplate\Helpers\DriverFactory.cs:linha 66
   em CSharpSeleniumTemplate.Bases.TestBase.SetUp() na C:\Mantis2\csharpseleniumextentreporttemplate-master\CSharpSeleniumTemplate\Bases\TestBase.cs:linha 26
--TearDown
   em CSharpSeleniumTemplate.Helpers.GeneralHelpers.GetScreenshot(String path) na C:\Mantis2\csharpseleniumextentreporttemplate-master\CSharpSeleniumTemplate\Helpers\GeneralHelpers.cs:linha 65
   em CSharpSeleniumTemplate.Helpers.ExtentReportHelpers.GetScreenShotMedia() na C:\Mantis2\csharpseleniumextentreporttemplate-master\CSharpSeleniumTemplate\Helpers\ExtentReportHelpers.cs:linha 46
   em CSharpSeleniumTemplate.Helpers.ExtentReportHelpers.AddTestResult() na C:\Mantis2\csharpseleniumextentreporttemplate-master\CSharpSeleniumTemplate\Helpers\ExtentReportHelpers.cs:linha 60
   em CSharpSeleniumTemplate.Bases.TestBase.TearDown() na C:\Mantis2\csharpseleniumextentreporttemplate-master\CSharpSeleniumTemplate\Bases\TestBase.cs:linha 42]]></stack-trace>
            </failure>
          </test-case>
          <test-case id="0-1002" name="CampoObrigatorioNaoInformado" fullname="CSharpSeleniumTemplate.Tests.GerenciarCamposPersonalizados.CampoObrigatorioNaoInformado" methodname="CampoObrigatorioNaoInformado" classname="CSharpSeleniumTemplate.Tests.GerenciarCamposPersonalizados" runstate="Runnable" seed="1061962080" result="Failed" label="Error" start-time="2019-05-24 17:52:12Z" end-time="2019-05-24 17:52:13Z" duration="0.619699" asserts="0">
            <failure>
              <message><![CDATA[System.InvalidOperationException : Unexpected error launching Internet Explorer. Protected Mode settings are not the same for all zones. Enable Protected Mode must be set to the same value (enabled or disabled) for all zones.
Build info: version: '3.141.59', revision: 'e82be7d358', time: '2018-11-14T08:25:53'
System info: host: 'PLUTO', ip: '192.168.99.1', os.name: 'Windows 10', os.arch: 'amd64', os.version: '10.0', java.version: '1.8.0_171'
Driver info: driver.version: unknown
remote stacktrace:  (SessionNotCreated)
TearDown : System.NullReferenceException : Referência de objeto não definida para uma instância de um objeto.]]></message>
              <stack-trace><![CDATA[   em OpenQA.Selenium.Remote.RemoteWebDriver.UnpackAndThrowOnError(Response errorResponse)
   em OpenQA.Selenium.Remote.RemoteWebDriver.Execute(String driverCommandToExecute, Dictionary`2 parameters)
   em OpenQA.Selenium.Remote.RemoteWebDriver.StartSession(ICapabilities desiredCapabilities)
   em OpenQA.Selenium.Remote.RemoteWebDriver..ctor(ICommandExecutor commandExecutor, ICapabilities desiredCapabilities)
   em OpenQA.Selenium.Remote.RemoteWebDriver..ctor(Uri remoteAddress, ICapabilities desiredCapabilities)
   em CSharpSeleniumTemplate.Helpers.DriverFactory.CreateInstance() na C:\Mantis2\csharpseleniumextentreporttemplate-master\CSharpSeleniumTemplate\Helpers\DriverFactory.cs:linha 66
   em CSharpSeleniumTemplate.Bases.TestBase.SetUp() na C:\Mantis2\csharpseleniumextentreporttemplate-master\CSharpSeleniumTemplate\Bases\TestBase.cs:linha 26
--TearDown
   em CSharpSeleniumTemplate.Helpers.GeneralHelpers.GetScreenshot(String path) na C:\Mantis2\csharpseleniumextentreporttemplate-master\CSharpSeleniumTemplate\Helpers\GeneralHelpers.cs:linha 65
   em CSharpSeleniumTemplate.Helpers.ExtentReportHelpers.GetScreenShotMedia() na C:\Mantis2\csharpseleniumextentreporttemplate-master\CSharpSeleniumTemplate\Helpers\ExtentReportHelpers.cs:linha 46
   em CSharpSeleniumTemplate.Helpers.ExtentReportHelpers.AddTestResult() na C:\Mantis2\csharpseleniumextentreporttemplate-master\CSharpSeleniumTemplate\Helpers\ExtentReportHelpers.cs:linha 60
   em CSharpSeleniumTemplate.Bases.TestBase.TearDown() na C:\Mantis2\csharpseleniumextentreporttemplate-master\CSharpSeleniumTemplate\Bases\TestBase.cs:linha 42]]></stack-trace>
            </failure>
          </test-case>
          <test-case id="0-1003" name="CampoPersonalizadoJaCadastrado" fullname="CSharpSeleniumTemplate.Tests.GerenciarCamposPersonalizados.CampoPersonalizadoJaCadastrado" methodname="CampoPersonalizadoJaCadastrado" classname="CSharpSeleniumTemplate.Tests.GerenciarCamposPersonalizados" runstate="Runnable" seed="1724167640" result="Failed" label="Error" start-time="2019-05-24 17:52:13Z" end-time="2019-05-24 17:52:14Z" duration="0.642280" asserts="0">
            <failure>
              <message><![CDATA[System.InvalidOperationException : Unexpected error launching Internet Explorer. Protected Mode settings are not the same for all zones. Enable Protected Mode must be set to the same value (enabled or disabled) for all zones.
Build info: version: '3.141.59', revision: 'e82be7d358', time: '2018-11-14T08:25:53'
System info: host: 'PLUTO', ip: '192.168.99.1', os.name: 'Windows 10', os.arch: 'amd64', os.version: '10.0', java.version: '1.8.0_171'
Driver info: driver.version: unknown
remote stacktrace:  (SessionNotCreated)
TearDown : System.NullReferenceException : Referência de objeto não definida para uma instância de um objeto.]]></message>
              <stack-trace><![CDATA[   em OpenQA.Selenium.Remote.RemoteWebDriver.UnpackAndThrowOnError(Response errorResponse)
   em OpenQA.Selenium.Remote.RemoteWebDriver.Execute(String driverCommandToExecute, Dictionary`2 parameters)
   em OpenQA.Selenium.Remote.RemoteWebDriver.StartSession(ICapabilities desiredCapabilities)
   em OpenQA.Selenium.Remote.RemoteWebDriver..ctor(ICommandExecutor commandExecutor, ICapabilities desiredCapabilities)
   em OpenQA.Selenium.Remote.RemoteWebDriver..ctor(Uri remoteAddress, ICapabilities desiredCapabilities)
   em CSharpSeleniumTemplate.Helpers.DriverFactory.CreateInstance() na C:\Mantis2\csharpseleniumextentreporttemplate-master\CSharpSeleniumTemplate\Helpers\DriverFactory.cs:linha 66
   em CSharpSeleniumTemplate.Bases.TestBase.SetUp() na C:\Mantis2\csharpseleniumextentreporttemplate-master\CSharpSeleniumTemplate\Bases\TestBase.cs:linha 26
--TearDown
   em CSharpSeleniumTemplate.Helpers.GeneralHelpers.GetScreenshot(String path) na C:\Mantis2\csharpseleniumextentreporttemplate-master\CSharpSeleniumTemplate\Helpers\GeneralHelpers.cs:linha 65
   em CSharpSeleniumTemplate.Helpers.ExtentReportHelpers.GetScreenShotMedia() na C:\Mantis2\csharpseleniumextentreporttemplate-master\CSharpSeleniumTemplate\Helpers\ExtentReportHelpers.cs:linha 46
   em CSharpSeleniumTemplate.Helpers.ExtentReportHelpers.AddTestResult() na C:\Mantis2\csharpseleniumextentreporttemplate-master\CSharpSeleniumTemplate\Helpers\ExtentReportHelpers.cs:linha 60
   em CSharpSeleniumTemplate.Bases.TestBase.TearDown() na C:\Mantis2\csharpseleniumextentreporttemplate-master\CSharpSeleniumTemplate\Bases\TestBase.cs:linha 42]]></stack-trace>
            </failure>
          </test-case>
          <test-case id="0-1004" name="EditarCampoPersonalizado" fullname="CSharpSeleniumTemplate.Tests.GerenciarCamposPersonalizados.EditarCampoPersonalizado" methodname="EditarCampoPersonalizado" classname="CSharpSeleniumTemplate.Tests.GerenciarCamposPersonalizados" runstate="Runnable" seed="1847074727" result="Failed" label="Error" start-time="2019-05-24 17:52:14Z" end-time="2019-05-24 17:52:14Z" duration="0.608602" asserts="0">
            <failure>
              <message><![CDATA[System.InvalidOperationException : Unexpected error launching Internet Explorer. Protected Mode settings are not the same for all zones. Enable Protected Mode must be set to the same value (enabled or disabled) for all zones.
Build info: version: '3.141.59', revision: 'e82be7d358', time: '2018-11-14T08:25:53'
System info: host: 'PLUTO', ip: '192.168.99.1', os.name: 'Windows 10', os.arch: 'amd64', os.version: '10.0', java.version: '1.8.0_171'
Driver info: driver.version: unknown
remote stacktrace:  (SessionNotCreated)
TearDown : System.NullReferenceException : Referência de objeto não definida para uma instância de um objeto.]]></message>
              <stack-trace><![CDATA[   em OpenQA.Selenium.Remote.RemoteWebDriver.UnpackAndThrowOnError(Response errorResponse)
   em OpenQA.Selenium.Remote.RemoteWebDriver.Execute(String driverCommandToExecute, Dictionary`2 parameters)
   em OpenQA.Selenium.Remote.RemoteWebDriver.StartSession(ICapabilities desiredCapabilities)
   em OpenQA.Selenium.Remote.RemoteWebDriver..ctor(ICommandExecutor commandExecutor, ICapabilities desiredCapabilities)
   em OpenQA.Selenium.Remote.RemoteWebDriver..ctor(Uri remoteAddress, ICapabilities desiredCapabilities)
   em CSharpSeleniumTemplate.Helpers.DriverFactory.CreateInstance() na C:\Mantis2\csharpseleniumextentreporttemplate-master\CSharpSeleniumTemplate\Helpers\DriverFactory.cs:linha 66
   em CSharpSeleniumTemplate.Bases.TestBase.SetUp() na C:\Mantis2\csharpseleniumextentreporttemplate-master\CSharpSeleniumTemplate\Bases\TestBase.cs:linha 26
--TearDown
   em CSharpSeleniumTemplate.Helpers.GeneralHelpers.GetScreenshot(String path) na C:\Mantis2\csharpseleniumextentreporttemplate-master\CSharpSeleniumTemplate\Helpers\GeneralHelpers.cs:linha 65
   em CSharpSeleniumTemplate.Helpers.ExtentReportHelpers.GetScreenShotMedia() na C:\Mantis2\csharpseleniumextentreporttemplate-master\CSharpSeleniumTemplate\Helpers\ExtentReportHelpers.cs:linha 46
   em CSharpSeleniumTemplate.Helpers.ExtentReportHelpers.AddTestResult() na C:\Mantis2\csharpseleniumextentreporttemplate-master\CSharpSeleniumTemplate\Helpers\ExtentReportHelpers.cs:linha 60
   em CSharpSeleniumTemplate.Bases.TestBase.TearDown() na C:\Mantis2\csharpseleniumextentreporttemplate-master\CSharpSeleniumTemplate\Bases\TestBase.cs:linha 42]]></stack-trace>
            </failure>
          </test-case>
        </test-suite>
        <test-suite type="TestFixture" id="0-1038" name="GerenciarCategorias" fullname="CSharpSeleniumTemplate.Tests.GerenciarCategorias" classname="CSharpSeleniumTemplate.Tests.GerenciarCategorias" runstate="Runnable" testcasecount="5" result="Failed" site="Child" start-time="2019-05-24 17:52:14Z" end-time="2019-05-24 17:52:17Z" duration="3.186999" total="5" passed="0" failed="5" warnings="0" inconclusive="0" skipped="0" asserts="0">
          <failure>
            <message><![CDATA[One or more child tests had errors]]></message>
          </failure>
          <test-case id="0-1043" name="ApagarCategoria" fullname="CSharpSeleniumTemplate.Tests.GerenciarCategorias.ApagarCategoria" methodname="ApagarCategoria" classname="CSharpSeleniumTemplate.Tests.GerenciarCategorias" runstate="Runnable" seed="1548460512" result="Failed" label="Error" start-time="2019-05-24 17:52:14Z" end-time="2019-05-24 17:52:15Z" duration="0.616656" asserts="0">
            <failure>
              <message><![CDATA[System.InvalidOperationException : Unexpected error launching Internet Explorer. Protected Mode settings are not the same for all zones. Enable Protected Mode must be set to the same value (enabled or disabled) for all zones.
Build info: version: '3.141.59', revision: 'e82be7d358', time: '2018-11-14T08:25:53'
System info: host: 'PLUTO', ip: '192.168.99.1', os.name: 'Windows 10', os.arch: 'amd64', os.version: '10.0', java.version: '1.8.0_171'
Driver info: driver.version: unknown
remote stacktrace:  (SessionNotCreated)
TearDown : System.NullReferenceException : Referência de objeto não definida para uma instância de um objeto.]]></message>
              <stack-trace><![CDATA[   em OpenQA.Selenium.Remote.RemoteWebDriver.UnpackAndThrowOnError(Response errorResponse)
   em OpenQA.Selenium.Remote.RemoteWebDriver.Execute(String driverCommandToExecute, Dictionary`2 parameters)
   em OpenQA.Selenium.Remote.RemoteWebDriver.StartSession(ICapabilities desiredCapabilities)
   em OpenQA.Selenium.Remote.RemoteWebDriver..ctor(ICommandExecutor commandExecutor, ICapabilities desiredCapabilities)
   em OpenQA.Selenium.Remote.RemoteWebDriver..ctor(Uri remoteAddress, ICapabilities desiredCapabilities)
   em CSharpSeleniumTemplate.Helpers.DriverFactory.CreateInstance() na C:\Mantis2\csharpseleniumextentreporttemplate-master\CSharpSeleniumTemplate\Helpers\DriverFactory.cs:linha 66
   em CSharpSeleniumTemplate.Bases.TestBase.SetUp() na C:\Mantis2\csharpseleniumextentreporttemplate-master\CSharpSeleniumTemplate\Bases\TestBase.cs:linha 26
--TearDown
   em CSharpSeleniumTemplate.Helpers.GeneralHelpers.GetScreenshot(String path) na C:\Mantis2\csharpseleniumextentreporttemplate-master\CSharpSeleniumTemplate\Helpers\GeneralHelpers.cs:linha 65
   em CSharpSeleniumTemplate.Helpers.ExtentReportHelpers.GetScreenShotMedia() na C:\Mantis2\csharpseleniumextentreporttemplate-master\CSharpSeleniumTemplate\Helpers\ExtentReportHelpers.cs:linha 46
   em CSharpSeleniumTemplate.Helpers.ExtentReportHelpers.AddTestResult() na C:\Mantis2\csharpseleniumextentreporttemplate-master\CSharpSeleniumTemplate\Helpers\ExtentReportHelpers.cs:linha 60
   em CSharpSeleniumTemplate.Bases.TestBase.TearDown() na C:\Mantis2\csharpseleniumextentreporttemplate-master\CSharpSeleniumTemplate\Bases\TestBase.cs:linha 42]]></stack-trace>
            </failure>
          </test-case>
          <test-case id="0-1039" name="CadastrarCategoria" fullname="CSharpSeleniumTemplate.Tests.GerenciarCategorias.CadastrarCategoria" methodname="CadastrarCategoria" classname="CSharpSeleniumTemplate.Tests.GerenciarCategorias" runstate="Runnable" seed="1557287901" result="Failed" label="Error" start-time="2019-05-24 17:52:15Z" end-time="2019-05-24 17:52:16Z" duration="0.680225" asserts="0">
            <failure>
              <message><![CDATA[System.InvalidOperationException : Unexpected error launching Internet Explorer. Protected Mode settings are not the same for all zones. Enable Protected Mode must be set to the same value (enabled or disabled) for all zones.
Build info: version: '3.141.59', revision: 'e82be7d358', time: '2018-11-14T08:25:53'
System info: host: 'PLUTO', ip: '192.168.99.1', os.name: 'Windows 10', os.arch: 'amd64', os.version: '10.0', java.version: '1.8.0_171'
Driver info: driver.version: unknown
remote stacktrace:  (SessionNotCreated)
TearDown : System.NullReferenceException : Referência de objeto não definida para uma instância de um objeto.]]></message>
              <stack-trace><![CDATA[   em OpenQA.Selenium.Remote.RemoteWebDriver.UnpackAndThrowOnError(Response errorResponse)
   em OpenQA.Selenium.Remote.RemoteWebDriver.Execute(String driverCommandToExecute, Dictionary`2 parameters)
   em OpenQA.Selenium.Remote.RemoteWebDriver.StartSession(ICapabilities desiredCapabilities)
   em OpenQA.Selenium.Remote.RemoteWebDriver..ctor(ICommandExecutor commandExecutor, ICapabilities desiredCapabilities)
   em OpenQA.Selenium.Remote.RemoteWebDriver..ctor(Uri remoteAddress, ICapabilities desiredCapabilities)
   em CSharpSeleniumTemplate.Helpers.DriverFactory.CreateInstance() na C:\Mantis2\csharpseleniumextentreporttemplate-master\CSharpSeleniumTemplate\Helpers\DriverFactory.cs:linha 66
   em CSharpSeleniumTemplate.Bases.TestBase.SetUp() na C:\Mantis2\csharpseleniumextentreporttemplate-master\CSharpSeleniumTemplate\Bases\TestBase.cs:linha 26
--TearDown
   em CSharpSeleniumTemplate.Helpers.GeneralHelpers.GetScreenshot(String path) na C:\Mantis2\csharpseleniumextentreporttemplate-master\CSharpSeleniumTemplate\Helpers\GeneralHelpers.cs:linha 65
   em CSharpSeleniumTemplate.Helpers.ExtentReportHelpers.GetScreenShotMedia() na C:\Mantis2\csharpseleniumextentreporttemplate-master\CSharpSeleniumTemplate\Helpers\ExtentReportHelpers.cs:linha 46
   em CSharpSeleniumTemplate.Helpers.ExtentReportHelpers.AddTestResult() na C:\Mantis2\csharpseleniumextentreporttemplate-master\CSharpSeleniumTemplate\Helpers\ExtentReportHelpers.cs:linha 60
   em CSharpSeleniumTemplate.Bases.TestBase.TearDown() na C:\Mantis2\csharpseleniumextentreporttemplate-master\CSharpSeleniumTemplate\Bases\TestBase.cs:linha 42]]></stack-trace>
            </failure>
          </test-case>
          <test-case id="0-1041" name="CampoObrigatorioNaoPreenchido" fullname="CSharpSeleniumTemplate.Tests.GerenciarCategorias.CampoObrigatorioNaoPreenchido" methodname="CampoObrigatorioNaoPreenchido" classname="CSharpSeleniumTemplate.Tests.GerenciarCategorias" runstate="Runnable" seed="206025669" result="Failed" label="Error" start-time="2019-05-24 17:52:16Z" end-time="2019-05-24 17:52:16Z" duration="0.615402" asserts="0">
            <failure>
              <message><![CDATA[System.InvalidOperationException : Unexpected error launching Internet Explorer. Protected Mode settings are not the same for all zones. Enable Protected Mode must be set to the same value (enabled or disabled) for all zones.
Build info: version: '3.141.59', revision: 'e82be7d358', time: '2018-11-14T08:25:53'
System info: host: 'PLUTO', ip: '192.168.99.1', os.name: 'Windows 10', os.arch: 'amd64', os.version: '10.0', java.version: '1.8.0_171'
Driver info: driver.version: unknown
remote stacktrace:  (SessionNotCreated)
TearDown : System.NullReferenceException : Referência de objeto não definida para uma instância de um objeto.]]></message>
              <stack-trace><![CDATA[   em OpenQA.Selenium.Remote.RemoteWebDriver.UnpackAndThrowOnError(Response errorResponse)
   em OpenQA.Selenium.Remote.RemoteWebDriver.Execute(String driverCommandToExecute, Dictionary`2 parameters)
   em OpenQA.Selenium.Remote.RemoteWebDriver.StartSession(ICapabilities desiredCapabilities)
   em OpenQA.Selenium.Remote.RemoteWebDriver..ctor(ICommandExecutor commandExecutor, ICapabilities desiredCapabilities)
   em OpenQA.Selenium.Remote.RemoteWebDriver..ctor(Uri remoteAddress, ICapabilities desiredCapabilities)
   em CSharpSeleniumTemplate.Helpers.DriverFactory.CreateInstance() na C:\Mantis2\csharpseleniumextentreporttemplate-master\CSharpSeleniumTemplate\Helpers\DriverFactory.cs:linha 66
   em CSharpSeleniumTemplate.Bases.TestBase.SetUp() na C:\Mantis2\csharpseleniumextentreporttemplate-master\CSharpSeleniumTemplate\Bases\TestBase.cs:linha 26
--TearDown
   em CSharpSeleniumTemplate.Helpers.GeneralHelpers.GetScreenshot(String path) na C:\Mantis2\csharpseleniumextentreporttemplate-master\CSharpSeleniumTemplate\Helpers\GeneralHelpers.cs:linha 65
   em CSharpSeleniumTemplate.Helpers.ExtentReportHelpers.GetScreenShotMedia() na C:\Mantis2\csharpseleniumextentreporttemplate-master\CSharpSeleniumTemplate\Helpers\ExtentReportHelpers.cs:linha 46
   em CSharpSeleniumTemplate.Helpers.ExtentReportHelpers.AddTestResult() na C:\Mantis2\csharpseleniumextentreporttemplate-master\CSharpSeleniumTemplate\Helpers\ExtentReportHelpers.cs:linha 60
   em CSharpSeleniumTemplate.Bases.TestBase.TearDown() na C:\Mantis2\csharpseleniumextentreporttemplate-master\CSharpSeleniumTemplate\Bases\TestBase.cs:linha 42]]></stack-trace>
            </failure>
          </test-case>
          <test-case id="0-1040" name="CategoriaJaCadastrada" fullname="CSharpSeleniumTemplate.Tests.GerenciarCategorias.CategoriaJaCadastrada" methodname="CategoriaJaCadastrada" classname="CSharpSeleniumTemplate.Tests.GerenciarCategorias" runstate="Runnable" seed="2102000329" result="Failed" label="Error" start-time="2019-05-24 17:52:16Z" end-time="2019-05-24 17:52:17Z" duration="0.660846" asserts="0">
            <failure>
              <message><![CDATA[System.InvalidOperationException : Unexpected error launching Internet Explorer. Protected Mode settings are not the same for all zones. Enable Protected Mode must be set to the same value (enabled or disabled) for all zones.
Build info: version: '3.141.59', revision: 'e82be7d358', time: '2018-11-14T08:25:53'
System info: host: 'PLUTO', ip: '192.168.99.1', os.name: 'Windows 10', os.arch: 'amd64', os.version: '10.0', java.version: '1.8.0_171'
Driver info: driver.version: unknown
remote stacktrace:  (SessionNotCreated)
TearDown : System.NullReferenceException : Referência de objeto não definida para uma instância de um objeto.]]></message>
              <stack-trace><![CDATA[   em OpenQA.Selenium.Remote.RemoteWebDriver.UnpackAndThrowOnError(Response errorResponse)
   em OpenQA.Selenium.Remote.RemoteWebDriver.Execute(String driverCommandToExecute, Dictionary`2 parameters)
   em OpenQA.Selenium.Remote.RemoteWebDriver.StartSession(ICapabilities desiredCapabilities)
   em OpenQA.Selenium.Remote.RemoteWebDriver..ctor(ICommandExecutor commandExecutor, ICapabilities desiredCapabilities)
   em OpenQA.Selenium.Remote.RemoteWebDriver..ctor(Uri remoteAddress, ICapabilities desiredCapabilities)
   em CSharpSeleniumTemplate.Helpers.DriverFactory.CreateInstance() na C:\Mantis2\csharpseleniumextentreporttemplate-master\CSharpSeleniumTemplate\Helpers\DriverFactory.cs:linha 66
   em CSharpSeleniumTemplate.Bases.TestBase.SetUp() na C:\Mantis2\csharpseleniumextentreporttemplate-master\CSharpSeleniumTemplate\Bases\TestBase.cs:linha 26
--TearDown
   em CSharpSeleniumTemplate.Helpers.GeneralHelpers.GetScreenshot(String path) na C:\Mantis2\csharpseleniumextentreporttemplate-master\CSharpSeleniumTemplate\Helpers\GeneralHelpers.cs:linha 65
   em CSharpSeleniumTemplate.Helpers.ExtentReportHelpers.GetScreenShotMedia() na C:\Mantis2\csharpseleniumextentreporttemplate-master\CSharpSeleniumTemplate\Helpers\ExtentReportHelpers.cs:linha 46
   em CSharpSeleniumTemplate.Helpers.ExtentReportHelpers.AddTestResult() na C:\Mantis2\csharpseleniumextentreporttemplate-master\CSharpSeleniumTemplate\Helpers\ExtentReportHelpers.cs:linha 60
   em CSharpSeleniumTemplate.Bases.TestBase.TearDown() na C:\Mantis2\csharpseleniumextentreporttemplate-master\CSharpSeleniumTemplate\Bases\TestBase.cs:linha 42]]></stack-trace>
            </failure>
          </test-case>
          <test-case id="0-1042" name="EditarCategoria" fullname="CSharpSeleniumTemplate.Tests.GerenciarCategorias.EditarCategoria" methodname="EditarCategoria" classname="CSharpSeleniumTemplate.Tests.GerenciarCategorias" runstate="Runnable" seed="1200180970" result="Failed" label="Error" start-time="2019-05-24 17:52:17Z" end-time="2019-05-24 17:52:17Z" duration="0.595293" asserts="0">
            <failure>
              <message><![CDATA[System.InvalidOperationException : Unexpected error launching Internet Explorer. Protected Mode settings are not the same for all zones. Enable Protected Mode must be set to the same value (enabled or disabled) for all zones.
Build info: version: '3.141.59', revision: 'e82be7d358', time: '2018-11-14T08:25:53'
System info: host: 'PLUTO', ip: '192.168.99.1', os.name: 'Windows 10', os.arch: 'amd64', os.version: '10.0', java.version: '1.8.0_171'
Driver info: driver.version: unknown
remote stacktrace:  (SessionNotCreated)
TearDown : System.NullReferenceException : Referência de objeto não definida para uma instância de um objeto.]]></message>
              <stack-trace><![CDATA[   em OpenQA.Selenium.Remote.RemoteWebDriver.UnpackAndThrowOnError(Response errorResponse)
   em OpenQA.Selenium.Remote.RemoteWebDriver.Execute(String driverCommandToExecute, Dictionary`2 parameters)
   em OpenQA.Selenium.Remote.RemoteWebDriver.StartSession(ICapabilities desiredCapabilities)
   em OpenQA.Selenium.Remote.RemoteWebDriver..ctor(ICommandExecutor commandExecutor, ICapabilities desiredCapabilities)
   em OpenQA.Selenium.Remote.RemoteWebDriver..ctor(Uri remoteAddress, ICapabilities desiredCapabilities)
   em CSharpSeleniumTemplate.Helpers.DriverFactory.CreateInstance() na C:\Mantis2\csharpseleniumextentreporttemplate-master\CSharpSeleniumTemplate\Helpers\DriverFactory.cs:linha 66
   em CSharpSeleniumTemplate.Bases.TestBase.SetUp() na C:\Mantis2\csharpseleniumextentreporttemplate-master\CSharpSeleniumTemplate\Bases\TestBase.cs:linha 26
--TearDown
   em CSharpSeleniumTemplate.Helpers.GeneralHelpers.GetScreenshot(String path) na C:\Mantis2\csharpseleniumextentreporttemplate-master\CSharpSeleniumTemplate\Helpers\GeneralHelpers.cs:linha 65
   em CSharpSeleniumTemplate.Helpers.ExtentReportHelpers.GetScreenShotMedia() na C:\Mantis2\csharpseleniumextentreporttemplate-master\CSharpSeleniumTemplate\Helpers\ExtentReportHelpers.cs:linha 46
   em CSharpSeleniumTemplate.Helpers.ExtentReportHelpers.AddTestResult() na C:\Mantis2\csharpseleniumextentreporttemplate-master\CSharpSeleniumTemplate\Helpers\ExtentReportHelpers.cs:linha 60
   em CSharpSeleniumTemplate.Bases.TestBase.TearDown() na C:\Mantis2\csharpseleniumextentreporttemplate-master\CSharpSeleniumTemplate\Bases\TestBase.cs:linha 42]]></stack-trace>
            </failure>
          </test-case>
        </test-suite>
        <test-suite type="TestFixture" id="0-1006" name="GerenciarMarcadores" fullname="CSharpSeleniumTemplate.Tests.GerenciarMarcadores" classname="CSharpSeleniumTemplate.Tests.GerenciarMarcadores" runstate="Runnable" testcasecount="5" result="Failed" site="Child" start-time="2019-05-24 17:52:17Z" end-time="2019-05-24 17:52:21Z" duration="3.623245" total="5" passed="0" failed="5" warnings="0" inconclusive="0" skipped="0" asserts="0">
          <failure>
            <message><![CDATA[One or more child tests had errors]]></message>
          </failure>
          <test-case id="0-1010" name="ApagarMarcador" fullname="CSharpSeleniumTemplate.Tests.GerenciarMarcadores.ApagarMarcador" methodname="ApagarMarcador" classname="CSharpSeleniumTemplate.Tests.GerenciarMarcadores" runstate="Runnable" seed="1641929569" result="Failed" label="Error" start-time="2019-05-24 17:52:17Z" end-time="2019-05-24 17:52:19Z" duration="1.131619" asserts="0">
            <failure>
              <message><![CDATA[System.InvalidOperationException : Unexpected error launching Internet Explorer. Protected Mode settings are not the same for all zones. Enable Protected Mode must be set to the same value (enabled or disabled) for all zones.
Build info: version: '3.141.59', revision: 'e82be7d358', time: '2018-11-14T08:25:53'
System info: host: 'PLUTO', ip: '192.168.99.1', os.name: 'Windows 10', os.arch: 'amd64', os.version: '10.0', java.version: '1.8.0_171'
Driver info: driver.version: unknown
remote stacktrace:  (SessionNotCreated)
TearDown : System.NullReferenceException : Referência de objeto não definida para uma instância de um objeto.]]></message>
              <stack-trace><![CDATA[   em OpenQA.Selenium.Remote.RemoteWebDriver.UnpackAndThrowOnError(Response errorResponse)
   em OpenQA.Selenium.Remote.RemoteWebDriver.Execute(String driverCommandToExecute, Dictionary`2 parameters)
   em OpenQA.Selenium.Remote.RemoteWebDriver.StartSession(ICapabilities desiredCapabilities)
   em OpenQA.Selenium.Remote.RemoteWebDriver..ctor(ICommandExecutor commandExecutor, ICapabilities desiredCapabilities)
   em OpenQA.Selenium.Remote.RemoteWebDriver..ctor(Uri remoteAddress, ICapabilities desiredCapabilities)
   em CSharpSeleniumTemplate.Helpers.DriverFactory.CreateInstance() na C:\Mantis2\csharpseleniumextentreporttemplate-master\CSharpSeleniumTemplate\Helpers\DriverFactory.cs:linha 66
   em CSharpSeleniumTemplate.Bases.TestBase.SetUp() na C:\Mantis2\csharpseleniumextentreporttemplate-master\CSharpSeleniumTemplate\Bases\TestBase.cs:linha 26
--TearDown
   em CSharpSeleniumTemplate.Helpers.GeneralHelpers.GetScreenshot(String path) na C:\Mantis2\csharpseleniumextentreporttemplate-master\CSharpSeleniumTemplate\Helpers\GeneralHelpers.cs:linha 65
   em CSharpSeleniumTemplate.Helpers.ExtentReportHelpers.GetScreenShotMedia() na C:\Mantis2\csharpseleniumextentreporttemplate-master\CSharpSeleniumTemplate\Helpers\ExtentReportHelpers.cs:linha 46
   em CSharpSeleniumTemplate.Helpers.ExtentReportHelpers.AddTestResult() na C:\Mantis2\csharpseleniumextentreporttemplate-master\CSharpSeleniumTemplate\Helpers\ExtentReportHelpers.cs:linha 60
   em CSharpSeleniumTemplate.Bases.TestBase.TearDown() na C:\Mantis2\csharpseleniumextentreporttemplate-master\CSharpSeleniumTemplate\Bases\TestBase.cs:linha 42]]></stack-trace>
            </failure>
          </test-case>
          <test-case id="0-1007" name="CadastrarMarcador" fullname="CSharpSeleniumTemplate.Tests.GerenciarMarcadores.CadastrarMarcador" methodname="CadastrarMarcador" classname="CSharpSeleniumTemplate.Tests.GerenciarMarcadores" runstate="Runnable" seed="1608443462" result="Failed" label="Error" start-time="2019-05-24 17:52:19Z" end-time="2019-05-24 17:52:19Z" duration="0.650631" asserts="0">
            <failure>
              <message><![CDATA[System.InvalidOperationException : Unexpected error launching Internet Explorer. Protected Mode settings are not the same for all zones. Enable Protected Mode must be set to the same value (enabled or disabled) for all zones.
Build info: version: '3.141.59', revision: 'e82be7d358', time: '2018-11-14T08:25:53'
System info: host: 'PLUTO', ip: '192.168.99.1', os.name: 'Windows 10', os.arch: 'amd64', os.version: '10.0', java.version: '1.8.0_171'
Driver info: driver.version: unknown
remote stacktrace:  (SessionNotCreated)
TearDown : System.NullReferenceException : Referência de objeto não definida para uma instância de um objeto.]]></message>
              <stack-trace><![CDATA[   em OpenQA.Selenium.Remote.RemoteWebDriver.UnpackAndThrowOnError(Response errorResponse)
   em OpenQA.Selenium.Remote.RemoteWebDriver.Execute(String driverCommandToExecute, Dictionary`2 parameters)
   em OpenQA.Selenium.Remote.RemoteWebDriver.StartSession(ICapabilities desiredCapabilities)
   em OpenQA.Selenium.Remote.RemoteWebDriver..ctor(ICommandExecutor commandExecutor, ICapabilities desiredCapabilities)
   em OpenQA.Selenium.Remote.RemoteWebDriver..ctor(Uri remoteAddress, ICapabilities desiredCapabilities)
   em CSharpSeleniumTemplate.Helpers.DriverFactory.CreateInstance() na C:\Mantis2\csharpseleniumextentreporttemplate-master\CSharpSeleniumTemplate\Helpers\DriverFactory.cs:linha 66
   em CSharpSeleniumTemplate.Bases.TestBase.SetUp() na C:\Mantis2\csharpseleniumextentreporttemplate-master\CSharpSeleniumTemplate\Bases\TestBase.cs:linha 26
--TearDown
   em CSharpSeleniumTemplate.Helpers.GeneralHelpers.GetScreenshot(String path) na C:\Mantis2\csharpseleniumextentreporttemplate-master\CSharpSeleniumTemplate\Helpers\GeneralHelpers.cs:linha 65
   em CSharpSeleniumTemplate.Helpers.ExtentReportHelpers.GetScreenShotMedia() na C:\Mantis2\csharpseleniumextentreporttemplate-master\CSharpSeleniumTemplate\Helpers\ExtentReportHelpers.cs:linha 46
   em CSharpSeleniumTemplate.Helpers.ExtentReportHelpers.AddTestResult() na C:\Mantis2\csharpseleniumextentreporttemplate-master\CSharpSeleniumTemplate\Helpers\ExtentReportHelpers.cs:linha 60
   em CSharpSeleniumTemplate.Bases.TestBase.TearDown() na C:\Mantis2\csharpseleniumextentreporttemplate-master\CSharpSeleniumTemplate\Bases\TestBase.cs:linha 42]]></stack-trace>
            </failure>
          </test-case>
          <test-case id="0-1008" name="CampoObrigatorioNaoPreenchido" fullname="CSharpSeleniumTemplate.Tests.GerenciarMarcadores.CampoObrigatorioNaoPreenchido" methodname="CampoObrigatorioNaoPreenchido" classname="CSharpSeleniumTemplate.Tests.GerenciarMarcadores" runstate="Runnable" seed="1597139367" result="Failed" label="Error" start-time="2019-05-24 17:52:19Z" end-time="2019-05-24 17:52:20Z" duration="0.638189" asserts="0">
            <failure>
              <message><![CDATA[System.InvalidOperationException : Unexpected error launching Internet Explorer. Protected Mode settings are not the same for all zones. Enable Protected Mode must be set to the same value (enabled or disabled) for all zones.
Build info: version: '3.141.59', revision: 'e82be7d358', time: '2018-11-14T08:25:53'
System info: host: 'PLUTO', ip: '192.168.99.1', os.name: 'Windows 10', os.arch: 'amd64', os.version: '10.0', java.version: '1.8.0_171'
Driver info: driver.version: unknown
remote stacktrace:  (SessionNotCreated)
TearDown : System.NullReferenceException : Referência de objeto não definida para uma instância de um objeto.]]></message>
              <stack-trace><![CDATA[   em OpenQA.Selenium.Remote.RemoteWebDriver.UnpackAndThrowOnError(Response errorResponse)
   em OpenQA.Selenium.Remote.RemoteWebDriver.Execute(String driverCommandToExecute, Dictionary`2 parameters)
   em OpenQA.Selenium.Remote.RemoteWebDriver.StartSession(ICapabilities desiredCapabilities)
   em OpenQA.Selenium.Remote.RemoteWebDriver..ctor(ICommandExecutor commandExecutor, ICapabilities desiredCapabilities)
   em OpenQA.Selenium.Remote.RemoteWebDriver..ctor(Uri remoteAddress, ICapabilities desiredCapabilities)
   em CSharpSeleniumTemplate.Helpers.DriverFactory.CreateInstance() na C:\Mantis2\csharpseleniumextentreporttemplate-master\CSharpSeleniumTemplate\Helpers\DriverFactory.cs:linha 66
   em CSharpSeleniumTemplate.Bases.TestBase.SetUp() na C:\Mantis2\csharpseleniumextentreporttemplate-master\CSharpSeleniumTemplate\Bases\TestBase.cs:linha 26
--TearDown
   em CSharpSeleniumTemplate.Helpers.GeneralHelpers.GetScreenshot(String path) na C:\Mantis2\csharpseleniumextentreporttemplate-master\CSharpSeleniumTemplate\Helpers\GeneralHelpers.cs:linha 65
   em CSharpSeleniumTemplate.Helpers.ExtentReportHelpers.GetScreenShotMedia() na C:\Mantis2\csharpseleniumextentreporttemplate-master\CSharpSeleniumTemplate\Helpers\ExtentReportHelpers.cs:linha 46
   em CSharpSeleniumTemplate.Helpers.ExtentReportHelpers.AddTestResult() na C:\Mantis2\csharpseleniumextentreporttemplate-master\CSharpSeleniumTemplate\Helpers\ExtentReportHelpers.cs:linha 60
   em CSharpSeleniumTemplate.Bases.TestBase.TearDown() na C:\Mantis2\csharpseleniumextentreporttemplate-master\CSharpSeleniumTemplate\Bases\TestBase.cs:linha 42]]></stack-trace>
            </failure>
          </test-case>
          <test-case id="0-1009" name="EditarMarcador" fullname="CSharpSeleniumTemplate.Tests.GerenciarMarcadores.EditarMarcador" methodname="EditarMarcador" classname="CSharpSeleniumTemplate.Tests.GerenciarMarcadores" runstate="Runnable" seed="583213152" result="Failed" label="Error" start-time="2019-05-24 17:52:20Z" end-time="2019-05-24 17:52:20Z" duration="0.596400" asserts="0">
            <failure>
              <message><![CDATA[System.InvalidOperationException : Unexpected error launching Internet Explorer. Protected Mode settings are not the same for all zones. Enable Protected Mode must be set to the same value (enabled or disabled) for all zones.
Build info: version: '3.141.59', revision: 'e82be7d358', time: '2018-11-14T08:25:53'
System info: host: 'PLUTO', ip: '192.168.99.1', os.name: 'Windows 10', os.arch: 'amd64', os.version: '10.0', java.version: '1.8.0_171'
Driver info: driver.version: unknown
remote stacktrace:  (SessionNotCreated)
TearDown : System.NullReferenceException : Referência de objeto não definida para uma instância de um objeto.]]></message>
              <stack-trace><![CDATA[   em OpenQA.Selenium.Remote.RemoteWebDriver.UnpackAndThrowOnError(Response errorResponse)
   em OpenQA.Selenium.Remote.RemoteWebDriver.Execute(String driverCommandToExecute, Dictionary`2 parameters)
   em OpenQA.Selenium.Remote.RemoteWebDriver.StartSession(ICapabilities desiredCapabilities)
   em OpenQA.Selenium.Remote.RemoteWebDriver..ctor(ICommandExecutor commandExecutor, ICapabilities desiredCapabilities)
   em OpenQA.Selenium.Remote.RemoteWebDriver..ctor(Uri remoteAddress, ICapabilities desiredCapabilities)
   em CSharpSeleniumTemplate.Helpers.DriverFactory.CreateInstance() na C:\Mantis2\csharpseleniumextentreporttemplate-master\CSharpSeleniumTemplate\Helpers\DriverFactory.cs:linha 66
   em CSharpSeleniumTemplate.Bases.TestBase.SetUp() na C:\Mantis2\csharpseleniumextentreporttemplate-master\CSharpSeleniumTemplate\Bases\TestBase.cs:linha 26
--TearDown
   em CSharpSeleniumTemplate.Helpers.GeneralHelpers.GetScreenshot(String path) na C:\Mantis2\csharpseleniumextentreporttemplate-master\CSharpSeleniumTemplate\Helpers\GeneralHelpers.cs:linha 65
   em CSharpSeleniumTemplate.Helpers.ExtentReportHelpers.GetScreenShotMedia() na C:\Mantis2\csharpseleniumextentreporttemplate-master\CSharpSeleniumTemplate\Helpers\ExtentReportHelpers.cs:linha 46
   em CSharpSeleniumTemplate.Helpers.ExtentReportHelpers.AddTestResult() na C:\Mantis2\csharpseleniumextentreporttemplate-master\CSharpSeleniumTemplate\Helpers\ExtentReportHelpers.cs:linha 60
   em CSharpSeleniumTemplate.Bases.TestBase.TearDown() na C:\Mantis2\csharpseleniumextentreporttemplate-master\CSharpSeleniumTemplate\Bases\TestBase.cs:linha 42]]></stack-trace>
            </failure>
          </test-case>
          <test-case id="0-1011" name="VoltarAoDetalheMarcador" fullname="CSharpSeleniumTemplate.Tests.GerenciarMarcadores.VoltarAoDetalheMarcador" methodname="VoltarAoDetalheMarcador" classname="CSharpSeleniumTemplate.Tests.GerenciarMarcadores" runstate="Runnable" seed="2013806385" result="Failed" label="Error" start-time="2019-05-24 17:52:20Z" end-time="2019-05-24 17:52:21Z" duration="0.594324" asserts="0">
            <failure>
              <message><![CDATA[System.InvalidOperationException : Unexpected error launching Internet Explorer. Protected Mode settings are not the same for all zones. Enable Protected Mode must be set to the same value (enabled or disabled) for all zones.
Build info: version: '3.141.59', revision: 'e82be7d358', time: '2018-11-14T08:25:53'
System info: host: 'PLUTO', ip: '192.168.99.1', os.name: 'Windows 10', os.arch: 'amd64', os.version: '10.0', java.version: '1.8.0_171'
Driver info: driver.version: unknown
remote stacktrace:  (SessionNotCreated)
TearDown : System.NullReferenceException : Referência de objeto não definida para uma instância de um objeto.]]></message>
              <stack-trace><![CDATA[   em OpenQA.Selenium.Remote.RemoteWebDriver.UnpackAndThrowOnError(Response errorResponse)
   em OpenQA.Selenium.Remote.RemoteWebDriver.Execute(String driverCommandToExecute, Dictionary`2 parameters)
   em OpenQA.Selenium.Remote.RemoteWebDriver.StartSession(ICapabilities desiredCapabilities)
   em OpenQA.Selenium.Remote.RemoteWebDriver..ctor(ICommandExecutor commandExecutor, ICapabilities desiredCapabilities)
   em OpenQA.Selenium.Remote.RemoteWebDriver..ctor(Uri remoteAddress, ICapabilities desiredCapabilities)
   em CSharpSeleniumTemplate.Helpers.DriverFactory.CreateInstance() na C:\Mantis2\csharpseleniumextentreporttemplate-master\CSharpSeleniumTemplate\Helpers\DriverFactory.cs:linha 66
   em CSharpSeleniumTemplate.Bases.TestBase.SetUp() na C:\Mantis2\csharpseleniumextentreporttemplate-master\CSharpSeleniumTemplate\Bases\TestBase.cs:linha 26
--TearDown
   em CSharpSeleniumTemplate.Helpers.GeneralHelpers.GetScreenshot(String path) na C:\Mantis2\csharpseleniumextentreporttemplate-master\CSharpSeleniumTemplate\Helpers\GeneralHelpers.cs:linha 65
   em CSharpSeleniumTemplate.Helpers.ExtentReportHelpers.GetScreenShotMedia() na C:\Mantis2\csharpseleniumextentreporttemplate-master\CSharpSeleniumTemplate\Helpers\ExtentReportHelpers.cs:linha 46
   em CSharpSeleniumTemplate.Helpers.ExtentReportHelpers.AddTestResult() na C:\Mantis2\csharpseleniumextentreporttemplate-master\CSharpSeleniumTemplate\Helpers\ExtentReportHelpers.cs:linha 60
   em CSharpSeleniumTemplate.Bases.TestBase.TearDown() na C:\Mantis2\csharpseleniumextentreporttemplate-master\CSharpSeleniumTemplate\Bases\TestBase.cs:linha 42]]></stack-trace>
            </failure>
          </test-case>
        </test-suite>
        <test-suite type="TestFixture" id="0-1012" name="GerenciarPerfisGlobais" fullname="CSharpSeleniumTemplate.Tests.GerenciarPerfisGlobais" classname="CSharpSeleniumTemplate.Tests.GerenciarPerfisGlobais" runstate="Runnable" testcasecount="8" result="Failed" site="Child" start-time="2019-05-24 17:52:21Z" end-time="2019-05-24 17:52:26Z" duration="4.899303" total="8" passed="0" failed="8" warnings="0" inconclusive="0" skipped="0" asserts="0">
          <failure>
            <message><![CDATA[One or more child tests had errors]]></message>
          </failure>
          <test-case id="0-1020" name="ApagarPerfilScucesso" fullname="CSharpSeleniumTemplate.Tests.GerenciarPerfisGlobais.ApagarPerfilScucesso" methodname="ApagarPerfilScucesso" classname="CSharpSeleniumTemplate.Tests.GerenciarPerfisGlobais" runstate="Runnable" seed="1871605031" result="Failed" label="Error" start-time="2019-05-24 17:52:21Z" end-time="2019-05-24 17:52:22Z" duration="0.599838" asserts="0">
            <failure>
              <message><![CDATA[System.InvalidOperationException : Unexpected error launching Internet Explorer. Protected Mode settings are not the same for all zones. Enable Protected Mode must be set to the same value (enabled or disabled) for all zones.
Build info: version: '3.141.59', revision: 'e82be7d358', time: '2018-11-14T08:25:53'
System info: host: 'PLUTO', ip: '192.168.99.1', os.name: 'Windows 10', os.arch: 'amd64', os.version: '10.0', java.version: '1.8.0_171'
Driver info: driver.version: unknown
remote stacktrace:  (SessionNotCreated)
TearDown : System.NullReferenceException : Referência de objeto não definida para uma instância de um objeto.]]></message>
              <stack-trace><![CDATA[   em OpenQA.Selenium.Remote.RemoteWebDriver.UnpackAndThrowOnError(Response errorResponse)
   em OpenQA.Selenium.Remote.RemoteWebDriver.Execute(String driverCommandToExecute, Dictionary`2 parameters)
   em OpenQA.Selenium.Remote.RemoteWebDriver.StartSession(ICapabilities desiredCapabilities)
   em OpenQA.Selenium.Remote.RemoteWebDriver..ctor(ICommandExecutor commandExecutor, ICapabilities desiredCapabilities)
   em OpenQA.Selenium.Remote.RemoteWebDriver..ctor(Uri remoteAddress, ICapabilities desiredCapabilities)
   em CSharpSeleniumTemplate.Helpers.DriverFactory.CreateInstance() na C:\Mantis2\csharpseleniumextentreporttemplate-master\CSharpSeleniumTemplate\Helpers\DriverFactory.cs:linha 66
   em CSharpSeleniumTemplate.Bases.TestBase.SetUp() na C:\Mantis2\csharpseleniumextentreporttemplate-master\CSharpSeleniumTemplate\Bases\TestBase.cs:linha 26
--TearDown
   em CSharpSeleniumTemplate.Helpers.GeneralHelpers.GetScreenshot(String path) na C:\Mantis2\csharpseleniumextentreporttemplate-master\CSharpSeleniumTemplate\Helpers\GeneralHelpers.cs:linha 65
   em CSharpSeleniumTemplate.Helpers.ExtentReportHelpers.GetScreenShotMedia() na C:\Mantis2\csharpseleniumextentreporttemplate-master\CSharpSeleniumTemplate\Helpers\ExtentReportHelpers.cs:linha 46
   em CSharpSeleniumTemplate.Helpers.ExtentReportHelpers.AddTestResult() na C:\Mantis2\csharpseleniumextentreporttemplate-master\CSharpSeleniumTemplate\Helpers\ExtentReportHelpers.cs:linha 60
   em CSharpSeleniumTemplate.Bases.TestBase.TearDown() na C:\Mantis2\csharpseleniumextentreporttemplate-master\CSharpSeleniumTemplate\Bases\TestBase.cs:linha 42]]></stack-trace>
            </failure>
          </test-case>
          <test-case id="0-1019" name="ApagarSemSelecionarUmPerfil" fullname="CSharpSeleniumTemplate.Tests.GerenciarPerfisGlobais.ApagarSemSelecionarUmPerfil" methodname="ApagarSemSelecionarUmPerfil" classname="CSharpSeleniumTemplate.Tests.GerenciarPerfisGlobais" runstate="Runnable" seed="334507965" result="Failed" label="Error" start-time="2019-05-24 17:52:22Z" end-time="2019-05-24 17:52:22Z" duration="0.616886" asserts="0">
            <failure>
              <message><![CDATA[System.InvalidOperationException : Unexpected error launching Internet Explorer. Protected Mode settings are not the same for all zones. Enable Protected Mode must be set to the same value (enabled or disabled) for all zones.
Build info: version: '3.141.59', revision: 'e82be7d358', time: '2018-11-14T08:25:53'
System info: host: 'PLUTO', ip: '192.168.99.1', os.name: 'Windows 10', os.arch: 'amd64', os.version: '10.0', java.version: '1.8.0_171'
Driver info: driver.version: unknown
remote stacktrace:  (SessionNotCreated)
TearDown : System.NullReferenceException : Referência de objeto não definida para uma instância de um objeto.]]></message>
              <stack-trace><![CDATA[   em OpenQA.Selenium.Remote.RemoteWebDriver.UnpackAndThrowOnError(Response errorResponse)
   em OpenQA.Selenium.Remote.RemoteWebDriver.Execute(String driverCommandToExecute, Dictionary`2 parameters)
   em OpenQA.Selenium.Remote.RemoteWebDriver.StartSession(ICapabilities desiredCapabilities)
   em OpenQA.Selenium.Remote.RemoteWebDriver..ctor(ICommandExecutor commandExecutor, ICapabilities desiredCapabilities)
   em OpenQA.Selenium.Remote.RemoteWebDriver..ctor(Uri remoteAddress, ICapabilities desiredCapabilities)
   em CSharpSeleniumTemplate.Helpers.DriverFactory.CreateInstance() na C:\Mantis2\csharpseleniumextentreporttemplate-master\CSharpSeleniumTemplate\Helpers\DriverFactory.cs:linha 66
   em CSharpSeleniumTemplate.Bases.TestBase.SetUp() na C:\Mantis2\csharpseleniumextentreporttemplate-master\CSharpSeleniumTemplate\Bases\TestBase.cs:linha 26
--TearDown
   em CSharpSeleniumTemplate.Helpers.GeneralHelpers.GetScreenshot(String path) na C:\Mantis2\csharpseleniumextentreporttemplate-master\CSharpSeleniumTemplate\Helpers\GeneralHelpers.cs:linha 65
   em CSharpSeleniumTemplate.Helpers.ExtentReportHelpers.GetScreenShotMedia() na C:\Mantis2\csharpseleniumextentreporttemplate-master\CSharpSeleniumTemplate\Helpers\ExtentReportHelpers.cs:linha 46
[...]
   em CSharpSeleniumTemplate.Bases.TestBase.SetUp() na C:\Mantis2\csharpseleniumextentreporttemplate-master\CSharpSeleniumTemplate\Bases\TestBase.cs:linha 26
--TearDown
   em CSharpSeleniumTemplate.Helpers.GeneralHelpers.GetScreenshot(String path) na C:\Mantis2\csharpseleniumextentreporttemplate-master\CSharpSeleniumTemplate\Helpers\GeneralHelpers.cs:linha 65
   em CSharpSeleniumTemplate.Helpers.ExtentReportHelpers.GetScreenShotMedia() na C:\Mantis2\csharpseleniumextentreporttemplate-master\CSharpSeleniumTemplate\Helpers\ExtentReportHelpers.cs:linha 46
   em CSharpSeleniumTemplate.Helpers.ExtentReportHelpers.AddTestResult() na C:\Mantis2\csharpseleniumextentreporttemplate-master\CSharpSeleniumTemplate\Helpers\ExtentReportHelpers.cs:linha 60
   em CSharpSeleniumTemplate.Bases.TestBase.TearDown() na C:\Mantis2\csharpseleniumextentreporttemplate-master\CSharpSeleniumTemplate\Bases\TestBase.cs:linha 42]]></stack-trace>
            </failure>
          </test-case>
          <test-case id="0-1058" name="RedefinirSenhaSemPreencherEmail" fullname="CSharpSeleniumTemplate.Tests.GerenciarUsuarios.RedefinirSenhaSemPreencherEmail" methodname="RedefinirSenhaSemPreencherEmail" classname="CSharpSeleniumTemplate.Tests.GerenciarUsuarios" runstate="Runnable" seed="2055358654" result="Failed" label="Error" start-time="2019-05-24 17:52:39Z" end-time="2019-05-24 17:52:39Z" duration="0.615723" asserts="0">
            <failure>
              <message><![CDATA[System.InvalidOperationException : Unexpected error launching Internet Explorer. Protected Mode settings are not the same for all zones. Enable Protected Mode must be set to the same value (enabled or disabled) for all zones.
Build info: version: '3.141.59', revision: 'e82be7d358', time: '2018-11-14T08:25:53'
System info: host: 'PLUTO', ip: '192.168.99.1', os.name: 'Windows 10', os.arch: 'amd64', os.version: '10.0', java.version: '1.8.0_171'
Driver info: driver.version: unknown
remote stacktrace:  (SessionNotCreated)
TearDown : System.NullReferenceException : Referência de objeto não definida para uma instância de um objeto.]]></message>
              <stack-trace><![CDATA[   em OpenQA.Selenium.Remote.RemoteWebDriver.UnpackAndThrowOnError(Response errorResponse)
   em OpenQA.Selenium.Remote.RemoteWebDriver.Execute(String driverCommandToExecute, Dictionary`2 parameters)
   em OpenQA.Selenium.Remote.RemoteWebDriver.StartSession(ICapabilities desiredCapabilities)
   em OpenQA.Selenium.Remote.RemoteWebDriver..ctor(ICommandExecutor commandExecutor, ICapabilities desiredCapabilities)
   em OpenQA.Selenium.Remote.RemoteWebDriver..ctor(Uri remoteAddress, ICapabilities desiredCapabilities)
   em CSharpSeleniumTemplate.Helpers.DriverFactory.CreateInstance() na C:\Mantis2\csharpseleniumextentreporttemplate-master\CSharpSeleniumTemplate\Helpers\DriverFactory.cs:linha 66
   em CSharpSeleniumTemplate.Bases.TestBase.SetUp() na C:\Mantis2\csharpseleniumextentreporttemplate-master\CSharpSeleniumTemplate\Bases\TestBase.cs:linha 26
--TearDown
   em CSharpSeleniumTemplate.Helpers.GeneralHelpers.GetScreenshot(String path) na C:\Mantis2\csharpseleniumextentreporttemplate-master\CSharpSeleniumTemplate\Helpers\GeneralHelpers.cs:linha 65
   em CSharpSeleniumTemplate.Helpers.ExtentReportHelpers.GetScreenShotMedia() na C:\Mantis2\csharpseleniumextentreporttemplate-master\CSharpSeleniumTemplate\Helpers\ExtentReportHelpers.cs:linha 46
   em CSharpSeleniumTemplate.Helpers.ExtentReportHelpers.AddTestResult() na C:\Mantis2\csharpseleniumextentreporttemplate-master\CSharpSeleniumTemplate\Helpers\ExtentReportHelpers.cs:linha 60
   em CSharpSeleniumTemplate.Bases.TestBase.TearDown() na C:\Mantis2\csharpseleniumextentreporttemplate-master\CSharpSeleniumTemplate\Bases\TestBase.cs:linha 42]]></stack-trace>
            </failure>
          </test-case>
          <test-case id="0-1054" name="UsuarioJaCadastrado" fullname="CSharpSeleniumTemplate.Tests.GerenciarUsuarios.UsuarioJaCadastrado" methodname="UsuarioJaCadastrado" classname="CSharpSeleniumTemplate.Tests.GerenciarUsuarios" runstate="Runnable" seed="2059547852" result="Failed" label="Error" start-time="2019-05-24 17:52:39Z" end-time="2019-05-24 17:52:40Z" duration="0.640429" asserts="0">
            <failure>
              <message><![CDATA[System.InvalidOperationException : Unexpected error launching Internet Explorer. Protected Mode settings are not the same for all zones. Enable Protected Mode must be set to the same value (enabled or disabled) for all zones.
Build info: version: '3.141.59', revision: 'e82be7d358', time: '2018-11-14T08:25:53'
System info: host: 'PLUTO', ip: '192.168.99.1', os.name: 'Windows 10', os.arch: 'amd64', os.version: '10.0', java.version: '1.8.0_171'
Driver info: driver.version: unknown
remote stacktrace:  (SessionNotCreated)
TearDown : System.NullReferenceException : Referência de objeto não definida para uma instância de um objeto.]]></message>
              <stack-trace><![CDATA[   em OpenQA.Selenium.Remote.RemoteWebDriver.UnpackAndThrowOnError(Response errorResponse)
   em OpenQA.Selenium.Remote.RemoteWebDriver.Execute(String driverCommandToExecute, Dictionary`2 parameters)
   em OpenQA.Selenium.Remote.RemoteWebDriver.StartSession(ICapabilities desiredCapabilities)
   em OpenQA.Selenium.Remote.RemoteWebDriver..ctor(ICommandExecutor commandExecutor, ICapabilities desiredCapabilities)
   em OpenQA.Selenium.Remote.RemoteWebDriver..ctor(Uri remoteAddress, ICapabilities desiredCapabilities)
   em CSharpSeleniumTemplate.Helpers.DriverFactory.CreateInstance() na C:\Mantis2\csharpseleniumextentreporttemplate-master\CSharpSeleniumTemplate\Helpers\DriverFactory.cs:linha 66
   em CSharpSeleniumTemplate.Bases.TestBase.SetUp() na C:\Mantis2\csharpseleniumextentreporttemplate-master\CSharpSeleniumTemplate\Bases\TestBase.cs:linha 26
--TearDown
   em CSharpSeleniumTemplate.Helpers.GeneralHelpers.GetScreenshot(String path) na C:\Mantis2\csharpseleniumextentreporttemplate-master\CSharpSeleniumTemplate\Helpers\GeneralHelpers.cs:linha 65
   em CSharpSeleniumTemplate.Helpers.ExtentReportHelpers.GetScreenShotMedia() na C:\Mantis2\csharpseleniumextentreporttemplate-master\CSharpSeleniumTemplate\Helpers\ExtentReportHelpers.cs:linha 46
   em CSharpSeleniumTemplate.Helpers.ExtentReportHelpers.AddTestResult() na C:\Mantis2\csharpseleniumextentreporttemplate-master\CSharpSeleniumTemplate\Helpers\ExtentReportHelpers.cs:linha 60
   em CSharpSeleniumTemplate.Bases.TestBase.TearDown() na C:\Mantis2\csharpseleniumextentreporttemplate-master\CSharpSeleniumTemplate\Bases\TestBase.cs:linha 42]]></stack-trace>
            </failure>
          </test-case>
        </test-suite>
        <test-suite type="TestFixture" id="0-1061" name="LoginTests" fullname="CSharpSeleniumTemplate.Tests.LoginTests" classname="CSharpSeleniumTemplate.Tests.LoginTests" runstate="Runnable" testcasecount="4" result="Failed" site="Child" start-time="2019-05-24 17:52:40Z" end-time="2019-05-24 17:52:42Z" duration="2.510067" total="4" passed="0" failed="4" warnings="0" inconclusive="0" skipped="0" asserts="0">
          <failure>
            <message><![CDATA[One or more child tests had errors]]></message>
          </failure>
          <test-case id="0-1062" name="EfetuarLoginComSucesso" fullname="CSharpSeleniumTemplate.Tests.LoginTests.EfetuarLoginComSucesso" methodname="EfetuarLoginComSucesso" classname="CSharpSeleniumTemplate.Tests.LoginTests" runstate="Runnable" seed="1398273681" result="Failed" label="Error" start-time="2019-05-24 17:52:40Z" end-time="2019-05-24 17:52:40Z" duration="0.591617" asserts="0">
            <failure>
              <message><![CDATA[System.InvalidOperationException : Unexpected error launching Internet Explorer. Protected Mode settings are not the same for all zones. Enable Protected Mode must be set to the same value (enabled or disabled) for all zones.
Build info: version: '3.141.59', revision: 'e82be7d358', time: '2018-11-14T08:25:53'
System info: host: 'PLUTO', ip: '192.168.99.1', os.name: 'Windows 10', os.arch: 'amd64', os.version: '10.0', java.version: '1.8.0_171'
Driver info: driver.version: unknown
remote stacktrace:  (SessionNotCreated)
TearDown : System.NullReferenceException : Referência de objeto não definida para uma instância de um objeto.]]></message>
              <stack-trace><![CDATA[   em OpenQA.Selenium.Remote.RemoteWebDriver.UnpackAndThrowOnError(Response errorResponse)
   em OpenQA.Selenium.Remote.RemoteWebDriver.Execute(String driverCommandToExecute, Dictionary`2 parameters)
   em OpenQA.Selenium.Remote.RemoteWebDriver.StartSession(ICapabilities desiredCapabilities)
   em OpenQA.Selenium.Remote.RemoteWebDriver..ctor(ICommandExecutor commandExecutor, ICapabilities desiredCapabilities)
   em OpenQA.Selenium.Remote.RemoteWebDriver..ctor(Uri remoteAddress, ICapabilities desiredCapabilities)
   em CSharpSeleniumTemplate.Helpers.DriverFactory.CreateInstance() na C:\Mantis2\csharpseleniumextentreporttemplate-master\CSharpSeleniumTemplate\Helpers\DriverFactory.cs:linha 66
   em CSharpSeleniumTemplate.Bases.TestBase.SetUp() na C:\Mantis2\csharpseleniumextentreporttemplate-master\CSharpSeleniumTemplate\Bases\TestBase.cs:linha 26
--TearDown
   em CSharpSeleniumTemplate.Helpers.GeneralHelpers.GetScreenshot(String path) na C:\Mantis2\csharpseleniumextentreporttemplate-master\CSharpSeleniumTemplate\Helpers\GeneralHelpers.cs:linha 65
   em CSharpSeleniumTemplate.Helpers.ExtentReportHelpers.GetScreenShotMedia() na C:\Mantis2\csharpseleniumextentreporttemplate-master\CSharpSeleniumTemplate\Helpers\ExtentReportHelpers.cs:linha 46
   em CSharpSeleniumTemplate.Helpers.ExtentReportHelpers.AddTestResult() na C:\Mantis2\csharpseleniumextentreporttemplate-master\CSharpSeleniumTemplate\Helpers\ExtentReportHelpers.cs:linha 60
   em CSharpSeleniumTemplate.Bases.TestBase.TearDown() na C:\Mantis2\csharpseleniumextentreporttemplate-master\CSharpSeleniumTemplate\Bases\TestBase.cs:linha 42]]></stack-trace>
            </failure>
          </test-case>
          <test-suite type="ParameterizedMethod" id="0-1066" name="EfetuarLoginInformandoUsuarioInvalido" fullname="CSharpSeleniumTemplate.Tests.LoginTests.EfetuarLoginInformandoUsuarioInvalido" classname="CSharpSeleniumTemplate.Tests.LoginTests" runstate="Runnable" testcasecount="3" result="Failed" site="Child" start-time="2019-05-24 17:52:40Z" end-time="2019-05-24 17:52:42Z" duration="1.902995" total="3" passed="0" failed="3" warnings="0" inconclusive="0" skipped="0" asserts="0">
            <failure>
              <message><![CDATA[One or more child tests had errors]]></message>
            </failure>
            <test-case id="0-1063" name="EfetuarLoginInformandoUsuarioInvalido(System.Collections.ArrayList)" fullname="CSharpSeleniumTemplate.Tests.LoginTests.EfetuarLoginInformandoUsuarioInvalido(System.Collections.ArrayList)" methodname="EfetuarLoginInformandoUsuarioInvalido" classname="CSharpSeleniumTemplate.Tests.LoginTests" runstate="Runnable" seed="411026718" result="Failed" label="Error" start-time="2019-05-24 17:52:40Z" end-time="2019-05-24 17:52:41Z" duration="0.652624" asserts="0">
              <failure>
                <message><![CDATA[System.InvalidOperationException : Unexpected error launching Internet Explorer. Protected Mode settings are not the same for all zones. Enable Protected Mode must be set to the same value (enabled or disabled) for all zones.
Build info: version: '3.141.59', revision: 'e82be7d358', time: '2018-11-14T08:25:53'
System info: host: 'PLUTO', ip: '192.168.99.1', os.name: 'Windows 10', os.arch: 'amd64', os.version: '10.0', java.version: '1.8.0_171'
Driver info: driver.version: unknown
remote stacktrace:  (SessionNotCreated)
TearDown : System.NullReferenceException : Referência de objeto não definida para uma instância de um objeto.]]></message>
                <stack-trace><![CDATA[   em OpenQA.Selenium.Remote.RemoteWebDriver.UnpackAndThrowOnError(Response errorResponse)
   em OpenQA.Selenium.Remote.RemoteWebDriver.Execute(String driverCommandToExecute, Dictionary`2 parameters)
   em OpenQA.Selenium.Remote.RemoteWebDriver.StartSession(ICapabilities desiredCapabilities)
   em OpenQA.Selenium.Remote.RemoteWebDriver..ctor(ICommandExecutor commandExecutor, ICapabilities desiredCapabilities)
   em OpenQA.Selenium.Remote.RemoteWebDriver..ctor(Uri remoteAddress, ICapabilities desiredCapabilities)
   em CSharpSeleniumTemplate.Helpers.DriverFactory.CreateInstance() na C:\Mantis2\csharpseleniumextentreporttemplate-master\CSharpSeleniumTemplate\Helpers\DriverFactory.cs:linha 66
   em CSharpSeleniumTemplate.Bases.TestBase.SetUp() na C:\Mantis2\csharpseleniumextentreporttemplate-master\CSharpSeleniumTemplate\Bases\TestBase.cs:linha 26
--TearDown
   em CSharpSeleniumTemplate.Helpers.GeneralHelpers.GetScreenshot(String path) na C:\Mantis2\csharpseleniumextentreporttemplate-master\CSharpSeleniumTemplate\Helpers\GeneralHelpers.cs:linha 65
   em CSharpSeleniumTemplate.Helpers.ExtentReportHelpers.GetScreenShotMedia() na C:\Mantis2\csharpseleniumextentreporttemplate-master\CSharpSeleniumTemplate\Helpers\ExtentReportHelpers.cs:linha 46
   em CSharpSeleniumTemplate.Helpers.ExtentReportHelpers.AddTestResult() na C:\Mantis2\csharpseleniumextentreporttemplate-master\CSharpSeleniumTemplate\Helpers\ExtentReportHelpers.cs:linha 60
   em CSharpSeleniumTemplate.Bases.TestBase.TearDown() na C:\Mantis2\csharpseleniumextentreporttemplate-master\CSharpSeleniumTemplate\Bases\TestBase.cs:linha 42]]></stack-trace>
              </failure>
            </test-case>
            <test-case id="0-1064" name="EfetuarLoginInformandoUsuarioInvalido(System.Collections.ArrayList)" fullname="CSharpSeleniumTemplate.Tests.LoginTests.EfetuarLoginInformandoUsuarioInvalido(System.Collections.ArrayList)" methodname="EfetuarLoginInformandoUsuarioInvalido" classname="CSharpSeleniumTemplate.Tests.LoginTests" runstate="Runnable" seed="1411539901" result="Failed" label="Error" start-time="2019-05-24 17:52:41Z" end-time="2019-05-24 17:52:42Z" duration="0.628065" asserts="0">
              <failure>
                <message><![CDATA[System.InvalidOperationException : Unexpected error launching Internet Explorer. Protected Mode settings are not the same for all zones. Enable Protected Mode must be set to the same value (enabled or disabled) for all zones.
Build info: version: '3.141.59', revision: 'e82be7d358', time: '2018-11-14T08:25:53'
System info: host: 'PLUTO', ip: '192.168.99.1', os.name: 'Windows 10', os.arch: 'amd64', os.version: '10.0', java.version: '1.8.0_171'
Driver info: driver.version: unknown
remote stacktrace:  (SessionNotCreated)
TearDown : System.NullReferenceException : Referência de objeto não definida para uma instância de um objeto.]]></message>
                <stack-trace><![CDATA[   em OpenQA.Selenium.Remote.RemoteWebDriver.UnpackAndThrowOnError(Response errorResponse)
   em OpenQA.Selenium.Remote.RemoteWebDriver.Execute(String driverCommandToExecute, Dictionary`2 parameters)
   em OpenQA.Selenium.Remote.RemoteWebDriver.StartSession(ICapabilities desiredCapabilities)
   em OpenQA.Selenium.Remote.RemoteWebDriver..ctor(ICommandExecutor commandExecutor, ICapabilities desiredCapabilities)
   em OpenQA.Selenium.Remote.RemoteWebDriver..ctor(Uri remoteAddress, ICapabilities desiredCapabilities)
   em CSharpSeleniumTemplate.Helpers.DriverFactory.CreateInstance() na C:\Mantis2\csharpseleniumextentreporttemplate-master\CSharpSeleniumTemplate\Helpers\DriverFactory.cs:linha 66
   em CSharpSeleniumTemplate.Bases.TestBase.SetUp() na C:\Mantis2\csharpseleniumextentreporttemplate-master\CSharpSeleniumTemplate\Bases\TestBase.cs:linha 26
--TearDown
   em CSharpSeleniumTemplate.Helpers.GeneralHelpers.GetScreenshot(String path) na C:\Mantis2\csharpseleniumextentreporttemplate-master\CSharpSeleniumTemplate\Helpers\GeneralHelpers.cs:linha 65
   em CSharpSeleniumTemplate.Helpers.ExtentReportHelpers.GetScreenShotMedia() na C:\Mantis2\csharpseleniumextentreporttemplate-master\CSharpSeleniumTemplate\Helpers\ExtentReportHelpers.cs:linha 46
   em CSharpSeleniumTemplate.Helpers.ExtentReportHelpers.AddTestResult() na C:\Mantis2\csharpseleniumextentreporttemplate-master\CSharpSeleniumTemplate\Helpers\ExtentReportHelpers.cs:linha 60
   em CSharpSeleniumTemplate.Bases.TestBase.TearDown() na C:\Mantis2\csharpseleniumextentreporttemplate-master\CSharpSeleniumTemplate\Bases\TestBase.cs:linha 42]]></stack-trace>
              </failure>
            </test-case>
            <test-case id="0-1065" name="EfetuarLoginInformandoUsuarioInvalido(System.Collections.ArrayList)" fullname="CSharpSeleniumTemplate.Tests.LoginTests.EfetuarLoginInformandoUsuarioInvalido(System.Collections.ArrayList)" methodname="EfetuarLoginInformandoUsuarioInvalido" classname="CSharpSeleniumTemplate.Tests.LoginTests" runstate="Runnable" seed="209416078" result="Failed" label="Error" start-time="2019-05-24 17:52:42Z" end-time="2019-05-24 17:52:42Z" duration="0.622032" asserts="0">
              <failure>
                <message><![CDATA[System.InvalidOperationException : Unexpected error launching Internet Explorer. Protected Mode settings are not the same for all zones. Enable Protected Mode must be set to the same value (enabled or disabled) for all zones.
Build info: version: '3.141.59', revision: 'e82be7d358', time: '2018-11-14T08:25:53'
System info: host: 'PLUTO', ip: '192.168.99.1', os.name: 'Windows 10', os.arch: 'amd64', os.version: '10.0', java.version: '1.8.0_171'
Driver info: driver.version: unknown
remote stacktrace:  (SessionNotCreated)
TearDown : System.NullReferenceException : Referência de objeto não definida para uma instância de um objeto.]]></message>
                <stack-trace><![CDATA[   em OpenQA.Selenium.Remote.RemoteWebDriver.UnpackAndThrowOnError(Response errorResponse)
   em OpenQA.Selenium.Remote.RemoteWebDriver.Execute(String driverCommandToExecute, Dictionary`2 parameters)
   em OpenQA.Selenium.Remote.RemoteWebDriver.StartSession(ICapabilities desiredCapabilities)
   em OpenQA.Selenium.Remote.RemoteWebDriver..ctor(ICommandExecutor commandExecutor, ICapabilities desiredCapabilities)
   em OpenQA.Selenium.Remote.RemoteWebDriver..ctor(Uri remoteAddress, ICapabilities desiredCapabilities)
   em CSharpSeleniumTemplate.Helpers.DriverFactory.CreateInstance() na C:\Mantis2\csharpseleniumextentreporttemplate-master\CSharpSeleniumTemplate\Helpers\DriverFactory.cs:linha 66
   em CSharpSeleniumTemplate.Bases.TestBase.SetUp() na C:\Mantis2\csharpseleniumextentreporttemplate-master\CSharpSeleniumTemplate\Bases\TestBase.cs:linha 26
--TearDown
   em CSharpSeleniumTemplate.Helpers.GeneralHelpers.GetScreenshot(String path) na C:\Mantis2\csharpseleniumextentreporttemplate-master\CSharpSeleniumTemplate\Helpers\GeneralHelpers.cs:linha 65
   em CSharpSeleniumTemplate.Helpers.ExtentReportHelpers.GetScreenShotMedia() na C:\Mantis2\csharpseleniumextentreporttemplate-master\CSharpSeleniumTemplate\Helpers\ExtentReportHelpers.cs:linha 46
   em CSharpSeleniumTemplate.Helpers.ExtentReportHelpers.AddTestResult() na C:\Mantis2\csharpseleniumextentreporttemplate-master\CSharpSeleniumTemplate\Helpers\ExtentReportHelpers.cs:linha 60
   em CSharpSeleniumTemplate.Bases.TestBase.TearDown() na C:\Mantis2\csharpseleniumextentreporttemplate-master\CSharpSeleniumTemplate\Bases\TestBase.cs:linha 42]]></stack-trace>
              </failure>
            </test-case>
          </test-suite>
        </test-suite>
        <test-suite type="TestFixture" id="0-1067" name="ReportIssueTests" fullname="CSharpSeleniumTemplate.Tests.ReportIssueTests" classname="CSharpSeleniumTemplate.Tests.ReportIssueTests" runstate="Runnable" testcasecount="0" result="Passed" start-time="2019-05-24 17:52:42Z" end-time="2019-05-24 17:52:42Z" duration="0.000011" total="0" passed="0" failed="0" warnings="0" inconclusive="0" skipped="0" asserts="0" />
      </test-suite>
    </test-suite>
  </test-suite>
</test-run>