<?xml version="1.0" encoding="utf-8" standalone="no"?>
<test-run id="2" testcasecount="56" result="Failed" total="56" passed="0" failed="56" inconclusive="0" skipped="0" asserts="0" engine-version="3.10.0.0" clr-version="4.0.30319.42000" start-time="2019-05-29 17:02:51Z" end-time="2019-05-29 17:04:07Z" duration="76.305222">
  <command-line><![CDATA["C:\Program Files (x86)\NUnit.Console-3.10.0\bin\net35\nunit3-console.exe"  "CSharpSeleniumTemplate.dll" --inprocess --labels=On]]></command-line>
  <test-suite type="Assembly" id="0-1067" name="CSharpSeleniumTemplate.dll" fullname="CSharpSeleniumTemplate.dll" runstate="Runnable" testcasecount="56" result="Failed" site="Child" start-time="2019-05-29 17:02:51Z" end-time="2019-05-29 17:04:07Z" duration="75.685705" total="56" passed="0" failed="56" warnings="0" inconclusive="0" skipped="0" asserts="0">
    <environment framework-version="3.11.0.0" clr-version="4.0.30319.42000" os-version="Microsoft Windows NT 10.0.17763.0" platform="Win32NT" cwd="C:\Mantis2\csharpseleniumextentreporttemplate-master\CSharpSeleniumTemplate\bin\Debug" machine-name="PLUTO" user="SISTEMA" user-domain="WORKGROUP" culture="pt-BR" uiculture="pt-BR" os-architecture="x64" />
    <settings>
      <setting name="ProcessModel" value="InProcess" />
      <setting name="DisposeRunners" value="True" />
      <setting name="WorkDirectory" value="C:\Mantis2\csharpseleniumextentreporttemplate-master\CSharpSeleniumTemplate\bin\Debug" />
      <setting name="ImageRuntimeVersion" value="4.0.30319" />
      <setting name="ImageTargetFrameworkName" value=".NETFramework,Version=v4.6.1" />
      <setting name="ImageRequiresX86" value="False" />
      <setting name="ImageRequiresDefaultAppDomainAssemblyResolver" value="False" />
      <setting name="NumberOfTestWorkers" value="4" />
    </settings>
    <properties>
      <property name="_PID" value="2332" />
      <property name="_APPDOMAIN" value="domain-" />
    </properties>
    <failure>
      <message><![CDATA[One or more child tests had errors]]></message>
    </failure>
    <test-suite type="TestSuite" id="0-1068" name="CSharpSeleniumTemplate" fullname="CSharpSeleniumTemplate" runstate="Runnable" testcasecount="56" result="Failed" site="Child" start-time="2019-05-29 17:02:51Z" end-time="2019-05-29 17:04:07Z" duration="75.662705" total="56" passed="0" failed="56" warnings="0" inconclusive="0" skipped="0" asserts="0">
      <failure>
        <message><![CDATA[One or more child tests had errors]]></message>
      </failure>
      <test-suite type="TestSuite" id="0-1069" name="Tests" fullname="CSharpSeleniumTemplate.Tests" runstate="Runnable" testcasecount="56" result="Failed" site="Child" start-time="2019-05-29 17:02:51Z" end-time="2019-05-29 17:04:07Z" duration="75.662204" total="56" passed="0" failed="56" warnings="0" inconclusive="0" skipped="0" asserts="0">
        <failure>
          <message><![CDATA[One or more child tests had errors]]></message>
        </failure>
        <test-suite type="TestFixture" id="0-1027" name="CriarTarefa" fullname="CSharpSeleniumTemplate.Tests.CriarTarefa" classname="CSharpSeleniumTemplate.Tests.CriarTarefa" runstate="Runnable" testcasecount="9" result="Failed" site="Child" start-time="2019-05-29 17:02:51Z" end-time="2019-05-29 17:04:03Z" duration="71.297982" total="9" passed="0" failed="9" warnings="0" inconclusive="0" skipped="0" asserts="0">
          <failure>
            <message><![CDATA[One or more child tests had errors]]></message>
          </failure>
          <test-case id="0-1035" name="CadastrarMaisTarefas" fullname="CSharpSeleniumTemplate.Tests.CriarTarefa.CadastrarMaisTarefas" methodname="CadastrarMaisTarefas" classname="CSharpSeleniumTemplate.Tests.CriarTarefa" runstate="Runnable" seed="1454717917" result="Failed" label="Error" start-time="2019-05-29 17:02:52Z" end-time="2019-05-29 17:03:53Z" duration="60.701282" asserts="0">
            <failure>
              <message><![CDATA[OpenQA.Selenium.WebDriverException : Tried to run command without establishing a connection
TearDown : OpenQA.Selenium.WebDriverException : Session [0a78a164-d9c8-42b0-9901-efc9dd25ea5e] was terminated due to TIMEOUT]]></message>
              <stack-trace><![CDATA[   em OpenQA.Selenium.Remote.RemoteWebDriver.UnpackAndThrowOnError(Response errorResponse)
   em OpenQA.Selenium.Remote.RemoteWebDriver.Execute(String driverCommandToExecute, Dictionary`2 parameters)
   em OpenQA.Selenium.Remote.RemoteWebDriver.FindElement(String mechanism, String value)
   em OpenQA.Selenium.Support.UI.DefaultWait`1.Until[TResult](Func`2 condition)
   em CSharpSeleniumTemplate.Bases.PageBase.SendKeysJavaScript(By locator, String value) na C:\Mantis2\csharpseleniumextentreporttemplate-master\CSharpSeleniumTemplate\Bases\PageBase.cs:linha 165
   em CSharpSeleniumTemplate.Pages.LoginPage.PreenhcerUsuario(String usuario) na C:\Mantis2\csharpseleniumextentreporttemplate-master\CSharpSeleniumTemplate\Pages\LoginPage.cs:linha 24
   em CSharpSeleniumTemplate.Flows.LoginFlows.EfetuarLogin(String username, String password) na C:\Mantis2\csharpseleniumextentreporttemplate-master\CSharpSeleniumTemplate\Flows\LoginFlows.cs:linha 22
   em CSharpSeleniumTemplate.Tests.CriarTarefa.CadastrarMaisTarefas() na C:\Mantis2\csharpseleniumextentreporttemplate-master\CSharpSeleniumTemplate\Tests\CriarTarefa.cs:linha 87
--TearDown
   em OpenQA.Selenium.Remote.RemoteWebDriver.UnpackAndThrowOnError(Response errorResponse)
   em OpenQA.Selenium.Remote.RemoteWebDriver.Execute(String driverCommandToExecute, Dictionary`2 parameters)
   em OpenQA.Selenium.Remote.RemoteWebDriver.GetScreenshot()
   em CSharpSeleniumTemplate.Helpers.GeneralHelpers.GetScreenshot(String path) na C:\Mantis2\csharpseleniumextentreporttemplate-master\CSharpSeleniumTemplate\Helpers\GeneralHelpers.cs:linha 65
   em CSharpSeleniumTemplate.Helpers.ExtentReportHelpers.GetScreenShotMedia() na C:\Mantis2\csharpseleniumextentreporttemplate-master\CSharpSeleniumTemplate\Helpers\ExtentReportHelpers.cs:linha 46
   em CSharpSeleniumTemplate.Helpers.ExtentReportHelpers.AddTestResult() na C:\Mantis2\csharpseleniumextentreporttemplate-master\CSharpSeleniumTemplate\Helpers\ExtentReportHelpers.cs:linha 60
   em CSharpSeleniumTemplate.Bases.TestBase.TearDown() na C:\Mantis2\csharpseleniumextentreporttemplate-master\CSharpSeleniumTemplate\Bases\TestBase.cs:linha 42]]></stack-trace>
            </failure>
          </test-case>
          <test-case id="0-1028" name="CadastrarTarefaApenasCamposObrigatorios" fullname="CSharpSeleniumTemplate.Tests.CriarTarefa.CadastrarTarefaApenasCamposObrigatorios" methodname="CadastrarTarefaApenasCamposObrigatorios" classname="CSharpSeleniumTemplate.Tests.CriarTarefa" runstate="Runnable" seed="226516615" result="Failed" label="Error" start-time="2019-05-29 17:03:53Z" end-time="2019-05-29 17:03:53Z" duration="0.033934" asserts="0">
            <failure>
              <message><![CDATA[OpenQA.Selenium.WebDriverException : Session [0a78a164-d9c8-42b0-9901-efc9dd25ea5e] was terminated due to TIMEOUT
TearDown : OpenQA.Selenium.WebDriverException : Session [0a78a164-d9c8-42b0-9901-efc9dd25ea5e] was terminated due to TIMEOUT]]></message>
              <stack-trace><![CDATA[   em OpenQA.Selenium.Remote.RemoteWebDriver.UnpackAndThrowOnError(Response errorResponse)
   em OpenQA.Selenium.Remote.RemoteWebDriver.Execute(String driverCommandToExecute, Dictionary`2 parameters)
   em OpenQA.Selenium.Remote.RemoteWindow.Maximize()
   em CSharpSeleniumTemplate.Bases.TestBase.SetUp() na C:\Mantis2\csharpseleniumextentreporttemplate-master\CSharpSeleniumTemplate\Bases\TestBase.cs:linha 27
--TearDown
   em OpenQA.Selenium.Remote.RemoteWebDriver.UnpackAndThrowOnError(Response errorResponse)
   em OpenQA.Selenium.Remote.RemoteWebDriver.Execute(String driverCommandToExecute, Dictionary`2 parameters)
   em OpenQA.Selenium.Remote.RemoteWebDriver.GetScreenshot()
   em CSharpSeleniumTemplate.Helpers.GeneralHelpers.GetScreenshot(String path) na C:\Mantis2\csharpseleniumextentreporttemplate-master\CSharpSeleniumTemplate\Helpers\GeneralHelpers.cs:linha 65
   em CSharpSeleniumTemplate.Helpers.ExtentReportHelpers.GetScreenShotMedia() na C:\Mantis2\csharpseleniumextentreporttemplate-master\CSharpSeleniumTemplate\Helpers\ExtentReportHelpers.cs:linha 46
   em CSharpSeleniumTemplate.Helpers.ExtentReportHelpers.AddTestResult() na C:\Mantis2\csharpseleniumextentreporttemplate-master\CSharpSeleniumTemplate\Helpers\ExtentReportHelpers.cs:linha 60
   em CSharpSeleniumTemplate.Bases.TestBase.TearDown() na C:\Mantis2\csharpseleniumextentreporttemplate-master\CSharpSeleniumTemplate\Bases\TestBase.cs:linha 42]]></stack-trace>
            </failure>
          </test-case>
          <test-suite type="ParameterizedMethod" id="0-1034" name="CadastrarTarefaTodosCampos" fullname="CSharpSeleniumTemplate.Tests.CriarTarefa.CadastrarTarefaTodosCampos" classname="CSharpSeleniumTemplate.Tests.CriarTarefa" runstate="Runnable" testcasecount="5" result="Failed" site="Child" start-time="2019-05-29 17:03:53Z" end-time="2019-05-29 17:03:53Z" duration="0.401272" total="5" passed="0" failed="5" warnings="0" inconclusive="0" skipped="0" asserts="0">
            <failure>
              <message><![CDATA[One or more child tests had errors]]></message>
            </failure>
            <test-case id="0-1029" name="CadastrarTarefaTodosCampos(System.Collections.ArrayList)" fullname="CSharpSeleniumTemplate.Tests.CriarTarefa.CadastrarTarefaTodosCampos(System.Collections.ArrayList)" methodname="CadastrarTarefaTodosCampos" classname="CSharpSeleniumTemplate.Tests.CriarTarefa" runstate="Runnable" seed="2106412368" result="Failed" label="Error" start-time="2019-05-29 17:03:53Z" end-time="2019-05-29 17:03:53Z" duration="0.083174" asserts="0">
              <failure>
                <message><![CDATA[OpenQA.Selenium.WebDriverException : Session [0a78a164-d9c8-42b0-9901-efc9dd25ea5e] was terminated due to TIMEOUT
TearDown : OpenQA.Selenium.WebDriverException : Session [0a78a164-d9c8-42b0-9901-efc9dd25ea5e] was terminated due to TIMEOUT]]></message>
                <stack-trace><![CDATA[   em OpenQA.Selenium.Remote.RemoteWebDriver.UnpackAndThrowOnError(Response errorResponse)
   em OpenQA.Selenium.Remote.RemoteWebDriver.Execute(String driverCommandToExecute, Dictionary`2 parameters)
   em OpenQA.Selenium.Remote.RemoteWindow.Maximize()
   em CSharpSeleniumTemplate.Bases.TestBase.SetUp() na C:\Mantis2\csharpseleniumextentreporttemplate-master\CSharpSeleniumTemplate\Bases\TestBase.cs:linha 27
--TearDown
   em OpenQA.Selenium.Remote.RemoteWebDriver.UnpackAndThrowOnError(Response errorResponse)
   em OpenQA.Selenium.Remote.RemoteWebDriver.Execute(String driverCommandToExecute, Dictionary`2 parameters)
   em OpenQA.Selenium.Remote.RemoteWebDriver.GetScreenshot()
   em CSharpSeleniumTemplate.Helpers.GeneralHelpers.GetScreenshot(String path) na C:\Mantis2\csharpseleniumextentreporttemplate-master\CSharpSeleniumTemplate\Helpers\GeneralHelpers.cs:linha 65
   em CSharpSeleniumTemplate.Helpers.ExtentReportHelpers.GetScreenShotMedia() na C:\Mantis2\csharpseleniumextentreporttemplate-master\CSharpSeleniumTemplate\Helpers\ExtentReportHelpers.cs:linha 46
   em CSharpSeleniumTemplate.Helpers.ExtentReportHelpers.AddTestResult() na C:\Mantis2\csharpseleniumextentreporttemplate-master\CSharpSeleniumTemplate\Helpers\ExtentReportHelpers.cs:linha 60
   em CSharpSeleniumTemplate.Bases.TestBase.TearDown() na C:\Mantis2\csharpseleniumextentreporttemplate-master\CSharpSeleniumTemplate\Bases\TestBase.cs:linha 42]]></stack-trace>
              </failure>
            </test-case>
            <test-case id="0-1030" name="CadastrarTarefaTodosCampos(System.Collections.ArrayList)" fullname="CSharpSeleniumTemplate.Tests.CriarTarefa.CadastrarTarefaTodosCampos(System.Collections.ArrayList)" methodname="CadastrarTarefaTodosCampos" classname="CSharpSeleniumTemplate.Tests.CriarTarefa" runstate="Runnable" seed="1372436623" result="Failed" label="Error" start-time="2019-05-29 17:03:53Z" end-time="2019-05-29 17:03:53Z" duration="0.080132" asserts="0">
              <failure>
                <message><![CDATA[OpenQA.Selenium.WebDriverException : Session [0a78a164-d9c8-42b0-9901-efc9dd25ea5e] was terminated due to TIMEOUT
TearDown : OpenQA.Selenium.WebDriverException : Session [0a78a164-d9c8-42b0-9901-efc9dd25ea5e] was terminated due to TIMEOUT]]></message>
                <stack-trace><![CDATA[   em OpenQA.Selenium.Remote.RemoteWebDriver.UnpackAndThrowOnError(Response errorResponse)
   em OpenQA.Selenium.Remote.RemoteWebDriver.Execute(String driverCommandToExecute, Dictionary`2 parameters)
   em OpenQA.Selenium.Remote.RemoteWindow.Maximize()
   em CSharpSeleniumTemplate.Bases.TestBase.SetUp() na C:\Mantis2\csharpseleniumextentreporttemplate-master\CSharpSeleniumTemplate\Bases\TestBase.cs:linha 27
--TearDown
   em OpenQA.Selenium.Remote.RemoteWebDriver.UnpackAndThrowOnError(Response errorResponse)
   em OpenQA.Selenium.Remote.RemoteWebDriver.Execute(String driverCommandToExecute, Dictionary`2 parameters)
   em OpenQA.Selenium.Remote.RemoteWebDriver.GetScreenshot()
   em CSharpSeleniumTemplate.Helpers.GeneralHelpers.GetScreenshot(String path) na C:\Mantis2\csharpseleniumextentreporttemplate-master\CSharpSeleniumTemplate\Helpers\GeneralHelpers.cs:linha 65
   em CSharpSeleniumTemplate.Helpers.ExtentReportHelpers.GetScreenShotMedia() na C:\Mantis2\csharpseleniumextentreporttemplate-master\CSharpSeleniumTemplate\Helpers\ExtentReportHelpers.cs:linha 46
   em CSharpSeleniumTemplate.Helpers.ExtentReportHelpers.AddTestResult() na C:\Mantis2\csharpseleniumextentreporttemplate-master\CSharpSeleniumTemplate\Helpers\ExtentReportHelpers.cs:linha 60
   em CSharpSeleniumTemplate.Bases.TestBase.TearDown() na C:\Mantis2\csharpseleniumextentreporttemplate-master\CSharpSeleniumTemplate\Bases\TestBase.cs:linha 42]]></stack-trace>
              </failure>
            </test-case>
            <test-case id="0-1031" name="CadastrarTarefaTodosCampos(System.Collections.ArrayList)" fullname="CSharpSeleniumTemplate.Tests.CriarTarefa.CadastrarTarefaTodosCampos(System.Collections.ArrayList)" methodname="CadastrarTarefaTodosCampos" classname="CSharpSeleniumTemplate.Tests.CriarTarefa" runstate="Runnable" seed="1279127019" result="Failed" label="Error" start-time="2019-05-29 17:03:53Z" end-time="2019-05-29 17:03:53Z" duration="0.079808" asserts="0">
              <failure>
                <message><![CDATA[OpenQA.Selenium.WebDriverException : Session [0a78a164-d9c8-42b0-9901-efc9dd25ea5e] was terminated due to TIMEOUT
TearDown : OpenQA.Selenium.WebDriverException : Session [0a78a164-d9c8-42b0-9901-efc9dd25ea5e] was terminated due to TIMEOUT]]></message>
                <stack-trace><![CDATA[   em OpenQA.Selenium.Remote.RemoteWebDriver.UnpackAndThrowOnError(Response errorResponse)
   em OpenQA.Selenium.Remote.RemoteWebDriver.Execute(String driverCommandToExecute, Dictionary`2 parameters)
   em OpenQA.Selenium.Remote.RemoteWindow.Maximize()
   em CSharpSeleniumTemplate.Bases.TestBase.SetUp() na C:\Mantis2\csharpseleniumextentreporttemplate-master\CSharpSeleniumTemplate\Bases\TestBase.cs:linha 27
--TearDown
   em OpenQA.Selenium.Remote.RemoteWebDriver.UnpackAndThrowOnError(Response errorResponse)
   em OpenQA.Selenium.Remote.RemoteWebDriver.Execute(String driverCommandToExecute, Dictionary`2 parameters)
   em OpenQA.Selenium.Remote.RemoteWebDriver.GetScreenshot()
   em CSharpSeleniumTemplate.Helpers.GeneralHelpers.GetScreenshot(String path) na C:\Mantis2\csharpseleniumextentreporttemplate-master\CSharpSeleniumTemplate\Helpers\GeneralHelpers.cs:linha 65
   em CSharpSeleniumTemplate.Helpers.ExtentReportHelpers.GetScreenShotMedia() na C:\Mantis2\csharpseleniumextentreporttemplate-master\CSharpSeleniumTemplate\Helpers\ExtentReportHelpers.cs:linha 46
   em CSharpSeleniumTemplate.Helpers.ExtentReportHelpers.AddTestResult() na C:\Mantis2\csharpseleniumextentreporttemplate-master\CSharpSeleniumTemplate\Helpers\ExtentReportHelpers.cs:linha 60
   em CSharpSeleniumTemplate.Bases.TestBase.TearDown() na C:\Mantis2\csharpseleniumextentreporttemplate-master\CSharpSeleniumTemplate\Bases\TestBase.cs:linha 42]]></stack-trace>
              </failure>
            </test-case>
            <test-case id="0-1032" name="CadastrarTarefaTodosCampos(System.Collections.ArrayList)" fullname="CSharpSeleniumTemplate.Tests.CriarTarefa.CadastrarTarefaTodosCampos(System.Collections.ArrayList)" methodname="CadastrarTarefaTodosCampos" classname="CSharpSeleniumTemplate.Tests.CriarTarefa" runstate="Runnable" seed="6392090" result="Failed" label="Error" start-time="2019-05-29 17:03:53Z" end-time="2019-05-29 17:03:53Z" duration="0.086713" asserts="0">
              <failure>
                <message><![CDATA[OpenQA.Selenium.WebDriverException : Session [0a78a164-d9c8-42b0-9901-efc9dd25ea5e] was terminated due to TIMEOUT
TearDown : OpenQA.Selenium.WebDriverException : Session [0a78a164-d9c8-42b0-9901-efc9dd25ea5e] was terminated due to TIMEOUT]]></message>
                <stack-trace><![CDATA[   em OpenQA.Selenium.Remote.RemoteWebDriver.UnpackAndThrowOnError(Response errorResponse)
   em OpenQA.Selenium.Remote.RemoteWebDriver.Execute(String driverCommandToExecute, Dictionary`2 parameters)
   em OpenQA.Selenium.Remote.RemoteWindow.Maximize()
   em CSharpSeleniumTemplate.Bases.TestBase.SetUp() na C:\Mantis2\csharpseleniumextentreporttemplate-master\CSharpSeleniumTemplate\Bases\TestBase.cs:linha 27
--TearDown
   em OpenQA.Selenium.Remote.RemoteWebDriver.UnpackAndThrowOnError(Response errorResponse)
   em OpenQA.Selenium.Remote.RemoteWebDriver.Execute(String driverCommandToExecute, Dictionary`2 parameters)
   em OpenQA.Selenium.Remote.RemoteWebDriver.GetScreenshot()
   em CSharpSeleniumTemplate.Helpers.GeneralHelpers.GetScreenshot(String path) na C:\Mantis2\csharpseleniumextentreporttemplate-master\CSharpSeleniumTemplate\Helpers\GeneralHelpers.cs:linha 65
   em CSharpSeleniumTemplate.Helpers.ExtentReportHelpers.GetScreenShotMedia() na C:\Mantis2\csharpseleniumextentreporttemplate-master\CSharpSeleniumTemplate\Helpers\ExtentReportHelpers.cs:linha 46
   em CSharpSeleniumTemplate.Helpers.ExtentReportHelpers.AddTestResult() na C:\Mantis2\csharpseleniumextentreporttemplate-master\CSharpSeleniumTemplate\Helpers\ExtentReportHelpers.cs:linha 60
   em CSharpSeleniumTemplate.Bases.TestBase.TearDown() na C:\Mantis2\csharpseleniumextentreporttemplate-master\CSharpSeleniumTemplate\Bases\TestBase.cs:linha 42]]></stack-trace>
              </failure>
            </test-case>
            <test-case id="0-1033" name="CadastrarTarefaTodosCampos(System.Collections.ArrayList)" fullname="CSharpSeleniumTemplate.Tests.CriarTarefa.CadastrarTarefaTodosCampos(System.Collections.ArrayList)" methodname="CadastrarTarefaTodosCampos" classname="CSharpSeleniumTemplate.Tests.CriarTarefa" runstate="Runnable" seed="1751535063" result="Failed" label="Error" start-time="2019-05-29 17:03:53Z" end-time="2019-05-29 17:03:53Z" duration="0.068709" asserts="0">
              <failure>
                <message><![CDATA[OpenQA.Selenium.WebDriverException : Session [0a78a164-d9c8-42b0-9901-efc9dd25ea5e] was terminated due to TIMEOUT
TearDown : OpenQA.Selenium.WebDriverException : Session [0a78a164-d9c8-42b0-9901-efc9dd25ea5e] was terminated due to TIMEOUT]]></message>
                <stack-trace><![CDATA[   em OpenQA.Selenium.Remote.RemoteWebDriver.UnpackAndThrowOnError(Response errorResponse)
   em OpenQA.Selenium.Remote.RemoteWebDriver.Execute(String driverCommandToExecute, Dictionary`2 parameters)
   em OpenQA.Selenium.Remote.RemoteWindow.Maximize()
   em CSharpSeleniumTemplate.Bases.TestBase.SetUp() na C:\Mantis2\csharpseleniumextentreporttemplate-master\CSharpSeleniumTemplate\Bases\TestBase.cs:linha 27
--TearDown
   em OpenQA.Selenium.Remote.RemoteWebDriver.UnpackAndThrowOnError(Response errorResponse)
   em OpenQA.Selenium.Remote.RemoteWebDriver.Execute(String driverCommandToExecute, Dictionary`2 parameters)
   em OpenQA.Selenium.Remote.RemoteWebDriver.GetScreenshot()
   em CSharpSeleniumTemplate.Helpers.GeneralHelpers.GetScreenshot(String path) na C:\Mantis2\csharpseleniumextentreporttemplate-master\CSharpSeleniumTemplate\Helpers\GeneralHelpers.cs:linha 65
   em CSharpSeleniumTemplate.Helpers.ExtentReportHelpers.GetScreenShotMedia() na C:\Mantis2\csharpseleniumextentreporttemplate-master\CSharpSeleniumTemplate\Helpers\ExtentReportHelpers.cs:linha 46
   em CSharpSeleniumTemplate.Helpers.ExtentReportHelpers.AddTestResult() na C:\Mantis2\csharpseleniumextentreporttemplate-master\CSharpSeleniumTemplate\Helpers\ExtentReportHelpers.cs:linha 60
   em CSharpSeleniumTemplate.Bases.TestBase.TearDown() na C:\Mantis2\csharpseleniumextentreporttemplate-master\CSharpSeleniumTemplate\Bases\TestBase.cs:linha 42]]></stack-trace>
              </failure>
            </test-case>
          </test-suite>
          <test-case id="0-1037" name="CampoDescricaoNaoPreenchido" fullname="CSharpSeleniumTemplate.Tests.CriarTarefa.CampoDescricaoNaoPreenchido" methodname="CampoDescricaoNaoPreenchido" classname="CSharpSeleniumTemplate.Tests.CriarTarefa" runstate="Runnable" seed="1050732279" result="Failed" label="Error" start-time="2019-05-29 17:03:53Z" end-time="2019-05-29 17:03:53Z" duration="0.067294" asserts="0">
            <failure>
              <message><![CDATA[OpenQA.Selenium.WebDriverException : Session [0a78a164-d9c8-42b0-9901-efc9dd25ea5e] was terminated due to TIMEOUT
TearDown : OpenQA.Selenium.WebDriverException : Session [0a78a164-d9c8-42b0-9901-efc9dd25ea5e] was terminated due to TIMEOUT]]></message>
              <stack-trace><![CDATA[   em OpenQA.Selenium.Remote.RemoteWebDriver.UnpackAndThrowOnError(Response errorResponse)
   em OpenQA.Selenium.Remote.RemoteWebDriver.Execute(String driverCommandToExecute, Dictionary`2 parameters)
   em OpenQA.Selenium.Remote.RemoteWindow.Maximize()
   em CSharpSeleniumTemplate.Bases.TestBase.SetUp() na C:\Mantis2\csharpseleniumextentreporttemplate-master\CSharpSeleniumTemplate\Bases\TestBase.cs:linha 27
--TearDown
   em OpenQA.Selenium.Remote.RemoteWebDriver.UnpackAndThrowOnError(Response errorResponse)
   em OpenQA.Selenium.Remote.RemoteWebDriver.Execute(String driverCommandToExecute, Dictionary`2 parameters)
   em OpenQA.Selenium.Remote.RemoteWebDriver.GetScreenshot()
   em CSharpSeleniumTemplate.Helpers.GeneralHelpers.GetScreenshot(String path) na C:\Mantis2\csharpseleniumextentreporttemplate-master\CSharpSeleniumTemplate\Helpers\GeneralHelpers.cs:linha 65
   em CSharpSeleniumTemplate.Helpers.ExtentReportHelpers.GetScreenShotMedia() na C:\Mantis2\csharpseleniumextentreporttemplate-master\CSharpSeleniumTemplate\Helpers\ExtentReportHelpers.cs:linha 46
   em CSharpSeleniumTemplate.Helpers.ExtentReportHelpers.AddTestResult() na C:\Mantis2\csharpseleniumextentreporttemplate-master\CSharpSeleniumTemplate\Helpers\ExtentReportHelpers.cs:linha 60
   em CSharpSeleniumTemplate.Bases.TestBase.TearDown() na C:\Mantis2\csharpseleniumextentreporttemplate-master\CSharpSeleniumTemplate\Bases\TestBase.cs:linha 42]]></stack-trace>
            </failure>
          </test-case>
          <test-case id="0-1036" name="CampoResumoNaoPreenchido" fullname="CSharpSeleniumTemplate.Tests.CriarTarefa.CampoResumoNaoPreenchido" methodname="CampoResumoNaoPreenchido" classname="CSharpSeleniumTemplate.Tests.CriarTarefa" runstate="Runnable" seed="1396918500" result="Failed" label="Error" start-time="2019-05-29 17:03:53Z" end-time="2019-05-29 17:03:53Z" duration="0.075016" asserts="0">
            <failure>
              <message><![CDATA[OpenQA.Selenium.WebDriverException : Session [0a78a164-d9c8-42b0-9901-efc9dd25ea5e] was terminated due to TIMEOUT
TearDown : OpenQA.Selenium.WebDriverException : Session [0a78a164-d9c8-42b0-9901-efc9dd25ea5e] was terminated due to TIMEOUT]]></message>
              <stack-trace><![CDATA[   em OpenQA.Selenium.Remote.RemoteWebDriver.UnpackAndThrowOnError(Response errorResponse)
   em OpenQA.Selenium.Remote.RemoteWebDriver.Execute(String driverCommandToExecute, Dictionary`2 parameters)
   em OpenQA.Selenium.Remote.RemoteWindow.Maximize()
   em CSharpSeleniumTemplate.Bases.TestBase.SetUp() na C:\Mantis2\csharpseleniumextentreporttemplate-master\CSharpSeleniumTemplate\Bases\TestBase.cs:linha 27
--TearDown
   em OpenQA.Selenium.Remote.RemoteWebDriver.UnpackAndThrowOnError(Response errorResponse)
   em OpenQA.Selenium.Remote.RemoteWebDriver.Execute(String driverCommandToExecute, Dictionary`2 parameters)
   em OpenQA.Selenium.Remote.RemoteWebDriver.GetScreenshot()
   em CSharpSeleniumTemplate.Helpers.GeneralHelpers.GetScreenshot(String path) na C:\Mantis2\csharpseleniumextentreporttemplate-master\CSharpSeleniumTemplate\Helpers\GeneralHelpers.cs:linha 65
   em CSharpSeleniumTemplate.Helpers.ExtentReportHelpers.GetScreenShotMedia() na C:\Mantis2\csharpseleniumextentreporttemplate-master\CSharpSeleniumTemplate\Helpers\ExtentReportHelpers.cs:linha 46
   em CSharpSeleniumTemplate.Helpers.ExtentReportHelpers.AddTestResult() na C:\Mantis2\csharpseleniumextentreporttemplate-master\CSharpSeleniumTemplate\Helpers\ExtentReportHelpers.cs:linha 60
   em CSharpSeleniumTemplate.Bases.TestBase.TearDown() na C:\Mantis2\csharpseleniumextentreporttemplate-master\CSharpSeleniumTemplate\Bases\TestBase.cs:linha 42]]></stack-trace>
            </failure>
          </test-case>
        </test-suite>
        <test-suite type="TestFixture" id="0-1000" name="GerenciarCamposPersonalizados" fullname="CSharpSeleniumTemplate.Tests.GerenciarCamposPersonalizados" classname="CSharpSeleniumTemplate.Tests.GerenciarCamposPersonalizados" runstate="Runnable" testcasecount="5" result="Failed" site="Child" start-time="2019-05-29 17:04:03Z" end-time="2019-05-29 17:04:04Z" duration="1.266694" total="5" passed="0" failed="5" warnings="0" inconclusive="0" skipped="0" asserts="0">
          <failure>
            <message><![CDATA[One or more child tests had errors]]></message>
          </failure>
          <test-case id="0-1005" name="ApagarCampoPersonalizado" fullname="CSharpSeleniumTemplate.Tests.GerenciarCamposPersonalizados.ApagarCampoPersonalizado" methodname="ApagarCampoPersonalizado" classname="CSharpSeleniumTemplate.Tests.GerenciarCamposPersonalizados" runstate="Runnable" seed="292128504" result="Failed" label="Error" start-time="2019-05-29 17:04:03Z" end-time="2019-05-29 17:04:03Z" duration="0.080352" asserts="0">
            <failure>
              <message><![CDATA[OpenQA.Selenium.WebDriverException : Session [0a78a164-d9c8-42b0-9901-efc9dd25ea5e] was terminated due to TIMEOUT
TearDown : OpenQA.Selenium.WebDriverException : Session [0a78a164-d9c8-42b0-9901-efc9dd25ea5e] was terminated due to TIMEOUT]]></message>
              <stack-trace><![CDATA[   em OpenQA.Selenium.Remote.RemoteWebDriver.UnpackAndThrowOnError(Response errorResponse)
   em OpenQA.Selenium.Remote.RemoteWebDriver.Execute(String driverCommandToExecute, Dictionary`2 parameters)
   em OpenQA.Selenium.Remote.RemoteWindow.Maximize()
   em CSharpSeleniumTemplate.Bases.TestBase.SetUp() na C:\Mantis2\csharpseleniumextentreporttemplate-master\CSharpSeleniumTemplate\Bases\TestBase.cs:linha 27
--TearDown
   em OpenQA.Selenium.Remote.RemoteWebDriver.UnpackAndThrowOnError(Response errorResponse)
   em OpenQA.Selenium.Remote.RemoteWebDriver.Execute(String driverCommandToExecute, Dictionary`2 parameters)
   em OpenQA.Selenium.Remote.RemoteWebDriver.GetScreenshot()
   em CSharpSeleniumTemplate.Helpers.GeneralHelpers.GetScreenshot(String path) na C:\Mantis2\csharpseleniumextentreporttemplate-master\CSharpSeleniumTemplate\Helpers\GeneralHelpers.cs:linha 65
   em CSharpSeleniumTemplate.Helpers.ExtentReportHelpers.GetScreenShotMedia() na C:\Mantis2\csharpseleniumextentreporttemplate-master\CSharpSeleniumTemplate\Helpers\ExtentReportHelpers.cs:linha 46
   em CSharpSeleniumTemplate.Helpers.ExtentReportHelpers.AddTestResult() na C:\Mantis2\csharpseleniumextentreporttemplate-master\CSharpSeleniumTemplate\Helpers\ExtentReportHelpers.cs:linha 60
   em CSharpSeleniumTemplate.Bases.TestBase.TearDown() na C:\Mantis2\csharpseleniumextentreporttemplate-master\CSharpSeleniumTemplate\Bases\TestBase.cs:linha 42]]></stack-trace>
            </failure>
          </test-case>
          <test-case id="0-1001" name="CadastrarCampoPersonalizado" fullname="CSharpSeleniumTemplate.Tests.GerenciarCamposPersonalizados.CadastrarCampoPersonalizado" methodname="CadastrarCampoPersonalizado" classname="CSharpSeleniumTemplate.Tests.GerenciarCamposPersonalizados" runstate="Runnable" seed="2097958446" result="Failed" label="Error" start-time="2019-05-29 17:04:03Z" end-time="2019-05-29 17:04:03Z" duration="0.074370" asserts="0">
            <failure>
              <message><![CDATA[OpenQA.Selenium.WebDriverException : Session [0a78a164-d9c8-42b0-9901-efc9dd25ea5e] was terminated due to TIMEOUT
TearDown : OpenQA.Selenium.WebDriverException : Session [0a78a164-d9c8-42b0-9901-efc9dd25ea5e] was terminated due to TIMEOUT]]></message>
              <stack-trace><![CDATA[   em OpenQA.Selenium.Remote.RemoteWebDriver.UnpackAndThrowOnError(Response errorResponse)
   em OpenQA.Selenium.Remote.RemoteWebDriver.Execute(String driverCommandToExecute, Dictionary`2 parameters)
   em OpenQA.Selenium.Remote.RemoteWindow.Maximize()
   em CSharpSeleniumTemplate.Bases.TestBase.SetUp() na C:\Mantis2\csharpseleniumextentreporttemplate-master\CSharpSeleniumTemplate\Bases\TestBase.cs:linha 27
--TearDown
   em OpenQA.Selenium.Remote.RemoteWebDriver.UnpackAndThrowOnError(Response errorResponse)
   em OpenQA.Selenium.Remote.RemoteWebDriver.Execute(String driverCommandToExecute, Dictionary`2 parameters)
   em OpenQA.Selenium.Remote.RemoteWebDriver.GetScreenshot()
   em CSharpSeleniumTemplate.Helpers.GeneralHelpers.GetScreenshot(String path) na C:\Mantis2\csharpseleniumextentreporttemplate-master\CSharpSeleniumTemplate\Helpers\GeneralHelpers.cs:linha 65
   em CSharpSeleniumTemplate.Helpers.ExtentReportHelpers.GetScreenShotMedia() na C:\Mantis2\csharpseleniumextentreporttemplate-master\CSharpSeleniumTemplate\Helpers\ExtentReportHelpers.cs:linha 46
   em CSharpSeleniumTemplate.Helpers.ExtentReportHelpers.AddTestResult() na C:\Mantis2\csharpseleniumextentreporttemplate-master\CSharpSeleniumTemplate\Helpers\ExtentReportHelpers.cs:linha 60
   em CSharpSeleniumTemplate.Bases.TestBase.TearDown() na C:\Mantis2\csharpseleniumextentreporttemplate-master\CSharpSeleniumTemplate\Bases\TestBase.cs:linha 42]]></stack-trace>
            </failure>
          </test-case>
          <test-case id="0-1002" name="CampoObrigatorioNaoInformado" fullname="CSharpSeleniumTemplate.Tests.GerenciarCamposPersonalizados.CampoObrigatorioNaoInformado" methodname="CampoObrigatorioNaoInformado" classname="CSharpSeleniumTemplate.Tests.GerenciarCamposPersonalizados" runstate="Runnable" seed="167672062" result="Failed" label="Error" start-time="2019-05-29 17:04:03Z" end-time="2019-05-29 17:04:03Z" duration="0.065089" asserts="0">
            <failure>
              <message><![CDATA[OpenQA.Selenium.WebDriverException : Session [0a78a164-d9c8-42b0-9901-efc9dd25ea5e] was terminated due to TIMEOUT
TearDown : OpenQA.Selenium.WebDriverException : Session [0a78a164-d9c8-42b0-9901-efc9dd25ea5e] was terminated due to TIMEOUT]]></message>
              <stack-trace><![CDATA[   em OpenQA.Selenium.Remote.RemoteWebDriver.UnpackAndThrowOnError(Response errorResponse)
   em OpenQA.Selenium.Remote.RemoteWebDriver.Execute(String driverCommandToExecute, Dictionary`2 parameters)
   em OpenQA.Selenium.Remote.RemoteWindow.Maximize()
   em CSharpSeleniumTemplate.Bases.TestBase.SetUp() na C:\Mantis2\csharpseleniumextentreporttemplate-master\CSharpSeleniumTemplate\Bases\TestBase.cs:linha 27
--TearDown
   em OpenQA.Selenium.Remote.RemoteWebDriver.UnpackAndThrowOnError(Response errorResponse)
   em OpenQA.Selenium.Remote.RemoteWebDriver.Execute(String driverCommandToExecute, Dictionary`2 parameters)
   em OpenQA.Selenium.Remote.RemoteWebDriver.GetScreenshot()
   em CSharpSeleniumTemplate.Helpers.GeneralHelpers.GetScreenshot(String path) na C:\Mantis2\csharpseleniumextentreporttemplate-master\CSharpSeleniumTemplate\Helpers\GeneralHelpers.cs:linha 65
   em CSharpSeleniumTemplate.Helpers.ExtentReportHelpers.GetScreenShotMedia() na C:\Mantis2\csharpseleniumextentreporttemplate-master\CSharpSeleniumTemplate\Helpers\ExtentReportHelpers.cs:linha 46
   em CSharpSeleniumTemplate.Helpers.ExtentReportHelpers.AddTestResult() na C:\Mantis2\csharpseleniumextentreporttemplate-master\CSharpSeleniumTemplate\Helpers\ExtentReportHelpers.cs:linha 60
   em CSharpSeleniumTemplate.Bases.TestBase.TearDown() na C:\Mantis2\csharpseleniumextentreporttemplate-master\CSharpSeleniumTemplate\Bases\TestBase.cs:linha 42]]></stack-trace>
            </failure>
          </test-case>
          <test-case id="0-1003" name="CampoPersonalizadoJaCadastrado" fullname="CSharpSeleniumTemplate.Tests.GerenciarCamposPersonalizados.CampoPersonalizadoJaCadastrado" methodname="CampoPersonalizadoJaCadastrado" classname="CSharpSeleniumTemplate.Tests.GerenciarCamposPersonalizados" runstate="Runnable" seed="555745332" result="Failed" label="Error" start-time="2019-05-29 17:04:03Z" end-time="2019-05-29 17:04:03Z" duration="0.071510" asserts="0">
            <failure>
              <message><![CDATA[OpenQA.Selenium.WebDriverException : Session [0a78a164-d9c8-42b0-9901-efc9dd25ea5e] was terminated due to TIMEOUT
TearDown : OpenQA.Selenium.WebDriverException : Session [0a78a164-d9c8-42b0-9901-efc9dd25ea5e] was terminated due to TIMEOUT]]></message>
              <stack-trace><![CDATA[   em OpenQA.Selenium.Remote.RemoteWebDriver.UnpackAndThrowOnError(Response errorResponse)
   em OpenQA.Selenium.Remote.RemoteWebDriver.Execute(String driverCommandToExecute, Dictionary`2 parameters)
   em OpenQA.Selenium.Remote.RemoteWindow.Maximize()
   em CSharpSeleniumTemplate.Bases.TestBase.SetUp() na C:\Mantis2\csharpseleniumextentreporttemplate-master\CSharpSeleniumTemplate\Bases\TestBase.cs:linha 27
--TearDown
   em OpenQA.Selenium.Remote.RemoteWebDriver.UnpackAndThrowOnError(Response errorResponse)
   em OpenQA.Selenium.Remote.RemoteWebDriver.Execute(String driverCommandToExecute, Dictionary`2 parameters)
   em OpenQA.Selenium.Remote.RemoteWebDriver.GetScreenshot()
   em CSharpSeleniumTemplate.Helpers.GeneralHelpers.GetScreenshot(String path) na C:\Mantis2\csharpseleniumextentreporttemplate-master\CSharpSeleniumTemplate\Helpers\GeneralHelpers.cs:linha 65
   em CSharpSeleniumTemplate.Helpers.ExtentReportHelpers.GetScreenShotMedia() na C:\Mantis2\csharpseleniumextentreporttemplate-master\CSharpSeleniumTemplate\Helpers\ExtentReportHelpers.cs:linha 46
   em CSharpSeleniumTemplate.Helpers.ExtentReportHelpers.AddTestResult() na C:\Mantis2\csharpseleniumextentreporttemplate-master\CSharpSeleniumTemplate\Helpers\ExtentReportHelpers.cs:linha 60
   em CSharpSeleniumTemplate.Bases.TestBase.TearDown() na C:\Mantis2\csharpseleniumextentreporttemplate-master\CSharpSeleniumTemplate\Bases\TestBase.cs:linha 42]]></stack-trace>
            </failure>
          </test-case>
          <test-case id="0-1004" name="EditarCampoPersonalizado" fullname="CSharpSeleniumTemplate.Tests.GerenciarCamposPersonalizados.EditarCampoPersonalizado" methodname="EditarCampoPersonalizado" classname="CSharpSeleniumTemplate.Tests.GerenciarCamposPersonalizados" runstate="Runnable" seed="1955608757" result="Failed" label="Error" start-time="2019-05-29 17:04:03Z" end-time="2019-05-29 17:04:03Z" duration="0.064615" asserts="0">
            <failure>
              <message><![CDATA[OpenQA.Selenium.WebDriverException : Session [0a78a164-d9c8-42b0-9901-efc9dd25ea5e] was terminated due to TIMEOUT
TearDown : OpenQA.Selenium.WebDriverException : Session [0a78a164-d9c8-42b0-9901-efc9dd25ea5e] was terminated due to TIMEOUT]]></message>
              <stack-trace><![CDATA[   em OpenQA.Selenium.Remote.RemoteWebDriver.UnpackAndThrowOnError(Response errorResponse)
   em OpenQA.Selenium.Remote.RemoteWebDriver.Execute(String driverCommandToExecute, Dictionary`2 parameters)
   em OpenQA.Selenium.Remote.RemoteWindow.Maximize()
   em CSharpSeleniumTemplate.Bases.TestBase.SetUp() na C:\Mantis2\csharpseleniumextentreporttemplate-master\CSharpSeleniumTemplate\Bases\TestBase.cs:linha 27
--TearDown
   em OpenQA.Selenium.Remote.RemoteWebDriver.UnpackAndThrowOnError(Response errorResponse)
   em OpenQA.Selenium.Remote.RemoteWebDriver.Execute(String driverCommandToExecute, Dictionary`2 parameters)
   em OpenQA.Selenium.Remote.RemoteWebDriver.GetScreenshot()
   em CSharpSeleniumTemplate.Helpers.GeneralHelpers.GetScreenshot(String path) na C:\Mantis2\csharpseleniumextentreporttemplate-master\CSharpSeleniumTemplate\Helpers\GeneralHelpers.cs:linha 65
   em CSharpSeleniumTemplate.Helpers.ExtentReportHelpers.GetScreenShotMedia() na C:\Mantis2\csharpseleniumextentreporttemplate-master\CSharpSeleniumTemplate\Helpers\ExtentReportHelpers.cs:linha 46
   em CSharpSeleniumTemplate.Helpers.ExtentReportHelpers.AddTestResult() na C:\Mantis2\csharpseleniumextentreporttemplate-master\CSharpSeleniumTemplate\Helpers\ExtentReportHelpers.cs:linha 60
   em CSharpSeleniumTemplate.Bases.TestBase.TearDown() na C:\Mantis2\csharpseleniumextentreporttemplate-master\CSharpSeleniumTemplate\Bases\TestBase.cs:linha 42]]></stack-trace>
            </failure>
          </test-case>
        </test-suite>
        <test-suite type="TestFixture" id="0-1038" name="GerenciarCategorias" fullname="CSharpSeleniumTemplate.Tests.GerenciarCategorias" classname="CSharpSeleniumTemplate.Tests.GerenciarCategorias" runstate="Runnable" testcasecount="5" result="Failed" site="Child" start-time="2019-05-29 17:04:04Z" end-time="2019-05-29 17:04:04Z" duration="0.383648" total="5" passed="0" failed="5" warnings="0" inconclusive="0" skipped="0" asserts="0">
          <failure>
            <message><![CDATA[One or more child tests had errors]]></message>
          </failure>
          <test-case id="0-1043" name="ApagarCategoria" fullname="CSharpSeleniumTemplate.Tests.GerenciarCategorias.ApagarCategoria" methodname="ApagarCategoria" classname="CSharpSeleniumTemplate.Tests.GerenciarCategorias" runstate="Runnable" seed="1861173971" result="Failed" label="Error" start-time="2019-05-29 17:04:04Z" end-time="2019-05-29 17:04:04Z" duration="0.062626" asserts="0">
            <failure>
              <message><![CDATA[OpenQA.Selenium.WebDriverException : Session [0a78a164-d9c8-42b0-9901-efc9dd25ea5e] was terminated due to TIMEOUT
TearDown : OpenQA.Selenium.WebDriverException : Session [0a78a164-d9c8-42b0-9901-efc9dd25ea5e] was terminated due to TIMEOUT]]></message>
              <stack-trace><![CDATA[   em OpenQA.Selenium.Remote.RemoteWebDriver.UnpackAndThrowOnError(Response errorResponse)
   em OpenQA.Selenium.Remote.RemoteWebDriver.Execute(String driverCommandToExecute, Dictionary`2 parameters)
   em OpenQA.Selenium.Remote.RemoteWindow.Maximize()
   em CSharpSeleniumTemplate.Bases.TestBase.SetUp() na C:\Mantis2\csharpseleniumextentreporttemplate-master\CSharpSeleniumTemplate\Bases\TestBase.cs:linha 27
--TearDown
   em OpenQA.Selenium.Remote.RemoteWebDriver.UnpackAndThrowOnError(Response errorResponse)
   em OpenQA.Selenium.Remote.RemoteWebDriver.Execute(String driverCommandToExecute, Dictionary`2 parameters)
   em OpenQA.Selenium.Remote.RemoteWebDriver.GetScreenshot()
   em CSharpSeleniumTemplate.Helpers.GeneralHelpers.GetScreenshot(String path) na C:\Mantis2\csharpseleniumextentreporttemplate-master\CSharpSeleniumTemplate\Helpers\GeneralHelpers.cs:linha 65
   em CSharpSeleniumTemplate.Helpers.ExtentReportHelpers.GetScreenShotMedia() na C:\Mantis2\csharpseleniumextentreporttemplate-master\CSharpSeleniumTemplate\Helpers\ExtentReportHelpers.cs:linha 46
   em CSharpSeleniumTemplate.Helpers.ExtentReportHelpers.AddTestResult() na C:\Mantis2\csharpseleniumextentreporttemplate-master\CSharpSeleniumTemplate\Helpers\ExtentReportHelpers.cs:linha 60
   em CSharpSeleniumTemplate.Bases.TestBase.TearDown() na C:\Mantis2\csharpseleniumextentreporttemplate-master\CSharpSeleniumTemplate\Bases\TestBase.cs:linha 42]]></stack-trace>
            </failure>
          </test-case>
          <test-case id="0-1039" name="CadastrarCategoria" fullname="CSharpSeleniumTemplate.Tests.GerenciarCategorias.CadastrarCategoria" methodname="CadastrarCategoria" classname="CSharpSeleniumTemplate.Tests.GerenciarCategorias" runstate="Runnable" seed="1831207089" result="Failed" label="Error" start-time="2019-05-29 17:04:04Z" end-time="2019-05-29 17:04:04Z" duration="0.067305" asserts="0">
            <failure>
              <message><![CDATA[OpenQA.Selenium.WebDriverException : Session [0a78a164-d9c8-42b0-9901-efc9dd25ea5e] was terminated due to TIMEOUT
TearDown : OpenQA.Selenium.WebDriverException : Session [0a78a164-d9c8-42b0-9901-efc9dd25ea5e] was terminated due to TIMEOUT]]></message>
              <stack-trace><![CDATA[   em OpenQA.Selenium.Remote.RemoteWebDriver.UnpackAndThrowOnError(Response errorResponse)
   em OpenQA.Selenium.Remote.RemoteWebDriver.Execute(String driverCommandToExecute, Dictionary`2 parameters)
   em OpenQA.Selenium.Remote.RemoteWindow.Maximize()
   em CSharpSeleniumTemplate.Bases.TestBase.SetUp() na C:\Mantis2\csharpseleniumextentreporttemplate-master\CSharpSeleniumTemplate\Bases\TestBase.cs:linha 27
--TearDown
   em OpenQA.Selenium.Remote.RemoteWebDriver.UnpackAndThrowOnError(Response errorResponse)
   em OpenQA.Selenium.Remote.RemoteWebDriver.Execute(String driverCommandToExecute, Dictionary`2 parameters)
   em OpenQA.Selenium.Remote.RemoteWebDriver.GetScreenshot()
   em CSharpSeleniumTemplate.Helpers.GeneralHelpers.GetScreenshot(String path) na C:\Mantis2\csharpseleniumextentreporttemplate-master\CSharpSeleniumTemplate\Helpers\GeneralHelpers.cs:linha 65
   em CSharpSeleniumTemplate.Helpers.ExtentReportHelpers.GetScreenShotMedia() na C:\Mantis2\csharpseleniumextentreporttemplate-master\CSharpSeleniumTemplate\Helpers\ExtentReportHelpers.cs:linha 46
   em CSharpSeleniumTemplate.Helpers.ExtentReportHelpers.AddTestResult() na C:\Mantis2\csharpseleniumextentreporttemplate-master\CSharpSeleniumTemplate\Helpers\ExtentReportHelpers.cs:linha 60
   em CSharpSeleniumTemplate.Bases.TestBase.TearDown() na C:\Mantis2\csharpseleniumextentreporttemplate-master\CSharpSeleniumTemplate\Bases\TestBase.cs:linha 42]]></stack-trace>
            </failure>
          </test-case>
          <test-case id="0-1041" name="CampoObrigatorioNaoPreenchido" fullname="CSharpSeleniumTemplate.Tests.GerenciarCategorias.CampoObrigatorioNaoPreenchido" methodname="CampoObrigatorioNaoPreenchido" classname="CSharpSeleniumTemplate.Tests.GerenciarCategorias" runstate="Runnable" seed="444783266" result="Failed" label="Error" start-time="2019-05-29 17:04:04Z" end-time="2019-05-29 17:04:04Z" duration="0.068382" asserts="0">
            <failure>
              <message><![CDATA[OpenQA.Selenium.WebDriverException : Session [0a78a164-d9c8-42b0-9901-efc9dd25ea5e] was terminated due to TIMEOUT
TearDown : OpenQA.Selenium.WebDriverException : Session [0a78a164-d9c8-42b0-9901-efc9dd25ea5e] was terminated due to TIMEOUT]]></message>
              <stack-trace><![CDATA[   em OpenQA.Selenium.Remote.RemoteWebDriver.UnpackAndThrowOnError(Response errorResponse)
   em OpenQA.Selenium.Remote.RemoteWebDriver.Execute(String driverCommandToExecute, Dictionary`2 parameters)
   em OpenQA.Selenium.Remote.RemoteWindow.Maximize()
   em CSharpSeleniumTemplate.Bases.TestBase.SetUp() na C:\Mantis2\csharpseleniumextentreporttemplate-master\CSharpSeleniumTemplate\Bases\TestBase.cs:linha 27
--TearDown
   em OpenQA.Selenium.Remote.RemoteWebDriver.UnpackAndThrowOnError(Response errorResponse)
   em OpenQA.Selenium.Remote.RemoteWebDriver.Execute(String driverCommandToExecute, Dictionary`2 parameters)
   em OpenQA.Selenium.Remote.RemoteWebDriver.GetScreenshot()
   em CSharpSeleniumTemplate.Helpers.GeneralHelpers.GetScreenshot(String path) na C:\Mantis2\csharpseleniumextentreporttemplate-master\CSharpSeleniumTemplate\Helpers\GeneralHelpers.cs:linha 65
   em CSharpSeleniumTemplate.Helpers.ExtentReportHelpers.GetScreenShotMedia() na C:\Mantis2\csharpseleniumextentreporttemplate-master\CSharpSeleniumTemplate\Helpers\ExtentReportHelpers.cs:linha 46
   em CSharpSeleniumTemplate.Helpers.ExtentReportHelpers.AddTestResult() na C:\Mantis2\csharpseleniumextentreporttemplate-master\CSharpSeleniumTemplate\Helpers\ExtentReportHelpers.cs:linha 60
   em CSharpSeleniumTemplate.Bases.TestBase.TearDown() na C:\Mantis2\csharpseleniumextentreporttemplate-master\CSharpSeleniumTemplate\Bases\TestBase.cs:linha 42]]></stack-trace>
            </failure>
          </test-case>
          <test-case id="0-1040" name="CategoriaJaCadastrada" fullname="CSharpSeleniumTemplate.Tests.GerenciarCategorias.CategoriaJaCadastrada" methodname="CategoriaJaCadastrada" classname="CSharpSeleniumTemplate.Tests.GerenciarCategorias" runstate="Runnable" seed="668143209" result="Failed" label="Error" start-time="2019-05-29 17:04:04Z" end-time="2019-05-29 17:04:04Z" duration="0.067792" asserts="0">
            <failure>
              <message><![CDATA[OpenQA.Selenium.WebDriverException : Session [0a78a164-d9c8-42b0-9901-efc9dd25ea5e] was terminated due to TIMEOUT
TearDown : OpenQA.Selenium.WebDriverException : Session [0a78a164-d9c8-42b0-9901-efc9dd25ea5e] was terminated due to TIMEOUT]]></message>
              <stack-trace><![CDATA[   em OpenQA.Selenium.Remote.RemoteWebDriver.UnpackAndThrowOnError(Response errorResponse)
   em OpenQA.Selenium.Remote.RemoteWebDriver.Execute(String driverCommandToExecute, Dictionary`2 parameters)
   em OpenQA.Selenium.Remote.RemoteWindow.Maximize()
   em CSharpSeleniumTemplate.Bases.TestBase.SetUp() na C:\Mantis2\csharpseleniumextentreporttemplate-master\CSharpSeleniumTemplate\Bases\TestBase.cs:linha 27
--TearDown
   em OpenQA.Selenium.Remote.RemoteWebDriver.UnpackAndThrowOnError(Response errorResponse)
   em OpenQA.Selenium.Remote.RemoteWebDriver.Execute(String driverCommandToExecute, Dictionary`2 parameters)
   em OpenQA.Selenium.Remote.RemoteWebDriver.GetScreenshot()
   em CSharpSeleniumTemplate.Helpers.GeneralHelpers.GetScreenshot(String path) na C:\Mantis2\csharpseleniumextentreporttemplate-master\CSharpSeleniumTemplate\Helpers\GeneralHelpers.cs:linha 65
   em CSharpSeleniumTemplate.Helpers.ExtentReportHelpers.GetScreenShotMedia() na C:\Mantis2\csharpseleniumextentreporttemplate-master\CSharpSeleniumTemplate\Helpers\ExtentReportHelpers.cs:linha 46
   em CSharpSeleniumTemplate.Helpers.ExtentReportHelpers.AddTestResult() na C:\Mantis2\csharpseleniumextentreporttemplate-master\CSharpSeleniumTemplate\Helpers\ExtentReportHelpers.cs:linha 60
   em CSharpSeleniumTemplate.Bases.TestBase.TearDown() na C:\Mantis2\csharpseleniumextentreporttemplate-master\CSharpSeleniumTemplate\Bases\TestBase.cs:linha 42]]></stack-trace>
            </failure>
          </test-case>
          <test-case id="0-1042" name="EditarCategoria" fullname="CSharpSeleniumTemplate.Tests.GerenciarCategorias.EditarCategoria" methodname="EditarCategoria" classname="CSharpSeleniumTemplate.Tests.GerenciarCategorias" runstate="Runnable" seed="2084555133" result="Failed" label="Error" start-time="2019-05-29 17:04:04Z" end-time="2019-05-29 17:04:04Z" duration="0.078938" asserts="0">
            <failure>
              <message><![CDATA[OpenQA.Selenium.WebDriverException : Session [0a78a164-d9c8-42b0-9901-efc9dd25ea5e] was terminated due to TIMEOUT
TearDown : OpenQA.Selenium.WebDriverException : Session [0a78a164-d9c8-42b0-9901-efc9dd25ea5e] was terminated due to TIMEOUT]]></message>
              <stack-trace><![CDATA[   em OpenQA.Selenium.Remote.RemoteWebDriver.UnpackAndThrowOnError(Response errorResponse)
   em OpenQA.Selenium.Remote.RemoteWebDriver.Execute(String driverCommandToExecute, Dictionary`2 parameters)
   em OpenQA.Selenium.Remote.RemoteWindow.Maximize()
   em CSharpSeleniumTemplate.Bases.TestBase.SetUp() na C:\Mantis2\csharpseleniumextentreporttemplate-master\CSharpSeleniumTemplate\Bases\TestBase.cs:linha 27
--TearDown
   em OpenQA.Selenium.Remote.RemoteWebDriver.UnpackAndThrowOnError(Response errorResponse)
   em OpenQA.Selenium.Remote.RemoteWebDriver.Execute(String driverCommandToExecute, Dictionary`2 parameters)
   em OpenQA.Selenium.Remote.RemoteWebDriver.GetScreenshot()
   em CSharpSeleniumTemplate.Helpers.GeneralHelpers.GetScreenshot(String path) na C:\Mantis2\csharpseleniumextentreporttemplate-master\CSharpSeleniumTemplate\Helpers\GeneralHelpers.cs:linha 65
   em CSharpSeleniumTemplate.Helpers.ExtentReportHelpers.GetScreenShotMedia() na C:\Mantis2\csharpseleniumextentreporttemplate-master\CSharpSeleniumTemplate\Helpers\ExtentReportHelpers.cs:linha 46
   em CSharpSeleniumTemplate.Helpers.ExtentReportHelpers.AddTestResult() na C:\Mantis2\csharpseleniumextentreporttemplate-master\CSharpSeleniumTemplate\Helpers\ExtentReportHelpers.cs:linha 60
   em CSharpSeleniumTemplate.Bases.TestBase.TearDown() na C:\Mantis2\csharpseleniumextentreporttemplate-master\CSharpSeleniumTemplate\Bases\TestBase.cs:linha 42]]></stack-trace>
            </failure>
          </test-case>
        </test-suite>
        <test-suite type="TestFixture" id="0-1006" name="GerenciarMarcadores" fullname="CSharpSeleniumTemplate.Tests.GerenciarMarcadores" classname="CSharpSeleniumTemplate.Tests.GerenciarMarcadores" runstate="Runnable" testcasecount="5" result="Failed" site="Child" start-time="2019-05-29 17:04:04Z" end-time="2019-05-29 17:04:05Z" duration="0.367604" total="5" passed="0" failed="5" warnings="0" inconclusive="0" skipped="0" asserts="0">
          <failure>
            <message><![CDATA[One or more child tests had errors]]></message>
          </failure>
          <test-case id="0-1010" name="ApagarMarcador" fullname="CSharpSeleniumTemplate.Tests.GerenciarMarcadores.ApagarMarcador" methodname="ApagarMarcador" classname="CSharpSeleniumTemplate.Tests.GerenciarMarcadores" runstate="Runnable" seed="537540098" result="Failed" label="Error" start-time="2019-05-29 17:04:04Z" end-time="2019-05-29 17:04:04Z" duration="0.070607" asserts="0">
            <failure>
              <message><![CDATA[OpenQA.Selenium.WebDriverException : Session [0a78a164-d9c8-42b0-9901-efc9dd25ea5e] was terminated due to TIMEOUT
TearDown : OpenQA.Selenium.WebDriverException : Session [0a78a164-d9c8-42b0-9901-efc9dd25ea5e] was terminated due to TIMEOUT]]></message>
              <stack-trace><![CDATA[   em OpenQA.Selenium.Remote.RemoteWebDriver.UnpackAndThrowOnError(Response errorResponse)
   em OpenQA.Selenium.Remote.RemoteWebDriver.Execute(String driverCommandToExecute, Dictionary`2 parameters)
   em OpenQA.Selenium.Remote.RemoteWindow.Maximize()
   em CSharpSeleniumTemplate.Bases.TestBase.SetUp() na C:\Mantis2\csharpseleniumextentreporttemplate-master\CSharpSeleniumTemplate\Bases\TestBase.cs:linha 27
--TearDown
   em OpenQA.Selenium.Remote.RemoteWebDriver.UnpackAndThrowOnError(Response errorResponse)
   em OpenQA.Selenium.Remote.RemoteWebDriver.Execute(String driverCommandToExecute, Dictionary`2 parameters)
   em OpenQA.Selenium.Remote.RemoteWebDriver.GetScreenshot()
   em CSharpSeleniumTemplate.Helpers.GeneralHelpers.GetScreenshot(String path) na C:\Mantis2\csharpseleniumextentreporttemplate-master\CSharpSeleniumTemplate\Helpers\GeneralHelpers.cs:linha 65
   em CSharpSeleniumTemplate.Helpers.ExtentReportHelpers.GetScreenShotMedia() na C:\Mantis2\csharpseleniumextentreporttemplate-master\CSharpSeleniumTemplate\Helpers\ExtentReportHelpers.cs:linha 46
   em CSharpSeleniumTemplate.Helpers.ExtentReportHelpers.AddTestResult() na C:\Mantis2\csharpseleniumextentreporttemplate-master\CSharpSeleniumTemplate\Helpers\ExtentReportHelpers.cs:linha 60
   em CSharpSeleniumTemplate.Bases.TestBase.TearDown() na C:\Mantis2\csharpseleniumextentreporttemplate-master\CSharpSeleniumTemplate\Bases\TestBase.cs:linha 42]]></stack-trace>
            </failure>
          </test-case>
          <test-case id="0-1007" name="CadastrarMarcador" fullname="CSharpSeleniumTemplate.Tests.GerenciarMarcadores.CadastrarMarcador" methodname="CadastrarMarcador" classname="CSharpSeleniumTemplate.Tests.GerenciarMarcadores" runstate="Runnable" seed="2121320523" result="Failed" label="Error" start-time="2019-05-29 17:04:04Z" end-time="2019-05-29 17:04:04Z" duration="0.065072" asserts="0">
            <failure>
              <message><![CDATA[OpenQA.Selenium.WebDriverException : Session [0a78a164-d9c8-42b0-9901-efc9dd25ea5e] was terminated due to TIMEOUT
TearDown : OpenQA.Selenium.WebDriverException : Session [0a78a164-d9c8-42b0-9901-efc9dd25ea5e] was terminated due to TIMEOUT]]></message>
              <stack-trace><![CDATA[   em OpenQA.Selenium.Remote.RemoteWebDriver.UnpackAndThrowOnError(Response errorResponse)
   em OpenQA.Selenium.Remote.RemoteWebDriver.Execute(String driverCommandToExecute, Dictionary`2 parameters)
   em OpenQA.Selenium.Remote.RemoteWindow.Maximize()
   em CSharpSeleniumTemplate.Bases.TestBase.SetUp() na C:\Mantis2\csharpseleniumextentreporttemplate-master\CSharpSeleniumTemplate\Bases\TestBase.cs:linha 27
--TearDown
   em OpenQA.Selenium.Remote.RemoteWebDriver.UnpackAndThrowOnError(Response errorResponse)
   em OpenQA.Selenium.Remote.RemoteWebDriver.Execute(String driverCommandToExecute, Dictionary`2 parameters)
   em OpenQA.Selenium.Remote.RemoteWebDriver.GetScreenshot()
   em CSharpSeleniumTemplate.Helpers.GeneralHelpers.GetScreenshot(String path) na C:\Mantis2\csharpseleniumextentreporttemplate-master\CSharpSeleniumTemplate\Helpers\GeneralHelpers.cs:linha 65
   em CSharpSeleniumTemplate.Helpers.ExtentReportHelpers.GetScreenShotMedia() na C:\Mantis2\csharpseleniumextentreporttemplate-master\CSharpSeleniumTemplate\Helpers\ExtentReportHelpers.cs:linha 46
   em CSharpSeleniumTemplate.Helpers.ExtentReportHelpers.AddTestResult() na C:\Mantis2\csharpseleniumextentreporttemplate-master\CSharpSeleniumTemplate\Helpers\ExtentReportHelpers.cs:linha 60
   em CSharpSeleniumTemplate.Bases.TestBase.TearDown() na C:\Mantis2\csharpseleniumextentreporttemplate-master\CSharpSeleniumTemplate\Bases\TestBase.cs:linha 42]]></stack-trace>
            </failure>
          </test-case>
          <test-case id="0-1008" name="CampoObrigatorioNaoPreenchido" fullname="CSharpSeleniumTemplate.Tests.GerenciarMarcadores.CampoObrigatorioNaoPreenchido" methodname="CampoObrigatorioNaoPreenchido" classname="CSharpSeleniumTemplate.Tests.GerenciarMarcadores" runstate="Runnable" seed="1909410285" result="Failed" label="Error" start-time="2019-05-29 17:04:04Z" end-time="2019-05-29 17:04:05Z" duration="0.070999" asserts="0">
            <failure>
              <message><![CDATA[OpenQA.Selenium.WebDriverException : Session [0a78a164-d9c8-42b0-9901-efc9dd25ea5e] was terminated due to TIMEOUT
TearDown : OpenQA.Selenium.WebDriverException : Session [0a78a164-d9c8-42b0-9901-efc9dd25ea5e] was terminated due to TIMEOUT]]></message>
              <stack-trace><![CDATA[   em OpenQA.Selenium.Remote.RemoteWebDriver.UnpackAndThrowOnError(Response errorResponse)
   em OpenQA.Selenium.Remote.RemoteWebDriver.Execute(String driverCommandToExecute, Dictionary`2 parameters)
   em OpenQA.Selenium.Remote.RemoteWindow.Maximize()
   em CSharpSeleniumTemplate.Bases.TestBase.SetUp() na C:\Mantis2\csharpseleniumextentreporttemplate-master\CSharpSeleniumTemplate\Bases\TestBase.cs:linha 27
--TearDown
   em OpenQA.Selenium.Remote.RemoteWebDriver.UnpackAndThrowOnError(Response errorResponse)
   em OpenQA.Selenium.Remote.RemoteWebDriver.Execute(String driverCommandToExecute, Dictionary`2 parameters)
   em OpenQA.Selenium.Remote.RemoteWebDriver.GetScreenshot()
   em CSharpSeleniumTemplate.Helpers.GeneralHelpers.GetScreenshot(String path) na C:\Mantis2\csharpseleniumextentreporttemplate-master\CSharpSeleniumTemplate\Helpers\GeneralHelpers.cs:linha 65
   em CSharpSeleniumTemplate.Helpers.ExtentReportHelpers.GetScreenShotMedia() na C:\Mantis2\csharpseleniumextentreporttemplate-master\CSharpSeleniumTemplate\Helpers\ExtentReportHelpers.cs:linha 46
   em CSharpSeleniumTemplate.Helpers.ExtentReportHelpers.AddTestResult() na C:\Mantis2\csharpseleniumextentreporttemplate-master\CSharpSeleniumTemplate\Helpers\ExtentReportHelpers.cs:linha 60
   em CSharpSeleniumTemplate.Bases.TestBase.TearDown() na C:\Mantis2\csharpseleniumextentreporttemplate-master\CSharpSeleniumTemplate\Bases\TestBase.cs:linha 42]]></stack-trace>
            </failure>
          </test-case>
          <test-case id="0-1009" name="EditarMarcador" fullname="CSharpSeleniumTemplate.Tests.GerenciarMarcadores.EditarMarcador" methodname="EditarMarcador" classname="CSharpSeleniumTemplate.Tests.GerenciarMarcadores" runstate="Runnable" seed="1041879871" result="Failed" label="Error" start-time="2019-05-29 17:04:05Z" end-time="2019-05-29 17:04:05Z" duration="0.064352" asserts="0">
            <failure>
              <message><![CDATA[OpenQA.Selenium.WebDriverException : Session [0a78a164-d9c8-42b0-9901-efc9dd25ea5e] was terminated due to TIMEOUT
TearDown : OpenQA.Selenium.WebDriverException : Session [0a78a164-d9c8-42b0-9901-efc9dd25ea5e] was terminated due to TIMEOUT]]></message>
              <stack-trace><![CDATA[   em OpenQA.Selenium.Remote.RemoteWebDriver.UnpackAndThrowOnError(Response errorResponse)
   em OpenQA.Selenium.Remote.RemoteWebDriver.Execute(String driverCommandToExecute, Dictionary`2 parameters)
   em OpenQA.Selenium.Remote.RemoteWindow.Maximize()
   em CSharpSeleniumTemplate.Bases.TestBase.SetUp() na C:\Mantis2\csharpseleniumextentreporttemplate-master\CSharpSeleniumTemplate\Bases\TestBase.cs:linha 27
--TearDown
   em OpenQA.Selenium.Remote.RemoteWebDriver.UnpackAndThrowOnError(Response errorResponse)
   em OpenQA.Selenium.Remote.RemoteWebDriver.Execute(String driverCommandToExecute, Dictionary`2 parameters)
   em OpenQA.Selenium.Remote.RemoteWebDriver.GetScreenshot()
   em CSharpSeleniumTemplate.Helpers.GeneralHelpers.GetScreenshot(String path) na C:\Mantis2\csharpseleniumextentreporttemplate-master\CSharpSeleniumTemplate\Helpers\GeneralHelpers.cs:linha 65
   em CSharpSeleniumTemplate.Helpers.ExtentReportHelpers.GetScreenShotMedia() na C:\Mantis2\csharpseleniumextentreporttemplate-master\CSharpSeleniumTemplate\Helpers\ExtentReportHelpers.cs:linha 46
   em CSharpSeleniumTemplate.Helpers.ExtentReportHelpers.AddTestResult() na C:\Mantis2\csharpseleniumextentreporttemplate-master\CSharpSeleniumTemplate\Helpers\ExtentReportHelpers.cs:linha 60
   em CSharpSeleniumTemplate.Bases.TestBase.TearDown() na C:\Mantis2\csharpseleniumextentreporttemplate-master\CSharpSeleniumTemplate\Bases\TestBase.cs:linha 42]]></stack-trace>
            </failure>
          </test-case>
          <test-case id="0-1011" name="VoltarAoDetalheMarcador" fullname="CSharpSeleniumTemplate.Tests.GerenciarMarcadores.VoltarAoDetalheMarcador" methodname="VoltarAoDetalheMarcador" classname="CSharpSeleniumTemplate.Tests.GerenciarMarcadores" runstate="Runnable" seed="375947460" result="Failed" label="Error" start-time="2019-05-29 17:04:05Z" end-time="2019-05-29 17:04:05Z" duration="0.079964" asserts="0">
            <failure>
              <message><![CDATA[OpenQA.Selenium.WebDriverException : Session [0a78a164-d9c8-42b0-9901-efc9dd25ea5e] was terminated due to TIMEOUT
TearDown : OpenQA.Selenium.WebDriverException : Session [0a78a164-d9c8-42b0-9901-efc9dd25ea5e] was terminated due to TIMEOUT]]></message>
              <stack-trace><![CDATA[   em OpenQA.Selenium.Remote.RemoteWebDriver.UnpackAndThrowOnError(Response errorResponse)
   em OpenQA.Selenium.Remote.RemoteWebDriver.Execute(String driverCommandToExecute, Dictionary`2 parameters)
   em OpenQA.Selenium.Remote.RemoteWindow.Maximize()
   em CSharpSeleniumTemplate.Bases.TestBase.SetUp() na C:\Mantis2\csharpseleniumextentreporttemplate-master\CSharpSeleniumTemplate\Bases\TestBase.cs:linha 27
--TearDown
   em OpenQA.Selenium.Remote.RemoteWebDriver.UnpackAndThrowOnError(Response errorResponse)
   em OpenQA.Selenium.Remote.RemoteWebDriver.Execute(String driverCommandToExecute, Dictionary`2 parameters)
   em OpenQA.Selenium.Remote.RemoteWebDriver.GetScreenshot()
   em CSharpSeleniumTemplate.Helpers.GeneralHelpers.GetScreenshot(String path) na C:\Mantis2\csharpseleniumextentreporttemplate-master\CSharpSeleniumTemplate\Helpers\GeneralHelpers.cs:linha 65
   em CSharpSeleniumTemplate.Helpers.ExtentReportHelpers.GetScreenShotMedia() na C:\Mantis2\csharpseleniumextentreporttemplate-master\CSharpSeleniumTemplate\Helpers\ExtentReportHelpers.cs:linha 46
   em CSharpSeleniumTemplate.Helpers.ExtentReportHelpers.AddTestResult() na C:\Mantis2\csharpseleniumextentreporttemplate-master\CSharpSeleniumTemplate\Helpers\ExtentReportHelpers.cs:linha 60
   em CSharpSeleniumTemplate.Bases.TestBase.TearDown() na C:\Mantis2\csharpseleniumextentreporttemplate-master\CSharpSeleniumTemplate\Bases\TestBase.cs:linha 42]]></stack-trace>
            </failure>
          </test-case>
        </test-suite>
        <test-suite type="TestFixture" id="0-1012" name="GerenciarPerfisGlobais" fullname="CSharpSeleniumTemplate.Tests.GerenciarPerfisGlobais" classname="CSharpSeleniumTemplate.Tests.GerenciarPerfisGlobais" runstate="Runnable" testcasecount="8" result="Failed" site="Child" start-time="2019-05-29 17:04:05Z" end-time="2019-05-29 17:04:05Z" duration="0.562903" total="8" passed="0" failed="8" warnings="0" inconclusive="0" skipped="0" asserts="0">
          <failure>
            <message><![CDATA[One or more child tests had errors]]></message>
          </failure>
          <test-case id="0-1020" name="ApagarPerfilScucesso" fullname="CSharpSeleniumTemplate.Tests.GerenciarPerfisGlobais.ApagarPerfilScucesso" methodname="ApagarPerfilScucesso" classname="CSharpSeleniumTemplate.Tests.GerenciarPerfisGlobais" runstate="Runnable" seed="485089036" result="Failed" label="Error" start-time="2019-05-29 17:04:05Z" end-time="2019-05-29 17:04:05Z" duration="0.063180" asserts="0">
            <failure>
              <message><![CDATA[OpenQA.Selenium.WebDriverException : Session [0a78a164-d9c8-42b0-9901-efc9dd25ea5e] was terminated due to TIMEOUT
TearDown : OpenQA.Selenium.WebDriverException : Session [0a78a164-d9c8-42b0-9901-efc9dd25ea5e] was terminated due to TIMEOUT]]></message>
              <stack-trace><![CDATA[   em OpenQA.Selenium.Remote.RemoteWebDriver.UnpackAndThrowOnError(Response errorResponse)
   em OpenQA.Selenium.Remote.RemoteWebDriver.Execute(String driverCommandToExecute, Dictionary`2 parameters)
   em OpenQA.Selenium.Remote.RemoteWindow.Maximize()
   em CSharpSeleniumTemplate.Bases.TestBase.SetUp() na C:\Mantis2\csharpseleniumextentreporttemplate-master\CSharpSeleniumTemplate\Bases\TestBase.cs:linha 27
--TearDown
   em OpenQA.Selenium.Remote.RemoteWebDriver.UnpackAndThrowOnError(Response errorResponse)
   em OpenQA.Selenium.Remote.RemoteWebDriver.Execute(String driverCommandToExecute, Dictionary`2 parameters)
   em OpenQA.Selenium.Remote.RemoteWebDriver.GetScreenshot()
   em CSharpSeleniumTemplate.Helpers.GeneralHelpers.GetScreenshot(String path) na C:\Mantis2\csharpseleniumextentreporttemplate-master\CSharpSeleniumTemplate\Helpers\GeneralHelpers.cs:linha 65
   em CSharpSeleniumTemplate.Helpers.ExtentReportHelpers.GetScreenShotMedia() na C:\Mantis2\csharpseleniumextentreporttemplate-master\CSharpSeleniumTemplate\Helpers\ExtentReportHelpers.cs:linha 46
   em CSharpSeleniumTemplate.Helpers.ExtentReportHelpers.AddTestResult() na C:\Mantis2\csharpseleniumextentreporttemplate-master\CSharpSeleniumTemplate\Helpers\ExtentReportHelpers.cs:linha 60
   em CSharpSeleniumTemplate.Bases.TestBase.TearDown() na C:\Mantis2\csharpseleniumextentreporttemplate-master\CSharpSeleniumTemplate\Bases\TestBase.cs:linha 42]]></stack-trace>
            </failure>
          </test-case>
          <test-case id="0-1019" name="ApagarSemSelecionarUmPerfil" fullname="CSharpSeleniumTemplate.Tests.GerenciarPerfisGlobais.ApagarSemSelecionarUmPerfil" methodname="ApagarSemSelecionarUmPerfil" classname="CSharpSeleniumTemplate.Tests.GerenciarPerfisGlobais" runstate="Runnable" seed="1634612547" result="Failed" label="Error" start-time="2019-05-29 17:04:05Z" end-time="2019-05-29 17:04:05Z" duration="0.068062" asserts="0">
            <failure>
              <message><![CDATA[OpenQA.Selenium.WebDriverException : Session [0a78a164-d9c8-42b0-9901-efc9dd25ea5e] was terminated due to TIMEOUT
TearDown : OpenQA.Selenium.WebDriverException : Session [0a78a164-d9c8-42b0-9901-efc9dd25ea5e] was terminated due to TIMEOUT]]></message>
              <stack-trace><![CDATA[   em OpenQA.Selenium.Remote.RemoteWebDriver.UnpackAndThrowOnError(Response errorResponse)
   em OpenQA.Selenium.Remote.RemoteWebDriver.Execute(String driverCommandToExecute, Dictionary`2 parameters)
   em OpenQA.Selenium.Remote.RemoteWindow.Maximize()
   em CSharpSeleniumTemplate.Bases.TestBase.SetUp() na C:\Mantis2\csharpseleniumextentreporttemplate-master\CSharpSeleniumTemplate\Bases\TestBase.cs:linha 27
--TearDown
   em OpenQA.Selenium.Remote.RemoteWebDriver.UnpackAndThrowOnError(Response errorResponse)
   em OpenQA.Selenium.Remote.RemoteWebDriver.Execute(String driverCommandToExecute, Dictionary`2 parameters)
   em OpenQA.Selenium.Remote.RemoteWebDriver.GetScreenshot()
   em CSharpSeleniumTemplate.Helpers.GeneralHelpers.GetScreenshot(String path) na C:\Mantis2\csharpseleniumextentreporttemplate-master\CSharpSeleniumTemplate\Helpers\GeneralHelpers.cs:linha 65
   em CSharpSeleniumTemplate.Helpers.ExtentReportHelpers.GetScreenShotMedia() na C:\Mantis2\csharpseleniumextentreporttemplate-master\CSharpSeleniumTemplate\Helpers\ExtentReportHelpers.cs:linha 46
   em CSharpSeleniumTemplate.Helpers.ExtentReportHelpers.AddTestResult() na C:\Mantis2\csharpseleniumextentreporttemplate-master\CSharpSeleniumTemplate\Helpers\ExtentReportHelpers.cs:linha 60
   em CSharpSeleniumTemplate.Bases.TestBase.TearDown() na C:\Mantis2\csharpseleniumextentreporttemplate-master\CSharpSeleniumTemplate\Bases\TestBase.cs:linha 42]]></stack-trace>
            </failure>
          </test-case>
          <test-case id="0-1013" name="CadastrarPerfilSucesso" fullname="CSharpSeleniumTemplate.Tests.GerenciarPerfisGlobais.CadastrarPerfilSucesso" methodname="CadastrarPerfilSucesso" classname="CSharpSeleniumTemplate.Tests.GerenciarPerfisGlobais" runstate="Runnable" seed="1121836373" result="Failed" label="Error" start-time="2019-05-29 17:04:05Z" end-time="2019-05-29 17:04:05Z" duration="0.067426" asserts="0">
            <failure>
              <message><![CDATA[OpenQA.Selenium.WebDriverException : Session [0a78a164-d9c8-42b0-9901-efc9dd25ea5e] was terminated due to TIMEOUT
TearDown : OpenQA.Selenium.WebDriverException : Session [0a78a164-d9c8-42b0-9901-efc9dd25ea5e] was terminated due to TIMEOUT]]></message>
              <stack-trace><![CDATA[   em OpenQA.Selenium.Remote.RemoteWebDriver.UnpackAndThrowOnError(Response errorResponse)
   em OpenQA.Selenium.Remote.RemoteWebDriver.Execute(String driverCommandToExecute, Dictionary`2 parameters)
   em OpenQA.Selenium.Remote.RemoteWindow.Maximize()
   em CSharpSeleniumTemplate.Bases.TestBase.SetUp() na C:\Mantis2\csharpseleniumextentreporttemplate-master\CSharpSeleniumTemplate\Bases\TestBase.cs:linha 27
--TearDown
   em OpenQA.Selenium.Remote.RemoteWebDriver.UnpackAndThrowOnError(Response errorResponse)
   em OpenQA.Selenium.Remote.RemoteWebDriver.Execute(String driverCommandToExecute, Dictionary`2 parameters)
   em OpenQA.Selenium.Remote.RemoteWebDriver.GetScreenshot()
   em CSharpSeleniumTemplate.Helpers.GeneralHelpers.GetScreenshot(String path) na C:\Mantis2\csharpseleniumextentreporttemplate-master\CSharpSeleniumTemplate\Helpers\GeneralHelpers.cs:linha 65
   em CSharpSeleniumTemplate.Helpers.ExtentReportHelpers.GetScreenShotMedia() na C:\Mantis2\csharpseleniumextentreporttemplate-master\CSharpSeleniumTemplate\Helpers\ExtentReportHelpers.cs:linha 46
   em CSharpSeleniumTemplate.Helpers.ExtentReportHelpers.AddTestResult() na C:\Mantis2\csharpseleniumextentreporttemplate-master\CSharpSeleniumTemplate\Helpers\ExtentReportHelpers.cs:linha 60
   em CSharpSeleniumTemplate.Bases.TestBase.TearDown() na C:\Mantis2\csharpseleniumextentreporttemplate-master\CSharpSeleniumTemplate\Bases\TestBase.cs:linha 42]]></stack-trace>
            </failure>
          </test-case>
          <test-case id="0-1018" name="EditarPerfilSucesso" fullname="CSharpSeleniumTemplate.Tests.GerenciarPerfisGlobais.EditarPerfilSucesso" methodname="EditarPerfilSucesso" classname="CSharpSeleniumTemplate.Tests.GerenciarPerfisGlobais" runstate="Runnable" seed="544610986" result="Failed" label="Error" start-time="2019-05-29 17:04:05Z" end-time="2019-05-29 17:04:05Z" duration="0.077657" asserts="0">
            <failure>
              <message><![CDATA[OpenQA.Selenium.WebDriverException : Session [0a78a164-d9c8-42b0-9901-efc9dd25ea5e] was terminated due to TIMEOUT
TearDown : OpenQA.Selenium.WebDriverException : Session [0a78a164-d9c8-42b0-9901-efc9dd25ea5e] was terminated due to TIMEOUT]]></message>
              <stack-trace><![CDATA[   em OpenQA.Selenium.Remote.RemoteWebDriver.UnpackAndThrowOnError(Response errorResponse)
   em OpenQA.Selenium.Remote.RemoteWebDriver.Execute(String driverCommandToExecute, Dictionary`2 parameters)
   em OpenQA.Selenium.Remote.RemoteWindow.Maximize()
   em CSharpSeleniumTemplate.Bases.TestBase.SetUp() na C:\Mantis2\csharpseleniumextentreporttemplate-master\CSharpSeleniumTemplate\Bases\TestBase.cs:linha 27
--TearDown
   em OpenQA.Selenium.Remote.RemoteWebDriver.UnpackAndThrowOnError(Response errorResponse)
   em OpenQA.Selenium.Remote.RemoteWebDriver.Execute(String driverCommandToExecute, Dictionary`2 parameters)
   em OpenQA.Selenium.Remote.RemoteWebDriver.GetScreenshot()
   em CSharpSeleniumTemplate.Helpers.GeneralHelpers.GetScreenshot(String path) na C:\Mantis2\csharpseleniumextentreporttemplate-master\CSharpSeleniumTemplate\Helpers\GeneralHelpers.cs:linha 65
   em CSharpSeleniumTemplate.Helpers.ExtentReportHelpers.GetScreenShotMedia() na C:\Mantis2\csharpseleniumextentreporttemplate-master\CSharpSeleniumTemplate\Helpers\ExtentReportHelpers.cs:linha 46
   em CSharpSeleniumTemplate.Helpers.ExtentReportHelpers.AddTestResult() na C:\Mantis2\csharpseleniumextentreporttemplate-master\CSharpSeleniumTemplate\Helpers\ExtentReportHelpers.cs:linha 60
   em CSharpSeleniumTemplate.Bases.TestBase.TearDown() na C:\Mantis2\csharpseleniumextentreporttemplate-master\CSharpSeleniumTemplate\Bases\TestBase.cs:linha 42]]></stack-trace>
            </failure>
          </test-case>
          <test-case id="0-1017" name="EditarSemSelecionarUmPerfil" fullname="CSharpSeleniumTemplate.Tests.GerenciarPerfisGlobais.EditarSemSelecionarUmPerfil" methodname="EditarSemSelecionarUmPerfil" classname="CSharpSeleniumTemplate.Tests.GerenciarPerfisGlobais" runstate="Runnable" seed="555373589" result="Failed" label="Error" start-time="2019-05-29 17:04:05Z" end-time="2019-05-29 17:04:05Z" duration="0.069024" asserts="0">
            <failure>
              <message><![CDATA[OpenQA.Selenium.WebDriverException : Session [0a78a164-d9c8-42b0-9901-efc9dd25ea5e] was terminated due to TIMEOUT
TearDown : OpenQA.Selenium.WebDriverException : Session [0a78a164-d9c8-42b0-9901-efc9dd25ea5e] was terminated due to TIMEOUT]]></message>
              <stack-trace><![CDATA[   em OpenQA.Selenium.Remote.RemoteWebDriver.UnpackAndThrowOnError(Response errorResponse)
   em OpenQA.Selenium.Remote.RemoteWebDriver.Execute(String driverCommandToExecute, Dictionary`2 parameters)
   em OpenQA.Selenium.Remote.RemoteWindow.Maximize()
   em CSharpSeleniumTemplate.Bases.TestBase.SetUp() na C:\Mantis2\csharpseleniumextentreporttemplate-master\CSharpSeleniumTemplate\Bases\TestBase.cs:linha 27
--TearDown
   em OpenQA.Selenium.Remote.RemoteWebDriver.UnpackAndThrowOnError(Response errorResponse)
   em OpenQA.Selenium.Remote.RemoteWebDriver.Execute(String driverCommandToExecute, Dictionary`2 parameters)
   em OpenQA.Selenium.Remote.RemoteWebDriver.GetScreenshot()
   em CSharpSeleniumTemplate.Helpers.GeneralHelpers.GetScreenshot(String path) na C:\Mantis2\csharpseleniumextentreporttemplate-master\CSharpSeleniumTemplate\Helpers\GeneralHelpers.cs:linha 65
   em CSharpSeleniumTemplate.Helpers.ExtentReportHelpers.GetScreenShotMedia() na C:\Mantis2\csharpseleniumextentreporttemplate-master\CSharpSeleniumTemplate\Helpers\ExtentReportHelpers.cs:linha 46
   em CSharpSeleniumTemplate.Helpers.ExtentReportHelpers.AddTestResult() na C:\Mantis2\csharpseleniumextentreporttemplate-master\CSharpSeleniumTemplate\Helpers\ExtentReportHelpers.cs:linha 60
   em CSharpSeleniumTemplate.Bases.TestBase.TearDown() na C:\Mantis2\csharpseleniumextentreporttemplate-master\CSharpSeleniumTemplate\Bases\TestBase.cs:linha 42]]></stack-trace>
            </failure>
          </test-case>
          <test-case id="0-1016" name="EnviarSemSelecionarUmdosParametros" fullname="CSharpSeleniumTemplate.Tests.GerenciarPerfisGlobais.EnviarSemSelecionarUmdosParametros" methodname="EnviarSemSelecionarUmdosParametros" classname="CSharpSeleniumTemplate.Tests.GerenciarPerfisGlobais" runstate="Runnable" seed="943060592" result="Failed" label="Error" start-time="2019-05-29 17:04:05Z" end-time="2019-05-29 17:04:05Z" duration="0.065950" asserts="0">
            <failure>
              <message><![CDATA[OpenQA.Selenium.WebDriverException : Session [0a78a164-d9c8-42b0-9901-efc9dd25ea5e] was terminated due to TIMEOUT
TearDown : OpenQA.Selenium.WebDriverException : Session [0a78a164-d9c8-42b0-9901-efc9dd25ea5e] was terminated due to TIMEOUT]]></message>
              <stack-trace><![CDATA[   em OpenQA.Selenium.Remote.RemoteWebDriver.UnpackAndThrowOnError(Response errorResponse)
   em OpenQA.Selenium.Remote.RemoteWebDriver.Execute(String driverCommandToExecute, Dictionary`2 parameters)
   em OpenQA.Selenium.Remote.RemoteWindow.Maximize()
   em CSharpSeleniumTemplate.Bases.TestBase.SetUp() na C:\Mantis2\csharpseleniumextentreporttemplate-master\CSharpSeleniumTemplate\Bases\TestBase.cs:linha 27
--TearDown
   em OpenQA.Selenium.Remote.RemoteWebDriver.UnpackAndThrowOnError(Response errorResponse)
   em OpenQA.Selenium.Remote.RemoteWebDriver.Execute(String driverCommandToExecute, Dictionary`2 parameters)
   em OpenQA.Selenium.Remote.RemoteWebDriver.GetScreenshot()
   em CSharpSeleniumTemplate.Helpers.GeneralHelpers.GetScreenshot(String path) na C:\Mantis2\csharpseleniumextentreporttemplate-master\CSharpSeleniumTemplate\Helpers\GeneralHelpers.cs:linha 65
   em CSharpSeleniumTemplate.Helpers.ExtentReportHelpers.GetScreenShotMedia() na C:\Mantis2\csharpseleniumextentreporttemplate-master\CSharpSeleniumTemplate\Helpers\ExtentReportHelpers.cs:linha 46
   em CSharpSeleniumTemplate.Helpers.ExtentReportHelpers.AddTestResult() na C:\Mantis2\csharpseleniumextentreporttemplate-master\CSharpSeleniumTemplate\Helpers\ExtentReportHelpers.cs:linha 60
   em CSharpSeleniumTemplate.Bases.TestBase.TearDown() na C:\Mantis2\csharpseleniumextentreporttemplate-master\CSharpSeleniumTemplate\Bases\TestBase.cs:linha 42]]></stack-trace>
            </failure>
          </test-case>
          <test-case id="0-1014" name="PlataformaNaoPreenchida" fullname="CSharpSeleniumTemplate.Tests.GerenciarPerfisGlobais.PlataformaNaoPreenchida" methodname="PlataformaNaoPreenchida" classname="CSharpSeleniumTemplate.Tests.GerenciarPerfisGlobais" runstate="Runnable" seed="21981209" result="Failed" label="Error" start-time="2019-05-29 17:04:05Z" end-time="2019-05-29 17:04:05Z" duration="0.068820" asserts="0">
            <failure>
              <message><![CDATA[OpenQA.Selenium.WebDriverException : Session [0a78a164-d9c8-42b0-9901-efc9dd25ea5e] was terminated due to TIMEOUT
TearDown : OpenQA.Selenium.WebDriverException : Session [0a78a164-d9c8-42b0-9901-efc9dd25ea5e] was terminated due to TIMEOUT]]></message>
              <stack-trace><![CDATA[   em OpenQA.Selenium.Remote.RemoteWebDriver.UnpackAndThrowOnError(Response errorResponse)
   em OpenQA.Selenium.Remote.RemoteWebDriver.Execute(String driverCommandToExecute, Dictionary`2 parameters)
   em OpenQA.Selenium.Remote.RemoteWindow.Maximize()
   em CSharpSeleniumTemplate.Bases.TestBase.SetUp() na C:\Mantis2\csharpseleniumextentreporttemplate-master\CSharpSeleniumTemplate\Bases\TestBase.cs:linha 27
--TearDown
   em OpenQA.Selenium.Remote.RemoteWebDriver.UnpackAndThrowOnError(Response errorResponse)
   em OpenQA.Selenium.Remote.RemoteWebDriver.Execute(String driverCommandToExecute, Dictionary`2 parameters)
   em OpenQA.Selenium.Remote.RemoteWebDriver.GetScreenshot()
   em CSharpSeleniumTemplate.Helpers.GeneralHelpers.GetScreenshot(String path) na C:\Mantis2\csharpseleniumextentreporttemplate-master\CSharpSeleniumTemplate\Helpers\GeneralHelpers.cs:linha 65
   em CSharpSeleniumTemplate.Helpers.ExtentReportHelpers.GetScreenShotMedia() na C:\Mantis2\csharpseleniumextentreporttemplate-master\CSharpSeleniumTemplate\Helpers\ExtentReportHelpers.cs:linha 46
   em CSharpSeleniumTemplate.Helpers.ExtentReportHelpers.AddTestResult() na C:\Mantis2\csharpseleniumextentreporttemplate-master\CSharpSeleniumTemplate\Helpers\ExtentReportHelpers.cs:linha 60
   em CSharpSeleniumTemplate.Bases.TestBase.TearDown() na C:\Mantis2\csharpseleniumextentreporttemplate-master\CSharpSeleniumTemplate\Bases\TestBase.cs:linha 42]]></stack-trace>
            </failure>
          </test-case>
          <test-case id="0-1015" name="VersaoSONaoPreenchida" fullname="CSharpSeleniumTemplate.Tests.GerenciarPerfisGlobais.VersaoSONaoPreenchida" methodname="VersaoSONaoPreenchida" classname="CSharpSeleniumTemplate.Tests.GerenciarPerfisGlobais" runstate="Runnable" seed="1469503632" result="Failed" label="Error" start-time="2019-05-29 17:04:05Z" end-time="2019-05-29 17:04:05Z" duration="0.065803" asserts="0">
            <failure>
              <message><![CDATA[OpenQA.Selenium.WebDriverException : Session [0a78a164-d9c8-42b0-9901-efc9dd25ea5e] was terminated due to TIMEOUT
TearDown : OpenQA.Selenium.WebDriverException : Session [0a78a164-d9c8-42b0-9901-efc9dd25ea5e] was terminated due to TIMEOUT]]></message>
              <stack-trace><![CDATA[   em OpenQA.Selenium.Remote.RemoteWebDriver.UnpackAndThrowOnError(Response errorResponse)
   em OpenQA.Selenium.Remote.RemoteWebDriver.Execute(String driverCommandToExecute, Dictionary`2 parameters)
   em OpenQA.Selenium.Remote.RemoteWindow.Maximize()
   em CSharpSeleniumTemplate.Bases.TestBase.SetUp() na C:\Mantis2\csharpseleniumextentreporttemplate-master\CSharpSeleniumTemplate\Bases\TestBase.cs:linha 27
--TearDown
   em OpenQA.Selenium.Remote.RemoteWebDriver.UnpackAndThrowOnError(Response errorResponse)
   em OpenQA.Selenium.Remote.RemoteWebDriver.Execute(String driverCommandToExecute, Dictionary`2 parameters)
   em OpenQA.Selenium.Remote.RemoteWebDriver.GetScreenshot()
   em CSharpSeleniumTemplate.Helpers.GeneralHelpers.GetScreenshot(String path) na C:\Mantis2\csharpseleniumextentreporttemplate-master\CSharpSeleniumTemplate\Helpers\GeneralHelpers.cs:linha 65
   em CSharpSeleniumTemplate.Helpers.ExtentReportHelpers.GetScreenShotMedia() na C:\Mantis2\csharpseleniumextentreporttemplate-master\CSharpSeleniumTemplate\Helpers\ExtentReportHelpers.cs:linha 46
   em CSharpSeleniumTemplate.Helpers.ExtentReportHelpers.AddTestResult() na C:\Mantis2\csharpseleniumextentreporttemplate-master\CSharpSeleniumTemplate\Helpers\ExtentReportHelpers.cs:linha 60
   em CSharpSeleniumTemplate.Bases.TestBase.TearDown() na C:\Mantis2\csharpseleniumextentreporttemplate-master\CSharpSeleniumTemplate\Bases\TestBase.cs:linha 42]]></stack-trace>
            </failure>
          </test-case>
        </test-suite>
        <test-suite type="TestFixture" id="0-1021" name="GerenciarProjetos" fullname="CSharpSeleniumTemplate.Tests.GerenciarProjetos" classname="CSharpSeleniumTemplate.Tests.GerenciarProjetos" runstate="Runnable" testcasecount="5" result="Failed" site="Child" start-time="2019-05-29 17:04:05Z" end-time="2019-05-29 17:04:06Z" duration="0.387593" total="5" passed="0" failed="5" warnings="0" inconclusive="0" skipped="0" asserts="0">
          <failure>
            <message><![CDATA[One or more child tests had errors]]></message>
          </failure>
[...]
   em CSharpSeleniumTemplate.Helpers.ExtentReportHelpers.AddTestResult() na C:\Mantis2\csharpseleniumextentreporttemplate-master\CSharpSeleniumTemplate\Helpers\ExtentReportHelpers.cs:linha 60
   em CSharpSeleniumTemplate.Bases.TestBase.TearDown() na C:\Mantis2\csharpseleniumextentreporttemplate-master\CSharpSeleniumTemplate\Bases\TestBase.cs:linha 42]]></stack-trace>
            </failure>
          </test-case>
          <test-case id="0-1055" name="EmailJaCadastrado" fullname="CSharpSeleniumTemplate.Tests.GerenciarUsuarios.EmailJaCadastrado" methodname="EmailJaCadastrado" classname="CSharpSeleniumTemplate.Tests.GerenciarUsuarios" runstate="Runnable" seed="646759636" result="Failed" label="Error" start-time="2019-05-29 17:04:06Z" end-time="2019-05-29 17:04:06Z" duration="0.068963" asserts="0">
            <failure>
              <message><![CDATA[OpenQA.Selenium.WebDriverException : Session [0a78a164-d9c8-42b0-9901-efc9dd25ea5e] was terminated due to TIMEOUT
TearDown : OpenQA.Selenium.WebDriverException : Session [0a78a164-d9c8-42b0-9901-efc9dd25ea5e] was terminated due to TIMEOUT]]></message>
              <stack-trace><![CDATA[   em OpenQA.Selenium.Remote.RemoteWebDriver.UnpackAndThrowOnError(Response errorResponse)
   em OpenQA.Selenium.Remote.RemoteWebDriver.Execute(String driverCommandToExecute, Dictionary`2 parameters)
   em OpenQA.Selenium.Remote.RemoteWindow.Maximize()
   em CSharpSeleniumTemplate.Bases.TestBase.SetUp() na C:\Mantis2\csharpseleniumextentreporttemplate-master\CSharpSeleniumTemplate\Bases\TestBase.cs:linha 27
--TearDown
   em OpenQA.Selenium.Remote.RemoteWebDriver.UnpackAndThrowOnError(Response errorResponse)
   em OpenQA.Selenium.Remote.RemoteWebDriver.Execute(String driverCommandToExecute, Dictionary`2 parameters)
   em OpenQA.Selenium.Remote.RemoteWebDriver.GetScreenshot()
   em CSharpSeleniumTemplate.Helpers.GeneralHelpers.GetScreenshot(String path) na C:\Mantis2\csharpseleniumextentreporttemplate-master\CSharpSeleniumTemplate\Helpers\GeneralHelpers.cs:linha 65
   em CSharpSeleniumTemplate.Helpers.ExtentReportHelpers.GetScreenShotMedia() na C:\Mantis2\csharpseleniumextentreporttemplate-master\CSharpSeleniumTemplate\Helpers\ExtentReportHelpers.cs:linha 46
   em CSharpSeleniumTemplate.Helpers.ExtentReportHelpers.AddTestResult() na C:\Mantis2\csharpseleniumextentreporttemplate-master\CSharpSeleniumTemplate\Helpers\ExtentReportHelpers.cs:linha 60
   em CSharpSeleniumTemplate.Bases.TestBase.TearDown() na C:\Mantis2\csharpseleniumextentreporttemplate-master\CSharpSeleniumTemplate\Bases\TestBase.cs:linha 42]]></stack-trace>
            </failure>
          </test-case>
          <test-case id="0-1060" name="PesquisarUsuarios" fullname="CSharpSeleniumTemplate.Tests.GerenciarUsuarios.PesquisarUsuarios" methodname="PesquisarUsuarios" classname="CSharpSeleniumTemplate.Tests.GerenciarUsuarios" runstate="Runnable" seed="1107922468" result="Failed" label="Error" start-time="2019-05-29 17:04:06Z" end-time="2019-05-29 17:04:07Z" duration="0.065347" asserts="0">
            <failure>
              <message><![CDATA[OpenQA.Selenium.WebDriverException : Session [0a78a164-d9c8-42b0-9901-efc9dd25ea5e] was terminated due to TIMEOUT
TearDown : OpenQA.Selenium.WebDriverException : Session [0a78a164-d9c8-42b0-9901-efc9dd25ea5e] was terminated due to TIMEOUT]]></message>
              <stack-trace><![CDATA[   em OpenQA.Selenium.Remote.RemoteWebDriver.UnpackAndThrowOnError(Response errorResponse)
   em OpenQA.Selenium.Remote.RemoteWebDriver.Execute(String driverCommandToExecute, Dictionary`2 parameters)
   em OpenQA.Selenium.Remote.RemoteWindow.Maximize()
   em CSharpSeleniumTemplate.Bases.TestBase.SetUp() na C:\Mantis2\csharpseleniumextentreporttemplate-master\CSharpSeleniumTemplate\Bases\TestBase.cs:linha 27
--TearDown
   em OpenQA.Selenium.Remote.RemoteWebDriver.UnpackAndThrowOnError(Response errorResponse)
   em OpenQA.Selenium.Remote.RemoteWebDriver.Execute(String driverCommandToExecute, Dictionary`2 parameters)
   em OpenQA.Selenium.Remote.RemoteWebDriver.GetScreenshot()
   em CSharpSeleniumTemplate.Helpers.GeneralHelpers.GetScreenshot(String path) na C:\Mantis2\csharpseleniumextentreporttemplate-master\CSharpSeleniumTemplate\Helpers\GeneralHelpers.cs:linha 65
   em CSharpSeleniumTemplate.Helpers.ExtentReportHelpers.GetScreenShotMedia() na C:\Mantis2\csharpseleniumextentreporttemplate-master\CSharpSeleniumTemplate\Helpers\ExtentReportHelpers.cs:linha 46
   em CSharpSeleniumTemplate.Helpers.ExtentReportHelpers.AddTestResult() na C:\Mantis2\csharpseleniumextentreporttemplate-master\CSharpSeleniumTemplate\Helpers\ExtentReportHelpers.cs:linha 60
   em CSharpSeleniumTemplate.Bases.TestBase.TearDown() na C:\Mantis2\csharpseleniumextentreporttemplate-master\CSharpSeleniumTemplate\Bases\TestBase.cs:linha 42]]></stack-trace>
            </failure>
          </test-case>
          <test-case id="0-1058" name="RedefinirSenhaSemPreencherEmail" fullname="CSharpSeleniumTemplate.Tests.GerenciarUsuarios.RedefinirSenhaSemPreencherEmail" methodname="RedefinirSenhaSemPreencherEmail" classname="CSharpSeleniumTemplate.Tests.GerenciarUsuarios" runstate="Runnable" seed="1045479670" result="Failed" label="Error" start-time="2019-05-29 17:04:07Z" end-time="2019-05-29 17:04:07Z" duration="0.071531" asserts="0">
            <failure>
              <message><![CDATA[OpenQA.Selenium.WebDriverException : Session [0a78a164-d9c8-42b0-9901-efc9dd25ea5e] was terminated due to TIMEOUT
TearDown : OpenQA.Selenium.WebDriverException : Session [0a78a164-d9c8-42b0-9901-efc9dd25ea5e] was terminated due to TIMEOUT]]></message>
              <stack-trace><![CDATA[   em OpenQA.Selenium.Remote.RemoteWebDriver.UnpackAndThrowOnError(Response errorResponse)
   em OpenQA.Selenium.Remote.RemoteWebDriver.Execute(String driverCommandToExecute, Dictionary`2 parameters)
   em OpenQA.Selenium.Remote.RemoteWindow.Maximize()
   em CSharpSeleniumTemplate.Bases.TestBase.SetUp() na C:\Mantis2\csharpseleniumextentreporttemplate-master\CSharpSeleniumTemplate\Bases\TestBase.cs:linha 27
--TearDown
   em OpenQA.Selenium.Remote.RemoteWebDriver.UnpackAndThrowOnError(Response errorResponse)
   em OpenQA.Selenium.Remote.RemoteWebDriver.Execute(String driverCommandToExecute, Dictionary`2 parameters)
   em OpenQA.Selenium.Remote.RemoteWebDriver.GetScreenshot()
   em CSharpSeleniumTemplate.Helpers.GeneralHelpers.GetScreenshot(String path) na C:\Mantis2\csharpseleniumextentreporttemplate-master\CSharpSeleniumTemplate\Helpers\GeneralHelpers.cs:linha 65
   em CSharpSeleniumTemplate.Helpers.ExtentReportHelpers.GetScreenShotMedia() na C:\Mantis2\csharpseleniumextentreporttemplate-master\CSharpSeleniumTemplate\Helpers\ExtentReportHelpers.cs:linha 46
   em CSharpSeleniumTemplate.Helpers.ExtentReportHelpers.AddTestResult() na C:\Mantis2\csharpseleniumextentreporttemplate-master\CSharpSeleniumTemplate\Helpers\ExtentReportHelpers.cs:linha 60
   em CSharpSeleniumTemplate.Bases.TestBase.TearDown() na C:\Mantis2\csharpseleniumextentreporttemplate-master\CSharpSeleniumTemplate\Bases\TestBase.cs:linha 42]]></stack-trace>
            </failure>
          </test-case>
          <test-case id="0-1054" name="UsuarioJaCadastrado" fullname="CSharpSeleniumTemplate.Tests.GerenciarUsuarios.UsuarioJaCadastrado" methodname="UsuarioJaCadastrado" classname="CSharpSeleniumTemplate.Tests.GerenciarUsuarios" runstate="Runnable" seed="1230263830" result="Failed" label="Error" start-time="2019-05-29 17:04:07Z" end-time="2019-05-29 17:04:07Z" duration="0.069540" asserts="0">
            <failure>
              <message><![CDATA[OpenQA.Selenium.WebDriverException : Session [0a78a164-d9c8-42b0-9901-efc9dd25ea5e] was terminated due to TIMEOUT
TearDown : OpenQA.Selenium.WebDriverException : Session [0a78a164-d9c8-42b0-9901-efc9dd25ea5e] was terminated due to TIMEOUT]]></message>
              <stack-trace><![CDATA[   em OpenQA.Selenium.Remote.RemoteWebDriver.UnpackAndThrowOnError(Response errorResponse)
   em OpenQA.Selenium.Remote.RemoteWebDriver.Execute(String driverCommandToExecute, Dictionary`2 parameters)
   em OpenQA.Selenium.Remote.RemoteWindow.Maximize()
   em CSharpSeleniumTemplate.Bases.TestBase.SetUp() na C:\Mantis2\csharpseleniumextentreporttemplate-master\CSharpSeleniumTemplate\Bases\TestBase.cs:linha 27
--TearDown
   em OpenQA.Selenium.Remote.RemoteWebDriver.UnpackAndThrowOnError(Response errorResponse)
   em OpenQA.Selenium.Remote.RemoteWebDriver.Execute(String driverCommandToExecute, Dictionary`2 parameters)
   em OpenQA.Selenium.Remote.RemoteWebDriver.GetScreenshot()
   em CSharpSeleniumTemplate.Helpers.GeneralHelpers.GetScreenshot(String path) na C:\Mantis2\csharpseleniumextentreporttemplate-master\CSharpSeleniumTemplate\Helpers\GeneralHelpers.cs:linha 65
   em CSharpSeleniumTemplate.Helpers.ExtentReportHelpers.GetScreenShotMedia() na C:\Mantis2\csharpseleniumextentreporttemplate-master\CSharpSeleniumTemplate\Helpers\ExtentReportHelpers.cs:linha 46
   em CSharpSeleniumTemplate.Helpers.ExtentReportHelpers.AddTestResult() na C:\Mantis2\csharpseleniumextentreporttemplate-master\CSharpSeleniumTemplate\Helpers\ExtentReportHelpers.cs:linha 60
   em CSharpSeleniumTemplate.Bases.TestBase.TearDown() na C:\Mantis2\csharpseleniumextentreporttemplate-master\CSharpSeleniumTemplate\Bases\TestBase.cs:linha 42]]></stack-trace>
            </failure>
          </test-case>
        </test-suite>
        <test-suite type="TestFixture" id="0-1061" name="LoginTests" fullname="CSharpSeleniumTemplate.Tests.LoginTests" classname="CSharpSeleniumTemplate.Tests.LoginTests" runstate="Runnable" testcasecount="4" result="Failed" site="Child" start-time="2019-05-29 17:04:07Z" end-time="2019-05-29 17:04:07Z" duration="0.279212" total="4" passed="0" failed="4" warnings="0" inconclusive="0" skipped="0" asserts="0">
          <failure>
            <message><![CDATA[One or more child tests had errors]]></message>
          </failure>
          <test-case id="0-1062" name="EfetuarLoginComSucesso" fullname="CSharpSeleniumTemplate.Tests.LoginTests.EfetuarLoginComSucesso" methodname="EfetuarLoginComSucesso" classname="CSharpSeleniumTemplate.Tests.LoginTests" runstate="Runnable" seed="764346369" result="Failed" label="Error" start-time="2019-05-29 17:04:07Z" end-time="2019-05-29 17:04:07Z" duration="0.068533" asserts="0">
            <failure>
              <message><![CDATA[OpenQA.Selenium.WebDriverException : Session [0a78a164-d9c8-42b0-9901-efc9dd25ea5e] was terminated due to TIMEOUT
TearDown : OpenQA.Selenium.WebDriverException : Session [0a78a164-d9c8-42b0-9901-efc9dd25ea5e] was terminated due to TIMEOUT]]></message>
              <stack-trace><![CDATA[   em OpenQA.Selenium.Remote.RemoteWebDriver.UnpackAndThrowOnError(Response errorResponse)
   em OpenQA.Selenium.Remote.RemoteWebDriver.Execute(String driverCommandToExecute, Dictionary`2 parameters)
   em OpenQA.Selenium.Remote.RemoteWindow.Maximize()
   em CSharpSeleniumTemplate.Bases.TestBase.SetUp() na C:\Mantis2\csharpseleniumextentreporttemplate-master\CSharpSeleniumTemplate\Bases\TestBase.cs:linha 27
--TearDown
   em OpenQA.Selenium.Remote.RemoteWebDriver.UnpackAndThrowOnError(Response errorResponse)
   em OpenQA.Selenium.Remote.RemoteWebDriver.Execute(String driverCommandToExecute, Dictionary`2 parameters)
   em OpenQA.Selenium.Remote.RemoteWebDriver.GetScreenshot()
   em CSharpSeleniumTemplate.Helpers.GeneralHelpers.GetScreenshot(String path) na C:\Mantis2\csharpseleniumextentreporttemplate-master\CSharpSeleniumTemplate\Helpers\GeneralHelpers.cs:linha 65
   em CSharpSeleniumTemplate.Helpers.ExtentReportHelpers.GetScreenShotMedia() na C:\Mantis2\csharpseleniumextentreporttemplate-master\CSharpSeleniumTemplate\Helpers\ExtentReportHelpers.cs:linha 46
   em CSharpSeleniumTemplate.Helpers.ExtentReportHelpers.AddTestResult() na C:\Mantis2\csharpseleniumextentreporttemplate-master\CSharpSeleniumTemplate\Helpers\ExtentReportHelpers.cs:linha 60
   em CSharpSeleniumTemplate.Bases.TestBase.TearDown() na C:\Mantis2\csharpseleniumextentreporttemplate-master\CSharpSeleniumTemplate\Bases\TestBase.cs:linha 42]]></stack-trace>
            </failure>
          </test-case>
          <test-suite type="ParameterizedMethod" id="0-1066" name="EfetuarLoginInformandoUsuarioInvalido" fullname="CSharpSeleniumTemplate.Tests.LoginTests.EfetuarLoginInformandoUsuarioInvalido" classname="CSharpSeleniumTemplate.Tests.LoginTests" runstate="Runnable" testcasecount="3" result="Failed" site="Child" start-time="2019-05-29 17:04:07Z" end-time="2019-05-29 17:04:07Z" duration="0.196178" total="3" passed="0" failed="3" warnings="0" inconclusive="0" skipped="0" asserts="0">
            <failure>
              <message><![CDATA[One or more child tests had errors]]></message>
            </failure>
            <test-case id="0-1063" name="EfetuarLoginInformandoUsuarioInvalido(System.Collections.ArrayList)" fullname="CSharpSeleniumTemplate.Tests.LoginTests.EfetuarLoginInformandoUsuarioInvalido(System.Collections.ArrayList)" methodname="EfetuarLoginInformandoUsuarioInvalido" classname="CSharpSeleniumTemplate.Tests.LoginTests" runstate="Runnable" seed="1201174305" result="Failed" label="Error" start-time="2019-05-29 17:04:07Z" end-time="2019-05-29 17:04:07Z" duration="0.063344" asserts="0">
              <failure>
                <message><![CDATA[OpenQA.Selenium.WebDriverException : Session [0a78a164-d9c8-42b0-9901-efc9dd25ea5e] was terminated due to TIMEOUT
TearDown : OpenQA.Selenium.WebDriverException : Session [0a78a164-d9c8-42b0-9901-efc9dd25ea5e] was terminated due to TIMEOUT]]></message>
                <stack-trace><![CDATA[   em OpenQA.Selenium.Remote.RemoteWebDriver.UnpackAndThrowOnError(Response errorResponse)
   em OpenQA.Selenium.Remote.RemoteWebDriver.Execute(String driverCommandToExecute, Dictionary`2 parameters)
   em OpenQA.Selenium.Remote.RemoteWindow.Maximize()
   em CSharpSeleniumTemplate.Bases.TestBase.SetUp() na C:\Mantis2\csharpseleniumextentreporttemplate-master\CSharpSeleniumTemplate\Bases\TestBase.cs:linha 27
--TearDown
   em OpenQA.Selenium.Remote.RemoteWebDriver.UnpackAndThrowOnError(Response errorResponse)
   em OpenQA.Selenium.Remote.RemoteWebDriver.Execute(String driverCommandToExecute, Dictionary`2 parameters)
   em OpenQA.Selenium.Remote.RemoteWebDriver.GetScreenshot()
   em CSharpSeleniumTemplate.Helpers.GeneralHelpers.GetScreenshot(String path) na C:\Mantis2\csharpseleniumextentreporttemplate-master\CSharpSeleniumTemplate\Helpers\GeneralHelpers.cs:linha 65
   em CSharpSeleniumTemplate.Helpers.ExtentReportHelpers.GetScreenShotMedia() na C:\Mantis2\csharpseleniumextentreporttemplate-master\CSharpSeleniumTemplate\Helpers\ExtentReportHelpers.cs:linha 46
   em CSharpSeleniumTemplate.Helpers.ExtentReportHelpers.AddTestResult() na C:\Mantis2\csharpseleniumextentreporttemplate-master\CSharpSeleniumTemplate\Helpers\ExtentReportHelpers.cs:linha 60
   em CSharpSeleniumTemplate.Bases.TestBase.TearDown() na C:\Mantis2\csharpseleniumextentreporttemplate-master\CSharpSeleniumTemplate\Bases\TestBase.cs:linha 42]]></stack-trace>
              </failure>
            </test-case>
            <test-case id="0-1064" name="EfetuarLoginInformandoUsuarioInvalido(System.Collections.ArrayList)" fullname="CSharpSeleniumTemplate.Tests.LoginTests.EfetuarLoginInformandoUsuarioInvalido(System.Collections.ArrayList)" methodname="EfetuarLoginInformandoUsuarioInvalido" classname="CSharpSeleniumTemplate.Tests.LoginTests" runstate="Runnable" seed="595971469" result="Failed" label="Error" start-time="2019-05-29 17:04:07Z" end-time="2019-05-29 17:04:07Z" duration="0.068767" asserts="0">
              <failure>
                <message><![CDATA[OpenQA.Selenium.WebDriverException : Session [0a78a164-d9c8-42b0-9901-efc9dd25ea5e] was terminated due to TIMEOUT
TearDown : OpenQA.Selenium.WebDriverException : Session [0a78a164-d9c8-42b0-9901-efc9dd25ea5e] was terminated due to TIMEOUT]]></message>
                <stack-trace><![CDATA[   em OpenQA.Selenium.Remote.RemoteWebDriver.UnpackAndThrowOnError(Response errorResponse)
   em OpenQA.Selenium.Remote.RemoteWebDriver.Execute(String driverCommandToExecute, Dictionary`2 parameters)
   em OpenQA.Selenium.Remote.RemoteWindow.Maximize()
   em CSharpSeleniumTemplate.Bases.TestBase.SetUp() na C:\Mantis2\csharpseleniumextentreporttemplate-master\CSharpSeleniumTemplate\Bases\TestBase.cs:linha 27
--TearDown
   em OpenQA.Selenium.Remote.RemoteWebDriver.UnpackAndThrowOnError(Response errorResponse)
   em OpenQA.Selenium.Remote.RemoteWebDriver.Execute(String driverCommandToExecute, Dictionary`2 parameters)
   em OpenQA.Selenium.Remote.RemoteWebDriver.GetScreenshot()
   em CSharpSeleniumTemplate.Helpers.GeneralHelpers.GetScreenshot(String path) na C:\Mantis2\csharpseleniumextentreporttemplate-master\CSharpSeleniumTemplate\Helpers\GeneralHelpers.cs:linha 65
   em CSharpSeleniumTemplate.Helpers.ExtentReportHelpers.GetScreenShotMedia() na C:\Mantis2\csharpseleniumextentreporttemplate-master\CSharpSeleniumTemplate\Helpers\ExtentReportHelpers.cs:linha 46
   em CSharpSeleniumTemplate.Helpers.ExtentReportHelpers.AddTestResult() na C:\Mantis2\csharpseleniumextentreporttemplate-master\CSharpSeleniumTemplate\Helpers\ExtentReportHelpers.cs:linha 60
   em CSharpSeleniumTemplate.Bases.TestBase.TearDown() na C:\Mantis2\csharpseleniumextentreporttemplate-master\CSharpSeleniumTemplate\Bases\TestBase.cs:linha 42]]></stack-trace>
              </failure>
            </test-case>
            <test-case id="0-1065" name="EfetuarLoginInformandoUsuarioInvalido(System.Collections.ArrayList)" fullname="CSharpSeleniumTemplate.Tests.LoginTests.EfetuarLoginInformandoUsuarioInvalido(System.Collections.ArrayList)" methodname="EfetuarLoginInformandoUsuarioInvalido" classname="CSharpSeleniumTemplate.Tests.LoginTests" runstate="Runnable" seed="628232167" result="Failed" label="Error" start-time="2019-05-29 17:04:07Z" end-time="2019-05-29 17:04:07Z" duration="0.063946" asserts="0">
              <failure>
                <message><![CDATA[OpenQA.Selenium.WebDriverException : Session [0a78a164-d9c8-42b0-9901-efc9dd25ea5e] was terminated due to TIMEOUT
TearDown : OpenQA.Selenium.WebDriverException : Session [0a78a164-d9c8-42b0-9901-efc9dd25ea5e] was terminated due to TIMEOUT]]></message>
                <stack-trace><![CDATA[   em OpenQA.Selenium.Remote.RemoteWebDriver.UnpackAndThrowOnError(Response errorResponse)
   em OpenQA.Selenium.Remote.RemoteWebDriver.Execute(String driverCommandToExecute, Dictionary`2 parameters)
   em OpenQA.Selenium.Remote.RemoteWindow.Maximize()
   em CSharpSeleniumTemplate.Bases.TestBase.SetUp() na C:\Mantis2\csharpseleniumextentreporttemplate-master\CSharpSeleniumTemplate\Bases\TestBase.cs:linha 27
--TearDown
   em OpenQA.Selenium.Remote.RemoteWebDriver.UnpackAndThrowOnError(Response errorResponse)
   em OpenQA.Selenium.Remote.RemoteWebDriver.Execute(String driverCommandToExecute, Dictionary`2 parameters)
   em OpenQA.Selenium.Remote.RemoteWebDriver.GetScreenshot()
   em CSharpSeleniumTemplate.Helpers.GeneralHelpers.GetScreenshot(String path) na C:\Mantis2\csharpseleniumextentreporttemplate-master\CSharpSeleniumTemplate\Helpers\GeneralHelpers.cs:linha 65
   em CSharpSeleniumTemplate.Helpers.ExtentReportHelpers.GetScreenShotMedia() na C:\Mantis2\csharpseleniumextentreporttemplate-master\CSharpSeleniumTemplate\Helpers\ExtentReportHelpers.cs:linha 46
   em CSharpSeleniumTemplate.Helpers.ExtentReportHelpers.AddTestResult() na C:\Mantis2\csharpseleniumextentreporttemplate-master\CSharpSeleniumTemplate\Helpers\ExtentReportHelpers.cs:linha 60
   em CSharpSeleniumTemplate.Bases.TestBase.TearDown() na C:\Mantis2\csharpseleniumextentreporttemplate-master\CSharpSeleniumTemplate\Bases\TestBase.cs:linha 42]]></stack-trace>
              </failure>
            </test-case>
          </test-suite>
        </test-suite>
      </test-suite>
    </test-suite>
  </test-suite>
</test-run>