<?xml version="1.0" encoding="utf-8" standalone="no"?>
<test-run id="2" testcasecount="56" result="Failed" total="56" passed="0" failed="56" inconclusive="0" skipped="0" asserts="0" engine-version="3.10.0.0" clr-version="4.0.30319.42000" start-time="2019-05-28 10:55:56Z" end-time="2019-05-28 10:56:04Z" duration="8.126727">
  <command-line><![CDATA["C:\Program Files (x86)\NUnit.Console-3.10.0\bin\net35\nunit3-console.exe"  "CSharpSeleniumTemplate.dll" --inprocess --labels=On]]></command-line>
  <test-suite type="Assembly" id="0-1067" name="CSharpSeleniumTemplate.dll" fullname="CSharpSeleniumTemplate.dll" runstate="Runnable" testcasecount="56" result="Failed" site="Child" start-time="2019-05-28 10:55:56Z" end-time="2019-05-28 10:56:04Z" duration="7.577041" total="56" passed="0" failed="56" warnings="0" inconclusive="0" skipped="0" asserts="0">
    <environment framework-version="3.11.0.0" clr-version="4.0.30319.42000" os-version="Microsoft Windows NT 10.0.17763.0" platform="Win32NT" cwd="C:\Mantis2\csharpseleniumextentreporttemplate-master\CSharpSeleniumTemplate\bin\Debug" machine-name="PLUTO" user="SISTEMA" user-domain="WORKGROUP" culture="pt-BR" uiculture="pt-BR" os-architecture="x64" />
    <settings>
      <setting name="ProcessModel" value="InProcess" />
      <setting name="DisposeRunners" value="True" />
      <setting name="WorkDirectory" value="C:\Mantis2\csharpseleniumextentreporttemplate-master\CSharpSeleniumTemplate\bin\Debug" />
      <setting name="ImageRuntimeVersion" value="4.0.30319" />
      <setting name="ImageTargetFrameworkName" value=".NETFramework,Version=v4.6.1" />
      <setting name="ImageRequiresX86" value="False" />
      <setting name="ImageRequiresDefaultAppDomainAssemblyResolver" value="False" />
      <setting name="NumberOfTestWorkers" value="4" />
    </settings>
    <properties>
      <property name="_PID" value="16104" />
      <property name="_APPDOMAIN" value="domain-" />
    </properties>
    <failure>
      <message><![CDATA[One or more child tests had errors]]></message>
    </failure>
    <test-suite type="TestSuite" id="0-1068" name="CSharpSeleniumTemplate" fullname="CSharpSeleniumTemplate" runstate="Runnable" testcasecount="56" result="Failed" site="Child" start-time="2019-05-28 10:55:56Z" end-time="2019-05-28 10:56:04Z" duration="7.556337" total="56" passed="0" failed="56" warnings="0" inconclusive="0" skipped="0" asserts="0">
      <failure>
        <message><![CDATA[One or more child tests had errors]]></message>
      </failure>
      <test-suite type="TestSuite" id="0-1069" name="Tests" fullname="CSharpSeleniumTemplate.Tests" runstate="Runnable" testcasecount="56" result="Failed" site="Child" start-time="2019-05-28 10:55:56Z" end-time="2019-05-28 10:56:04Z" duration="7.555845" total="56" passed="0" failed="56" warnings="0" inconclusive="0" skipped="0" asserts="0">
        <failure>
          <message><![CDATA[One or more child tests had errors]]></message>
        </failure>
        <test-suite type="TestFixture" id="0-1027" name="CriarTarefa" fullname="CSharpSeleniumTemplate.Tests.CriarTarefa" classname="CSharpSeleniumTemplate.Tests.CriarTarefa" runstate="Runnable" testcasecount="9" result="Failed" site="Child" start-time="2019-05-28 10:55:56Z" end-time="2019-05-28 10:56:03Z" duration="7.205944" total="9" passed="0" failed="9" warnings="0" inconclusive="0" skipped="0" asserts="0">
          <failure>
            <message><![CDATA[One or more child tests had errors]]></message>
          </failure>
          <test-case id="0-1035" name="CadastrarMaisTarefas" fullname="CSharpSeleniumTemplate.Tests.CriarTarefa.CadastrarMaisTarefas" methodname="CadastrarMaisTarefas" classname="CSharpSeleniumTemplate.Tests.CriarTarefa" runstate="Runnable" seed="1748085967" result="Failed" label="Error" start-time="2019-05-28 10:55:57Z" end-time="2019-05-28 10:55:57Z" duration="0.345756" asserts="0">
            <failure>
              <message><![CDATA[System.NullReferenceException : Referência de objeto não definida para uma instância de um objeto.
TearDown : System.NullReferenceException : Referência de objeto não definida para uma instância de um objeto.]]></message>
              <stack-trace><![CDATA[   em CSharpSeleniumTemplate.Bases.TestBase.SetUp() na C:\Mantis2\csharpseleniumextentreporttemplate-master\CSharpSeleniumTemplate\Bases\TestBase.cs:linha 27
--TearDown
   em CSharpSeleniumTemplate.Helpers.GeneralHelpers.GetScreenshot(String path) na C:\Mantis2\csharpseleniumextentreporttemplate-master\CSharpSeleniumTemplate\Helpers\GeneralHelpers.cs:linha 65
   em CSharpSeleniumTemplate.Helpers.ExtentReportHelpers.GetScreenShotMedia() na C:\Mantis2\csharpseleniumextentreporttemplate-master\CSharpSeleniumTemplate\Helpers\ExtentReportHelpers.cs:linha 46
   em CSharpSeleniumTemplate.Helpers.ExtentReportHelpers.AddTestResult() na C:\Mantis2\csharpseleniumextentreporttemplate-master\CSharpSeleniumTemplate\Helpers\ExtentReportHelpers.cs:linha 60
   em CSharpSeleniumTemplate.Bases.TestBase.TearDown() na C:\Mantis2\csharpseleniumextentreporttemplate-master\CSharpSeleniumTemplate\Bases\TestBase.cs:linha 42]]></stack-trace>
            </failure>
          </test-case>
          <test-case id="0-1028" name="CadastrarTarefaApenasCamposObrigatorios" fullname="CSharpSeleniumTemplate.Tests.CriarTarefa.CadastrarTarefaApenasCamposObrigatorios" methodname="CadastrarTarefaApenasCamposObrigatorios" classname="CSharpSeleniumTemplate.Tests.CriarTarefa" runstate="Runnable" seed="1380284612" result="Failed" label="Error" start-time="2019-05-28 10:55:57Z" end-time="2019-05-28 10:55:57Z" duration="0.001132" asserts="0">
            <failure>
              <message><![CDATA[System.NullReferenceException : Referência de objeto não definida para uma instância de um objeto.
TearDown : System.NullReferenceException : Referência de objeto não definida para uma instância de um objeto.]]></message>
              <stack-trace><![CDATA[   em CSharpSeleniumTemplate.Bases.TestBase.SetUp() na C:\Mantis2\csharpseleniumextentreporttemplate-master\CSharpSeleniumTemplate\Bases\TestBase.cs:linha 27
--TearDown
   em CSharpSeleniumTemplate.Helpers.GeneralHelpers.GetScreenshot(String path) na C:\Mantis2\csharpseleniumextentreporttemplate-master\CSharpSeleniumTemplate\Helpers\GeneralHelpers.cs:linha 65
   em CSharpSeleniumTemplate.Helpers.ExtentReportHelpers.GetScreenShotMedia() na C:\Mantis2\csharpseleniumextentreporttemplate-master\CSharpSeleniumTemplate\Helpers\ExtentReportHelpers.cs:linha 46
   em CSharpSeleniumTemplate.Helpers.ExtentReportHelpers.AddTestResult() na C:\Mantis2\csharpseleniumextentreporttemplate-master\CSharpSeleniumTemplate\Helpers\ExtentReportHelpers.cs:linha 60
   em CSharpSeleniumTemplate.Bases.TestBase.TearDown() na C:\Mantis2\csharpseleniumextentreporttemplate-master\CSharpSeleniumTemplate\Bases\TestBase.cs:linha 42]]></stack-trace>
            </failure>
          </test-case>
          <test-suite type="ParameterizedMethod" id="0-1034" name="CadastrarTarefaTodosCampos" fullname="CSharpSeleniumTemplate.Tests.CriarTarefa.CadastrarTarefaTodosCampos" classname="CSharpSeleniumTemplate.Tests.CriarTarefa" runstate="Runnable" testcasecount="5" result="Failed" site="Child" start-time="2019-05-28 10:55:57Z" end-time="2019-05-28 10:55:57Z" duration="0.033747" total="5" passed="0" failed="5" warnings="0" inconclusive="0" skipped="0" asserts="0">
            <failure>
              <message><![CDATA[One or more child tests had errors]]></message>
            </failure>
            <test-case id="0-1029" name="CadastrarTarefaTodosCampos(System.Collections.ArrayList)" fullname="CSharpSeleniumTemplate.Tests.CriarTarefa.CadastrarTarefaTodosCampos(System.Collections.ArrayList)" methodname="CadastrarTarefaTodosCampos" classname="CSharpSeleniumTemplate.Tests.CriarTarefa" runstate="Runnable" seed="30327804" result="Failed" label="Error" start-time="2019-05-28 10:55:57Z" end-time="2019-05-28 10:55:57Z" duration="0.001019" asserts="0">
              <failure>
                <message><![CDATA[System.NullReferenceException : Referência de objeto não definida para uma instância de um objeto.
TearDown : System.NullReferenceException : Referência de objeto não definida para uma instância de um objeto.]]></message>
                <stack-trace><![CDATA[   em CSharpSeleniumTemplate.Bases.TestBase.SetUp() na C:\Mantis2\csharpseleniumextentreporttemplate-master\CSharpSeleniumTemplate\Bases\TestBase.cs:linha 27
--TearDown
   em CSharpSeleniumTemplate.Helpers.GeneralHelpers.GetScreenshot(String path) na C:\Mantis2\csharpseleniumextentreporttemplate-master\CSharpSeleniumTemplate\Helpers\GeneralHelpers.cs:linha 65
   em CSharpSeleniumTemplate.Helpers.ExtentReportHelpers.GetScreenShotMedia() na C:\Mantis2\csharpseleniumextentreporttemplate-master\CSharpSeleniumTemplate\Helpers\ExtentReportHelpers.cs:linha 46
   em CSharpSeleniumTemplate.Helpers.ExtentReportHelpers.AddTestResult() na C:\Mantis2\csharpseleniumextentreporttemplate-master\CSharpSeleniumTemplate\Helpers\ExtentReportHelpers.cs:linha 60
   em CSharpSeleniumTemplate.Bases.TestBase.TearDown() na C:\Mantis2\csharpseleniumextentreporttemplate-master\CSharpSeleniumTemplate\Bases\TestBase.cs:linha 42]]></stack-trace>
              </failure>
            </test-case>
            <test-case id="0-1030" name="CadastrarTarefaTodosCampos(System.Collections.ArrayList)" fullname="CSharpSeleniumTemplate.Tests.CriarTarefa.CadastrarTarefaTodosCampos(System.Collections.ArrayList)" methodname="CadastrarTarefaTodosCampos" classname="CSharpSeleniumTemplate.Tests.CriarTarefa" runstate="Runnable" seed="1876158160" result="Failed" label="Error" start-time="2019-05-28 10:55:57Z" end-time="2019-05-28 10:55:57Z" duration="0.000896" asserts="0">
              <failure>
                <message><![CDATA[System.NullReferenceException : Referência de objeto não definida para uma instância de um objeto.
TearDown : System.NullReferenceException : Referência de objeto não definida para uma instância de um objeto.]]></message>
                <stack-trace><![CDATA[   em CSharpSeleniumTemplate.Bases.TestBase.SetUp() na C:\Mantis2\csharpseleniumextentreporttemplate-master\CSharpSeleniumTemplate\Bases\TestBase.cs:linha 27
--TearDown
   em CSharpSeleniumTemplate.Helpers.GeneralHelpers.GetScreenshot(String path) na C:\Mantis2\csharpseleniumextentreporttemplate-master\CSharpSeleniumTemplate\Helpers\GeneralHelpers.cs:linha 65
   em CSharpSeleniumTemplate.Helpers.ExtentReportHelpers.GetScreenShotMedia() na C:\Mantis2\csharpseleniumextentreporttemplate-master\CSharpSeleniumTemplate\Helpers\ExtentReportHelpers.cs:linha 46
   em CSharpSeleniumTemplate.Helpers.ExtentReportHelpers.AddTestResult() na C:\Mantis2\csharpseleniumextentreporttemplate-master\CSharpSeleniumTemplate\Helpers\ExtentReportHelpers.cs:linha 60
   em CSharpSeleniumTemplate.Bases.TestBase.TearDown() na C:\Mantis2\csharpseleniumextentreporttemplate-master\CSharpSeleniumTemplate\Bases\TestBase.cs:linha 42]]></stack-trace>
              </failure>
            </test-case>
            <test-case id="0-1031" name="CadastrarTarefaTodosCampos(System.Collections.ArrayList)" fullname="CSharpSeleniumTemplate.Tests.CriarTarefa.CadastrarTarefaTodosCampos(System.Collections.ArrayList)" methodname="CadastrarTarefaTodosCampos" classname="CSharpSeleniumTemplate.Tests.CriarTarefa" runstate="Runnable" seed="434991407" result="Failed" label="Error" start-time="2019-05-28 10:55:57Z" end-time="2019-05-28 10:55:57Z" duration="0.000902" asserts="0">
              <failure>
                <message><![CDATA[System.NullReferenceException : Referência de objeto não definida para uma instância de um objeto.
TearDown : System.NullReferenceException : Referência de objeto não definida para uma instância de um objeto.]]></message>
                <stack-trace><![CDATA[   em CSharpSeleniumTemplate.Bases.TestBase.SetUp() na C:\Mantis2\csharpseleniumextentreporttemplate-master\CSharpSeleniumTemplate\Bases\TestBase.cs:linha 27
--TearDown
   em CSharpSeleniumTemplate.Helpers.GeneralHelpers.GetScreenshot(String path) na C:\Mantis2\csharpseleniumextentreporttemplate-master\CSharpSeleniumTemplate\Helpers\GeneralHelpers.cs:linha 65
   em CSharpSeleniumTemplate.Helpers.ExtentReportHelpers.GetScreenShotMedia() na C:\Mantis2\csharpseleniumextentreporttemplate-master\CSharpSeleniumTemplate\Helpers\ExtentReportHelpers.cs:linha 46
   em CSharpSeleniumTemplate.Helpers.ExtentReportHelpers.AddTestResult() na C:\Mantis2\csharpseleniumextentreporttemplate-master\CSharpSeleniumTemplate\Helpers\ExtentReportHelpers.cs:linha 60
   em CSharpSeleniumTemplate.Bases.TestBase.TearDown() na C:\Mantis2\csharpseleniumextentreporttemplate-master\CSharpSeleniumTemplate\Bases\TestBase.cs:linha 42]]></stack-trace>
              </failure>
            </test-case>
            <test-case id="0-1032" name="CadastrarTarefaTodosCampos(System.Collections.ArrayList)" fullname="CSharpSeleniumTemplate.Tests.CriarTarefa.CadastrarTarefaTodosCampos(System.Collections.ArrayList)" methodname="CadastrarTarefaTodosCampos" classname="CSharpSeleniumTemplate.Tests.CriarTarefa" runstate="Runnable" seed="492892075" result="Failed" label="Error" start-time="2019-05-28 10:55:57Z" end-time="2019-05-28 10:55:57Z" duration="0.001817" asserts="0">
              <failure>
                <message><![CDATA[System.NullReferenceException : Referência de objeto não definida para uma instância de um objeto.
TearDown : System.NullReferenceException : Referência de objeto não definida para uma instância de um objeto.]]></message>
                <stack-trace><![CDATA[   em CSharpSeleniumTemplate.Bases.TestBase.SetUp() na C:\Mantis2\csharpseleniumextentreporttemplate-master\CSharpSeleniumTemplate\Bases\TestBase.cs:linha 27
--TearDown
   em CSharpSeleniumTemplate.Helpers.GeneralHelpers.GetScreenshot(String path) na C:\Mantis2\csharpseleniumextentreporttemplate-master\CSharpSeleniumTemplate\Helpers\GeneralHelpers.cs:linha 65
   em CSharpSeleniumTemplate.Helpers.ExtentReportHelpers.GetScreenShotMedia() na C:\Mantis2\csharpseleniumextentreporttemplate-master\CSharpSeleniumTemplate\Helpers\ExtentReportHelpers.cs:linha 46
   em CSharpSeleniumTemplate.Helpers.ExtentReportHelpers.AddTestResult() na C:\Mantis2\csharpseleniumextentreporttemplate-master\CSharpSeleniumTemplate\Helpers\ExtentReportHelpers.cs:linha 60
   em CSharpSeleniumTemplate.Bases.TestBase.TearDown() na C:\Mantis2\csharpseleniumextentreporttemplate-master\CSharpSeleniumTemplate\Bases\TestBase.cs:linha 42]]></stack-trace>
              </failure>
            </test-case>
            <test-case id="0-1033" name="CadastrarTarefaTodosCampos(System.Collections.ArrayList)" fullname="CSharpSeleniumTemplate.Tests.CriarTarefa.CadastrarTarefaTodosCampos(System.Collections.ArrayList)" methodname="CadastrarTarefaTodosCampos" classname="CSharpSeleniumTemplate.Tests.CriarTarefa" runstate="Runnable" seed="1579129131" result="Failed" label="Error" start-time="2019-05-28 10:55:57Z" end-time="2019-05-28 10:55:57Z" duration="0.001444" asserts="0">
              <failure>
                <message><![CDATA[System.NullReferenceException : Referência de objeto não definida para uma instância de um objeto.
TearDown : System.NullReferenceException : Referência de objeto não definida para uma instância de um objeto.]]></message>
                <stack-trace><![CDATA[   em CSharpSeleniumTemplate.Bases.TestBase.SetUp() na C:\Mantis2\csharpseleniumextentreporttemplate-master\CSharpSeleniumTemplate\Bases\TestBase.cs:linha 27
--TearDown
   em CSharpSeleniumTemplate.Helpers.GeneralHelpers.GetScreenshot(String path) na C:\Mantis2\csharpseleniumextentreporttemplate-master\CSharpSeleniumTemplate\Helpers\GeneralHelpers.cs:linha 65
   em CSharpSeleniumTemplate.Helpers.ExtentReportHelpers.GetScreenShotMedia() na C:\Mantis2\csharpseleniumextentreporttemplate-master\CSharpSeleniumTemplate\Helpers\ExtentReportHelpers.cs:linha 46
   em CSharpSeleniumTemplate.Helpers.ExtentReportHelpers.AddTestResult() na C:\Mantis2\csharpseleniumextentreporttemplate-master\CSharpSeleniumTemplate\Helpers\ExtentReportHelpers.cs:linha 60
   em CSharpSeleniumTemplate.Bases.TestBase.TearDown() na C:\Mantis2\csharpseleniumextentreporttemplate-master\CSharpSeleniumTemplate\Bases\TestBase.cs:linha 42]]></stack-trace>
              </failure>
            </test-case>
          </test-suite>
          <test-case id="0-1037" name="CampoDescricaoNaoPreenchido" fullname="CSharpSeleniumTemplate.Tests.CriarTarefa.CampoDescricaoNaoPreenchido" methodname="CampoDescricaoNaoPreenchido" classname="CSharpSeleniumTemplate.Tests.CriarTarefa" runstate="Runnable" seed="1118464989" result="Failed" label="Error" start-time="2019-05-28 10:55:57Z" end-time="2019-05-28 10:55:57Z" duration="0.001255" asserts="0">
            <failure>
              <message><![CDATA[System.NullReferenceException : Referência de objeto não definida para uma instância de um objeto.
TearDown : System.NullReferenceException : Referência de objeto não definida para uma instância de um objeto.]]></message>
              <stack-trace><![CDATA[   em CSharpSeleniumTemplate.Bases.TestBase.SetUp() na C:\Mantis2\csharpseleniumextentreporttemplate-master\CSharpSeleniumTemplate\Bases\TestBase.cs:linha 27
--TearDown
   em CSharpSeleniumTemplate.Helpers.GeneralHelpers.GetScreenshot(String path) na C:\Mantis2\csharpseleniumextentreporttemplate-master\CSharpSeleniumTemplate\Helpers\GeneralHelpers.cs:linha 65
   em CSharpSeleniumTemplate.Helpers.ExtentReportHelpers.GetScreenShotMedia() na C:\Mantis2\csharpseleniumextentreporttemplate-master\CSharpSeleniumTemplate\Helpers\ExtentReportHelpers.cs:linha 46
   em CSharpSeleniumTemplate.Helpers.ExtentReportHelpers.AddTestResult() na C:\Mantis2\csharpseleniumextentreporttemplate-master\CSharpSeleniumTemplate\Helpers\ExtentReportHelpers.cs:linha 60
   em CSharpSeleniumTemplate.Bases.TestBase.TearDown() na C:\Mantis2\csharpseleniumextentreporttemplate-master\CSharpSeleniumTemplate\Bases\TestBase.cs:linha 42]]></stack-trace>
            </failure>
          </test-case>
          <test-case id="0-1036" name="CampoResumoNaoPreenchido" fullname="CSharpSeleniumTemplate.Tests.CriarTarefa.CampoResumoNaoPreenchido" methodname="CampoResumoNaoPreenchido" classname="CSharpSeleniumTemplate.Tests.CriarTarefa" runstate="Runnable" seed="1675081468" result="Failed" label="Error" start-time="2019-05-28 10:55:57Z" end-time="2019-05-28 10:55:57Z" duration="0.002852" asserts="0">
            <failure>
              <message><![CDATA[System.NullReferenceException : Referência de objeto não definida para uma instância de um objeto.
TearDown : System.NullReferenceException : Referência de objeto não definida para uma instância de um objeto.]]></message>
              <stack-trace><![CDATA[   em CSharpSeleniumTemplate.Bases.TestBase.SetUp() na C:\Mantis2\csharpseleniumextentreporttemplate-master\CSharpSeleniumTemplate\Bases\TestBase.cs:linha 27
--TearDown
   em CSharpSeleniumTemplate.Helpers.GeneralHelpers.GetScreenshot(String path) na C:\Mantis2\csharpseleniumextentreporttemplate-master\CSharpSeleniumTemplate\Helpers\GeneralHelpers.cs:linha 65
   em CSharpSeleniumTemplate.Helpers.ExtentReportHelpers.GetScreenShotMedia() na C:\Mantis2\csharpseleniumextentreporttemplate-master\CSharpSeleniumTemplate\Helpers\ExtentReportHelpers.cs:linha 46
   em CSharpSeleniumTemplate.Helpers.ExtentReportHelpers.AddTestResult() na C:\Mantis2\csharpseleniumextentreporttemplate-master\CSharpSeleniumTemplate\Helpers\ExtentReportHelpers.cs:linha 60
   em CSharpSeleniumTemplate.Bases.TestBase.TearDown() na C:\Mantis2\csharpseleniumextentreporttemplate-master\CSharpSeleniumTemplate\Bases\TestBase.cs:linha 42]]></stack-trace>
            </failure>
          </test-case>
        </test-suite>
        <test-suite type="TestFixture" id="0-1000" name="GerenciarCamposPersonalizados" fullname="CSharpSeleniumTemplate.Tests.GerenciarCamposPersonalizados" classname="CSharpSeleniumTemplate.Tests.GerenciarCamposPersonalizados" runstate="Runnable" testcasecount="5" result="Failed" site="Child" start-time="2019-05-28 10:56:03Z" end-time="2019-05-28 10:56:03Z" duration="0.014451" total="5" passed="0" failed="5" warnings="0" inconclusive="0" skipped="0" asserts="0">
          <failure>
            <message><![CDATA[One or more child tests had errors]]></message>
          </failure>
          <test-case id="0-1005" name="ApagarCampoPersonalizado" fullname="CSharpSeleniumTemplate.Tests.GerenciarCamposPersonalizados.ApagarCampoPersonalizado" methodname="ApagarCampoPersonalizado" classname="CSharpSeleniumTemplate.Tests.GerenciarCamposPersonalizados" runstate="Runnable" seed="897295464" result="Failed" label="Error" start-time="2019-05-28 10:56:03Z" end-time="2019-05-28 10:56:03Z" duration="0.001130" asserts="0">
            <failure>
              <message><![CDATA[System.NullReferenceException : Referência de objeto não definida para uma instância de um objeto.
TearDown : System.NullReferenceException : Referência de objeto não definida para uma instância de um objeto.]]></message>
              <stack-trace><![CDATA[   em CSharpSeleniumTemplate.Bases.TestBase.SetUp() na C:\Mantis2\csharpseleniumextentreporttemplate-master\CSharpSeleniumTemplate\Bases\TestBase.cs:linha 27
--TearDown
   em CSharpSeleniumTemplate.Helpers.GeneralHelpers.GetScreenshot(String path) na C:\Mantis2\csharpseleniumextentreporttemplate-master\CSharpSeleniumTemplate\Helpers\GeneralHelpers.cs:linha 65
   em CSharpSeleniumTemplate.Helpers.ExtentReportHelpers.GetScreenShotMedia() na C:\Mantis2\csharpseleniumextentreporttemplate-master\CSharpSeleniumTemplate\Helpers\ExtentReportHelpers.cs:linha 46
   em CSharpSeleniumTemplate.Helpers.ExtentReportHelpers.AddTestResult() na C:\Mantis2\csharpseleniumextentreporttemplate-master\CSharpSeleniumTemplate\Helpers\ExtentReportHelpers.cs:linha 60
   em CSharpSeleniumTemplate.Bases.TestBase.TearDown() na C:\Mantis2\csharpseleniumextentreporttemplate-master\CSharpSeleniumTemplate\Bases\TestBase.cs:linha 42]]></stack-trace>
            </failure>
          </test-case>
          <test-case id="0-1001" name="CadastrarCampoPersonalizado" fullname="CSharpSeleniumTemplate.Tests.GerenciarCamposPersonalizados.CadastrarCampoPersonalizado" methodname="CadastrarCampoPersonalizado" classname="CSharpSeleniumTemplate.Tests.GerenciarCamposPersonalizados" runstate="Runnable" seed="388931720" result="Failed" label="Error" start-time="2019-05-28 10:56:03Z" end-time="2019-05-28 10:56:03Z" duration="0.001148" asserts="0">
            <failure>
              <message><![CDATA[System.NullReferenceException : Referência de objeto não definida para uma instância de um objeto.
TearDown : System.NullReferenceException : Referência de objeto não definida para uma instância de um objeto.]]></message>
              <stack-trace><![CDATA[   em CSharpSeleniumTemplate.Bases.TestBase.SetUp() na C:\Mantis2\csharpseleniumextentreporttemplate-master\CSharpSeleniumTemplate\Bases\TestBase.cs:linha 27
--TearDown
   em CSharpSeleniumTemplate.Helpers.GeneralHelpers.GetScreenshot(String path) na C:\Mantis2\csharpseleniumextentreporttemplate-master\CSharpSeleniumTemplate\Helpers\GeneralHelpers.cs:linha 65
   em CSharpSeleniumTemplate.Helpers.ExtentReportHelpers.GetScreenShotMedia() na C:\Mantis2\csharpseleniumextentreporttemplate-master\CSharpSeleniumTemplate\Helpers\ExtentReportHelpers.cs:linha 46
   em CSharpSeleniumTemplate.Helpers.ExtentReportHelpers.AddTestResult() na C:\Mantis2\csharpseleniumextentreporttemplate-master\CSharpSeleniumTemplate\Helpers\ExtentReportHelpers.cs:linha 60
   em CSharpSeleniumTemplate.Bases.TestBase.TearDown() na C:\Mantis2\csharpseleniumextentreporttemplate-master\CSharpSeleniumTemplate\Bases\TestBase.cs:linha 42]]></stack-trace>
            </failure>
          </test-case>
          <test-case id="0-1002" name="CampoObrigatorioNaoInformado" fullname="CSharpSeleniumTemplate.Tests.GerenciarCamposPersonalizados.CampoObrigatorioNaoInformado" methodname="CampoObrigatorioNaoInformado" classname="CSharpSeleniumTemplate.Tests.GerenciarCamposPersonalizados" runstate="Runnable" seed="1574763430" result="Failed" label="Error" start-time="2019-05-28 10:56:03Z" end-time="2019-05-28 10:56:03Z" duration="0.001034" asserts="0">
            <failure>
              <message><![CDATA[System.NullReferenceException : Referência de objeto não definida para uma instância de um objeto.
TearDown : System.NullReferenceException : Referência de objeto não definida para uma instância de um objeto.]]></message>
              <stack-trace><![CDATA[   em CSharpSeleniumTemplate.Bases.TestBase.SetUp() na C:\Mantis2\csharpseleniumextentreporttemplate-master\CSharpSeleniumTemplate\Bases\TestBase.cs:linha 27
--TearDown
   em CSharpSeleniumTemplate.Helpers.GeneralHelpers.GetScreenshot(String path) na C:\Mantis2\csharpseleniumextentreporttemplate-master\CSharpSeleniumTemplate\Helpers\GeneralHelpers.cs:linha 65
   em CSharpSeleniumTemplate.Helpers.ExtentReportHelpers.GetScreenShotMedia() na C:\Mantis2\csharpseleniumextentreporttemplate-master\CSharpSeleniumTemplate\Helpers\ExtentReportHelpers.cs:linha 46
   em CSharpSeleniumTemplate.Helpers.ExtentReportHelpers.AddTestResult() na C:\Mantis2\csharpseleniumextentreporttemplate-master\CSharpSeleniumTemplate\Helpers\ExtentReportHelpers.cs:linha 60
   em CSharpSeleniumTemplate.Bases.TestBase.TearDown() na C:\Mantis2\csharpseleniumextentreporttemplate-master\CSharpSeleniumTemplate\Bases\TestBase.cs:linha 42]]></stack-trace>
            </failure>
          </test-case>
          <test-case id="0-1003" name="CampoPersonalizadoJaCadastrado" fullname="CSharpSeleniumTemplate.Tests.GerenciarCamposPersonalizados.CampoPersonalizadoJaCadastrado" methodname="CampoPersonalizadoJaCadastrado" classname="CSharpSeleniumTemplate.Tests.GerenciarCamposPersonalizados" runstate="Runnable" seed="522462415" result="Failed" label="Error" start-time="2019-05-28 10:56:03Z" end-time="2019-05-28 10:56:03Z" duration="0.000892" asserts="0">
            <failure>
              <message><![CDATA[System.NullReferenceException : Referência de objeto não definida para uma instância de um objeto.
TearDown : System.NullReferenceException : Referência de objeto não definida para uma instância de um objeto.]]></message>
              <stack-trace><![CDATA[   em CSharpSeleniumTemplate.Bases.TestBase.SetUp() na C:\Mantis2\csharpseleniumextentreporttemplate-master\CSharpSeleniumTemplate\Bases\TestBase.cs:linha 27
--TearDown
   em CSharpSeleniumTemplate.Helpers.GeneralHelpers.GetScreenshot(String path) na C:\Mantis2\csharpseleniumextentreporttemplate-master\CSharpSeleniumTemplate\Helpers\GeneralHelpers.cs:linha 65
   em CSharpSeleniumTemplate.Helpers.ExtentReportHelpers.GetScreenShotMedia() na C:\Mantis2\csharpseleniumextentreporttemplate-master\CSharpSeleniumTemplate\Helpers\ExtentReportHelpers.cs:linha 46
   em CSharpSeleniumTemplate.Helpers.ExtentReportHelpers.AddTestResult() na C:\Mantis2\csharpseleniumextentreporttemplate-master\CSharpSeleniumTemplate\Helpers\ExtentReportHelpers.cs:linha 60
   em CSharpSeleniumTemplate.Bases.TestBase.TearDown() na C:\Mantis2\csharpseleniumextentreporttemplate-master\CSharpSeleniumTemplate\Bases\TestBase.cs:linha 42]]></stack-trace>
            </failure>
          </test-case>
          <test-case id="0-1004" name="EditarCampoPersonalizado" fullname="CSharpSeleniumTemplate.Tests.GerenciarCamposPersonalizados.EditarCampoPersonalizado" methodname="EditarCampoPersonalizado" classname="CSharpSeleniumTemplate.Tests.GerenciarCamposPersonalizados" runstate="Runnable" seed="1260431220" result="Failed" label="Error" start-time="2019-05-28 10:56:03Z" end-time="2019-05-28 10:56:03Z" duration="0.000891" asserts="0">
            <failure>
              <message><![CDATA[System.NullReferenceException : Referência de objeto não definida para uma instância de um objeto.
TearDown : System.NullReferenceException : Referência de objeto não definida para uma instância de um objeto.]]></message>
              <stack-trace><![CDATA[   em CSharpSeleniumTemplate.Bases.TestBase.SetUp() na C:\Mantis2\csharpseleniumextentreporttemplate-master\CSharpSeleniumTemplate\Bases\TestBase.cs:linha 27
--TearDown
   em CSharpSeleniumTemplate.Helpers.GeneralHelpers.GetScreenshot(String path) na C:\Mantis2\csharpseleniumextentreporttemplate-master\CSharpSeleniumTemplate\Helpers\GeneralHelpers.cs:linha 65
   em CSharpSeleniumTemplate.Helpers.ExtentReportHelpers.GetScreenShotMedia() na C:\Mantis2\csharpseleniumextentreporttemplate-master\CSharpSeleniumTemplate\Helpers\ExtentReportHelpers.cs:linha 46
   em CSharpSeleniumTemplate.Helpers.ExtentReportHelpers.AddTestResult() na C:\Mantis2\csharpseleniumextentreporttemplate-master\CSharpSeleniumTemplate\Helpers\ExtentReportHelpers.cs:linha 60
   em CSharpSeleniumTemplate.Bases.TestBase.TearDown() na C:\Mantis2\csharpseleniumextentreporttemplate-master\CSharpSeleniumTemplate\Bases\TestBase.cs:linha 42]]></stack-trace>
            </failure>
          </test-case>
        </test-suite>
        <test-suite type="TestFixture" id="0-1038" name="GerenciarCategorias" fullname="CSharpSeleniumTemplate.Tests.GerenciarCategorias" classname="CSharpSeleniumTemplate.Tests.GerenciarCategorias" runstate="Runnable" testcasecount="5" result="Failed" site="Child" start-time="2019-05-28 10:56:03Z" end-time="2019-05-28 10:56:03Z" duration="0.015653" total="5" passed="0" failed="5" warnings="0" inconclusive="0" skipped="0" asserts="0">
          <failure>
            <message><![CDATA[One or more child tests had errors]]></message>
          </failure>
          <test-case id="0-1043" name="ApagarCategoria" fullname="CSharpSeleniumTemplate.Tests.GerenciarCategorias.ApagarCategoria" methodname="ApagarCategoria" classname="CSharpSeleniumTemplate.Tests.GerenciarCategorias" runstate="Runnable" seed="1369869734" result="Failed" label="Error" start-time="2019-05-28 10:56:03Z" end-time="2019-05-28 10:56:03Z" duration="0.001283" asserts="0">
            <failure>
              <message><![CDATA[System.NullReferenceException : Referência de objeto não definida para uma instância de um objeto.
TearDown : System.NullReferenceException : Referência de objeto não definida para uma instância de um objeto.]]></message>
              <stack-trace><![CDATA[   em CSharpSeleniumTemplate.Bases.TestBase.SetUp() na C:\Mantis2\csharpseleniumextentreporttemplate-master\CSharpSeleniumTemplate\Bases\TestBase.cs:linha 27
--TearDown
   em CSharpSeleniumTemplate.Helpers.GeneralHelpers.GetScreenshot(String path) na C:\Mantis2\csharpseleniumextentreporttemplate-master\CSharpSeleniumTemplate\Helpers\GeneralHelpers.cs:linha 65
   em CSharpSeleniumTemplate.Helpers.ExtentReportHelpers.GetScreenShotMedia() na C:\Mantis2\csharpseleniumextentreporttemplate-master\CSharpSeleniumTemplate\Helpers\ExtentReportHelpers.cs:linha 46
   em CSharpSeleniumTemplate.Helpers.ExtentReportHelpers.AddTestResult() na C:\Mantis2\csharpseleniumextentreporttemplate-master\CSharpSeleniumTemplate\Helpers\ExtentReportHelpers.cs:linha 60
   em CSharpSeleniumTemplate.Bases.TestBase.TearDown() na C:\Mantis2\csharpseleniumextentreporttemplate-master\CSharpSeleniumTemplate\Bases\TestBase.cs:linha 42]]></stack-trace>
            </failure>
          </test-case>
          <test-case id="0-1039" name="CadastrarCategoria" fullname="CSharpSeleniumTemplate.Tests.GerenciarCategorias.CadastrarCategoria" methodname="CadastrarCategoria" classname="CSharpSeleniumTemplate.Tests.GerenciarCategorias" runstate="Runnable" seed="2089753829" result="Failed" label="Error" start-time="2019-05-28 10:56:03Z" end-time="2019-05-28 10:56:03Z" duration="0.000854" asserts="0">
            <failure>
              <message><![CDATA[System.NullReferenceException : Referência de objeto não definida para uma instância de um objeto.
TearDown : System.NullReferenceException : Referência de objeto não definida para uma instância de um objeto.]]></message>
              <stack-trace><![CDATA[   em CSharpSeleniumTemplate.Bases.TestBase.SetUp() na C:\Mantis2\csharpseleniumextentreporttemplate-master\CSharpSeleniumTemplate\Bases\TestBase.cs:linha 27
--TearDown
   em CSharpSeleniumTemplate.Helpers.GeneralHelpers.GetScreenshot(String path) na C:\Mantis2\csharpseleniumextentreporttemplate-master\CSharpSeleniumTemplate\Helpers\GeneralHelpers.cs:linha 65
   em CSharpSeleniumTemplate.Helpers.ExtentReportHelpers.GetScreenShotMedia() na C:\Mantis2\csharpseleniumextentreporttemplate-master\CSharpSeleniumTemplate\Helpers\ExtentReportHelpers.cs:linha 46
   em CSharpSeleniumTemplate.Helpers.ExtentReportHelpers.AddTestResult() na C:\Mantis2\csharpseleniumextentreporttemplate-master\CSharpSeleniumTemplate\Helpers\ExtentReportHelpers.cs:linha 60
   em CSharpSeleniumTemplate.Bases.TestBase.TearDown() na C:\Mantis2\csharpseleniumextentreporttemplate-master\CSharpSeleniumTemplate\Bases\TestBase.cs:linha 42]]></stack-trace>
            </failure>
          </test-case>
          <test-case id="0-1041" name="CampoObrigatorioNaoPreenchido" fullname="CSharpSeleniumTemplate.Tests.GerenciarCategorias.CampoObrigatorioNaoPreenchido" methodname="CampoObrigatorioNaoPreenchido" classname="CSharpSeleniumTemplate.Tests.GerenciarCategorias" runstate="Runnable" seed="437685342" result="Failed" label="Error" start-time="2019-05-28 10:56:03Z" end-time="2019-05-28 10:56:03Z" duration="0.000907" asserts="0">
            <failure>
              <message><![CDATA[System.NullReferenceException : Referência de objeto não definida para uma instância de um objeto.
TearDown : System.NullReferenceException : Referência de objeto não definida para uma instância de um objeto.]]></message>
              <stack-trace><![CDATA[   em CSharpSeleniumTemplate.Bases.TestBase.SetUp() na C:\Mantis2\csharpseleniumextentreporttemplate-master\CSharpSeleniumTemplate\Bases\TestBase.cs:linha 27
--TearDown
   em CSharpSeleniumTemplate.Helpers.GeneralHelpers.GetScreenshot(String path) na C:\Mantis2\csharpseleniumextentreporttemplate-master\CSharpSeleniumTemplate\Helpers\GeneralHelpers.cs:linha 65
   em CSharpSeleniumTemplate.Helpers.ExtentReportHelpers.GetScreenShotMedia() na C:\Mantis2\csharpseleniumextentreporttemplate-master\CSharpSeleniumTemplate\Helpers\ExtentReportHelpers.cs:linha 46
   em CSharpSeleniumTemplate.Helpers.ExtentReportHelpers.AddTestResult() na C:\Mantis2\csharpseleniumextentreporttemplate-master\CSharpSeleniumTemplate\Helpers\ExtentReportHelpers.cs:linha 60
   em CSharpSeleniumTemplate.Bases.TestBase.TearDown() na C:\Mantis2\csharpseleniumextentreporttemplate-master\CSharpSeleniumTemplate\Bases\TestBase.cs:linha 42]]></stack-trace>
            </failure>
          </test-case>
          <test-case id="0-1040" name="CategoriaJaCadastrada" fullname="CSharpSeleniumTemplate.Tests.GerenciarCategorias.CategoriaJaCadastrada" methodname="CategoriaJaCadastrada" classname="CSharpSeleniumTemplate.Tests.GerenciarCategorias" runstate="Runnable" seed="1526990963" result="Failed" label="Error" start-time="2019-05-28 10:56:03Z" end-time="2019-05-28 10:56:03Z" duration="0.001296" asserts="0">
            <failure>
              <message><![CDATA[System.NullReferenceException : Referência de objeto não definida para uma instância de um objeto.
TearDown : System.NullReferenceException : Referência de objeto não definida para uma instância de um objeto.]]></message>
              <stack-trace><![CDATA[   em CSharpSeleniumTemplate.Bases.TestBase.SetUp() na C:\Mantis2\csharpseleniumextentreporttemplate-master\CSharpSeleniumTemplate\Bases\TestBase.cs:linha 27
--TearDown
   em CSharpSeleniumTemplate.Helpers.GeneralHelpers.GetScreenshot(String path) na C:\Mantis2\csharpseleniumextentreporttemplate-master\CSharpSeleniumTemplate\Helpers\GeneralHelpers.cs:linha 65
   em CSharpSeleniumTemplate.Helpers.ExtentReportHelpers.GetScreenShotMedia() na C:\Mantis2\csharpseleniumextentreporttemplate-master\CSharpSeleniumTemplate\Helpers\ExtentReportHelpers.cs:linha 46
   em CSharpSeleniumTemplate.Helpers.ExtentReportHelpers.AddTestResult() na C:\Mantis2\csharpseleniumextentreporttemplate-master\CSharpSeleniumTemplate\Helpers\ExtentReportHelpers.cs:linha 60
   em CSharpSeleniumTemplate.Bases.TestBase.TearDown() na C:\Mantis2\csharpseleniumextentreporttemplate-master\CSharpSeleniumTemplate\Bases\TestBase.cs:linha 42]]></stack-trace>
            </failure>
          </test-case>
          <test-case id="0-1042" name="EditarCategoria" fullname="CSharpSeleniumTemplate.Tests.GerenciarCategorias.EditarCategoria" methodname="EditarCategoria" classname="CSharpSeleniumTemplate.Tests.GerenciarCategorias" runstate="Runnable" seed="1618517742" result="Failed" label="Error" start-time="2019-05-28 10:56:03Z" end-time="2019-05-28 10:56:03Z" duration="0.000915" asserts="0">
            <failure>
              <message><![CDATA[System.NullReferenceException : Referência de objeto não definida para uma instância de um objeto.
TearDown : System.NullReferenceException : Referência de objeto não definida para uma instância de um objeto.]]></message>
              <stack-trace><![CDATA[   em CSharpSeleniumTemplate.Bases.TestBase.SetUp() na C:\Mantis2\csharpseleniumextentreporttemplate-master\CSharpSeleniumTemplate\Bases\TestBase.cs:linha 27
--TearDown
   em CSharpSeleniumTemplate.Helpers.GeneralHelpers.GetScreenshot(String path) na C:\Mantis2\csharpseleniumextentreporttemplate-master\CSharpSeleniumTemplate\Helpers\GeneralHelpers.cs:linha 65
   em CSharpSeleniumTemplate.Helpers.ExtentReportHelpers.GetScreenShotMedia() na C:\Mantis2\csharpseleniumextentreporttemplate-master\CSharpSeleniumTemplate\Helpers\ExtentReportHelpers.cs:linha 46
   em CSharpSeleniumTemplate.Helpers.ExtentReportHelpers.AddTestResult() na C:\Mantis2\csharpseleniumextentreporttemplate-master\CSharpSeleniumTemplate\Helpers\ExtentReportHelpers.cs:linha 60
   em CSharpSeleniumTemplate.Bases.TestBase.TearDown() na C:\Mantis2\csharpseleniumextentreporttemplate-master\CSharpSeleniumTemplate\Bases\TestBase.cs:linha 42]]></stack-trace>
            </failure>
          </test-case>
        </test-suite>
        <test-suite type="TestFixture" id="0-1006" name="GerenciarMarcadores" fullname="CSharpSeleniumTemplate.Tests.GerenciarMarcadores" classname="CSharpSeleniumTemplate.Tests.GerenciarMarcadores" runstate="Runnable" testcasecount="5" result="Failed" site="Child" start-time="2019-05-28 10:56:03Z" end-time="2019-05-28 10:56:04Z" duration="0.208513" total="5" passed="0" failed="5" warnings="0" inconclusive="0" skipped="0" asserts="0">
          <failure>
            <message><![CDATA[One or more child tests had errors]]></message>
          </failure>
          <test-case id="0-1010" name="ApagarMarcador" fullname="CSharpSeleniumTemplate.Tests.GerenciarMarcadores.ApagarMarcador" methodname="ApagarMarcador" classname="CSharpSeleniumTemplate.Tests.GerenciarMarcadores" runstate="Runnable" seed="1104838785" result="Failed" label="Error" start-time="2019-05-28 10:56:03Z" end-time="2019-05-28 10:56:04Z" duration="0.175506" asserts="0">
            <failure>
              <message><![CDATA[System.NullReferenceException : Referência de objeto não definida para uma instância de um objeto.
TearDown : System.NullReferenceException : Referência de objeto não definida para uma instância de um objeto.]]></message>
              <stack-trace><![CDATA[   em CSharpSeleniumTemplate.Bases.TestBase.SetUp() na C:\Mantis2\csharpseleniumextentreporttemplate-master\CSharpSeleniumTemplate\Bases\TestBase.cs:linha 27
--TearDown
   em CSharpSeleniumTemplate.Helpers.GeneralHelpers.GetScreenshot(String path) na C:\Mantis2\csharpseleniumextentreporttemplate-master\CSharpSeleniumTemplate\Helpers\GeneralHelpers.cs:linha 65
   em CSharpSeleniumTemplate.Helpers.ExtentReportHelpers.GetScreenShotMedia() na C:\Mantis2\csharpseleniumextentreporttemplate-master\CSharpSeleniumTemplate\Helpers\ExtentReportHelpers.cs:linha 46
   em CSharpSeleniumTemplate.Helpers.ExtentReportHelpers.AddTestResult() na C:\Mantis2\csharpseleniumextentreporttemplate-master\CSharpSeleniumTemplate\Helpers\ExtentReportHelpers.cs:linha 60
   em CSharpSeleniumTemplate.Bases.TestBase.TearDown() na C:\Mantis2\csharpseleniumextentreporttemplate-master\CSharpSeleniumTemplate\Bases\TestBase.cs:linha 42]]></stack-trace>
            </failure>
          </test-case>
          <test-case id="0-1007" name="CadastrarMarcador" fullname="CSharpSeleniumTemplate.Tests.GerenciarMarcadores.CadastrarMarcador" methodname="CadastrarMarcador" classname="CSharpSeleniumTemplate.Tests.GerenciarMarcadores" runstate="Runnable" seed="1502907187" result="Failed" label="Error" start-time="2019-05-28 10:56:04Z" end-time="2019-05-28 10:56:04Z" duration="0.000911" asserts="0">
            <failure>
              <message><![CDATA[System.NullReferenceException : Referência de objeto não definida para uma instância de um objeto.
TearDown : System.NullReferenceException : Referência de objeto não definida para uma instância de um objeto.]]></message>
              <stack-trace><![CDATA[   em CSharpSeleniumTemplate.Bases.TestBase.SetUp() na C:\Mantis2\csharpseleniumextentreporttemplate-master\CSharpSeleniumTemplate\Bases\TestBase.cs:linha 27
--TearDown
   em CSharpSeleniumTemplate.Helpers.GeneralHelpers.GetScreenshot(String path) na C:\Mantis2\csharpseleniumextentreporttemplate-master\CSharpSeleniumTemplate\Helpers\GeneralHelpers.cs:linha 65
   em CSharpSeleniumTemplate.Helpers.ExtentReportHelpers.GetScreenShotMedia() na C:\Mantis2\csharpseleniumextentreporttemplate-master\CSharpSeleniumTemplate\Helpers\ExtentReportHelpers.cs:linha 46
   em CSharpSeleniumTemplate.Helpers.ExtentReportHelpers.AddTestResult() na C:\Mantis2\csharpseleniumextentreporttemplate-master\CSharpSeleniumTemplate\Helpers\ExtentReportHelpers.cs:linha 60
   em CSharpSeleniumTemplate.Bases.TestBase.TearDown() na C:\Mantis2\csharpseleniumextentreporttemplate-master\CSharpSeleniumTemplate\Bases\TestBase.cs:linha 42]]></stack-trace>
            </failure>
          </test-case>
          <test-case id="0-1008" name="CampoObrigatorioNaoPreenchido" fullname="CSharpSeleniumTemplate.Tests.GerenciarMarcadores.CampoObrigatorioNaoPreenchido" methodname="CampoObrigatorioNaoPreenchido" classname="CSharpSeleniumTemplate.Tests.GerenciarMarcadores" runstate="Runnable" seed="1274386560" result="Failed" label="Error" start-time="2019-05-28 10:56:04Z" end-time="2019-05-28 10:56:04Z" duration="0.000855" asserts="0">
            <failure>
              <message><![CDATA[System.NullReferenceException : Referência de objeto não definida para uma instância de um objeto.
TearDown : System.NullReferenceException : Referência de objeto não definida para uma instância de um objeto.]]></message>
              <stack-trace><![CDATA[   em CSharpSeleniumTemplate.Bases.TestBase.SetUp() na C:\Mantis2\csharpseleniumextentreporttemplate-master\CSharpSeleniumTemplate\Bases\TestBase.cs:linha 27
--TearDown
   em CSharpSeleniumTemplate.Helpers.GeneralHelpers.GetScreenshot(String path) na C:\Mantis2\csharpseleniumextentreporttemplate-master\CSharpSeleniumTemplate\Helpers\GeneralHelpers.cs:linha 65
   em CSharpSeleniumTemplate.Helpers.ExtentReportHelpers.GetScreenShotMedia() na C:\Mantis2\csharpseleniumextentreporttemplate-master\CSharpSeleniumTemplate\Helpers\ExtentReportHelpers.cs:linha 46
   em CSharpSeleniumTemplate.Helpers.ExtentReportHelpers.AddTestResult() na C:\Mantis2\csharpseleniumextentreporttemplate-master\CSharpSeleniumTemplate\Helpers\ExtentReportHelpers.cs:linha 60
   em CSharpSeleniumTemplate.Bases.TestBase.TearDown() na C:\Mantis2\csharpseleniumextentreporttemplate-master\CSharpSeleniumTemplate\Bases\TestBase.cs:linha 42]]></stack-trace>
            </failure>
          </test-case>
          <test-case id="0-1009" name="EditarMarcador" fullname="CSharpSeleniumTemplate.Tests.GerenciarMarcadores.EditarMarcador" methodname="EditarMarcador" classname="CSharpSeleniumTemplate.Tests.GerenciarMarcadores" runstate="Runnable" seed="1942372663" result="Failed" label="Error" start-time="2019-05-28 10:56:04Z" end-time="2019-05-28 10:56:04Z" duration="0.000894" asserts="0">
            <failure>
              <message><![CDATA[System.NullReferenceException : Referência de objeto não definida para uma instância de um objeto.
TearDown : System.NullReferenceException : Referência de objeto não definida para uma instância de um objeto.]]></message>
              <stack-trace><![CDATA[   em CSharpSeleniumTemplate.Bases.TestBase.SetUp() na C:\Mantis2\csharpseleniumextentreporttemplate-master\CSharpSeleniumTemplate\Bases\TestBase.cs:linha 27
--TearDown
   em CSharpSeleniumTemplate.Helpers.GeneralHelpers.GetScreenshot(String path) na C:\Mantis2\csharpseleniumextentreporttemplate-master\CSharpSeleniumTemplate\Helpers\GeneralHelpers.cs:linha 65
   em CSharpSeleniumTemplate.Helpers.ExtentReportHelpers.GetScreenShotMedia() na C:\Mantis2\csharpseleniumextentreporttemplate-master\CSharpSeleniumTemplate\Helpers\ExtentReportHelpers.cs:linha 46
   em CSharpSeleniumTemplate.Helpers.ExtentReportHelpers.AddTestResult() na C:\Mantis2\csharpseleniumextentreporttemplate-master\CSharpSeleniumTemplate\Helpers\ExtentReportHelpers.cs:linha 60
   em CSharpSeleniumTemplate.Bases.TestBase.TearDown() na C:\Mantis2\csharpseleniumextentreporttemplate-master\CSharpSeleniumTemplate\Bases\TestBase.cs:linha 42]]></stack-trace>
            </failure>
          </test-case>
          <test-case id="0-1011" name="VoltarAoDetalheMarcador" fullname="CSharpSeleniumTemplate.Tests.GerenciarMarcadores.VoltarAoDetalheMarcador" methodname="VoltarAoDetalheMarcador" classname="CSharpSeleniumTemplate.Tests.GerenciarMarcadores" runstate="Runnable" seed="1587629362" result="Failed" label="Error" start-time="2019-05-28 10:56:04Z" end-time="2019-05-28 10:56:04Z" duration="0.000896" asserts="0">
            <failure>
              <message><![CDATA[System.NullReferenceException : Referência de objeto não definida para uma instância de um objeto.
TearDown : System.NullReferenceException : Referência de objeto não definida para uma instância de um objeto.]]></message>
              <stack-trace><![CDATA[   em CSharpSeleniumTemplate.Bases.TestBase.SetUp() na C:\Mantis2\csharpseleniumextentreporttemplate-master\CSharpSeleniumTemplate\Bases\TestBase.cs:linha 27
--TearDown
   em CSharpSeleniumTemplate.Helpers.GeneralHelpers.GetScreenshot(String path) na C:\Mantis2\csharpseleniumextentreporttemplate-master\CSharpSeleniumTemplate\Helpers\GeneralHelpers.cs:linha 65
   em CSharpSeleniumTemplate.Helpers.ExtentReportHelpers.GetScreenShotMedia() na C:\Mantis2\csharpseleniumextentreporttemplate-master\CSharpSeleniumTemplate\Helpers\ExtentReportHelpers.cs:linha 46
   em CSharpSeleniumTemplate.Helpers.ExtentReportHelpers.AddTestResult() na C:\Mantis2\csharpseleniumextentreporttemplate-master\CSharpSeleniumTemplate\Helpers\ExtentReportHelpers.cs:linha 60
   em CSharpSeleniumTemplate.Bases.TestBase.TearDown() na C:\Mantis2\csharpseleniumextentreporttemplate-master\CSharpSeleniumTemplate\Bases\TestBase.cs:linha 42]]></stack-trace>
            </failure>
          </test-case>
        </test-suite>
        <test-suite type="TestFixture" id="0-1012" name="GerenciarPerfisGlobais" fullname="CSharpSeleniumTemplate.Tests.GerenciarPerfisGlobais" classname="CSharpSeleniumTemplate.Tests.GerenciarPerfisGlobais" runstate="Runnable" testcasecount="8" result="Failed" site="Child" start-time="2019-05-28 10:56:04Z" end-time="2019-05-28 10:56:04Z" duration="0.022037" total="8" passed="0" failed="8" warnings="0" inconclusive="0" skipped="0" asserts="0">
          <failure>
            <message><![CDATA[One or more child tests had errors]]></message>
          </failure>
          <test-case id="0-1020" name="ApagarPerfilScucesso" fullname="CSharpSeleniumTemplate.Tests.GerenciarPerfisGlobais.ApagarPerfilScucesso" methodname="ApagarPerfilScucesso" classname="CSharpSeleniumTemplate.Tests.GerenciarPerfisGlobais" runstate="Runnable" seed="1484472047" result="Failed" label="Error" start-time="2019-05-28 10:56:04Z" end-time="2019-05-28 10:56:04Z" duration="0.001139" asserts="0">
            <failure>
              <message><![CDATA[System.NullReferenceException : Referência de objeto não definida para uma instância de um objeto.
TearDown : System.NullReferenceException : Referência de objeto não definida para uma instância de um objeto.]]></message>
              <stack-trace><![CDATA[   em CSharpSeleniumTemplate.Bases.TestBase.SetUp() na C:\Mantis2\csharpseleniumextentreporttemplate-master\CSharpSeleniumTemplate\Bases\TestBase.cs:linha 27
--TearDown
   em CSharpSeleniumTemplate.Helpers.GeneralHelpers.GetScreenshot(String path) na C:\Mantis2\csharpseleniumextentreporttemplate-master\CSharpSeleniumTemplate\Helpers\GeneralHelpers.cs:linha 65
   em CSharpSeleniumTemplate.Helpers.ExtentReportHelpers.GetScreenShotMedia() na C:\Mantis2\csharpseleniumextentreporttemplate-master\CSharpSeleniumTemplate\Helpers\ExtentReportHelpers.cs:linha 46
   em CSharpSeleniumTemplate.Helpers.ExtentReportHelpers.AddTestResult() na C:\Mantis2\csharpseleniumextentreporttemplate-master\CSharpSeleniumTemplate\Helpers\ExtentReportHelpers.cs:linha 60
   em CSharpSeleniumTemplate.Bases.TestBase.TearDown() na C:\Mantis2\csharpseleniumextentreporttemplate-master\CSharpSeleniumTemplate\Bases\TestBase.cs:linha 42]]></stack-trace>
            </failure>
          </test-case>
          <test-case id="0-1019" name="ApagarSemSelecionarUmPerfil" fullname="CSharpSeleniumTemplate.Tests.GerenciarPerfisGlobais.ApagarSemSelecionarUmPerfil" methodname="ApagarSemSelecionarUmPerfil" classname="CSharpSeleniumTemplate.Tests.GerenciarPerfisGlobais" runstate="Runnable" seed="1569647692" result="Failed" label="Error" start-time="2019-05-28 10:56:04Z" end-time="2019-05-28 10:56:04Z" duration="0.000879" asserts="0">
            <failure>
              <message><![CDATA[System.NullReferenceException : Referência de objeto não definida para uma instância de um objeto.
TearDown : System.NullReferenceException : Referência de objeto não definida para uma instância de um objeto.]]></message>
              <stack-trace><![CDATA[   em CSharpSeleniumTemplate.Bases.TestBase.SetUp() na C:\Mantis2\csharpseleniumextentreporttemplate-master\CSharpSeleniumTemplate\Bases\TestBase.cs:linha 27
--TearDown
   em CSharpSeleniumTemplate.Helpers.GeneralHelpers.GetScreenshot(String path) na C:\Mantis2\csharpseleniumextentreporttemplate-master\CSharpSeleniumTemplate\Helpers\GeneralHelpers.cs:linha 65
   em CSharpSeleniumTemplate.Helpers.ExtentReportHelpers.GetScreenShotMedia() na C:\Mantis2\csharpseleniumextentreporttemplate-master\CSharpSeleniumTemplate\Helpers\ExtentReportHelpers.cs:linha 46
   em CSharpSeleniumTemplate.Helpers.ExtentReportHelpers.AddTestResult() na C:\Mantis2\csharpseleniumextentreporttemplate-master\CSharpSeleniumTemplate\Helpers\ExtentReportHelpers.cs:linha 60
   em CSharpSeleniumTemplate.Bases.TestBase.TearDown() na C:\Mantis2\csharpseleniumextentreporttemplate-master\CSharpSeleniumTemplate\Bases\TestBase.cs:linha 42]]></stack-trace>
            </failure>
          </test-case>
          <test-case id="0-1013" name="CadastrarPerfilSucesso" fullname="CSharpSeleniumTemplate.Tests.GerenciarPerfisGlobais.CadastrarPerfilSucesso" methodname="CadastrarPerfilSucesso" classname="CSharpSeleniumTemplate.Tests.GerenciarPerfisGlobais" runstate="Runnable" seed="151783965" result="Failed" label="Error" start-time="2019-05-28 10:56:04Z" end-time="2019-05-28 10:56:04Z" duration="0.000848" asserts="0">
            <failure>
              <message><![CDATA[System.NullReferenceException : Referência de objeto não definida para uma instância de um objeto.
TearDown : System.NullReferenceException : Referência de objeto não definida para uma instância de um objeto.]]></message>
              <stack-trace><![CDATA[   em CSharpSeleniumTemplate.Bases.TestBase.SetUp() na C:\Mantis2\csharpseleniumextentreporttemplate-master\CSharpSeleniumTemplate\Bases\TestBase.cs:linha 27
--TearDown
   em CSharpSeleniumTemplate.Helpers.GeneralHelpers.GetScreenshot(String path) na C:\Mantis2\csharpseleniumextentreporttemplate-master\CSharpSeleniumTemplate\Helpers\GeneralHelpers.cs:linha 65
   em CSharpSeleniumTemplate.Helpers.ExtentReportHelpers.GetScreenShotMedia() na C:\Mantis2\csharpseleniumextentreporttemplate-master\CSharpSeleniumTemplate\Helpers\ExtentReportHelpers.cs:linha 46
   em CSharpSeleniumTemplate.Helpers.ExtentReportHelpers.AddTestResult() na C:\Mantis2\csharpseleniumextentreporttemplate-master\CSharpSeleniumTemplate\Helpers\ExtentReportHelpers.cs:linha 60
   em CSharpSeleniumTemplate.Bases.TestBase.TearDown() na C:\Mantis2\csharpseleniumextentreporttemplate-master\CSharpSeleniumTemplate\Bases\TestBase.cs:linha 42]]></stack-trace>
            </failure>
          </test-case>
          <test-case id="0-1018" name="EditarPerfilSucesso" fullname="CSharpSeleniumTemplate.Tests.GerenciarPerfisGlobais.EditarPerfilSucesso" methodname="EditarPerfilSucesso" classname="CSharpSeleniumTemplate.Tests.GerenciarPerfisGlobais" runstate="Runnable" seed="223014184" result="Failed" label="Error" start-time="2019-05-28 10:56:04Z" end-time="2019-05-28 10:56:04Z" duration="0.001003" asserts="0">
            <failure>
              <message><![CDATA[System.NullReferenceException : Referência de objeto não definida para uma instância de um objeto.
TearDown : System.NullReferenceException : Referência de objeto não definida para uma instância de um objeto.]]></message>
              <stack-trace><![CDATA[   em CSharpSeleniumTemplate.Bases.TestBase.SetUp() na C:\Mantis2\csharpseleniumextentreporttemplate-master\CSharpSeleniumTemplate\Bases\TestBase.cs:linha 27
--TearDown
   em CSharpSeleniumTemplate.Helpers.GeneralHelpers.GetScreenshot(String path) na C:\Mantis2\csharpseleniumextentreporttemplate-master\CSharpSeleniumTemplate\Helpers\GeneralHelpers.cs:linha 65
   em CSharpSeleniumTemplate.Helpers.ExtentReportHelpers.GetScreenShotMedia() na C:\Mantis2\csharpseleniumextentreporttemplate-master\CSharpSeleniumTemplate\Helpers\ExtentReportHelpers.cs:linha 46
   em CSharpSeleniumTemplate.Helpers.ExtentReportHelpers.AddTestResult() na C:\Mantis2\csharpseleniumextentreporttemplate-master\CSharpSeleniumTemplate\Helpers\ExtentReportHelpers.cs:linha 60
   em CSharpSeleniumTemplate.Bases.TestBase.TearDown() na C:\Mantis2\csharpseleniumextentreporttemplate-master\CSharpSeleniumTemplate\Bases\TestBase.cs:linha 42]]></stack-trace>
            </failure>
          </test-case>
          <test-case id="0-1017" name="EditarSemSelecionarUmPerfil" fullname="CSharpSeleniumTemplate.Tests.GerenciarPerfisGlobais.EditarSemSelecionarUmPerfil" methodname="EditarSemSelecionarUmPerfil" classname="CSharpSeleniumTemplate.Tests.GerenciarPerfisGlobais" runstate="Runnable" seed="505665367" result="Failed" label="Error" start-time="2019-05-28 10:56:04Z" end-time="2019-05-28 10:56:04Z" duration="0.000847" asserts="0">
            <failure>
              <message><![CDATA[System.NullReferenceException : Referência de objeto não definida para uma instância de um objeto.
TearDown : System.NullReferenceException : Referência de objeto não definida para uma instância de um objeto.]]></message>
              <stack-trace><![CDATA[   em CSharpSeleniumTemplate.Bases.TestBase.SetUp() na C:\Mantis2\csharpseleniumextentreporttemplate-master\CSharpSeleniumTemplate\Bases\TestBase.cs:linha 27
--TearDown
   em CSharpSeleniumTemplate.Helpers.GeneralHelpers.GetScreenshot(String path) na C:\Mantis2\csharpseleniumextentreporttemplate-master\CSharpSeleniumTemplate\Helpers\GeneralHelpers.cs:linha 65
   em CSharpSeleniumTemplate.Helpers.ExtentReportHelpers.GetScreenShotMedia() na C:\Mantis2\csharpseleniumextentreporttemplate-master\CSharpSeleniumTemplate\Helpers\ExtentReportHelpers.cs:linha 46
   em CSharpSeleniumTemplate.Helpers.ExtentReportHelpers.AddTestResult() na C:\Mantis2\csharpseleniumextentreporttemplate-master\CSharpSeleniumTemplate\Helpers\ExtentReportHelpers.cs:linha 60
   em CSharpSeleniumTemplate.Bases.TestBase.TearDown() na C:\Mantis2\csharpseleniumextentreporttemplate-master\CSharpSeleniumTemplate\Bases\TestBase.cs:linha 42]]></stack-trace>
            </failure>
          </test-case>
          <test-case id="0-1016" name="EnviarSemSelecionarUmdosParametros" fullname="CSharpSeleniumTemplate.Tests.GerenciarPerfisGlobais.EnviarSemSelecionarUmdosParametros" methodname="EnviarSemSelecionarUmdosParametros" classname="CSharpSeleniumTemplate.Tests.GerenciarPerfisGlobais" runstate="Runnable" seed="1750505563" result="Failed" label="Error" start-time="2019-05-28 10:56:04Z" end-time="2019-05-28 10:56:04Z" duration="0.002118" asserts="0">
            <failure>
              <message><![CDATA[System.NullReferenceException : Referência de objeto não definida para uma instância de um objeto.
TearDown : System.NullReferenceException : Referência de objeto não definida para uma instância de um objeto.]]></message>
              <stack-trace><![CDATA[   em CSharpSeleniumTemplate.Bases.TestBase.SetUp() na C:\Mantis2\csharpseleniumextentreporttemplate-master\CSharpSeleniumTemplate\Bases\TestBase.cs:linha 27
--TearDown
   em CSharpSeleniumTemplate.Helpers.GeneralHelpers.GetScreenshot(String path) na C:\Mantis2\csharpseleniumextentreporttemplate-master\CSharpSeleniumTemplate\Helpers\GeneralHelpers.cs:linha 65
   em CSharpSeleniumTemplate.Helpers.ExtentReportHelpers.GetScreenShotMedia() na C:\Mantis2\csharpseleniumextentreporttemplate-master\CSharpSeleniumTemplate\Helpers\ExtentReportHelpers.cs:linha 46
   em CSharpSeleniumTemplate.Helpers.ExtentReportHelpers.AddTestResult() na C:\Mantis2\csharpseleniumextentreporttemplate-master\CSharpSeleniumTemplate\Helpers\ExtentReportHelpers.cs:linha 60
   em CSharpSeleniumTemplate.Bases.TestBase.TearDown() na C:\Mantis2\csharpseleniumextentreporttemplate-master\CSharpSeleniumTemplate\Bases\TestBase.cs:linha 42]]></stack-trace>
            </failure>
          </test-case>
          <test-case id="0-1014" name="PlataformaNaoPreenchida" fullname="CSharpSeleniumTemplate.Tests.GerenciarPerfisGlobais.PlataformaNaoPreenchida" methodname="PlataformaNaoPreenchida" classname="CSharpSeleniumTemplate.Tests.GerenciarPerfisGlobais" runstate="Runnable" seed="951473614" result="Failed" label="Error" start-time="2019-05-28 10:56:04Z" end-time="2019-05-28 10:56:04Z" duration="0.001014" asserts="0">
            <failure>
              <message><![CDATA[System.NullReferenceException : Referência de objeto não definida para uma instância de um objeto.
TearDown : System.NullReferenceException : Referência de objeto não definida para uma instância de um objeto.]]></message>
              <stack-trace><![CDATA[   em CSharpSeleniumTemplate.Bases.TestBase.SetUp() na C:\Mantis2\csharpseleniumextentreporttemplate-master\CSharpSeleniumTemplate\Bases\TestBase.cs:linha 27
--TearDown
   em CSharpSeleniumTemplate.Helpers.GeneralHelpers.GetScreenshot(String path) na C:\Mantis2\csharpseleniumextentreporttemplate-master\CSharpSeleniumTemplate\Helpers\GeneralHelpers.cs:linha 65
   em CSharpSeleniumTemplate.Helpers.ExtentReportHelpers.GetScreenShotMedia() na C:\Mantis2\csharpseleniumextentreporttemplate-master\CSharpSeleniumTemplate\Helpers\ExtentReportHelpers.cs:linha 46
   em CSharpSeleniumTemplate.Helpers.ExtentReportHelpers.AddTestResult() na C:\Mantis2\csharpseleniumextentreporttemplate-master\CSharpSeleniumTemplate\Helpers\ExtentReportHelpers.cs:linha 60
   em CSharpSeleniumTemplate.Bases.TestBase.TearDown() na C:\Mantis2\csharpseleniumextentreporttemplate-master\CSharpSeleniumTemplate\Bases\TestBase.cs:linha 42]]></stack-trace>
            </failure>
          </test-case>
          <test-case id="0-1015" name="VersaoSONaoPreenchida" fullname="CSharpSeleniumTemplate.Tests.GerenciarPerfisGlobais.VersaoSONaoPreenchida" methodname="VersaoSONaoPreenchida" classname="CSharpSeleniumTemplate.Tests.GerenciarPerfisGlobais" runstate="Runnable" seed="136578717" result="Failed" label="Error" start-time="2019-05-28 10:56:04Z" end-time="2019-05-28 10:56:04Z" duration="0.000857" asserts="0">
            <failure>
              <message><![CDATA[System.NullReferenceException : Referência de objeto não definida para uma instância de um objeto.
TearDown : System.NullReferenceException : Referência de objeto não definida para uma instância de um objeto.]]></message>
              <stack-trace><![CDATA[   em CSharpSeleniumTemplate.Bases.TestBase.SetUp() na C:\Mantis2\csharpseleniumextentreporttemplate-master\CSharpSeleniumTemplate\Bases\TestBase.cs:linha 27
--TearDown
   em CSharpSeleniumTemplate.Helpers.GeneralHelpers.GetScreenshot(String path) na C:\Mantis2\csharpseleniumextentreporttemplate-master\CSharpSeleniumTemplate\Helpers\GeneralHelpers.cs:linha 65
   em CSharpSeleniumTemplate.Helpers.ExtentReportHelpers.GetScreenShotMedia() na C:\Mantis2\csharpseleniumextentreporttemplate-master\CSharpSeleniumTemplate\Helpers\ExtentReportHelpers.cs:linha 46
   em CSharpSeleniumTemplate.Helpers.ExtentReportHelpers.AddTestResult() na C:\Mantis2\csharpseleniumextentreporttemplate-master\CSharpSeleniumTemplate\Helpers\ExtentReportHelpers.cs:linha 60
   em CSharpSeleniumTemplate.Bases.TestBase.TearDown() na C:\Mantis2\csharpseleniumextentreporttemplate-master\CSharpSeleniumTemplate\Bases\TestBase.cs:linha 42]]></stack-trace>
            </failure>
          </test-case>
        </test-suite>
        <test-suite type="TestFixture" id="0-1021" name="GerenciarProjetos" fullname="CSharpSeleniumTemplate.Tests.GerenciarProjetos" classname="CSharpSeleniumTemplate.Tests.GerenciarProjetos" runstate="Runnable" testcasecount="5" result="Failed" site="Child" start-time="2019-05-28 10:56:04Z" end-time="2019-05-28 10:56:04Z" duration="0.017475" total="5" passed="0" failed="5" warnings="0" inconclusive="0" skipped="0" asserts="0">
          <failure>
            <message><![CDATA[One or more child tests had errors]]></message>
          </failure>
          <test-case id="0-1026" name="ApagarProjeto" fullname="CSharpSeleniumTemplate.Tests.GerenciarProjetos.ApagarProjeto" methodname="ApagarProjeto" classname="CSharpSeleniumTemplate.Tests.GerenciarProjetos" runstate="Runnable" seed="2096096916" result="Failed" label="Error" start-time="2019-05-28 10:56:04Z" end-time="2019-05-28 10:56:04Z" duration="0.001106" asserts="0">
            <failure>
              <message><![CDATA[System.NullReferenceException : Referência de objeto não definida para uma instância de um objeto.
TearDown : System.NullReferenceException : Referência de objeto não definida para uma instância de um objeto.]]></message>
              <stack-trace><![CDATA[   em CSharpSeleniumTemplate.Bases.TestBase.SetUp() na C:\Mantis2\csharpseleniumextentreporttemplate-master\CSharpSeleniumTemplate\Bases\TestBase.cs:linha 27
--TearDown
   em CSharpSeleniumTemplate.Helpers.GeneralHelpers.GetScreenshot(String path) na C:\Mantis2\csharpseleniumextentreporttemplate-master\CSharpSeleniumTemplate\Helpers\GeneralHelpers.cs:linha 65
   em CSharpSeleniumTemplate.Helpers.ExtentReportHelpers.GetScreenShotMedia() na C:\Mantis2\csharpseleniumextentreporttemplate-master\CSharpSeleniumTemplate\Helpers\ExtentReportHelpers.cs:linha 46
   em CSharpSeleniumTemplate.Helpers.ExtentReportHelpers.AddTestResult() na C:\Mantis2\csharpseleniumextentreporttemplate-master\CSharpSeleniumTemplate\Helpers\ExtentReportHelpers.cs:linha 60
   em CSharpSeleniumTemplate.Bases.TestBase.TearDown() na C:\Mantis2\csharpseleniumextentreporttemplate-master\CSharpSeleniumTemplate\Bases\TestBase.cs:linha 42]]></stack-trace>
            </failure>
          </test-case>
          <test-case id="0-1022" name="CadastrarProjeto" fullname="CSharpSeleniumTemplate.Tests.GerenciarProjetos.CadastrarProjeto" methodname="CadastrarProjeto" classname="CSharpSeleniumTemplate.Tests.GerenciarProjetos" runstate="Runnable" seed="1701716037" result="Failed" label="Error" start-time="2019-05-28 10:56:04Z" end-time="2019-05-28 10:56:04Z" duration="0.001600" asserts="0">
            <failure>
              <message><![CDATA[System.NullReferenceException : Referência de objeto não definida para uma instância de um objeto.
TearDown : System.NullReferenceException : Referência de objeto não definida para uma instância de um objeto.]]></message>
              <stack-trace><![CDATA[   em CSharpSeleniumTemplate.Bases.TestBase.SetUp() na C:\Mantis2\csharpseleniumextentreporttemplate-master\CSharpSeleniumTemplate\Bases\TestBase.cs:linha 27
--TearDown
   em CSharpSeleniumTemplate.Helpers.GeneralHelpers.GetScreenshot(String path) na C:\Mantis2\csharpseleniumextentreporttemplate-master\CSharpSeleniumTemplate\Helpers\GeneralHelpers.cs:linha 65
   em CSharpSeleniumTemplate.Helpers.ExtentReportHelpers.GetScreenShotMedia() na C:\Mantis2\csharpseleniumextentreporttemplate-master\CSharpSeleniumTemplate\Helpers\ExtentReportHelpers.cs:linha 46
   em CSharpSeleniumTemplate.Helpers.ExtentReportHelpers.AddTestResult() na C:\Mantis2\csharpseleniumextentreporttemplate-master\CSharpSeleniumTemplate\Helpers\ExtentReportHelpers.cs:linha 60
   em CSharpSeleniumTemplate.Bases.TestBase.TearDown() na C:\Mantis2\csharpseleniumextentreporttemplate-master\CSharpSeleniumTemplate\Bases\TestBase.cs:linha 42]]></stack-trace>
            </failure>
          </test-case>
          <test-case id="0-1023" name="CadastroJaRealizado" fullname="CSharpSeleniumTemplate.Tests.GerenciarProjetos.CadastroJaRealizado" methodname="CadastroJaRealizado" classname="CSharpSeleniumTemplate.Tests.GerenciarProjetos" runstate="Runnable" seed="1575045601" result="Failed" label="Error" start-time="2019-05-28 10:56:04Z" end-time="2019-05-28 10:56:04Z" duration="0.000933" asserts="0">
            <failure>
              <message><![CDATA[System.NullReferenceException : Referência de objeto não definida para uma instância de um objeto.
TearDown : System.NullReferenceException : Referência de objeto não definida para uma instância de um objeto.]]></message>
              <stack-trace><![CDATA[   em CSharpSeleniumTemplate.Bases.TestBase.SetUp() na C:\Mantis2\csharpseleniumextentreporttemplate-master\CSharpSeleniumTemplate\Bases\TestBase.cs:linha 27
--TearDown
   em CSharpSeleniumTemplate.Helpers.GeneralHelpers.GetScreenshot(String path) na C:\Mantis2\csharpseleniumextentreporttemplate-master\CSharpSeleniumTemplate\Helpers\GeneralHelpers.cs:linha 65
   em CSharpSeleniumTemplate.Helpers.ExtentReportHelpers.GetScreenShotMedia() na C:\Mantis2\csharpseleniumextentreporttemplate-master\CSharpSeleniumTemplate\Helpers\ExtentReportHelpers.cs:linha 46
   em CSharpSeleniumTemplate.Helpers.ExtentReportHelpers.AddTestResult() na C:\Mantis2\csharpseleniumextentreporttemplate-master\CSharpSeleniumTemplate\Helpers\ExtentReportHelpers.cs:linha 60
   em CSharpSeleniumTemplate.Bases.TestBase.TearDown() na C:\Mantis2\csharpseleniumextentreporttemplate-master\CSharpSeleniumTemplate\Bases\TestBase.cs:linha 42]]></stack-trace>
            </failure>
          </test-case>
          <test-case id="0-1024" name="CampoNomeProjetoNaoPreenchidos" fullname="CSharpSeleniumTemplate.Tests.GerenciarProjetos.CampoNomeProjetoNaoPreenchidos" methodname="CampoNomeProjetoNaoPreenchidos" classname="CSharpSeleniumTemplate.Tests.GerenciarProjetos" runstate="Runnable" seed="2130304052" result="Failed" label="Error" start-time="2019-05-28 10:56:04Z" end-time="2019-05-28 10:56:04Z" duration="0.000871" asserts="0">
            <failure>
              <message><![CDATA[System.NullReferenceException : Referência de objeto não definida para uma instância de um objeto.
TearDown : System.NullReferenceException : Referência de objeto não definida para uma instância de um objeto.]]></message>
              <stack-trace><![CDATA[   em CSharpSeleniumTemplate.Bases.TestBase.SetUp() na C:\Mantis2\csharpseleniumextentreporttemplate-master\CSharpSeleniumTemplate\Bases\TestBase.cs:linha 27
--TearDown
   em CSharpSeleniumTemplate.Helpers.GeneralHelpers.GetScreenshot(String path) na C:\Mantis2\csharpseleniumextentreporttemplate-master\CSharpSeleniumTemplate\Helpers\GeneralHelpers.cs:linha 65
   em CSharpSeleniumTemplate.Helpers.ExtentReportHelpers.GetScreenShotMedia() na C:\Mantis2\csharpseleniumextentreporttemplate-master\CSharpSeleniumTemplate\Helpers\ExtentReportHelpers.cs:linha 46
   em CSharpSeleniumTemplate.Helpers.ExtentReportHelpers.AddTestResult() na C:\Mantis2\csharpseleniumextentreporttemplate-master\CSharpSeleniumTemplate\Helpers\ExtentReportHelpers.cs:linha 60
   em CSharpSeleniumTemplate.Bases.TestBase.TearDown() na C:\Mantis2\csharpseleniumextentreporttemplate-master\CSharpSeleniumTemplate\Bases\TestBase.cs:linha 42]]></stack-trace>
            </failure>
          </test-case>
          <test-case id="0-1025" name="EditarProjeto" fullname="CSharpSeleniumTemplate.Tests.GerenciarProjetos.EditarProjeto" methodname="EditarProjeto" classname="CSharpSeleniumTemplate.Tests.GerenciarProjetos" runstate="Runnable" seed="963417260" result="Failed" label="Error" start-time="2019-05-28 10:56:04Z" end-time="2019-05-28 10:56:04Z" duration="0.000883" asserts="0">
            <failure>
              <message><![CDATA[System.NullReferenceException : Referência de objeto não definida para uma instância de um objeto.
TearDown : System.NullReferenceException : Referência de objeto não definida para uma instância de um objeto.]]></message>
              <stack-trace><![CDATA[   em CSharpSeleniumTemplate.Bases.TestBase.SetUp() na C:\Mantis2\csharpseleniumextentreporttemplate-master\CSharpSeleniumTemplate\Bases\TestBase.cs:linha 27
--TearDown
   em CSharpSeleniumTemplate.Helpers.GeneralHelpers.GetScreenshot(String path) na C:\Mantis2\csharpseleniumextentreporttemplate-master\CSharpSeleniumTemplate\Helpers\GeneralHelpers.cs:linha 65
   em CSharpSeleniumTemplate.Helpers.ExtentReportHelpers.GetScreenShotMedia() na C:\Mantis2\csharpseleniumextentreporttemplate-master\CSharpSeleniumTemplate\Helpers\ExtentReportHelpers.cs:linha 46
   em CSharpSeleniumTemplate.Helpers.ExtentReportHelpers.AddTestResult() na C:\Mantis2\csharpseleniumextentreporttemplate-master\CSharpSeleniumTemplate\Helpers\ExtentReportHelpers.cs:linha 60
   em CSharpSeleniumTemplate.Bases.TestBase.TearDown() na C:\Mantis2\csharpseleniumextentreporttemplate-master\CSharpSeleniumTemplate\Bases\TestBase.cs:linha 42]]></stack-trace>
            </failure>
          </test-case>
        </test-suite>
        <test-suite type="TestFixture" id="0-1044" name="GerenciarTarefas" fullname="CSharpSeleniumTemplate.Tests.GerenciarTarefas" classname="CSharpSeleniumTemplate.Tests.GerenciarTarefas" runstate="Runnable" testcasecount="5" result="Failed" site="Child" start-time="2019-05-28 10:56:04Z" end-time="2019-05-28 10:56:04Z" duration="0.017824" total="5" passed="0" failed="5" warnings="0" inconclusive="0" skipped="0" asserts="0">
          <failure>
            <message><![CDATA[One or more child tests had errors]]></message>
          </failure>
          <test-case id="0-1047" name="AcessarEditarTarefa" fullname="CSharpSeleniumTemplate.Tests.GerenciarTarefas.AcessarEditarTarefa" methodname="AcessarEditarTarefa" classname="CSharpSeleniumTemplate.Tests.GerenciarTarefas" runstate="Runnable" seed="1400874506" result="Failed" label="Error" start-time="2019-05-28 10:56:04Z" end-time="2019-05-28 10:56:04Z" duration="0.002416" asserts="0">
            <failure>
              <message><![CDATA[System.NullReferenceException : Referência de objeto não definida para uma instância de um objeto.
TearDown : System.NullReferenceException : Referência de objeto não definida para uma instância de um objeto.]]></message>
              <stack-trace><![CDATA[   em CSharpSeleniumTemplate.Bases.TestBase.SetUp() na C:\Mantis2\csharpseleniumextentreporttemplate-master\CSharpSeleniumTemplate\Bases\TestBase.cs:linha 27
--TearDown
   em CSharpSeleniumTemplate.Helpers.GeneralHelpers.GetScreenshot(String path) na C:\Mantis2\csharpseleniumextentreporttemplate-master\CSharpSeleniumTemplate\Helpers\GeneralHelpers.cs:linha 65
   em CSharpSeleniumTemplate.Helpers.ExtentReportHelpers.GetScreenShotMedia() na C:\Mantis2\csharpseleniumextentreporttemplate-master\CSharpSeleniumTemplate\Helpers\ExtentReportHelpers.cs:linha 46
   em CSharpSeleniumTemplate.Helpers.ExtentReportHelpers.AddTestResult() na C:\Mantis2\csharpseleniumextentreporttemplate-master\CSharpSeleniumTemplate\Helpers\ExtentReportHelpers.cs:linha 60
   em CSharpSeleniumTemplate.Bases.TestBase.TearDown() na C:\Mantis2\csharpseleniumextentreporttemplate-master\CSharpSeleniumTemplate\Bases\TestBase.cs:linha 42]]></stack-trace>
            </failure>
          </test-case>
          <test-case id="0-1049" name="AdicionarAnotacaoSemCampoObrigatorio" fullname="CSharpSeleniumTemplate.Tests.GerenciarTarefas.AdicionarAnotacaoSemCampoObrigatorio" methodname="AdicionarAnotacaoSemCampoObrigatorio" classname="CSharpSeleniumTemplate.Tests.GerenciarTarefas" runstate="Runnable" seed="1531932533" result="Failed" label="Error" start-time="2019-05-28 10:56:04Z" end-time="2019-05-28 10:56:04Z" duration="0.000884" asserts="0">
            <failure>
              <message><![CDATA[System.NullReferenceException : Referência de objeto não definida para uma instância de um objeto.
TearDown : System.NullReferenceException : Referência de objeto não definida para uma instância de um objeto.]]></message>
              <stack-trace><![CDATA[   em CSharpSeleniumTemplate.Bases.TestBase.SetUp() na C:\Mantis2\csharpseleniumextentreporttemplate-master\CSharpSeleniumTemplate\Bases\TestBase.cs:linha 27
--TearDown
   em CSharpSeleniumTemplate.Helpers.GeneralHelpers.GetScreenshot(String path) na C:\Mantis2\csharpseleniumextentreporttemplate-master\CSharpSeleniumTemplate\Helpers\GeneralHelpers.cs:linha 65
   em CSharpSeleniumTemplate.Helpers.ExtentReportHelpers.GetScreenShotMedia() na C:\Mantis2\csharpseleniumextentreporttemplate-master\CSharpSeleniumTemplate\Helpers\ExtentReportHelpers.cs:linha 46
   em CSharpSeleniumTemplate.Helpers.ExtentReportHelpers.AddTestResult() na C:\Mantis2\csharpseleniumextentreporttemplate-master\CSharpSeleniumTemplate\Helpers\ExtentReportHelpers.cs:linha 60
   em CSharpSeleniumTemplate.Bases.TestBase.TearDown() na C:\Mantis2\csharpseleniumextentreporttemplate-master\CSharpSeleniumTemplate\Bases\TestBase.cs:linha 42]]></stack-trace>
            </failure>
          </test-case>
          <test-case id="0-1045" name="PesquisarTarefa" fullname="CSharpSeleniumTemplate.Tests.GerenciarTarefas.PesquisarTarefa" methodname="PesquisarTarefa" classname="CSharpSeleniumTemplate.Tests.GerenciarTarefas" runstate="Runnable" seed="1056660889" result="Failed" label="Error" start-time="2019-05-28 10:56:04Z" end-time="2019-05-28 10:56:04Z" duration="0.000889" asserts="0">
            <failure>
              <message><![CDATA[System.NullReferenceException : Referência de objeto não definida para uma instância de um objeto.
TearDown : System.NullReferenceException : Referência de objeto não definida para uma instância de um objeto.]]></message>
              <stack-trace><![CDATA[   em CSharpSeleniumTemplate.Bases.TestBase.SetUp() na C:\Mantis2\csharpseleniumextentreporttemplate-master\CSharpSeleniumTemplate\Bases\TestBase.cs:linha 27
--TearDown
   em CSharpSeleniumTemplate.Helpers.GeneralHelpers.GetScreenshot(String path) na C:\Mantis2\csharpseleniumextentreporttemplate-master\CSharpSeleniumTemplate\Helpers\GeneralHelpers.cs:linha 65
   em CSharpSeleniumTemplate.Helpers.ExtentReportHelpers.GetScreenShotMedia() na C:\Mantis2\csharpseleniumextentreporttemplate-master\CSharpSeleniumTemplate\Helpers\ExtentReportHelpers.cs:linha 46
   em CSharpSeleniumTemplate.Helpers.ExtentReportHelpers.AddTestResult() na C:\Mantis2\csharpseleniumextentreporttemplate-master\CSharpSeleniumTemplate\Helpers\ExtentReportHelpers.cs:linha 60
   em CSharpSeleniumTemplate.Bases.TestBase.TearDown() na C:\Mantis2\csharpseleniumextentreporttemplate-master\CSharpSeleniumTemplate\Bases\TestBase.cs:linha 42]]></stack-trace>
            </failure>
          </test-case>
          <test-case id="0-1046" name="SelecionarTodasTarefas" fullname="CSharpSeleniumTemplate.Tests.GerenciarTarefas.SelecionarTodasTarefas" methodname="SelecionarTodasTarefas" classname="CSharpSeleniumTemplate.Tests.GerenciarTarefas" runstate="Runnable" seed="521683155" result="Failed" label="Error" start-time="2019-05-28 10:56:04Z" end-time="2019-05-28 10:56:04Z" duration="0.000867" asserts="0">
            <failure>
              <message><![CDATA[System.NullReferenceException : Referência de objeto não definida para uma instância de um objeto.
TearDown : System.NullReferenceException : Referência de objeto não definida para uma instância de um objeto.]]></message>
              <stack-trace><![CDATA[   em CSharpSeleniumTemplate.Bases.TestBase.SetUp() na C:\Mantis2\csharpseleniumextentreporttemplate-master\CSharpSeleniumTemplate\Bases\TestBase.cs:linha 27
--TearDown
   em CSharpSeleniumTemplate.Helpers.GeneralHelpers.GetScreenshot(String path) na C:\Mantis2\csharpseleniumextentreporttemplate-master\CSharpSeleniumTemplate\Helpers\GeneralHelpers.cs:linha 65
   em CSharpSeleniumTemplate.Helpers.ExtentReportHelpers.GetScreenShotMedia() na C:\Mantis2\csharpseleniumextentreporttemplate-master\CSharpSeleniumTemplate\Helpers\ExtentReportHelpers.cs:linha 46
   em CSharpSeleniumTemplate.Helpers.ExtentReportHelpers.AddTestResult() na C:\Mantis2\csharpseleniumextentreporttemplate-master\CSharpSeleniumTemplate\Helpers\ExtentReportHelpers.cs:linha 60
   em CSharpSeleniumTemplate.Bases.TestBase.TearDown() na C:\Mantis2\csharpseleniumextentreporttemplate-master\CSharpSeleniumTemplate\Bases\TestBase.cs:linha 42]]></stack-trace>
            </failure>
          </test-case>
          <test-case id="0-1048" name="VoltarDetalheTarefa" fullname="CSharpSeleniumTemplate.Tests.GerenciarTarefas.VoltarDetalheTarefa" methodname="VoltarDetalheTarefa" classname="CSharpSeleniumTemplate.Tests.GerenciarTarefas" runstate="Runnable" seed="1024899244" result="Failed" label="Error" start-time="2019-05-28 10:56:04Z" end-time="2019-05-28 10:56:04Z" duration="0.000922" asserts="0">
            <failure>
              <message><![CDATA[System.NullReferenceException : Referência de objeto não definida para uma instância de um objeto.
TearDown : System.NullReferenceException : Referência de objeto não definida para uma instância de um objeto.]]></message>
              <stack-trace><![CDATA[   em CSharpSeleniumTemplate.Bases.TestBase.SetUp() na C:\Mantis2\csharpseleniumextentreporttemplate-master\CSharpSeleniumTemplate\Bases\TestBase.cs:linha 27
--TearDown
   em CSharpSeleniumTemplate.Helpers.GeneralHelpers.GetScreenshot(String path) na C:\Mantis2\csharpseleniumextentreporttemplate-master\CSharpSeleniumTemplate\Helpers\GeneralHelpers.cs:linha 65
   em CSharpSeleniumTemplate.Helpers.ExtentReportHelpers.GetScreenShotMedia() na C:\Mantis2\csharpseleniumextentreporttemplate-master\CSharpSeleniumTemplate\Helpers\ExtentReportHelpers.cs:linha 46
   em CSharpSeleniumTemplate.Helpers.ExtentReportHelpers.AddTestResult() na C:\Mantis2\csharpseleniumextentreporttemplate-master\CSharpSeleniumTemplate\Helpers\ExtentReportHelpers.cs:linha 60
   em CSharpSeleniumTemplate.Bases.TestBase.TearDown() na C:\Mantis2\csharpseleniumextentreporttemplate-master\CSharpSeleniumTemplate\Bases\TestBase.cs:linha 42]]></stack-trace>
            </failure>
          </test-case>
        </test-suite>
        <test-suite type="TestFixture" id="0-1050" name="GerenciarUsuarios" fullname="CSharpSeleniumTemplate.Tests.GerenciarUsuarios" classname="CSharpSeleniumTemplate.Tests.GerenciarUsuarios" runstate="Runnable" testcasecount="10" result="Failed" site="Child" start-time="2019-05-28 10:56:04Z" end-time="2019-05-28 10:56:04Z" duration="0.031330" total="10" passed="0" failed="10" warnings="0" inconclusive="0" skipped="0" asserts="0">
          <failure>
            <message><![CDATA[One or more child tests had errors]]></message>
          </failure>
[...]
            <failure>
              <message><![CDATA[System.NullReferenceException : Referência de objeto não definida para uma instância de um objeto.
TearDown : System.NullReferenceException : Referência de objeto não definida para uma instância de um objeto.]]></message>
              <stack-trace><![CDATA[   em CSharpSeleniumTemplate.Bases.TestBase.SetUp() na C:\Mantis2\csharpseleniumextentreporttemplate-master\CSharpSeleniumTemplate\Bases\TestBase.cs:linha 27
--TearDown
   em CSharpSeleniumTemplate.Helpers.GeneralHelpers.GetScreenshot(String path) na C:\Mantis2\csharpseleniumextentreporttemplate-master\CSharpSeleniumTemplate\Helpers\GeneralHelpers.cs:linha 65
   em CSharpSeleniumTemplate.Helpers.ExtentReportHelpers.GetScreenShotMedia() na C:\Mantis2\csharpseleniumextentreporttemplate-master\CSharpSeleniumTemplate\Helpers\ExtentReportHelpers.cs:linha 46
   em CSharpSeleniumTemplate.Helpers.ExtentReportHelpers.AddTestResult() na C:\Mantis2\csharpseleniumextentreporttemplate-master\CSharpSeleniumTemplate\Helpers\ExtentReportHelpers.cs:linha 60
   em CSharpSeleniumTemplate.Bases.TestBase.TearDown() na C:\Mantis2\csharpseleniumextentreporttemplate-master\CSharpSeleniumTemplate\Bases\TestBase.cs:linha 42]]></stack-trace>
            </failure>
          </test-case>
          <test-case id="0-1056" name="EditarUsuario" fullname="CSharpSeleniumTemplate.Tests.GerenciarUsuarios.EditarUsuario" methodname="EditarUsuario" classname="CSharpSeleniumTemplate.Tests.GerenciarUsuarios" runstate="Runnable" seed="1105849467" result="Failed" label="Error" start-time="2019-05-28 10:56:04Z" end-time="2019-05-28 10:56:04Z" duration="0.000839" asserts="0">
            <failure>
              <message><![CDATA[System.NullReferenceException : Referência de objeto não definida para uma instância de um objeto.
TearDown : System.NullReferenceException : Referência de objeto não definida para uma instância de um objeto.]]></message>
              <stack-trace><![CDATA[   em CSharpSeleniumTemplate.Bases.TestBase.SetUp() na C:\Mantis2\csharpseleniumextentreporttemplate-master\CSharpSeleniumTemplate\Bases\TestBase.cs:linha 27
--TearDown
   em CSharpSeleniumTemplate.Helpers.GeneralHelpers.GetScreenshot(String path) na C:\Mantis2\csharpseleniumextentreporttemplate-master\CSharpSeleniumTemplate\Helpers\GeneralHelpers.cs:linha 65
   em CSharpSeleniumTemplate.Helpers.ExtentReportHelpers.GetScreenShotMedia() na C:\Mantis2\csharpseleniumextentreporttemplate-master\CSharpSeleniumTemplate\Helpers\ExtentReportHelpers.cs:linha 46
   em CSharpSeleniumTemplate.Helpers.ExtentReportHelpers.AddTestResult() na C:\Mantis2\csharpseleniumextentreporttemplate-master\CSharpSeleniumTemplate\Helpers\ExtentReportHelpers.cs:linha 60
   em CSharpSeleniumTemplate.Bases.TestBase.TearDown() na C:\Mantis2\csharpseleniumextentreporttemplate-master\CSharpSeleniumTemplate\Bases\TestBase.cs:linha 42]]></stack-trace>
            </failure>
          </test-case>
          <test-case id="0-1059" name="EmailInvalido" fullname="CSharpSeleniumTemplate.Tests.GerenciarUsuarios.EmailInvalido" methodname="EmailInvalido" classname="CSharpSeleniumTemplate.Tests.GerenciarUsuarios" runstate="Runnable" seed="1904849806" result="Failed" label="Error" start-time="2019-05-28 10:56:04Z" end-time="2019-05-28 10:56:04Z" duration="0.000844" asserts="0">
            <failure>
              <message><![CDATA[System.NullReferenceException : Referência de objeto não definida para uma instância de um objeto.
TearDown : System.NullReferenceException : Referência de objeto não definida para uma instância de um objeto.]]></message>
              <stack-trace><![CDATA[   em CSharpSeleniumTemplate.Bases.TestBase.SetUp() na C:\Mantis2\csharpseleniumextentreporttemplate-master\CSharpSeleniumTemplate\Bases\TestBase.cs:linha 27
--TearDown
   em CSharpSeleniumTemplate.Helpers.GeneralHelpers.GetScreenshot(String path) na C:\Mantis2\csharpseleniumextentreporttemplate-master\CSharpSeleniumTemplate\Helpers\GeneralHelpers.cs:linha 65
   em CSharpSeleniumTemplate.Helpers.ExtentReportHelpers.GetScreenShotMedia() na C:\Mantis2\csharpseleniumextentreporttemplate-master\CSharpSeleniumTemplate\Helpers\ExtentReportHelpers.cs:linha 46
   em CSharpSeleniumTemplate.Helpers.ExtentReportHelpers.AddTestResult() na C:\Mantis2\csharpseleniumextentreporttemplate-master\CSharpSeleniumTemplate\Helpers\ExtentReportHelpers.cs:linha 60
   em CSharpSeleniumTemplate.Bases.TestBase.TearDown() na C:\Mantis2\csharpseleniumextentreporttemplate-master\CSharpSeleniumTemplate\Bases\TestBase.cs:linha 42]]></stack-trace>
            </failure>
          </test-case>
          <test-case id="0-1055" name="EmailJaCadastrado" fullname="CSharpSeleniumTemplate.Tests.GerenciarUsuarios.EmailJaCadastrado" methodname="EmailJaCadastrado" classname="CSharpSeleniumTemplate.Tests.GerenciarUsuarios" runstate="Runnable" seed="155621803" result="Failed" label="Error" start-time="2019-05-28 10:56:04Z" end-time="2019-05-28 10:56:04Z" duration="0.000946" asserts="0">
            <failure>
              <message><![CDATA[System.NullReferenceException : Referência de objeto não definida para uma instância de um objeto.
TearDown : System.NullReferenceException : Referência de objeto não definida para uma instância de um objeto.]]></message>
              <stack-trace><![CDATA[   em CSharpSeleniumTemplate.Bases.TestBase.SetUp() na C:\Mantis2\csharpseleniumextentreporttemplate-master\CSharpSeleniumTemplate\Bases\TestBase.cs:linha 27
--TearDown
   em CSharpSeleniumTemplate.Helpers.GeneralHelpers.GetScreenshot(String path) na C:\Mantis2\csharpseleniumextentreporttemplate-master\CSharpSeleniumTemplate\Helpers\GeneralHelpers.cs:linha 65
   em CSharpSeleniumTemplate.Helpers.ExtentReportHelpers.GetScreenShotMedia() na C:\Mantis2\csharpseleniumextentreporttemplate-master\CSharpSeleniumTemplate\Helpers\ExtentReportHelpers.cs:linha 46
   em CSharpSeleniumTemplate.Helpers.ExtentReportHelpers.AddTestResult() na C:\Mantis2\csharpseleniumextentreporttemplate-master\CSharpSeleniumTemplate\Helpers\ExtentReportHelpers.cs:linha 60
   em CSharpSeleniumTemplate.Bases.TestBase.TearDown() na C:\Mantis2\csharpseleniumextentreporttemplate-master\CSharpSeleniumTemplate\Bases\TestBase.cs:linha 42]]></stack-trace>
            </failure>
          </test-case>
          <test-case id="0-1060" name="PesquisarUsuarios" fullname="CSharpSeleniumTemplate.Tests.GerenciarUsuarios.PesquisarUsuarios" methodname="PesquisarUsuarios" classname="CSharpSeleniumTemplate.Tests.GerenciarUsuarios" runstate="Runnable" seed="1967302801" result="Failed" label="Error" start-time="2019-05-28 10:56:04Z" end-time="2019-05-28 10:56:04Z" duration="0.000953" asserts="0">
            <failure>
              <message><![CDATA[System.NullReferenceException : Referência de objeto não definida para uma instância de um objeto.
TearDown : System.NullReferenceException : Referência de objeto não definida para uma instância de um objeto.]]></message>
              <stack-trace><![CDATA[   em CSharpSeleniumTemplate.Bases.TestBase.SetUp() na C:\Mantis2\csharpseleniumextentreporttemplate-master\CSharpSeleniumTemplate\Bases\TestBase.cs:linha 27
--TearDown
   em CSharpSeleniumTemplate.Helpers.GeneralHelpers.GetScreenshot(String path) na C:\Mantis2\csharpseleniumextentreporttemplate-master\CSharpSeleniumTemplate\Helpers\GeneralHelpers.cs:linha 65
   em CSharpSeleniumTemplate.Helpers.ExtentReportHelpers.GetScreenShotMedia() na C:\Mantis2\csharpseleniumextentreporttemplate-master\CSharpSeleniumTemplate\Helpers\ExtentReportHelpers.cs:linha 46
   em CSharpSeleniumTemplate.Helpers.ExtentReportHelpers.AddTestResult() na C:\Mantis2\csharpseleniumextentreporttemplate-master\CSharpSeleniumTemplate\Helpers\ExtentReportHelpers.cs:linha 60
   em CSharpSeleniumTemplate.Bases.TestBase.TearDown() na C:\Mantis2\csharpseleniumextentreporttemplate-master\CSharpSeleniumTemplate\Bases\TestBase.cs:linha 42]]></stack-trace>
            </failure>
          </test-case>
          <test-case id="0-1058" name="RedefinirSenhaSemPreencherEmail" fullname="CSharpSeleniumTemplate.Tests.GerenciarUsuarios.RedefinirSenhaSemPreencherEmail" methodname="RedefinirSenhaSemPreencherEmail" classname="CSharpSeleniumTemplate.Tests.GerenciarUsuarios" runstate="Runnable" seed="910322837" result="Failed" label="Error" start-time="2019-05-28 10:56:04Z" end-time="2019-05-28 10:56:04Z" duration="0.001004" asserts="0">
            <failure>
              <message><![CDATA[System.NullReferenceException : Referência de objeto não definida para uma instância de um objeto.
TearDown : System.NullReferenceException : Referência de objeto não definida para uma instância de um objeto.]]></message>
              <stack-trace><![CDATA[   em CSharpSeleniumTemplate.Bases.TestBase.SetUp() na C:\Mantis2\csharpseleniumextentreporttemplate-master\CSharpSeleniumTemplate\Bases\TestBase.cs:linha 27
--TearDown
   em CSharpSeleniumTemplate.Helpers.GeneralHelpers.GetScreenshot(String path) na C:\Mantis2\csharpseleniumextentreporttemplate-master\CSharpSeleniumTemplate\Helpers\GeneralHelpers.cs:linha 65
   em CSharpSeleniumTemplate.Helpers.ExtentReportHelpers.GetScreenShotMedia() na C:\Mantis2\csharpseleniumextentreporttemplate-master\CSharpSeleniumTemplate\Helpers\ExtentReportHelpers.cs:linha 46
   em CSharpSeleniumTemplate.Helpers.ExtentReportHelpers.AddTestResult() na C:\Mantis2\csharpseleniumextentreporttemplate-master\CSharpSeleniumTemplate\Helpers\ExtentReportHelpers.cs:linha 60
   em CSharpSeleniumTemplate.Bases.TestBase.TearDown() na C:\Mantis2\csharpseleniumextentreporttemplate-master\CSharpSeleniumTemplate\Bases\TestBase.cs:linha 42]]></stack-trace>
            </failure>
          </test-case>
          <test-case id="0-1054" name="UsuarioJaCadastrado" fullname="CSharpSeleniumTemplate.Tests.GerenciarUsuarios.UsuarioJaCadastrado" methodname="UsuarioJaCadastrado" classname="CSharpSeleniumTemplate.Tests.GerenciarUsuarios" runstate="Runnable" seed="281014462" result="Failed" label="Error" start-time="2019-05-28 10:56:04Z" end-time="2019-05-28 10:56:04Z" duration="0.001628" asserts="0">
            <failure>
              <message><![CDATA[System.NullReferenceException : Referência de objeto não definida para uma instância de um objeto.
TearDown : System.NullReferenceException : Referência de objeto não definida para uma instância de um objeto.]]></message>
              <stack-trace><![CDATA[   em CSharpSeleniumTemplate.Bases.TestBase.SetUp() na C:\Mantis2\csharpseleniumextentreporttemplate-master\CSharpSeleniumTemplate\Bases\TestBase.cs:linha 27
--TearDown
   em CSharpSeleniumTemplate.Helpers.GeneralHelpers.GetScreenshot(String path) na C:\Mantis2\csharpseleniumextentreporttemplate-master\CSharpSeleniumTemplate\Helpers\GeneralHelpers.cs:linha 65
   em CSharpSeleniumTemplate.Helpers.ExtentReportHelpers.GetScreenShotMedia() na C:\Mantis2\csharpseleniumextentreporttemplate-master\CSharpSeleniumTemplate\Helpers\ExtentReportHelpers.cs:linha 46
   em CSharpSeleniumTemplate.Helpers.ExtentReportHelpers.AddTestResult() na C:\Mantis2\csharpseleniumextentreporttemplate-master\CSharpSeleniumTemplate\Helpers\ExtentReportHelpers.cs:linha 60
   em CSharpSeleniumTemplate.Bases.TestBase.TearDown() na C:\Mantis2\csharpseleniumextentreporttemplate-master\CSharpSeleniumTemplate\Bases\TestBase.cs:linha 42]]></stack-trace>
            </failure>
          </test-case>
        </test-suite>
        <test-suite type="TestFixture" id="0-1061" name="LoginTests" fullname="CSharpSeleniumTemplate.Tests.LoginTests" classname="CSharpSeleniumTemplate.Tests.LoginTests" runstate="Runnable" testcasecount="4" result="Failed" site="Child" start-time="2019-05-28 10:56:04Z" end-time="2019-05-28 10:56:04Z" duration="0.016662" total="4" passed="0" failed="4" warnings="0" inconclusive="0" skipped="0" asserts="0">
          <failure>
            <message><![CDATA[One or more child tests had errors]]></message>
          </failure>
          <test-case id="0-1062" name="EfetuarLoginComSucesso" fullname="CSharpSeleniumTemplate.Tests.LoginTests.EfetuarLoginComSucesso" methodname="EfetuarLoginComSucesso" classname="CSharpSeleniumTemplate.Tests.LoginTests" runstate="Runnable" seed="838145101" result="Failed" label="Error" start-time="2019-05-28 10:56:04Z" end-time="2019-05-28 10:56:04Z" duration="0.001167" asserts="0">
            <failure>
              <message><![CDATA[System.NullReferenceException : Referência de objeto não definida para uma instância de um objeto.
TearDown : System.NullReferenceException : Referência de objeto não definida para uma instância de um objeto.]]></message>
              <stack-trace><![CDATA[   em CSharpSeleniumTemplate.Bases.TestBase.SetUp() na C:\Mantis2\csharpseleniumextentreporttemplate-master\CSharpSeleniumTemplate\Bases\TestBase.cs:linha 27
--TearDown
   em CSharpSeleniumTemplate.Helpers.GeneralHelpers.GetScreenshot(String path) na C:\Mantis2\csharpseleniumextentreporttemplate-master\CSharpSeleniumTemplate\Helpers\GeneralHelpers.cs:linha 65
   em CSharpSeleniumTemplate.Helpers.ExtentReportHelpers.GetScreenShotMedia() na C:\Mantis2\csharpseleniumextentreporttemplate-master\CSharpSeleniumTemplate\Helpers\ExtentReportHelpers.cs:linha 46
   em CSharpSeleniumTemplate.Helpers.ExtentReportHelpers.AddTestResult() na C:\Mantis2\csharpseleniumextentreporttemplate-master\CSharpSeleniumTemplate\Helpers\ExtentReportHelpers.cs:linha 60
   em CSharpSeleniumTemplate.Bases.TestBase.TearDown() na C:\Mantis2\csharpseleniumextentreporttemplate-master\CSharpSeleniumTemplate\Bases\TestBase.cs:linha 42]]></stack-trace>
            </failure>
          </test-case>
          <test-suite type="ParameterizedMethod" id="0-1066" name="EfetuarLoginInformandoUsuarioInvalido" fullname="CSharpSeleniumTemplate.Tests.LoginTests.EfetuarLoginInformandoUsuarioInvalido" classname="CSharpSeleniumTemplate.Tests.LoginTests" runstate="Runnable" testcasecount="3" result="Failed" site="Child" start-time="2019-05-28 10:56:04Z" end-time="2019-05-28 10:56:04Z" duration="0.002893" total="3" passed="0" failed="3" warnings="0" inconclusive="0" skipped="0" asserts="0">
            <failure>
              <message><![CDATA[One or more child tests had errors]]></message>
            </failure>
            <test-case id="0-1063" name="EfetuarLoginInformandoUsuarioInvalido(System.Collections.ArrayList)" fullname="CSharpSeleniumTemplate.Tests.LoginTests.EfetuarLoginInformandoUsuarioInvalido(System.Collections.ArrayList)" methodname="EfetuarLoginInformandoUsuarioInvalido" classname="CSharpSeleniumTemplate.Tests.LoginTests" runstate="Runnable" seed="388034110" result="Failed" label="Error" start-time="2019-05-28 10:56:04Z" end-time="2019-05-28 10:56:04Z" duration="0.000925" asserts="0">
              <failure>
                <message><![CDATA[System.NullReferenceException : Referência de objeto não definida para uma instância de um objeto.
TearDown : System.NullReferenceException : Referência de objeto não definida para uma instância de um objeto.]]></message>
                <stack-trace><![CDATA[   em CSharpSeleniumTemplate.Bases.TestBase.SetUp() na C:\Mantis2\csharpseleniumextentreporttemplate-master\CSharpSeleniumTemplate\Bases\TestBase.cs:linha 27
--TearDown
   em CSharpSeleniumTemplate.Helpers.GeneralHelpers.GetScreenshot(String path) na C:\Mantis2\csharpseleniumextentreporttemplate-master\CSharpSeleniumTemplate\Helpers\GeneralHelpers.cs:linha 65
   em CSharpSeleniumTemplate.Helpers.ExtentReportHelpers.GetScreenShotMedia() na C:\Mantis2\csharpseleniumextentreporttemplate-master\CSharpSeleniumTemplate\Helpers\ExtentReportHelpers.cs:linha 46
   em CSharpSeleniumTemplate.Helpers.ExtentReportHelpers.AddTestResult() na C:\Mantis2\csharpseleniumextentreporttemplate-master\CSharpSeleniumTemplate\Helpers\ExtentReportHelpers.cs:linha 60
   em CSharpSeleniumTemplate.Bases.TestBase.TearDown() na C:\Mantis2\csharpseleniumextentreporttemplate-master\CSharpSeleniumTemplate\Bases\TestBase.cs:linha 42]]></stack-trace>
              </failure>
            </test-case>
            <test-case id="0-1064" name="EfetuarLoginInformandoUsuarioInvalido(System.Collections.ArrayList)" fullname="CSharpSeleniumTemplate.Tests.LoginTests.EfetuarLoginInformandoUsuarioInvalido(System.Collections.ArrayList)" methodname="EfetuarLoginInformandoUsuarioInvalido" classname="CSharpSeleniumTemplate.Tests.LoginTests" runstate="Runnable" seed="1827360775" result="Failed" label="Error" start-time="2019-05-28 10:56:04Z" end-time="2019-05-28 10:56:04Z" duration="0.000919" asserts="0">
              <failure>
                <message><![CDATA[System.NullReferenceException : Referência de objeto não definida para uma instância de um objeto.
TearDown : System.NullReferenceException : Referência de objeto não definida para uma instância de um objeto.]]></message>
                <stack-trace><![CDATA[   em CSharpSeleniumTemplate.Bases.TestBase.SetUp() na C:\Mantis2\csharpseleniumextentreporttemplate-master\CSharpSeleniumTemplate\Bases\TestBase.cs:linha 27
--TearDown
   em CSharpSeleniumTemplate.Helpers.GeneralHelpers.GetScreenshot(String path) na C:\Mantis2\csharpseleniumextentreporttemplate-master\CSharpSeleniumTemplate\Helpers\GeneralHelpers.cs:linha 65
   em CSharpSeleniumTemplate.Helpers.ExtentReportHelpers.GetScreenShotMedia() na C:\Mantis2\csharpseleniumextentreporttemplate-master\CSharpSeleniumTemplate\Helpers\ExtentReportHelpers.cs:linha 46
   em CSharpSeleniumTemplate.Helpers.ExtentReportHelpers.AddTestResult() na C:\Mantis2\csharpseleniumextentreporttemplate-master\CSharpSeleniumTemplate\Helpers\ExtentReportHelpers.cs:linha 60
   em CSharpSeleniumTemplate.Bases.TestBase.TearDown() na C:\Mantis2\csharpseleniumextentreporttemplate-master\CSharpSeleniumTemplate\Bases\TestBase.cs:linha 42]]></stack-trace>
              </failure>
            </test-case>
            <test-case id="0-1065" name="EfetuarLoginInformandoUsuarioInvalido(System.Collections.ArrayList)" fullname="CSharpSeleniumTemplate.Tests.LoginTests.EfetuarLoginInformandoUsuarioInvalido(System.Collections.ArrayList)" methodname="EfetuarLoginInformandoUsuarioInvalido" classname="CSharpSeleniumTemplate.Tests.LoginTests" runstate="Runnable" seed="321054135" result="Failed" label="Error" start-time="2019-05-28 10:56:04Z" end-time="2019-05-28 10:56:04Z" duration="0.000937" asserts="0">
              <failure>
                <message><![CDATA[System.NullReferenceException : Referência de objeto não definida para uma instância de um objeto.
TearDown : System.NullReferenceException : Referência de objeto não definida para uma instância de um objeto.]]></message>
                <stack-trace><![CDATA[   em CSharpSeleniumTemplate.Bases.TestBase.SetUp() na C:\Mantis2\csharpseleniumextentreporttemplate-master\CSharpSeleniumTemplate\Bases\TestBase.cs:linha 27
--TearDown
   em CSharpSeleniumTemplate.Helpers.GeneralHelpers.GetScreenshot(String path) na C:\Mantis2\csharpseleniumextentreporttemplate-master\CSharpSeleniumTemplate\Helpers\GeneralHelpers.cs:linha 65
   em CSharpSeleniumTemplate.Helpers.ExtentReportHelpers.GetScreenShotMedia() na C:\Mantis2\csharpseleniumextentreporttemplate-master\CSharpSeleniumTemplate\Helpers\ExtentReportHelpers.cs:linha 46
   em CSharpSeleniumTemplate.Helpers.ExtentReportHelpers.AddTestResult() na C:\Mantis2\csharpseleniumextentreporttemplate-master\CSharpSeleniumTemplate\Helpers\ExtentReportHelpers.cs:linha 60
   em CSharpSeleniumTemplate.Bases.TestBase.TearDown() na C:\Mantis2\csharpseleniumextentreporttemplate-master\CSharpSeleniumTemplate\Bases\TestBase.cs:linha 42]]></stack-trace>
              </failure>
            </test-case>
          </test-suite>
        </test-suite>
      </test-suite>
    </test-suite>
  </test-suite>
</test-run>