<?xml version="1.0" encoding="utf-8" standalone="no"?>
<test-run id="2" testcasecount="56" result="Failed" total="56" passed="0" failed="56" inconclusive="0" skipped="0" asserts="0" engine-version="3.10.0.0" clr-version="4.0.30319.42000" start-time="2019-05-24 17:04:30Z" end-time="2019-05-24 17:19:53Z" duration="923.054867">
  <command-line><![CDATA["C:\Program Files (x86)\NUnit.Console-3.10.0\bin\net35\nunit3-console.exe"  "CSharpSeleniumTemplate.dll" --inprocess --labels=On]]></command-line>
  <test-suite type="Assembly" id="0-1068" name="CSharpSeleniumTemplate.dll" fullname="CSharpSeleniumTemplate.dll" runstate="Runnable" testcasecount="56" result="Failed" site="Child" start-time="2019-05-24 17:04:31Z" end-time="2019-05-24 17:19:53Z" duration="922.482236" total="56" passed="0" failed="56" warnings="0" inconclusive="0" skipped="0" asserts="0">
    <environment framework-version="3.11.0.0" clr-version="4.0.30319.42000" os-version="Microsoft Windows NT 10.0.17763.0" platform="Win32NT" cwd="C:\Mantis2\csharpseleniumextentreporttemplate-master\CSharpSeleniumTemplate\bin\Debug" machine-name="PLUTO" user="SISTEMA" user-domain="WORKGROUP" culture="pt-BR" uiculture="pt-BR" os-architecture="x64" />
    <settings>
      <setting name="ProcessModel" value="InProcess" />
      <setting name="DisposeRunners" value="True" />
      <setting name="WorkDirectory" value="C:\Mantis2\csharpseleniumextentreporttemplate-master\CSharpSeleniumTemplate\bin\Debug" />
      <setting name="ImageRuntimeVersion" value="4.0.30319" />
      <setting name="ImageTargetFrameworkName" value=".NETFramework,Version=v4.6.1" />
      <setting name="ImageRequiresX86" value="False" />
      <setting name="ImageRequiresDefaultAppDomainAssemblyResolver" value="False" />
      <setting name="NumberOfTestWorkers" value="4" />
    </settings>
    <properties>
      <property name="_PID" value="15344" />
      <property name="_APPDOMAIN" value="domain-" />
    </properties>
    <failure>
      <message><![CDATA[One or more child tests had errors]]></message>
    </failure>
    <test-suite type="TestSuite" id="0-1069" name="CSharpSeleniumTemplate" fullname="CSharpSeleniumTemplate" runstate="Runnable" testcasecount="56" result="Failed" site="Child" start-time="2019-05-24 17:04:31Z" end-time="2019-05-24 17:19:53Z" duration="922.462304" total="56" passed="0" failed="56" warnings="0" inconclusive="0" skipped="0" asserts="0">
      <failure>
        <message><![CDATA[One or more child tests had errors]]></message>
      </failure>
      <test-suite type="TestSuite" id="0-1070" name="Tests" fullname="CSharpSeleniumTemplate.Tests" runstate="Runnable" testcasecount="56" result="Failed" site="Child" start-time="2019-05-24 17:04:31Z" end-time="2019-05-24 17:19:53Z" duration="922.461851" total="56" passed="0" failed="56" warnings="0" inconclusive="0" skipped="0" asserts="0">
        <failure>
          <message><![CDATA[One or more child tests had errors]]></message>
        </failure>
        <test-suite type="TestFixture" id="0-1027" name="CriarTarefa" fullname="CSharpSeleniumTemplate.Tests.CriarTarefa" classname="CSharpSeleniumTemplate.Tests.CriarTarefa" runstate="Runnable" testcasecount="9" result="Failed" site="Child" start-time="2019-05-24 17:04:31Z" end-time="2019-05-24 17:07:11Z" duration="160.029611" total="9" passed="0" failed="9" warnings="0" inconclusive="0" skipped="0" asserts="0">
          <failure>
            <message><![CDATA[One or more child tests had errors]]></message>
          </failure>
          <test-case id="0-1035" name="CadastrarMaisTarefas" fullname="CSharpSeleniumTemplate.Tests.CriarTarefa.CadastrarMaisTarefas" methodname="CadastrarMaisTarefas" classname="CSharpSeleniumTemplate.Tests.CriarTarefa" runstate="Runnable" seed="1846980685" result="Failed" label="Error" start-time="2019-05-24 17:04:31Z" end-time="2019-05-24 17:04:49Z" duration="17.611252" asserts="0">
            <failure>
              <message><![CDATA[OpenQA.Selenium.WebDriverException : Error forwarding the new session Error forwarding the request timeout
TearDown : System.NullReferenceException : Referência de objeto não definida para uma instância de um objeto.]]></message>
              <stack-trace><![CDATA[   em OpenQA.Selenium.Remote.RemoteWebDriver.UnpackAndThrowOnError(Response errorResponse)
   em OpenQA.Selenium.Remote.RemoteWebDriver.Execute(String driverCommandToExecute, Dictionary`2 parameters)
   em OpenQA.Selenium.Remote.RemoteWebDriver.StartSession(ICapabilities desiredCapabilities)
   em OpenQA.Selenium.Remote.RemoteWebDriver..ctor(ICommandExecutor commandExecutor, ICapabilities desiredCapabilities)
   em OpenQA.Selenium.Remote.RemoteWebDriver..ctor(Uri remoteAddress, ICapabilities desiredCapabilities)
   em CSharpSeleniumTemplate.Helpers.DriverFactory.CreateInstance() na C:\Mantis2\csharpseleniumextentreporttemplate-master\CSharpSeleniumTemplate\Helpers\DriverFactory.cs:linha 81
   em CSharpSeleniumTemplate.Bases.TestBase.SetUp() na C:\Mantis2\csharpseleniumextentreporttemplate-master\CSharpSeleniumTemplate\Bases\TestBase.cs:linha 26
--TearDown
   em CSharpSeleniumTemplate.Helpers.GeneralHelpers.GetScreenshot(String path) na C:\Mantis2\csharpseleniumextentreporttemplate-master\CSharpSeleniumTemplate\Helpers\GeneralHelpers.cs:linha 65
   em CSharpSeleniumTemplate.Helpers.ExtentReportHelpers.GetScreenShotMedia() na C:\Mantis2\csharpseleniumextentreporttemplate-master\CSharpSeleniumTemplate\Helpers\ExtentReportHelpers.cs:linha 46
   em CSharpSeleniumTemplate.Helpers.ExtentReportHelpers.AddTestResult() na C:\Mantis2\csharpseleniumextentreporttemplate-master\CSharpSeleniumTemplate\Helpers\ExtentReportHelpers.cs:linha 60
   em CSharpSeleniumTemplate.Bases.TestBase.TearDown() na C:\Mantis2\csharpseleniumextentreporttemplate-master\CSharpSeleniumTemplate\Bases\TestBase.cs:linha 42]]></stack-trace>
            </failure>
          </test-case>
          <test-case id="0-1028" name="CadastrarTarefaApenasCamposObrigatorios" fullname="CSharpSeleniumTemplate.Tests.CriarTarefa.CadastrarTarefaApenasCamposObrigatorios" methodname="CadastrarTarefaApenasCamposObrigatorios" classname="CSharpSeleniumTemplate.Tests.CriarTarefa" runstate="Runnable" seed="493285778" result="Failed" label="Error" start-time="2019-05-24 17:04:49Z" end-time="2019-05-24 17:05:04Z" duration="15.616388" asserts="0">
            <failure>
              <message><![CDATA[OpenQA.Selenium.WebDriverException : Error forwarding the new session Error forwarding the request timeout
TearDown : System.NullReferenceException : Referência de objeto não definida para uma instância de um objeto.]]></message>
              <stack-trace><![CDATA[   em OpenQA.Selenium.Remote.RemoteWebDriver.UnpackAndThrowOnError(Response errorResponse)
   em OpenQA.Selenium.Remote.RemoteWebDriver.Execute(String driverCommandToExecute, Dictionary`2 parameters)
   em OpenQA.Selenium.Remote.RemoteWebDriver.StartSession(ICapabilities desiredCapabilities)
   em OpenQA.Selenium.Remote.RemoteWebDriver..ctor(ICommandExecutor commandExecutor, ICapabilities desiredCapabilities)
   em OpenQA.Selenium.Remote.RemoteWebDriver..ctor(Uri remoteAddress, ICapabilities desiredCapabilities)
   em CSharpSeleniumTemplate.Helpers.DriverFactory.CreateInstance() na C:\Mantis2\csharpseleniumextentreporttemplate-master\CSharpSeleniumTemplate\Helpers\DriverFactory.cs:linha 81
   em CSharpSeleniumTemplate.Bases.TestBase.SetUp() na C:\Mantis2\csharpseleniumextentreporttemplate-master\CSharpSeleniumTemplate\Bases\TestBase.cs:linha 26
--TearDown
   em CSharpSeleniumTemplate.Helpers.GeneralHelpers.GetScreenshot(String path) na C:\Mantis2\csharpseleniumextentreporttemplate-master\CSharpSeleniumTemplate\Helpers\GeneralHelpers.cs:linha 65
   em CSharpSeleniumTemplate.Helpers.ExtentReportHelpers.GetScreenShotMedia() na C:\Mantis2\csharpseleniumextentreporttemplate-master\CSharpSeleniumTemplate\Helpers\ExtentReportHelpers.cs:linha 46
   em CSharpSeleniumTemplate.Helpers.ExtentReportHelpers.AddTestResult() na C:\Mantis2\csharpseleniumextentreporttemplate-master\CSharpSeleniumTemplate\Helpers\ExtentReportHelpers.cs:linha 60
   em CSharpSeleniumTemplate.Bases.TestBase.TearDown() na C:\Mantis2\csharpseleniumextentreporttemplate-master\CSharpSeleniumTemplate\Bases\TestBase.cs:linha 42]]></stack-trace>
            </failure>
          </test-case>
          <test-suite type="ParameterizedMethod" id="0-1034" name="CadastrarTarefaTodosCampos" fullname="CSharpSeleniumTemplate.Tests.CriarTarefa.CadastrarTarefaTodosCampos" classname="CSharpSeleniumTemplate.Tests.CriarTarefa" runstate="Runnable" testcasecount="5" result="Failed" site="Child" start-time="2019-05-24 17:05:04Z" end-time="2019-05-24 17:06:26Z" duration="81.079858" total="5" passed="0" failed="5" warnings="0" inconclusive="0" skipped="0" asserts="0">
            <failure>
              <message><![CDATA[One or more child tests had errors]]></message>
            </failure>
            <test-case id="0-1029" name="CadastrarTarefaTodosCampos(System.Collections.ArrayList)" fullname="CSharpSeleniumTemplate.Tests.CriarTarefa.CadastrarTarefaTodosCampos(System.Collections.ArrayList)" methodname="CadastrarTarefaTodosCampos" classname="CSharpSeleniumTemplate.Tests.CriarTarefa" runstate="Runnable" seed="938727577" result="Failed" label="Error" start-time="2019-05-24 17:05:04Z" end-time="2019-05-24 17:05:21Z" duration="16.695422" asserts="0">
              <failure>
                <message><![CDATA[OpenQA.Selenium.WebDriverException : Error forwarding the new session Error forwarding the request timeout
TearDown : System.NullReferenceException : Referência de objeto não definida para uma instância de um objeto.]]></message>
                <stack-trace><![CDATA[   em OpenQA.Selenium.Remote.RemoteWebDriver.UnpackAndThrowOnError(Response errorResponse)
   em OpenQA.Selenium.Remote.RemoteWebDriver.Execute(String driverCommandToExecute, Dictionary`2 parameters)
   em OpenQA.Selenium.Remote.RemoteWebDriver.StartSession(ICapabilities desiredCapabilities)
   em OpenQA.Selenium.Remote.RemoteWebDriver..ctor(ICommandExecutor commandExecutor, ICapabilities desiredCapabilities)
   em OpenQA.Selenium.Remote.RemoteWebDriver..ctor(Uri remoteAddress, ICapabilities desiredCapabilities)
   em CSharpSeleniumTemplate.Helpers.DriverFactory.CreateInstance() na C:\Mantis2\csharpseleniumextentreporttemplate-master\CSharpSeleniumTemplate\Helpers\DriverFactory.cs:linha 81
   em CSharpSeleniumTemplate.Bases.TestBase.SetUp() na C:\Mantis2\csharpseleniumextentreporttemplate-master\CSharpSeleniumTemplate\Bases\TestBase.cs:linha 26
--TearDown
   em CSharpSeleniumTemplate.Helpers.GeneralHelpers.GetScreenshot(String path) na C:\Mantis2\csharpseleniumextentreporttemplate-master\CSharpSeleniumTemplate\Helpers\GeneralHelpers.cs:linha 65
   em CSharpSeleniumTemplate.Helpers.ExtentReportHelpers.GetScreenShotMedia() na C:\Mantis2\csharpseleniumextentreporttemplate-master\CSharpSeleniumTemplate\Helpers\ExtentReportHelpers.cs:linha 46
   em CSharpSeleniumTemplate.Helpers.ExtentReportHelpers.AddTestResult() na C:\Mantis2\csharpseleniumextentreporttemplate-master\CSharpSeleniumTemplate\Helpers\ExtentReportHelpers.cs:linha 60
   em CSharpSeleniumTemplate.Bases.TestBase.TearDown() na C:\Mantis2\csharpseleniumextentreporttemplate-master\CSharpSeleniumTemplate\Bases\TestBase.cs:linha 42]]></stack-trace>
              </failure>
            </test-case>
            <test-case id="0-1030" name="CadastrarTarefaTodosCampos(System.Collections.ArrayList)" fullname="CSharpSeleniumTemplate.Tests.CriarTarefa.CadastrarTarefaTodosCampos(System.Collections.ArrayList)" methodname="CadastrarTarefaTodosCampos" classname="CSharpSeleniumTemplate.Tests.CriarTarefa" runstate="Runnable" seed="1617889788" result="Failed" label="Error" start-time="2019-05-24 17:05:21Z" end-time="2019-05-24 17:05:37Z" duration="15.537948" asserts="0">
              <failure>
                <message><![CDATA[OpenQA.Selenium.WebDriverException : Error forwarding the new session Error forwarding the request timeout
TearDown : System.NullReferenceException : Referência de objeto não definida para uma instância de um objeto.]]></message>
                <stack-trace><![CDATA[   em OpenQA.Selenium.Remote.RemoteWebDriver.UnpackAndThrowOnError(Response errorResponse)
   em OpenQA.Selenium.Remote.RemoteWebDriver.Execute(String driverCommandToExecute, Dictionary`2 parameters)
   em OpenQA.Selenium.Remote.RemoteWebDriver.StartSession(ICapabilities desiredCapabilities)
   em OpenQA.Selenium.Remote.RemoteWebDriver..ctor(ICommandExecutor commandExecutor, ICapabilities desiredCapabilities)
   em OpenQA.Selenium.Remote.RemoteWebDriver..ctor(Uri remoteAddress, ICapabilities desiredCapabilities)
   em CSharpSeleniumTemplate.Helpers.DriverFactory.CreateInstance() na C:\Mantis2\csharpseleniumextentreporttemplate-master\CSharpSeleniumTemplate\Helpers\DriverFactory.cs:linha 81
   em CSharpSeleniumTemplate.Bases.TestBase.SetUp() na C:\Mantis2\csharpseleniumextentreporttemplate-master\CSharpSeleniumTemplate\Bases\TestBase.cs:linha 26
--TearDown
   em CSharpSeleniumTemplate.Helpers.GeneralHelpers.GetScreenshot(String path) na C:\Mantis2\csharpseleniumextentreporttemplate-master\CSharpSeleniumTemplate\Helpers\GeneralHelpers.cs:linha 65
   em CSharpSeleniumTemplate.Helpers.ExtentReportHelpers.GetScreenShotMedia() na C:\Mantis2\csharpseleniumextentreporttemplate-master\CSharpSeleniumTemplate\Helpers\ExtentReportHelpers.cs:linha 46
   em CSharpSeleniumTemplate.Helpers.ExtentReportHelpers.AddTestResult() na C:\Mantis2\csharpseleniumextentreporttemplate-master\CSharpSeleniumTemplate\Helpers\ExtentReportHelpers.cs:linha 60
   em CSharpSeleniumTemplate.Bases.TestBase.TearDown() na C:\Mantis2\csharpseleniumextentreporttemplate-master\CSharpSeleniumTemplate\Bases\TestBase.cs:linha 42]]></stack-trace>
              </failure>
            </test-case>
            <test-case id="0-1031" name="CadastrarTarefaTodosCampos(System.Collections.ArrayList)" fullname="CSharpSeleniumTemplate.Tests.CriarTarefa.CadastrarTarefaTodosCampos(System.Collections.ArrayList)" methodname="CadastrarTarefaTodosCampos" classname="CSharpSeleniumTemplate.Tests.CriarTarefa" runstate="Runnable" seed="958995565" result="Failed" label="Error" start-time="2019-05-24 17:05:37Z" end-time="2019-05-24 17:05:53Z" duration="16.310871" asserts="0">
              <failure>
                <message><![CDATA[OpenQA.Selenium.WebDriverException : Error forwarding the new session Error forwarding the request timeout
TearDown : System.NullReferenceException : Referência de objeto não definida para uma instância de um objeto.]]></message>
                <stack-trace><![CDATA[   em OpenQA.Selenium.Remote.RemoteWebDriver.UnpackAndThrowOnError(Response errorResponse)
   em OpenQA.Selenium.Remote.RemoteWebDriver.Execute(String driverCommandToExecute, Dictionary`2 parameters)
   em OpenQA.Selenium.Remote.RemoteWebDriver.StartSession(ICapabilities desiredCapabilities)
   em OpenQA.Selenium.Remote.RemoteWebDriver..ctor(ICommandExecutor commandExecutor, ICapabilities desiredCapabilities)
   em OpenQA.Selenium.Remote.RemoteWebDriver..ctor(Uri remoteAddress, ICapabilities desiredCapabilities)
   em CSharpSeleniumTemplate.Helpers.DriverFactory.CreateInstance() na C:\Mantis2\csharpseleniumextentreporttemplate-master\CSharpSeleniumTemplate\Helpers\DriverFactory.cs:linha 81
   em CSharpSeleniumTemplate.Bases.TestBase.SetUp() na C:\Mantis2\csharpseleniumextentreporttemplate-master\CSharpSeleniumTemplate\Bases\TestBase.cs:linha 26
--TearDown
   em CSharpSeleniumTemplate.Helpers.GeneralHelpers.GetScreenshot(String path) na C:\Mantis2\csharpseleniumextentreporttemplate-master\CSharpSeleniumTemplate\Helpers\GeneralHelpers.cs:linha 65
   em CSharpSeleniumTemplate.Helpers.ExtentReportHelpers.GetScreenShotMedia() na C:\Mantis2\csharpseleniumextentreporttemplate-master\CSharpSeleniumTemplate\Helpers\ExtentReportHelpers.cs:linha 46
   em CSharpSeleniumTemplate.Helpers.ExtentReportHelpers.AddTestResult() na C:\Mantis2\csharpseleniumextentreporttemplate-master\CSharpSeleniumTemplate\Helpers\ExtentReportHelpers.cs:linha 60
   em CSharpSeleniumTemplate.Bases.TestBase.TearDown() na C:\Mantis2\csharpseleniumextentreporttemplate-master\CSharpSeleniumTemplate\Bases\TestBase.cs:linha 42]]></stack-trace>
              </failure>
            </test-case>
            <test-case id="0-1032" name="CadastrarTarefaTodosCampos(System.Collections.ArrayList)" fullname="CSharpSeleniumTemplate.Tests.CriarTarefa.CadastrarTarefaTodosCampos(System.Collections.ArrayList)" methodname="CadastrarTarefaTodosCampos" classname="CSharpSeleniumTemplate.Tests.CriarTarefa" runstate="Runnable" seed="1116438063" result="Failed" label="Error" start-time="2019-05-24 17:05:53Z" end-time="2019-05-24 17:06:10Z" duration="16.664393" asserts="0">
              <failure>
                <message><![CDATA[OpenQA.Selenium.WebDriverException : Error forwarding the new session Error forwarding the request timeout
TearDown : System.NullReferenceException : Referência de objeto não definida para uma instância de um objeto.]]></message>
                <stack-trace><![CDATA[   em OpenQA.Selenium.Remote.RemoteWebDriver.UnpackAndThrowOnError(Response errorResponse)
   em OpenQA.Selenium.Remote.RemoteWebDriver.Execute(String driverCommandToExecute, Dictionary`2 parameters)
   em OpenQA.Selenium.Remote.RemoteWebDriver.StartSession(ICapabilities desiredCapabilities)
   em OpenQA.Selenium.Remote.RemoteWebDriver..ctor(ICommandExecutor commandExecutor, ICapabilities desiredCapabilities)
   em OpenQA.Selenium.Remote.RemoteWebDriver..ctor(Uri remoteAddress, ICapabilities desiredCapabilities)
   em CSharpSeleniumTemplate.Helpers.DriverFactory.CreateInstance() na C:\Mantis2\csharpseleniumextentreporttemplate-master\CSharpSeleniumTemplate\Helpers\DriverFactory.cs:linha 81
   em CSharpSeleniumTemplate.Bases.TestBase.SetUp() na C:\Mantis2\csharpseleniumextentreporttemplate-master\CSharpSeleniumTemplate\Bases\TestBase.cs:linha 26
--TearDown
   em CSharpSeleniumTemplate.Helpers.GeneralHelpers.GetScreenshot(String path) na C:\Mantis2\csharpseleniumextentreporttemplate-master\CSharpSeleniumTemplate\Helpers\GeneralHelpers.cs:linha 65
   em CSharpSeleniumTemplate.Helpers.ExtentReportHelpers.GetScreenShotMedia() na C:\Mantis2\csharpseleniumextentreporttemplate-master\CSharpSeleniumTemplate\Helpers\ExtentReportHelpers.cs:linha 46
   em CSharpSeleniumTemplate.Helpers.ExtentReportHelpers.AddTestResult() na C:\Mantis2\csharpseleniumextentreporttemplate-master\CSharpSeleniumTemplate\Helpers\ExtentReportHelpers.cs:linha 60
   em CSharpSeleniumTemplate.Bases.TestBase.TearDown() na C:\Mantis2\csharpseleniumextentreporttemplate-master\CSharpSeleniumTemplate\Bases\TestBase.cs:linha 42]]></stack-trace>
              </failure>
            </test-case>
            <test-case id="0-1033" name="CadastrarTarefaTodosCampos(System.Collections.ArrayList)" fullname="CSharpSeleniumTemplate.Tests.CriarTarefa.CadastrarTarefaTodosCampos(System.Collections.ArrayList)" methodname="CadastrarTarefaTodosCampos" classname="CSharpSeleniumTemplate.Tests.CriarTarefa" runstate="Runnable" seed="2140393598" result="Failed" label="Error" start-time="2019-05-24 17:06:10Z" end-time="2019-05-24 17:06:26Z" duration="15.868615" asserts="0">
              <failure>
                <message><![CDATA[OpenQA.Selenium.WebDriverException : Error forwarding the new session Error forwarding the request timeout
TearDown : System.NullReferenceException : Referência de objeto não definida para uma instância de um objeto.]]></message>
                <stack-trace><![CDATA[   em OpenQA.Selenium.Remote.RemoteWebDriver.UnpackAndThrowOnError(Response errorResponse)
   em OpenQA.Selenium.Remote.RemoteWebDriver.Execute(String driverCommandToExecute, Dictionary`2 parameters)
   em OpenQA.Selenium.Remote.RemoteWebDriver.StartSession(ICapabilities desiredCapabilities)
   em OpenQA.Selenium.Remote.RemoteWebDriver..ctor(ICommandExecutor commandExecutor, ICapabilities desiredCapabilities)
   em OpenQA.Selenium.Remote.RemoteWebDriver..ctor(Uri remoteAddress, ICapabilities desiredCapabilities)
   em CSharpSeleniumTemplate.Helpers.DriverFactory.CreateInstance() na C:\Mantis2\csharpseleniumextentreporttemplate-master\CSharpSeleniumTemplate\Helpers\DriverFactory.cs:linha 81
   em CSharpSeleniumTemplate.Bases.TestBase.SetUp() na C:\Mantis2\csharpseleniumextentreporttemplate-master\CSharpSeleniumTemplate\Bases\TestBase.cs:linha 26
--TearDown
   em CSharpSeleniumTemplate.Helpers.GeneralHelpers.GetScreenshot(String path) na C:\Mantis2\csharpseleniumextentreporttemplate-master\CSharpSeleniumTemplate\Helpers\GeneralHelpers.cs:linha 65
   em CSharpSeleniumTemplate.Helpers.ExtentReportHelpers.GetScreenShotMedia() na C:\Mantis2\csharpseleniumextentreporttemplate-master\CSharpSeleniumTemplate\Helpers\ExtentReportHelpers.cs:linha 46
   em CSharpSeleniumTemplate.Helpers.ExtentReportHelpers.AddTestResult() na C:\Mantis2\csharpseleniumextentreporttemplate-master\CSharpSeleniumTemplate\Helpers\ExtentReportHelpers.cs:linha 60
   em CSharpSeleniumTemplate.Bases.TestBase.TearDown() na C:\Mantis2\csharpseleniumextentreporttemplate-master\CSharpSeleniumTemplate\Bases\TestBase.cs:linha 42]]></stack-trace>
              </failure>
            </test-case>
          </test-suite>
          <test-case id="0-1037" name="CampoDescricaoNaoPreenchido" fullname="CSharpSeleniumTemplate.Tests.CriarTarefa.CampoDescricaoNaoPreenchido" methodname="CampoDescricaoNaoPreenchido" classname="CSharpSeleniumTemplate.Tests.CriarTarefa" runstate="Runnable" seed="799605790" result="Failed" label="Error" start-time="2019-05-24 17:06:26Z" end-time="2019-05-24 17:06:45Z" duration="19.307628" asserts="0">
            <failure>
              <message><![CDATA[OpenQA.Selenium.WebDriverException : Error forwarding the new session Error forwarding the request timeout
TearDown : System.NullReferenceException : Referência de objeto não definida para uma instância de um objeto.]]></message>
              <stack-trace><![CDATA[   em OpenQA.Selenium.Remote.RemoteWebDriver.UnpackAndThrowOnError(Response errorResponse)
   em OpenQA.Selenium.Remote.RemoteWebDriver.Execute(String driverCommandToExecute, Dictionary`2 parameters)
   em OpenQA.Selenium.Remote.RemoteWebDriver.StartSession(ICapabilities desiredCapabilities)
   em OpenQA.Selenium.Remote.RemoteWebDriver..ctor(ICommandExecutor commandExecutor, ICapabilities desiredCapabilities)
   em OpenQA.Selenium.Remote.RemoteWebDriver..ctor(Uri remoteAddress, ICapabilities desiredCapabilities)
   em CSharpSeleniumTemplate.Helpers.DriverFactory.CreateInstance() na C:\Mantis2\csharpseleniumextentreporttemplate-master\CSharpSeleniumTemplate\Helpers\DriverFactory.cs:linha 81
   em CSharpSeleniumTemplate.Bases.TestBase.SetUp() na C:\Mantis2\csharpseleniumextentreporttemplate-master\CSharpSeleniumTemplate\Bases\TestBase.cs:linha 26
--TearDown
   em CSharpSeleniumTemplate.Helpers.GeneralHelpers.GetScreenshot(String path) na C:\Mantis2\csharpseleniumextentreporttemplate-master\CSharpSeleniumTemplate\Helpers\GeneralHelpers.cs:linha 65
   em CSharpSeleniumTemplate.Helpers.ExtentReportHelpers.GetScreenShotMedia() na C:\Mantis2\csharpseleniumextentreporttemplate-master\CSharpSeleniumTemplate\Helpers\ExtentReportHelpers.cs:linha 46
   em CSharpSeleniumTemplate.Helpers.ExtentReportHelpers.AddTestResult() na C:\Mantis2\csharpseleniumextentreporttemplate-master\CSharpSeleniumTemplate\Helpers\ExtentReportHelpers.cs:linha 60
   em CSharpSeleniumTemplate.Bases.TestBase.TearDown() na C:\Mantis2\csharpseleniumextentreporttemplate-master\CSharpSeleniumTemplate\Bases\TestBase.cs:linha 42]]></stack-trace>
            </failure>
          </test-case>
          <test-case id="0-1036" name="CampoResumoNaoPreenchido" fullname="CSharpSeleniumTemplate.Tests.CriarTarefa.CampoResumoNaoPreenchido" methodname="CampoResumoNaoPreenchido" classname="CSharpSeleniumTemplate.Tests.CriarTarefa" runstate="Runnable" seed="1617588766" result="Failed" label="Error" start-time="2019-05-24 17:06:45Z" end-time="2019-05-24 17:07:02Z" duration="16.680700" asserts="0">
            <failure>
              <message><![CDATA[OpenQA.Selenium.WebDriverException : Error forwarding the new session Error forwarding the request timeout
TearDown : System.NullReferenceException : Referência de objeto não definida para uma instância de um objeto.]]></message>
              <stack-trace><![CDATA[   em OpenQA.Selenium.Remote.RemoteWebDriver.UnpackAndThrowOnError(Response errorResponse)
   em OpenQA.Selenium.Remote.RemoteWebDriver.Execute(String driverCommandToExecute, Dictionary`2 parameters)
   em OpenQA.Selenium.Remote.RemoteWebDriver.StartSession(ICapabilities desiredCapabilities)
   em OpenQA.Selenium.Remote.RemoteWebDriver..ctor(ICommandExecutor commandExecutor, ICapabilities desiredCapabilities)
   em OpenQA.Selenium.Remote.RemoteWebDriver..ctor(Uri remoteAddress, ICapabilities desiredCapabilities)
   em CSharpSeleniumTemplate.Helpers.DriverFactory.CreateInstance() na C:\Mantis2\csharpseleniumextentreporttemplate-master\CSharpSeleniumTemplate\Helpers\DriverFactory.cs:linha 81
   em CSharpSeleniumTemplate.Bases.TestBase.SetUp() na C:\Mantis2\csharpseleniumextentreporttemplate-master\CSharpSeleniumTemplate\Bases\TestBase.cs:linha 26
--TearDown
   em CSharpSeleniumTemplate.Helpers.GeneralHelpers.GetScreenshot(String path) na C:\Mantis2\csharpseleniumextentreporttemplate-master\CSharpSeleniumTemplate\Helpers\GeneralHelpers.cs:linha 65
   em CSharpSeleniumTemplate.Helpers.ExtentReportHelpers.GetScreenShotMedia() na C:\Mantis2\csharpseleniumextentreporttemplate-master\CSharpSeleniumTemplate\Helpers\ExtentReportHelpers.cs:linha 46
   em CSharpSeleniumTemplate.Helpers.ExtentReportHelpers.AddTestResult() na C:\Mantis2\csharpseleniumextentreporttemplate-master\CSharpSeleniumTemplate\Helpers\ExtentReportHelpers.cs:linha 60
   em CSharpSeleniumTemplate.Bases.TestBase.TearDown() na C:\Mantis2\csharpseleniumextentreporttemplate-master\CSharpSeleniumTemplate\Bases\TestBase.cs:linha 42]]></stack-trace>
            </failure>
          </test-case>
        </test-suite>
        <test-suite type="TestFixture" id="0-1000" name="GerenciarCamposPersonalizados" fullname="CSharpSeleniumTemplate.Tests.GerenciarCamposPersonalizados" classname="CSharpSeleniumTemplate.Tests.GerenciarCamposPersonalizados" runstate="Runnable" testcasecount="5" result="Failed" site="Child" start-time="2019-05-24 17:07:11Z" end-time="2019-05-24 17:08:31Z" duration="80.156400" total="5" passed="0" failed="5" warnings="0" inconclusive="0" skipped="0" asserts="0">
          <failure>
            <message><![CDATA[One or more child tests had errors]]></message>
          </failure>
          <test-case id="0-1005" name="ApagarCampoPersonalizado" fullname="CSharpSeleniumTemplate.Tests.GerenciarCamposPersonalizados.ApagarCampoPersonalizado" methodname="ApagarCampoPersonalizado" classname="CSharpSeleniumTemplate.Tests.GerenciarCamposPersonalizados" runstate="Runnable" seed="277469757" result="Failed" label="Error" start-time="2019-05-24 17:07:11Z" end-time="2019-05-24 17:07:27Z" duration="16.206237" asserts="0">
            <failure>
              <message><![CDATA[OpenQA.Selenium.WebDriverException : Error forwarding the new session Error forwarding the request timeout
TearDown : System.NullReferenceException : Referência de objeto não definida para uma instância de um objeto.]]></message>
              <stack-trace><![CDATA[   em OpenQA.Selenium.Remote.RemoteWebDriver.UnpackAndThrowOnError(Response errorResponse)
   em OpenQA.Selenium.Remote.RemoteWebDriver.Execute(String driverCommandToExecute, Dictionary`2 parameters)
   em OpenQA.Selenium.Remote.RemoteWebDriver.StartSession(ICapabilities desiredCapabilities)
   em OpenQA.Selenium.Remote.RemoteWebDriver..ctor(ICommandExecutor commandExecutor, ICapabilities desiredCapabilities)
   em OpenQA.Selenium.Remote.RemoteWebDriver..ctor(Uri remoteAddress, ICapabilities desiredCapabilities)
   em CSharpSeleniumTemplate.Helpers.DriverFactory.CreateInstance() na C:\Mantis2\csharpseleniumextentreporttemplate-master\CSharpSeleniumTemplate\Helpers\DriverFactory.cs:linha 81
   em CSharpSeleniumTemplate.Bases.TestBase.SetUp() na C:\Mantis2\csharpseleniumextentreporttemplate-master\CSharpSeleniumTemplate\Bases\TestBase.cs:linha 26
--TearDown
   em CSharpSeleniumTemplate.Helpers.GeneralHelpers.GetScreenshot(String path) na C:\Mantis2\csharpseleniumextentreporttemplate-master\CSharpSeleniumTemplate\Helpers\GeneralHelpers.cs:linha 65
   em CSharpSeleniumTemplate.Helpers.ExtentReportHelpers.GetScreenShotMedia() na C:\Mantis2\csharpseleniumextentreporttemplate-master\CSharpSeleniumTemplate\Helpers\ExtentReportHelpers.cs:linha 46
   em CSharpSeleniumTemplate.Helpers.ExtentReportHelpers.AddTestResult() na C:\Mantis2\csharpseleniumextentreporttemplate-master\CSharpSeleniumTemplate\Helpers\ExtentReportHelpers.cs:linha 60
   em CSharpSeleniumTemplate.Bases.TestBase.TearDown() na C:\Mantis2\csharpseleniumextentreporttemplate-master\CSharpSeleniumTemplate\Bases\TestBase.cs:linha 42]]></stack-trace>
            </failure>
          </test-case>
          <test-case id="0-1001" name="CadastrarCampoPersonalizado" fullname="CSharpSeleniumTemplate.Tests.GerenciarCamposPersonalizados.CadastrarCampoPersonalizado" methodname="CadastrarCampoPersonalizado" classname="CSharpSeleniumTemplate.Tests.GerenciarCamposPersonalizados" runstate="Runnable" seed="1886865437" result="Failed" label="Error" start-time="2019-05-24 17:07:27Z" end-time="2019-05-24 17:07:43Z" duration="15.492976" asserts="0">
            <failure>
              <message><![CDATA[OpenQA.Selenium.WebDriverException : Error forwarding the new session Error forwarding the request timeout
TearDown : System.NullReferenceException : Referência de objeto não definida para uma instância de um objeto.]]></message>
              <stack-trace><![CDATA[   em OpenQA.Selenium.Remote.RemoteWebDriver.UnpackAndThrowOnError(Response errorResponse)
   em OpenQA.Selenium.Remote.RemoteWebDriver.Execute(String driverCommandToExecute, Dictionary`2 parameters)
   em OpenQA.Selenium.Remote.RemoteWebDriver.StartSession(ICapabilities desiredCapabilities)
   em OpenQA.Selenium.Remote.RemoteWebDriver..ctor(ICommandExecutor commandExecutor, ICapabilities desiredCapabilities)
   em OpenQA.Selenium.Remote.RemoteWebDriver..ctor(Uri remoteAddress, ICapabilities desiredCapabilities)
   em CSharpSeleniumTemplate.Helpers.DriverFactory.CreateInstance() na C:\Mantis2\csharpseleniumextentreporttemplate-master\CSharpSeleniumTemplate\Helpers\DriverFactory.cs:linha 81
   em CSharpSeleniumTemplate.Bases.TestBase.SetUp() na C:\Mantis2\csharpseleniumextentreporttemplate-master\CSharpSeleniumTemplate\Bases\TestBase.cs:linha 26
--TearDown
   em CSharpSeleniumTemplate.Helpers.GeneralHelpers.GetScreenshot(String path) na C:\Mantis2\csharpseleniumextentreporttemplate-master\CSharpSeleniumTemplate\Helpers\GeneralHelpers.cs:linha 65
   em CSharpSeleniumTemplate.Helpers.ExtentReportHelpers.GetScreenShotMedia() na C:\Mantis2\csharpseleniumextentreporttemplate-master\CSharpSeleniumTemplate\Helpers\ExtentReportHelpers.cs:linha 46
   em CSharpSeleniumTemplate.Helpers.ExtentReportHelpers.AddTestResult() na C:\Mantis2\csharpseleniumextentreporttemplate-master\CSharpSeleniumTemplate\Helpers\ExtentReportHelpers.cs:linha 60
   em CSharpSeleniumTemplate.Bases.TestBase.TearDown() na C:\Mantis2\csharpseleniumextentreporttemplate-master\CSharpSeleniumTemplate\Bases\TestBase.cs:linha 42]]></stack-trace>
            </failure>
          </test-case>
          <test-case id="0-1002" name="CampoObrigatorioNaoInformado" fullname="CSharpSeleniumTemplate.Tests.GerenciarCamposPersonalizados.CampoObrigatorioNaoInformado" methodname="CampoObrigatorioNaoInformado" classname="CSharpSeleniumTemplate.Tests.GerenciarCamposPersonalizados" runstate="Runnable" seed="1240920581" result="Failed" label="Error" start-time="2019-05-24 17:07:43Z" end-time="2019-05-24 17:07:59Z" duration="16.069875" asserts="0">
            <failure>
              <message><![CDATA[OpenQA.Selenium.WebDriverException : Error forwarding the new session Error forwarding the request timeout
TearDown : System.NullReferenceException : Referência de objeto não definida para uma instância de um objeto.]]></message>
              <stack-trace><![CDATA[   em OpenQA.Selenium.Remote.RemoteWebDriver.UnpackAndThrowOnError(Response errorResponse)
   em OpenQA.Selenium.Remote.RemoteWebDriver.Execute(String driverCommandToExecute, Dictionary`2 parameters)
   em OpenQA.Selenium.Remote.RemoteWebDriver.StartSession(ICapabilities desiredCapabilities)
   em OpenQA.Selenium.Remote.RemoteWebDriver..ctor(ICommandExecutor commandExecutor, ICapabilities desiredCapabilities)
   em OpenQA.Selenium.Remote.RemoteWebDriver..ctor(Uri remoteAddress, ICapabilities desiredCapabilities)
   em CSharpSeleniumTemplate.Helpers.DriverFactory.CreateInstance() na C:\Mantis2\csharpseleniumextentreporttemplate-master\CSharpSeleniumTemplate\Helpers\DriverFactory.cs:linha 81
   em CSharpSeleniumTemplate.Bases.TestBase.SetUp() na C:\Mantis2\csharpseleniumextentreporttemplate-master\CSharpSeleniumTemplate\Bases\TestBase.cs:linha 26
--TearDown
   em CSharpSeleniumTemplate.Helpers.GeneralHelpers.GetScreenshot(String path) na C:\Mantis2\csharpseleniumextentreporttemplate-master\CSharpSeleniumTemplate\Helpers\GeneralHelpers.cs:linha 65
   em CSharpSeleniumTemplate.Helpers.ExtentReportHelpers.GetScreenShotMedia() na C:\Mantis2\csharpseleniumextentreporttemplate-master\CSharpSeleniumTemplate\Helpers\ExtentReportHelpers.cs:linha 46
   em CSharpSeleniumTemplate.Helpers.ExtentReportHelpers.AddTestResult() na C:\Mantis2\csharpseleniumextentreporttemplate-master\CSharpSeleniumTemplate\Helpers\ExtentReportHelpers.cs:linha 60
   em CSharpSeleniumTemplate.Bases.TestBase.TearDown() na C:\Mantis2\csharpseleniumextentreporttemplate-master\CSharpSeleniumTemplate\Bases\TestBase.cs:linha 42]]></stack-trace>
            </failure>
          </test-case>
          <test-case id="0-1003" name="CampoPersonalizadoJaCadastrado" fullname="CSharpSeleniumTemplate.Tests.GerenciarCamposPersonalizados.CampoPersonalizadoJaCadastrado" methodname="CampoPersonalizadoJaCadastrado" classname="CSharpSeleniumTemplate.Tests.GerenciarCamposPersonalizados" runstate="Runnable" seed="1827294301" result="Failed" label="Error" start-time="2019-05-24 17:07:59Z" end-time="2019-05-24 17:08:14Z" duration="15.147975" asserts="0">
            <failure>
              <message><![CDATA[OpenQA.Selenium.WebDriverException : Error forwarding the new session Error forwarding the request timeout
TearDown : System.NullReferenceException : Referência de objeto não definida para uma instância de um objeto.]]></message>
              <stack-trace><![CDATA[   em OpenQA.Selenium.Remote.RemoteWebDriver.UnpackAndThrowOnError(Response errorResponse)
   em OpenQA.Selenium.Remote.RemoteWebDriver.Execute(String driverCommandToExecute, Dictionary`2 parameters)
   em OpenQA.Selenium.Remote.RemoteWebDriver.StartSession(ICapabilities desiredCapabilities)
   em OpenQA.Selenium.Remote.RemoteWebDriver..ctor(ICommandExecutor commandExecutor, ICapabilities desiredCapabilities)
   em OpenQA.Selenium.Remote.RemoteWebDriver..ctor(Uri remoteAddress, ICapabilities desiredCapabilities)
   em CSharpSeleniumTemplate.Helpers.DriverFactory.CreateInstance() na C:\Mantis2\csharpseleniumextentreporttemplate-master\CSharpSeleniumTemplate\Helpers\DriverFactory.cs:linha 81
   em CSharpSeleniumTemplate.Bases.TestBase.SetUp() na C:\Mantis2\csharpseleniumextentreporttemplate-master\CSharpSeleniumTemplate\Bases\TestBase.cs:linha 26
--TearDown
   em CSharpSeleniumTemplate.Helpers.GeneralHelpers.GetScreenshot(String path) na C:\Mantis2\csharpseleniumextentreporttemplate-master\CSharpSeleniumTemplate\Helpers\GeneralHelpers.cs:linha 65
   em CSharpSeleniumTemplate.Helpers.ExtentReportHelpers.GetScreenShotMedia() na C:\Mantis2\csharpseleniumextentreporttemplate-master\CSharpSeleniumTemplate\Helpers\ExtentReportHelpers.cs:linha 46
   em CSharpSeleniumTemplate.Helpers.ExtentReportHelpers.AddTestResult() na C:\Mantis2\csharpseleniumextentreporttemplate-master\CSharpSeleniumTemplate\Helpers\ExtentReportHelpers.cs:linha 60
   em CSharpSeleniumTemplate.Bases.TestBase.TearDown() na C:\Mantis2\csharpseleniumextentreporttemplate-master\CSharpSeleniumTemplate\Bases\TestBase.cs:linha 42]]></stack-trace>
            </failure>
          </test-case>
          <test-case id="0-1004" name="EditarCampoPersonalizado" fullname="CSharpSeleniumTemplate.Tests.GerenciarCamposPersonalizados.EditarCampoPersonalizado" methodname="EditarCampoPersonalizado" classname="CSharpSeleniumTemplate.Tests.GerenciarCamposPersonalizados" runstate="Runnable" seed="1798282203" result="Failed" label="Error" start-time="2019-05-24 17:08:14Z" end-time="2019-05-24 17:08:31Z" duration="17.227296" asserts="0">
            <failure>
              <message><![CDATA[OpenQA.Selenium.WebDriverException : Error forwarding the new session Error forwarding the request timeout
TearDown : System.NullReferenceException : Referência de objeto não definida para uma instância de um objeto.]]></message>
              <stack-trace><![CDATA[   em OpenQA.Selenium.Remote.RemoteWebDriver.UnpackAndThrowOnError(Response errorResponse)
   em OpenQA.Selenium.Remote.RemoteWebDriver.Execute(String driverCommandToExecute, Dictionary`2 parameters)
   em OpenQA.Selenium.Remote.RemoteWebDriver.StartSession(ICapabilities desiredCapabilities)
   em OpenQA.Selenium.Remote.RemoteWebDriver..ctor(ICommandExecutor commandExecutor, ICapabilities desiredCapabilities)
   em OpenQA.Selenium.Remote.RemoteWebDriver..ctor(Uri remoteAddress, ICapabilities desiredCapabilities)
   em CSharpSeleniumTemplate.Helpers.DriverFactory.CreateInstance() na C:\Mantis2\csharpseleniumextentreporttemplate-master\CSharpSeleniumTemplate\Helpers\DriverFactory.cs:linha 81
   em CSharpSeleniumTemplate.Bases.TestBase.SetUp() na C:\Mantis2\csharpseleniumextentreporttemplate-master\CSharpSeleniumTemplate\Bases\TestBase.cs:linha 26
--TearDown
   em CSharpSeleniumTemplate.Helpers.GeneralHelpers.GetScreenshot(String path) na C:\Mantis2\csharpseleniumextentreporttemplate-master\CSharpSeleniumTemplate\Helpers\GeneralHelpers.cs:linha 65
   em CSharpSeleniumTemplate.Helpers.ExtentReportHelpers.GetScreenShotMedia() na C:\Mantis2\csharpseleniumextentreporttemplate-master\CSharpSeleniumTemplate\Helpers\ExtentReportHelpers.cs:linha 46
   em CSharpSeleniumTemplate.Helpers.ExtentReportHelpers.AddTestResult() na C:\Mantis2\csharpseleniumextentreporttemplate-master\CSharpSeleniumTemplate\Helpers\ExtentReportHelpers.cs:linha 60
   em CSharpSeleniumTemplate.Bases.TestBase.TearDown() na C:\Mantis2\csharpseleniumextentreporttemplate-master\CSharpSeleniumTemplate\Bases\TestBase.cs:linha 42]]></stack-trace>
            </failure>
          </test-case>
        </test-suite>
        <test-suite type="TestFixture" id="0-1038" name="GerenciarCategorias" fullname="CSharpSeleniumTemplate.Tests.GerenciarCategorias" classname="CSharpSeleniumTemplate.Tests.GerenciarCategorias" runstate="Runnable" testcasecount="5" result="Failed" site="Child" start-time="2019-05-24 17:08:31Z" end-time="2019-05-24 17:09:50Z" duration="78.888906" total="5" passed="0" failed="5" warnings="0" inconclusive="0" skipped="0" asserts="0">
          <failure>
            <message><![CDATA[One or more child tests had errors]]></message>
          </failure>
          <test-case id="0-1043" name="ApagarCategoria" fullname="CSharpSeleniumTemplate.Tests.GerenciarCategorias.ApagarCategoria" methodname="ApagarCategoria" classname="CSharpSeleniumTemplate.Tests.GerenciarCategorias" runstate="Runnable" seed="2038714728" result="Failed" label="Error" start-time="2019-05-24 17:08:31Z" end-time="2019-05-24 17:08:46Z" duration="15.380577" asserts="0">
            <failure>
              <message><![CDATA[OpenQA.Selenium.WebDriverException : Error forwarding the new session Error forwarding the request timeout
TearDown : System.NullReferenceException : Referência de objeto não definida para uma instância de um objeto.]]></message>
              <stack-trace><![CDATA[   em OpenQA.Selenium.Remote.RemoteWebDriver.UnpackAndThrowOnError(Response errorResponse)
   em OpenQA.Selenium.Remote.RemoteWebDriver.Execute(String driverCommandToExecute, Dictionary`2 parameters)
   em OpenQA.Selenium.Remote.RemoteWebDriver.StartSession(ICapabilities desiredCapabilities)
   em OpenQA.Selenium.Remote.RemoteWebDriver..ctor(ICommandExecutor commandExecutor, ICapabilities desiredCapabilities)
   em OpenQA.Selenium.Remote.RemoteWebDriver..ctor(Uri remoteAddress, ICapabilities desiredCapabilities)
   em CSharpSeleniumTemplate.Helpers.DriverFactory.CreateInstance() na C:\Mantis2\csharpseleniumextentreporttemplate-master\CSharpSeleniumTemplate\Helpers\DriverFactory.cs:linha 81
   em CSharpSeleniumTemplate.Bases.TestBase.SetUp() na C:\Mantis2\csharpseleniumextentreporttemplate-master\CSharpSeleniumTemplate\Bases\TestBase.cs:linha 26
--TearDown
   em CSharpSeleniumTemplate.Helpers.GeneralHelpers.GetScreenshot(String path) na C:\Mantis2\csharpseleniumextentreporttemplate-master\CSharpSeleniumTemplate\Helpers\GeneralHelpers.cs:linha 65
   em CSharpSeleniumTemplate.Helpers.ExtentReportHelpers.GetScreenShotMedia() na C:\Mantis2\csharpseleniumextentreporttemplate-master\CSharpSeleniumTemplate\Helpers\ExtentReportHelpers.cs:linha 46
   em CSharpSeleniumTemplate.Helpers.ExtentReportHelpers.AddTestResult() na C:\Mantis2\csharpseleniumextentreporttemplate-master\CSharpSeleniumTemplate\Helpers\ExtentReportHelpers.cs:linha 60
   em CSharpSeleniumTemplate.Bases.TestBase.TearDown() na C:\Mantis2\csharpseleniumextentreporttemplate-master\CSharpSeleniumTemplate\Bases\TestBase.cs:linha 42]]></stack-trace>
            </failure>
          </test-case>
          <test-case id="0-1039" name="CadastrarCategoria" fullname="CSharpSeleniumTemplate.Tests.GerenciarCategorias.CadastrarCategoria" methodname="CadastrarCategoria" classname="CSharpSeleniumTemplate.Tests.GerenciarCategorias" runstate="Runnable" seed="35475121" result="Failed" label="Error" start-time="2019-05-24 17:08:46Z" end-time="2019-05-24 17:09:02Z" duration="16.053419" asserts="0">
            <failure>
              <message><![CDATA[OpenQA.Selenium.WebDriverException : Error forwarding the new session Error forwarding the request timeout
TearDown : System.NullReferenceException : Referência de objeto não definida para uma instância de um objeto.]]></message>
              <stack-trace><![CDATA[   em OpenQA.Selenium.Remote.RemoteWebDriver.UnpackAndThrowOnError(Response errorResponse)
   em OpenQA.Selenium.Remote.RemoteWebDriver.Execute(String driverCommandToExecute, Dictionary`2 parameters)
   em OpenQA.Selenium.Remote.RemoteWebDriver.StartSession(ICapabilities desiredCapabilities)
   em OpenQA.Selenium.Remote.RemoteWebDriver..ctor(ICommandExecutor commandExecutor, ICapabilities desiredCapabilities)
   em OpenQA.Selenium.Remote.RemoteWebDriver..ctor(Uri remoteAddress, ICapabilities desiredCapabilities)
   em CSharpSeleniumTemplate.Helpers.DriverFactory.CreateInstance() na C:\Mantis2\csharpseleniumextentreporttemplate-master\CSharpSeleniumTemplate\Helpers\DriverFactory.cs:linha 81
   em CSharpSeleniumTemplate.Bases.TestBase.SetUp() na C:\Mantis2\csharpseleniumextentreporttemplate-master\CSharpSeleniumTemplate\Bases\TestBase.cs:linha 26
--TearDown
   em CSharpSeleniumTemplate.Helpers.GeneralHelpers.GetScreenshot(String path) na C:\Mantis2\csharpseleniumextentreporttemplate-master\CSharpSeleniumTemplate\Helpers\GeneralHelpers.cs:linha 65
   em CSharpSeleniumTemplate.Helpers.ExtentReportHelpers.GetScreenShotMedia() na C:\Mantis2\csharpseleniumextentreporttemplate-master\CSharpSeleniumTemplate\Helpers\ExtentReportHelpers.cs:linha 46
   em CSharpSeleniumTemplate.Helpers.ExtentReportHelpers.AddTestResult() na C:\Mantis2\csharpseleniumextentreporttemplate-master\CSharpSeleniumTemplate\Helpers\ExtentReportHelpers.cs:linha 60
   em CSharpSeleniumTemplate.Bases.TestBase.TearDown() na C:\Mantis2\csharpseleniumextentreporttemplate-master\CSharpSeleniumTemplate\Bases\TestBase.cs:linha 42]]></stack-trace>
            </failure>
          </test-case>
          <test-case id="0-1041" name="CampoObrigatorioNaoPreenchido" fullname="CSharpSeleniumTemplate.Tests.GerenciarCategorias.CampoObrigatorioNaoPreenchido" methodname="CampoObrigatorioNaoPreenchido" classname="CSharpSeleniumTemplate.Tests.GerenciarCategorias" runstate="Runnable" seed="2109697609" result="Failed" label="Error" start-time="2019-05-24 17:09:02Z" end-time="2019-05-24 17:09:19Z" duration="16.248584" asserts="0">
            <failure>
              <message><![CDATA[OpenQA.Selenium.WebDriverException : Error forwarding the new session Error forwarding the request Read timed out
TearDown : System.NullReferenceException : Referência de objeto não definida para uma instância de um objeto.]]></message>
              <stack-trace><![CDATA[   em OpenQA.Selenium.Remote.RemoteWebDriver.UnpackAndThrowOnError(Response errorResponse)
   em OpenQA.Selenium.Remote.RemoteWebDriver.Execute(String driverCommandToExecute, Dictionary`2 parameters)
   em OpenQA.Selenium.Remote.RemoteWebDriver.StartSession(ICapabilities desiredCapabilities)
   em OpenQA.Selenium.Remote.RemoteWebDriver..ctor(ICommandExecutor commandExecutor, ICapabilities desiredCapabilities)
   em OpenQA.Selenium.Remote.RemoteWebDriver..ctor(Uri remoteAddress, ICapabilities desiredCapabilities)
   em CSharpSeleniumTemplate.Helpers.DriverFactory.CreateInstance() na C:\Mantis2\csharpseleniumextentreporttemplate-master\CSharpSeleniumTemplate\Helpers\DriverFactory.cs:linha 81
   em CSharpSeleniumTemplate.Bases.TestBase.SetUp() na C:\Mantis2\csharpseleniumextentreporttemplate-master\CSharpSeleniumTemplate\Bases\TestBase.cs:linha 26
--TearDown
   em CSharpSeleniumTemplate.Helpers.GeneralHelpers.GetScreenshot(String path) na C:\Mantis2\csharpseleniumextentreporttemplate-master\CSharpSeleniumTemplate\Helpers\GeneralHelpers.cs:linha 65
   em CSharpSeleniumTemplate.Helpers.ExtentReportHelpers.GetScreenShotMedia() na C:\Mantis2\csharpseleniumextentreporttemplate-master\CSharpSeleniumTemplate\Helpers\ExtentReportHelpers.cs:linha 46
   em CSharpSeleniumTemplate.Helpers.ExtentReportHelpers.AddTestResult() na C:\Mantis2\csharpseleniumextentreporttemplate-master\CSharpSeleniumTemplate\Helpers\ExtentReportHelpers.cs:linha 60
   em CSharpSeleniumTemplate.Bases.TestBase.TearDown() na C:\Mantis2\csharpseleniumextentreporttemplate-master\CSharpSeleniumTemplate\Bases\TestBase.cs:linha 42]]></stack-trace>
            </failure>
          </test-case>
          <test-case id="0-1040" name="CategoriaJaCadastrada" fullname="CSharpSeleniumTemplate.Tests.GerenciarCategorias.CategoriaJaCadastrada" methodname="CategoriaJaCadastrada" classname="CSharpSeleniumTemplate.Tests.GerenciarCategorias" runstate="Runnable" seed="1532199590" result="Failed" label="Error" start-time="2019-05-24 17:09:19Z" end-time="2019-05-24 17:09:35Z" duration="15.819239" asserts="0">
            <failure>
              <message><![CDATA[OpenQA.Selenium.WebDriverException : Error forwarding the new session Error forwarding the request timeout
TearDown : System.NullReferenceException : Referência de objeto não definida para uma instância de um objeto.]]></message>
              <stack-trace><![CDATA[   em OpenQA.Selenium.Remote.RemoteWebDriver.UnpackAndThrowOnError(Response errorResponse)
   em OpenQA.Selenium.Remote.RemoteWebDriver.Execute(String driverCommandToExecute, Dictionary`2 parameters)
   em OpenQA.Selenium.Remote.RemoteWebDriver.StartSession(ICapabilities desiredCapabilities)
   em OpenQA.Selenium.Remote.RemoteWebDriver..ctor(ICommandExecutor commandExecutor, ICapabilities desiredCapabilities)
   em OpenQA.Selenium.Remote.RemoteWebDriver..ctor(Uri remoteAddress, ICapabilities desiredCapabilities)
   em CSharpSeleniumTemplate.Helpers.DriverFactory.CreateInstance() na C:\Mantis2\csharpseleniumextentreporttemplate-master\CSharpSeleniumTemplate\Helpers\DriverFactory.cs:linha 81
   em CSharpSeleniumTemplate.Bases.TestBase.SetUp() na C:\Mantis2\csharpseleniumextentreporttemplate-master\CSharpSeleniumTemplate\Bases\TestBase.cs:linha 26
--TearDown
   em CSharpSeleniumTemplate.Helpers.GeneralHelpers.GetScreenshot(String path) na C:\Mantis2\csharpseleniumextentreporttemplate-master\CSharpSeleniumTemplate\Helpers\GeneralHelpers.cs:linha 65
   em CSharpSeleniumTemplate.Helpers.ExtentReportHelpers.GetScreenShotMedia() na C:\Mantis2\csharpseleniumextentreporttemplate-master\CSharpSeleniumTemplate\Helpers\ExtentReportHelpers.cs:linha 46
   em CSharpSeleniumTemplate.Helpers.ExtentReportHelpers.AddTestResult() na C:\Mantis2\csharpseleniumextentreporttemplate-master\CSharpSeleniumTemplate\Helpers\ExtentReportHelpers.cs:linha 60
   em CSharpSeleniumTemplate.Bases.TestBase.TearDown() na C:\Mantis2\csharpseleniumextentreporttemplate-master\CSharpSeleniumTemplate\Bases\TestBase.cs:linha 42]]></stack-trace>
            </failure>
          </test-case>
          <test-case id="0-1042" name="EditarCategoria" fullname="CSharpSeleniumTemplate.Tests.GerenciarCategorias.EditarCategoria" methodname="EditarCategoria" classname="CSharpSeleniumTemplate.Tests.GerenciarCategorias" runstate="Runnable" seed="564327534" result="Failed" label="Error" start-time="2019-05-24 17:09:35Z" end-time="2019-05-24 17:09:50Z" duration="15.374207" asserts="0">
            <failure>
              <message><![CDATA[OpenQA.Selenium.WebDriverException : Error forwarding the new session Error forwarding the request timeout
TearDown : System.NullReferenceException : Referência de objeto não definida para uma instância de um objeto.]]></message>
              <stack-trace><![CDATA[   em OpenQA.Selenium.Remote.RemoteWebDriver.UnpackAndThrowOnError(Response errorResponse)
   em OpenQA.Selenium.Remote.RemoteWebDriver.Execute(String driverCommandToExecute, Dictionary`2 parameters)
   em OpenQA.Selenium.Remote.RemoteWebDriver.StartSession(ICapabilities desiredCapabilities)
   em OpenQA.Selenium.Remote.RemoteWebDriver..ctor(ICommandExecutor commandExecutor, ICapabilities desiredCapabilities)
   em OpenQA.Selenium.Remote.RemoteWebDriver..ctor(Uri remoteAddress, ICapabilities desiredCapabilities)
   em CSharpSeleniumTemplate.Helpers.DriverFactory.CreateInstance() na C:\Mantis2\csharpseleniumextentreporttemplate-master\CSharpSeleniumTemplate\Helpers\DriverFactory.cs:linha 81
   em CSharpSeleniumTemplate.Bases.TestBase.SetUp() na C:\Mantis2\csharpseleniumextentreporttemplate-master\CSharpSeleniumTemplate\Bases\TestBase.cs:linha 26
--TearDown
   em CSharpSeleniumTemplate.Helpers.GeneralHelpers.GetScreenshot(String path) na C:\Mantis2\csharpseleniumextentreporttemplate-master\CSharpSeleniumTemplate\Helpers\GeneralHelpers.cs:linha 65
   em CSharpSeleniumTemplate.Helpers.ExtentReportHelpers.GetScreenShotMedia() na C:\Mantis2\csharpseleniumextentreporttemplate-master\CSharpSeleniumTemplate\Helpers\ExtentReportHelpers.cs:linha 46
   em CSharpSeleniumTemplate.Helpers.ExtentReportHelpers.AddTestResult() na C:\Mantis2\csharpseleniumextentreporttemplate-master\CSharpSeleniumTemplate\Helpers\ExtentReportHelpers.cs:linha 60
   em CSharpSeleniumTemplate.Bases.TestBase.TearDown() na C:\Mantis2\csharpseleniumextentreporttemplate-master\CSharpSeleniumTemplate\Bases\TestBase.cs:linha 42]]></stack-trace>
            </failure>
          </test-case>
        </test-suite>
        <test-suite type="TestFixture" id="0-1006" name="GerenciarMarcadores" fullname="CSharpSeleniumTemplate.Tests.GerenciarMarcadores" classname="CSharpSeleniumTemplate.Tests.GerenciarMarcadores" runstate="Runnable" testcasecount="5" result="Failed" site="Child" start-time="2019-05-24 17:09:50Z" end-time="2019-05-24 17:11:17Z" duration="86.808974" total="5" passed="0" failed="5" warnings="0" inconclusive="0" skipped="0" asserts="0">
          <failure>
            <message><![CDATA[One or more child tests had errors]]></message>
          </failure>
          <test-case id="0-1010" name="ApagarMarcador" fullname="CSharpSeleniumTemplate.Tests.GerenciarMarcadores.ApagarMarcador" methodname="ApagarMarcador" classname="CSharpSeleniumTemplate.Tests.GerenciarMarcadores" runstate="Runnable" seed="2096041858" result="Failed" label="Error" start-time="2019-05-24 17:09:50Z" end-time="2019-05-24 17:10:05Z" duration="15.598508" asserts="0">
            <failure>
              <message><![CDATA[OpenQA.Selenium.WebDriverException : Error forwarding the new session Error forwarding the request timeout
TearDown : System.NullReferenceException : Referência de objeto não definida para uma instância de um objeto.]]></message>
              <stack-trace><![CDATA[   em OpenQA.Selenium.Remote.RemoteWebDriver.UnpackAndThrowOnError(Response errorResponse)
   em OpenQA.Selenium.Remote.RemoteWebDriver.Execute(String driverCommandToExecute, Dictionary`2 parameters)
   em OpenQA.Selenium.Remote.RemoteWebDriver.StartSession(ICapabilities desiredCapabilities)
   em OpenQA.Selenium.Remote.RemoteWebDriver..ctor(ICommandExecutor commandExecutor, ICapabilities desiredCapabilities)
   em OpenQA.Selenium.Remote.RemoteWebDriver..ctor(Uri remoteAddress, ICapabilities desiredCapabilities)
   em CSharpSeleniumTemplate.Helpers.DriverFactory.CreateInstance() na C:\Mantis2\csharpseleniumextentreporttemplate-master\CSharpSeleniumTemplate\Helpers\DriverFactory.cs:linha 81
   em CSharpSeleniumTemplate.Bases.TestBase.SetUp() na C:\Mantis2\csharpseleniumextentreporttemplate-master\CSharpSeleniumTemplate\Bases\TestBase.cs:linha 26
--TearDown
   em CSharpSeleniumTemplate.Helpers.GeneralHelpers.GetScreenshot(String path) na C:\Mantis2\csharpseleniumextentreporttemplate-master\CSharpSeleniumTemplate\Helpers\GeneralHelpers.cs:linha 65
   em CSharpSeleniumTemplate.Helpers.ExtentReportHelpers.GetScreenShotMedia() na C:\Mantis2\csharpseleniumextentreporttemplate-master\CSharpSeleniumTemplate\Helpers\ExtentReportHelpers.cs:linha 46
   em CSharpSeleniumTemplate.Helpers.ExtentReportHelpers.AddTestResult() na C:\Mantis2\csharpseleniumextentreporttemplate-master\CSharpSeleniumTemplate\Helpers\ExtentReportHelpers.cs:linha 60
   em CSharpSeleniumTemplate.Bases.TestBase.TearDown() na C:\Mantis2\csharpseleniumextentreporttemplate-master\CSharpSeleniumTemplate\Bases\TestBase.cs:linha 42]]></stack-trace>
            </failure>
          </test-case>
          <test-case id="0-1007" name="CadastrarMarcador" fullname="CSharpSeleniumTemplate.Tests.GerenciarMarcadores.CadastrarMarcador" methodname="CadastrarMarcador" classname="CSharpSeleniumTemplate.Tests.GerenciarMarcadores" runstate="Runnable" seed="443767012" result="Failed" label="Error" start-time="2019-05-24 17:10:05Z" end-time="2019-05-24 17:10:24Z" duration="18.578777" asserts="0">
            <failure>
              <message><![CDATA[OpenQA.Selenium.WebDriverException : Error forwarding the new session Error forwarding the request timeout
TearDown : System.NullReferenceException : Referência de objeto não definida para uma instância de um objeto.]]></message>
              <stack-trace><![CDATA[   em OpenQA.Selenium.Remote.RemoteWebDriver.UnpackAndThrowOnError(Response errorResponse)
   em OpenQA.Selenium.Remote.RemoteWebDriver.Execute(String driverCommandToExecute, Dictionary`2 parameters)
   em OpenQA.Selenium.Remote.RemoteWebDriver.StartSession(ICapabilities desiredCapabilities)
   em OpenQA.Selenium.Remote.RemoteWebDriver..ctor(ICommandExecutor commandExecutor, ICapabilities desiredCapabilities)
   em OpenQA.Selenium.Remote.RemoteWebDriver..ctor(Uri remoteAddress, ICapabilities desiredCapabilities)
   em CSharpSeleniumTemplate.Helpers.DriverFactory.CreateInstance() na C:\Mantis2\csharpseleniumextentreporttemplate-master\CSharpSeleniumTemplate\Helpers\DriverFactory.cs:linha 81
   em CSharpSeleniumTemplate.Bases.TestBase.SetUp() na C:\Mantis2\csharpseleniumextentreporttemplate-master\CSharpSeleniumTemplate\Bases\TestBase.cs:linha 26
--TearDown
   em CSharpSeleniumTemplate.Helpers.GeneralHelpers.GetScreenshot(String path) na C:\Mantis2\csharpseleniumextentreporttemplate-master\CSharpSeleniumTemplate\Helpers\GeneralHelpers.cs:linha 65
   em CSharpSeleniumTemplate.Helpers.ExtentReportHelpers.GetScreenShotMedia() na C:\Mantis2\csharpseleniumextentreporttemplate-master\CSharpSeleniumTemplate\Helpers\ExtentReportHelpers.cs:linha 46
   em CSharpSeleniumTemplate.Helpers.ExtentReportHelpers.AddTestResult() na C:\Mantis2\csharpseleniumextentreporttemplate-master\CSharpSeleniumTemplate\Helpers\ExtentReportHelpers.cs:linha 60
   em CSharpSeleniumTemplate.Bases.TestBase.TearDown() na C:\Mantis2\csharpseleniumextentreporttemplate-master\CSharpSeleniumTemplate\Bases\TestBase.cs:linha 42]]></stack-trace>
            </failure>
          </test-case>
          <test-case id="0-1008" name="CampoObrigatorioNaoPreenchido" fullname="CSharpSeleniumTemplate.Tests.GerenciarMarcadores.CampoObrigatorioNaoPreenchido" methodname="CampoObrigatorioNaoPreenchido" classname="CSharpSeleniumTemplate.Tests.GerenciarMarcadores" runstate="Runnable" seed="1398996574" result="Failed" label="Error" start-time="2019-05-24 17:10:24Z" end-time="2019-05-24 17:10:42Z" duration="17.641126" asserts="0">
            <failure>
              <message><![CDATA[OpenQA.Selenium.WebDriverException : Error forwarding the new session Error forwarding the request timeout
TearDown : System.NullReferenceException : Referência de objeto não definida para uma instância de um objeto.]]></message>
              <stack-trace><![CDATA[   em OpenQA.Selenium.Remote.RemoteWebDriver.UnpackAndThrowOnError(Response errorResponse)
   em OpenQA.Selenium.Remote.RemoteWebDriver.Execute(String driverCommandToExecute, Dictionary`2 parameters)
   em OpenQA.Selenium.Remote.RemoteWebDriver.StartSession(ICapabilities desiredCapabilities)
   em OpenQA.Selenium.Remote.RemoteWebDriver..ctor(ICommandExecutor commandExecutor, ICapabilities desiredCapabilities)
   em OpenQA.Selenium.Remote.RemoteWebDriver..ctor(Uri remoteAddress, ICapabilities desiredCapabilities)
   em CSharpSeleniumTemplate.Helpers.DriverFactory.CreateInstance() na C:\Mantis2\csharpseleniumextentreporttemplate-master\CSharpSeleniumTemplate\Helpers\DriverFactory.cs:linha 81
   em CSharpSeleniumTemplate.Bases.TestBase.SetUp() na C:\Mantis2\csharpseleniumextentreporttemplate-master\CSharpSeleniumTemplate\Bases\TestBase.cs:linha 26
--TearDown
   em CSharpSeleniumTemplate.Helpers.GeneralHelpers.GetScreenshot(String path) na C:\Mantis2\csharpseleniumextentreporttemplate-master\CSharpSeleniumTemplate\Helpers\GeneralHelpers.cs:linha 65
   em CSharpSeleniumTemplate.Helpers.ExtentReportHelpers.GetScreenShotMedia() na C:\Mantis2\csharpseleniumextentreporttemplate-master\CSharpSeleniumTemplate\Helpers\ExtentReportHelpers.cs:linha 46
   em CSharpSeleniumTemplate.Helpers.ExtentReportHelpers.AddTestResult() na C:\Mantis2\csharpseleniumextentreporttemplate-master\CSharpSeleniumTemplate\Helpers\ExtentReportHelpers.cs:linha 60
   em CSharpSeleniumTemplate.Bases.TestBase.TearDown() na C:\Mantis2\csharpseleniumextentreporttemplate-master\CSharpSeleniumTemplate\Bases\TestBase.cs:linha 42]]></stack-trace>
            </failure>
          </test-case>
          <test-case id="0-1009" name="EditarMarcador" fullname="CSharpSeleniumTemplate.Tests.GerenciarMarcadores.EditarMarcador" methodname="EditarMarcador" classname="CSharpSeleniumTemplate.Tests.GerenciarMarcadores" runstate="Runnable" seed="1072559827" result="Failed" label="Error" start-time="2019-05-24 17:10:42Z" end-time="2019-05-24 17:11:00Z" duration="18.071834" asserts="0">
            <failure>
              <message><![CDATA[OpenQA.Selenium.WebDriverException : Error forwarding the new session Error forwarding the request timeout
TearDown : System.NullReferenceException : Referência de objeto não definida para uma instância de um objeto.]]></message>
              <stack-trace><![CDATA[   em OpenQA.Selenium.Remote.RemoteWebDriver.UnpackAndThrowOnError(Response errorResponse)
   em OpenQA.Selenium.Remote.RemoteWebDriver.Execute(String driverCommandToExecute, Dictionary`2 parameters)
   em OpenQA.Selenium.Remote.RemoteWebDriver.StartSession(ICapabilities desiredCapabilities)
   em OpenQA.Selenium.Remote.RemoteWebDriver..ctor(ICommandExecutor commandExecutor, ICapabilities desiredCapabilities)
   em OpenQA.Selenium.Remote.RemoteWebDriver..ctor(Uri remoteAddress, ICapabilities desiredCapabilities)
   em CSharpSeleniumTemplate.Helpers.DriverFactory.CreateInstance() na C:\Mantis2\csharpseleniumextentreporttemplate-master\CSharpSeleniumTemplate\Helpers\DriverFactory.cs:linha 81
   em CSharpSeleniumTemplate.Bases.TestBase.SetUp() na C:\Mantis2\csharpseleniumextentreporttemplate-master\CSharpSeleniumTemplate\Bases\TestBase.cs:linha 26
--TearDown
   em CSharpSeleniumTemplate.Helpers.GeneralHelpers.GetScreenshot(String path) na C:\Mantis2\csharpseleniumextentreporttemplate-master\CSharpSeleniumTemplate\Helpers\GeneralHelpers.cs:linha 65
   em CSharpSeleniumTemplate.Helpers.ExtentReportHelpers.GetScreenShotMedia() na C:\Mantis2\csharpseleniumextentreporttemplate-master\CSharpSeleniumTemplate\Helpers\ExtentReportHelpers.cs:linha 46
   em CSharpSeleniumTemplate.Helpers.ExtentReportHelpers.AddTestResult() na C:\Mantis2\csharpseleniumextentreporttemplate-master\CSharpSeleniumTemplate\Helpers\ExtentReportHelpers.cs:linha 60
   em CSharpSeleniumTemplate.Bases.TestBase.TearDown() na C:\Mantis2\csharpseleniumextentreporttemplate-master\CSharpSeleniumTemplate\Bases\TestBase.cs:linha 42]]></stack-trace>
            </failure>
          </test-case>
          <test-case id="0-1011" name="VoltarAoDetalheMarcador" fullname="CSharpSeleniumTemplate.Tests.GerenciarMarcadores.VoltarAoDetalheMarcador" methodname="VoltarAoDetalheMarcador" classname="CSharpSeleniumTemplate.Tests.GerenciarMarcadores" runstate="Runnable" seed="2079617062" result="Failed" label="Error" start-time="2019-05-24 17:11:00Z" end-time="2019-05-24 17:11:17Z" duration="16.898840" asserts="0">
            <failure>
              <message><![CDATA[OpenQA.Selenium.WebDriverException : Error forwarding the new session Error forwarding the request timeout
TearDown : System.NullReferenceException : Referência de objeto não definida para uma instância de um objeto.]]></message>
              <stack-trace><![CDATA[   em OpenQA.Selenium.Remote.RemoteWebDriver.UnpackAndThrowOnError(Response errorResponse)
   em OpenQA.Selenium.Remote.RemoteWebDriver.Execute(String driverCommandToExecute, Dictionary`2 parameters)
   em OpenQA.Selenium.Remote.RemoteWebDriver.StartSession(ICapabilities desiredCapabilities)
   em OpenQA.Selenium.Remote.RemoteWebDriver..ctor(ICommandExecutor commandExecutor, ICapabilities desiredCapabilities)
   em OpenQA.Selenium.Remote.RemoteWebDriver..ctor(Uri remoteAddress, ICapabilities desiredCapabilities)
   em CSharpSeleniumTemplate.Helpers.DriverFactory.CreateInstance() na C:\Mantis2\csharpseleniumextentreporttemplate-master\CSharpSeleniumTemplate\Helpers\DriverFactory.cs:linha 81
   em CSharpSeleniumTemplate.Bases.TestBase.SetUp() na C:\Mantis2\csharpseleniumextentreporttemplate-master\CSharpSeleniumTemplate\Bases\TestBase.cs:linha 26
--TearDown
   em CSharpSeleniumTemplate.Helpers.GeneralHelpers.GetScreenshot(String path) na C:\Mantis2\csharpseleniumextentreporttemplate-master\CSharpSeleniumTemplate\Helpers\GeneralHelpers.cs:linha 65
   em CSharpSeleniumTemplate.Helpers.ExtentReportHelpers.GetScreenShotMedia() na C:\Mantis2\csharpseleniumextentreporttemplate-master\CSharpSeleniumTemplate\Helpers\ExtentReportHelpers.cs:linha 46
   em CSharpSeleniumTemplate.Helpers.ExtentReportHelpers.AddTestResult() na C:\Mantis2\csharpseleniumextentreporttemplate-master\CSharpSeleniumTemplate\Helpers\ExtentReportHelpers.cs:linha 60
   em CSharpSeleniumTemplate.Bases.TestBase.TearDown() na C:\Mantis2\csharpseleniumextentreporttemplate-master\CSharpSeleniumTemplate\Bases\TestBase.cs:linha 42]]></stack-trace>
            </failure>
          </test-case>
        </test-suite>
        <test-suite type="TestFixture" id="0-1012" name="GerenciarPerfisGlobais" fullname="CSharpSeleniumTemplate.Tests.GerenciarPerfisGlobais" classname="CSharpSeleniumTemplate.Tests.GerenciarPerfisGlobais" runstate="Runnable" testcasecount="8" result="Failed" site="Child" start-time="2019-05-24 17:11:17Z" end-time="2019-05-24 17:13:29Z" duration="132.401935" total="8" passed="0" failed="8" warnings="0" inconclusive="0" skipped="0" asserts="0">
          <failure>
            <message><![CDATA[One or more child tests had errors]]></message>
          </failure>
          <test-case id="0-1020" name="ApagarPerfilScucesso" fullname="CSharpSeleniumTemplate.Tests.GerenciarPerfisGlobais.ApagarPerfilScucesso" methodname="ApagarPerfilScucesso" classname="CSharpSeleniumTemplate.Tests.GerenciarPerfisGlobais" runstate="Runnable" seed="1908382328" result="Failed" label="Error" start-time="2019-05-24 17:11:17Z" end-time="2019-05-24 17:11:32Z" duration="15.093587" asserts="0">
            <failure>
              <message><![CDATA[OpenQA.Selenium.WebDriverException : Error forwarding the new session Error forwarding the request timeout
TearDown : System.NullReferenceException : Referência de objeto não definida para uma instância de um objeto.]]></message>
              <stack-trace><![CDATA[   em OpenQA.Selenium.Remote.RemoteWebDriver.UnpackAndThrowOnError(Response errorResponse)
   em OpenQA.Selenium.Remote.RemoteWebDriver.Execute(String driverCommandToExecute, Dictionary`2 parameters)
   em OpenQA.Selenium.Remote.RemoteWebDriver.StartSession(ICapabilities desiredCapabilities)
   em OpenQA.Selenium.Remote.RemoteWebDriver..ctor(ICommandExecutor commandExecutor, ICapabilities desiredCapabilities)
   em OpenQA.Selenium.Remote.RemoteWebDriver..ctor(Uri remoteAddress, ICapabilities desiredCapabilities)
   em CSharpSeleniumTemplate.Helpers.DriverFactory.CreateInstance() na C:\Mantis2\csharpseleniumextentreporttemplate-master\CSharpSeleniumTemplate\Helpers\DriverFactory.cs:linha 81
   em CSharpSeleniumTemplate.Bases.TestBase.SetUp() na C:\Mantis2\csharpseleniumextentreporttemplate-master\CSharpSeleniumTemplate\Bases\TestBase.cs:linha 26
--TearDown
   em CSharpSeleniumTemplate.Helpers.GeneralHelpers.GetScreenshot(String path) na C:\Mantis2\csharpseleniumextentreporttemplate-master\CSharpSeleniumTemplate\Helpers\GeneralHelpers.cs:linha 65
   em CSharpSeleniumTemplate.Helpers.ExtentReportHelpers.GetScreenShotMedia() na C:\Mantis2\csharpseleniumextentreporttemplate-master\CSharpSeleniumTemplate\Helpers\ExtentReportHelpers.cs:linha 46
   em CSharpSeleniumTemplate.Helpers.ExtentReportHelpers.AddTestResult() na C:\Mantis2\csharpseleniumextentreporttemplate-master\CSharpSeleniumTemplate\Helpers\ExtentReportHelpers.cs:linha 60
   em CSharpSeleniumTemplate.Bases.TestBase.TearDown() na C:\Mantis2\csharpseleniumextentreporttemplate-master\CSharpSeleniumTemplate\Bases\TestBase.cs:linha 42]]></stack-trace>
            </failure>
          </test-case>
          <test-case id="0-1019" name="ApagarSemSelecionarUmPerfil" fullname="CSharpSeleniumTemplate.Tests.GerenciarPerfisGlobais.ApagarSemSelecionarUmPerfil" methodname="ApagarSemSelecionarUmPerfil" classname="CSharpSeleniumTemplate.Tests.GerenciarPerfisGlobais" runstate="Runnable" seed="664804159" result="Failed" label="Error" start-time="2019-05-24 17:11:32Z" end-time="2019-05-24 17:11:49Z" duration="16.801311" asserts="0">
            <failure>
              <message><![CDATA[OpenQA.Selenium.WebDriverException : Error forwarding the new session Error forwarding the request timeout
TearDown : System.NullReferenceException : Referência de objeto não definida para uma instância de um objeto.]]></message>
              <stack-trace><![CDATA[   em OpenQA.Selenium.Remote.RemoteWebDriver.UnpackAndThrowOnError(Response errorResponse)
   em OpenQA.Selenium.Remote.RemoteWebDriver.Execute(String driverCommandToExecute, Dictionary`2 parameters)
   em OpenQA.Selenium.Remote.RemoteWebDriver.StartSession(ICapabilities desiredCapabilities)
   em OpenQA.Selenium.Remote.RemoteWebDriver..ctor(ICommandExecutor commandExecutor, ICapabilities desiredCapabilities)
   em OpenQA.Selenium.Remote.RemoteWebDriver..ctor(Uri remoteAddress, ICapabilities desiredCapabilities)
   em CSharpSeleniumTemplate.Helpers.DriverFactory.CreateInstance() na C:\Mantis2\csharpseleniumextentreporttemplate-master\CSharpSeleniumTemplate\Helpers\DriverFactory.cs:linha 81
   em CSharpSeleniumTemplate.Bases.TestBase.SetUp() na C:\Mantis2\csharpseleniumextentreporttemplate-master\CSharpSeleniumTemplate\Bases\TestBase.cs:linha 26
--TearDown
   em CSharpSeleniumTemplate.Helpers.GeneralHelpers.GetScreenshot(String path) na C:\Mantis2\csharpseleniumextentreporttemplate-master\CSharpSeleniumTemplate\Helpers\GeneralHelpers.cs:linha 65
   em CSharpSeleniumTemplate.Helpers.ExtentReportHelpers.GetScreenShotMedia() na C:\Mantis2\csharpseleniumextentreporttemplate-master\CSharpSeleniumTemplate\Helpers\ExtentReportHelpers.cs:linha 46
   em CSharpSeleniumTemplate.Helpers.ExtentReportHelpers.AddTestResult() na C:\Mantis2\csharpseleniumextentreporttemplate-master\CSharpSeleniumTemplate\Helpers\ExtentReportHelpers.cs:linha 60
   em CSharpSeleniumTemplate.Bases.TestBase.TearDown() na C:\Mantis2\csharpseleniumextentreporttemplate-master\CSharpSeleniumTemplate\Bases\TestBase.cs:linha 42]]></stack-trace>
            </failure>
          </test-case>
          <test-case id="0-1013" name="CadastrarPerfilSucesso" fullname="CSharpSeleniumTemplate.Tests.GerenciarPerfisGlobais.CadastrarPerfilSucesso" methodname="CadastrarPerfilSucesso" classname="CSharpSeleniumTemplate.Tests.GerenciarPerfisGlobais" runstate="Runnable" seed="21474023" result="Failed" label="Error" start-time="2019-05-24 17:11:49Z" end-time="2019-05-24 17:12:04Z" duration="15.290457" asserts="0">
            <failure>
              <message><![CDATA[OpenQA.Selenium.WebDriverException : Error forwarding the new session Error forwarding the request timeout
TearDown : System.NullReferenceException : Referência de objeto não definida para uma instância de um objeto.]]></message>
              <stack-trace><![CDATA[   em OpenQA.Selenium.Remote.RemoteWebDriver.UnpackAndThrowOnError(Response errorResponse)
   em OpenQA.Selenium.Remote.RemoteWebDriver.Execute(String driverCommandToExecute, Dictionary`2 parameters)
   em OpenQA.Selenium.Remote.RemoteWebDriver.StartSession(ICapabilities desiredCapabilities)
   em OpenQA.Selenium.Remote.RemoteWebDriver..ctor(ICommandExecutor commandExecutor, ICapabilities desiredCapabilities)
   em OpenQA.Selenium.Remote.RemoteWebDriver..ctor(Uri remoteAddress, ICapabilities desiredCapabilities)
   em CSharpSeleniumTemplate.Helpers.DriverFactory.CreateInstance() na C:\Mantis2\csharpseleniumextentreporttemplate-master\CSharpSeleniumTemplate\Helpers\DriverFactory.cs:linha 81
   em CSharpSeleniumTemplate.Bases.TestBase.SetUp() na C:\Mantis2\csharpseleniumextentreporttemplate-master\CSharpSeleniumTemplate\Bases\TestBase.cs:linha 26
--TearDown
   em CSharpSeleniumTemplate.Helpers.GeneralHelpers.GetScreenshot(String path) na C:\Mantis2\csharpseleniumextentreporttemplate-master\CSharpSeleniumTemplate\Helpers\GeneralHelpers.cs:linha 65
   em CSharpSeleniumTemplate.Helpers.ExtentReportHelpers.GetScreenShotMedia() na C:\Mantis2\csharpseleniumextentreporttemplate-master\CSharpSeleniumTemplate\Helpers\ExtentReportHelpers.cs:linha 46
   em CSharpSeleniumTemplate.Helpers.ExtentReportHelpers.AddTestResult() na C:\Mantis2\csharpseleniumextentreporttemplate-master\CSharpSeleniumTemplate\Helpers\ExtentReportHelpers.cs:linha 60
   em CSharpSeleniumTemplate.Bases.TestBase.TearDown() na C:\Mantis2\csharpseleniumextentreporttemplate-master\CSharpSeleniumTemplate\Bases\TestBase.cs:linha 42]]></stack-trace>
            </failure>
          </test-case>
          <test-case id="0-1018" name="EditarPerfilSucesso" fullname="CSharpSeleniumTemplate.Tests.GerenciarPerfisGlobais.EditarPerfilSucesso" methodname="EditarPerfilSucesso" classname="CSharpSeleniumTemplate.Tests.GerenciarPerfisGlobais" runstate="Runnable" seed="2089003666" result="Failed" label="Error" start-time="2019-05-24 17:12:04Z" end-time="2019-05-24 17:12:19Z" duration="15.593598" asserts="0">
            <failure>
              <message><![CDATA[OpenQA.Selenium.WebDriverException : Error forwarding the new session Error forwarding the request timeout
TearDown : System.NullReferenceException : Referência de objeto não definida para uma instância de um objeto.]]></message>
              <stack-trace><![CDATA[   em OpenQA.Selenium.Remote.RemoteWebDriver.UnpackAndThrowOnError(Response errorResponse)
   em OpenQA.Selenium.Remote.RemoteWebDriver.Execute(String driverCommandToExecute, Dictionary`2 parameters)
   em OpenQA.Selenium.Remote.RemoteWebDriver.StartSession(ICapabilities desiredCapabilities)
   em OpenQA.Selenium.Remote.RemoteWebDriver..ctor(ICommandExecutor commandExecutor, ICapabilities desiredCapabilities)
   em OpenQA.Selenium.Remote.RemoteWebDriver..ctor(Uri remoteAddress, ICapabilities desiredCapabilities)
   em CSharpSeleniumTemplate.Helpers.DriverFactory.CreateInstance() na C:\Mantis2\csharpseleniumextentreporttemplate-master\CSharpSeleniumTemplate\Helpers\DriverFactory.cs:linha 81
   em CSharpSeleniumTemplate.Bases.TestBase.SetUp() na C:\Mantis2\csharpseleniumextentreporttemplate-master\CSharpSeleniumTemplate\Bases\TestBase.cs:linha 26
--TearDown
   em CSharpSeleniumTemplate.Helpers.GeneralHelpers.GetScreenshot(String path) na C:\Mantis2\csharpseleniumextentreporttemplate-master\CSharpSeleniumTemplate\Helpers\GeneralHelpers.cs:linha 65
   em CSharpSeleniumTemplate.Helpers.ExtentReportHelpers.GetScreenShotMedia() na C:\Mantis2\csharpseleniumextentreporttemplate-master\CSharpSeleniumTemplate\Helpers\ExtentReportHelpers.cs:linha 46
   em CSharpSeleniumTemplate.Helpers.ExtentReportHelpers.AddTestResult() na C:\Mantis2\csharpseleniumextentreporttemplate-master\CSharpSeleniumTemplate\Helpers\ExtentReportHelpers.cs:linha 60
   em CSharpSeleniumTemplate.Bases.TestBase.TearDown() na C:\Mantis2\csharpseleniumextentreporttemplate-master\CSharpSeleniumTemplate\Bases\TestBase.cs:linha 42]]></stack-trace>
            </failure>
          </test-case>
          <test-case id="0-1017" name="EditarSemSelecionarUmPerfil" fullname="CSharpSeleniumTemplate.Tests.GerenciarPerfisGlobais.EditarSemSelecionarUmPerfil" methodname="EditarSemSelecionarUmPerfil" classname="CSharpSeleniumTemplate.Tests.GerenciarPerfisGlobais" runstate="Runnable" seed="2030223303" result="Failed" label="Error" start-time="2019-05-24 17:12:19Z" end-time="2019-05-24 17:12:35Z" duration="15.654487" asserts="0">
            <failure>
              <message><![CDATA[OpenQA.Selenium.WebDriverException : Error forwarding the new session Error forwarding the request timeout
TearDown : System.NullReferenceException : Referência de objeto não definida para uma instância de um objeto.]]></message>
              <stack-trace><![CDATA[   em OpenQA.Selenium.Remote.RemoteWebDriver.UnpackAndThrowOnError(Response errorResponse)
   em OpenQA.Selenium.Remote.RemoteWebDriver.Execute(String driverCommandToExecute, Dictionary`2 parameters)
   em OpenQA.Selenium.Remote.RemoteWebDriver.StartSession(ICapabilities desiredCapabilities)
   em OpenQA.Selenium.Remote.RemoteWebDriver..ctor(ICommandExecutor commandExecutor, ICapabilities desiredCapabilities)
   em OpenQA.Selenium.Remote.RemoteWebDriver..ctor(Uri remoteAddress, ICapabilities desiredCapabilities)
   em CSharpSeleniumTemplate.Helpers.DriverFactory.CreateInstance() na C:\Mantis2\csharpseleniumextentreporttemplate-master\CSharpSeleniumTemplate\Helpers\DriverFactory.cs:linha 81
   em CSharpSeleniumTemplate.Bases.TestBase.SetUp() na C:\Mantis2\csharpseleniumextentreporttemplate-master\CSharpSeleniumTemplate\Bases\TestBase.cs:linha 26
--TearDown
   em CSharpSeleniumTemplate.Helpers.GeneralHelpers.GetScreenshot(String path) na C:\Mantis2\csharpseleniumextentreporttemplate-master\CSharpSeleniumTemplate\Helpers\GeneralHelpers.cs:linha 65
   em CSharpSeleniumTemplate.Helpers.ExtentReportHelpers.GetScreenShotMedia() na C:\Mantis2\csharpseleniumextentreporttemplate-master\CSharpSeleniumTemplate\Helpers\ExtentReportHelpers.cs:linha 46
   em CSharpSeleniumTemplate.Helpers.ExtentReportHelpers.AddTestResult() na C:\Mantis2\csharpseleniumextentreporttemplate-master\CSharpSeleniumTemplate\Helpers\ExtentReportHelpers.cs:linha 60
   em CSharpSeleniumTemplate.Bases.TestBase.TearDown() na C:\Mantis2\csharpseleniumextentreporttemplate-master\CSharpSeleniumTemplate\Bases\TestBase.cs:linha 42]]></stack-trace>
            </failure>
          </test-case>
          <test-case id="0-1016" name="EnviarSemSelecionarUmdosParametros" fullname="CSharpSeleniumTemplate.Tests.GerenciarPerfisGlobais.EnviarSemSelecionarUmdosParametros" methodname="EnviarSemSelecionarUmdosParametros" classname="CSharpSeleniumTemplate.Tests.GerenciarPerfisGlobais" runstate="Runnable" seed="1953814869" result="Failed" label="Error" start-time="2019-05-24 17:12:35Z" end-time="2019-05-24 17:12:57Z" duration="22.076757" asserts="0">
            <failure>
              <message><![CDATA[OpenQA.Selenium.WebDriverException : Error forwarding the new session Error forwarding the request timeout
TearDown : System.NullReferenceException : Referência de objeto não definida para uma instância de um objeto.]]></message>
              <stack-trace><![CDATA[   em OpenQA.Selenium.Remote.RemoteWebDriver.UnpackAndThrowOnError(Response errorResponse)
   em OpenQA.Selenium.Remote.RemoteWebDriver.Execute(String driverCommandToExecute, Dictionary`2 parameters)
   em OpenQA.Selenium.Remote.RemoteWebDriver.StartSession(ICapabilities desiredCapabilities)
   em OpenQA.Selenium.Remote.RemoteWebDriver..ctor(ICommandExecutor commandExecutor, ICapabilities desiredCapabilities)
   em OpenQA.Selenium.Remote.RemoteWebDriver..ctor(Uri remoteAddress, ICapabilities desiredCapabilities)
   em CSharpSeleniumTemplate.Helpers.DriverFactory.CreateInstance() na C:\Mantis2\csharpseleniumextentreporttemplate-master\CSharpSeleniumTemplate\Helpers\DriverFactory.cs:linha 81
   em CSharpSeleniumTemplate.Bases.TestBase.SetUp() na C:\Mantis2\csharpseleniumextentreporttemplate-master\CSharpSeleniumTemplate\Bases\TestBase.cs:linha 26
--TearDown
   em CSharpSeleniumTemplate.Helpers.GeneralHelpers.GetScreenshot(String path) na C:\Mantis2\csharpseleniumextentreporttemplate-master\CSharpSeleniumTemplate\Helpers\GeneralHelpers.cs:linha 65
   em CSharpSeleniumTemplate.Helpers.ExtentReportHelpers.GetScreenShotMedia() na C:\Mantis2\csharpseleniumextentreporttemplate-master\CSharpSeleniumTemplate\Helpers\ExtentReportHelpers.cs:linha 46
   em CSharpSeleniumTemplate.Helpers.ExtentReportHelpers.AddTestResult() na C:\Mantis2\csharpseleniumextentreporttemplate-master\CSharpSeleniumTemplate\Helpers\ExtentReportHelpers.cs:linha 60
   em CSharpSeleniumTemplate.Bases.TestBase.TearDown() na C:\Mantis2\csharpseleniumextentreporttemplate-master\CSharpSeleniumTemplate\Bases\TestBase.cs:linha 42]]></stack-trace>
            </failure>
          </test-case>
          <test-case id="0-1014" name="PlataformaNaoPreenchida" fullname="CSharpSeleniumTemplate.Tests.GerenciarPerfisGlobais.PlataformaNaoPreenchida" methodname="PlataformaNaoPreenchida" classname="CSharpSeleniumTemplate.Tests.GerenciarPerfisGlobais" runstate="Runnable" seed="977102716" result="Failed" label="Error" start-time="2019-05-24 17:12:57Z" end-time="2019-05-24 17:13:14Z" duration="16.550267" asserts="0">
            <failure>
              <message><![CDATA[OpenQA.Selenium.WebDriverException : Error forwarding the new session Error forwarding the request timeout
TearDown : System.NullReferenceException : Referência de objeto não definida para uma instância de um objeto.]]></message>
              <stack-trace><![CDATA[   em OpenQA.Selenium.Remote.RemoteWebDriver.UnpackAndThrowOnError(Response errorResponse)
[...]
   em CSharpSeleniumTemplate.Helpers.DriverFactory.CreateInstance() na C:\Mantis2\csharpseleniumextentreporttemplate-master\CSharpSeleniumTemplate\Helpers\DriverFactory.cs:linha 81
   em CSharpSeleniumTemplate.Bases.TestBase.SetUp() na C:\Mantis2\csharpseleniumextentreporttemplate-master\CSharpSeleniumTemplate\Bases\TestBase.cs:linha 26
--TearDown
   em CSharpSeleniumTemplate.Helpers.GeneralHelpers.GetScreenshot(String path) na C:\Mantis2\csharpseleniumextentreporttemplate-master\CSharpSeleniumTemplate\Helpers\GeneralHelpers.cs:linha 65
   em CSharpSeleniumTemplate.Helpers.ExtentReportHelpers.GetScreenShotMedia() na C:\Mantis2\csharpseleniumextentreporttemplate-master\CSharpSeleniumTemplate\Helpers\ExtentReportHelpers.cs:linha 46
   em CSharpSeleniumTemplate.Helpers.ExtentReportHelpers.AddTestResult() na C:\Mantis2\csharpseleniumextentreporttemplate-master\CSharpSeleniumTemplate\Helpers\ExtentReportHelpers.cs:linha 60
   em CSharpSeleniumTemplate.Bases.TestBase.TearDown() na C:\Mantis2\csharpseleniumextentreporttemplate-master\CSharpSeleniumTemplate\Bases\TestBase.cs:linha 42]]></stack-trace>
            </failure>
          </test-case>
          <test-case id="0-1060" name="PesquisarUsuarios" fullname="CSharpSeleniumTemplate.Tests.GerenciarUsuarios.PesquisarUsuarios" methodname="PesquisarUsuarios" classname="CSharpSeleniumTemplate.Tests.GerenciarUsuarios" runstate="Runnable" seed="1101521788" result="Failed" label="Error" start-time="2019-05-24 17:17:59Z" end-time="2019-05-24 17:18:15Z" duration="16.055207" asserts="0">
            <failure>
              <message><![CDATA[OpenQA.Selenium.WebDriverException : Error forwarding the new session Error forwarding the request timeout
TearDown : System.NullReferenceException : Referência de objeto não definida para uma instância de um objeto.]]></message>
              <stack-trace><![CDATA[   em OpenQA.Selenium.Remote.RemoteWebDriver.UnpackAndThrowOnError(Response errorResponse)
   em OpenQA.Selenium.Remote.RemoteWebDriver.Execute(String driverCommandToExecute, Dictionary`2 parameters)
   em OpenQA.Selenium.Remote.RemoteWebDriver.StartSession(ICapabilities desiredCapabilities)
   em OpenQA.Selenium.Remote.RemoteWebDriver..ctor(ICommandExecutor commandExecutor, ICapabilities desiredCapabilities)
   em OpenQA.Selenium.Remote.RemoteWebDriver..ctor(Uri remoteAddress, ICapabilities desiredCapabilities)
   em CSharpSeleniumTemplate.Helpers.DriverFactory.CreateInstance() na C:\Mantis2\csharpseleniumextentreporttemplate-master\CSharpSeleniumTemplate\Helpers\DriverFactory.cs:linha 81
   em CSharpSeleniumTemplate.Bases.TestBase.SetUp() na C:\Mantis2\csharpseleniumextentreporttemplate-master\CSharpSeleniumTemplate\Bases\TestBase.cs:linha 26
--TearDown
   em CSharpSeleniumTemplate.Helpers.GeneralHelpers.GetScreenshot(String path) na C:\Mantis2\csharpseleniumextentreporttemplate-master\CSharpSeleniumTemplate\Helpers\GeneralHelpers.cs:linha 65
   em CSharpSeleniumTemplate.Helpers.ExtentReportHelpers.GetScreenShotMedia() na C:\Mantis2\csharpseleniumextentreporttemplate-master\CSharpSeleniumTemplate\Helpers\ExtentReportHelpers.cs:linha 46
   em CSharpSeleniumTemplate.Helpers.ExtentReportHelpers.AddTestResult() na C:\Mantis2\csharpseleniumextentreporttemplate-master\CSharpSeleniumTemplate\Helpers\ExtentReportHelpers.cs:linha 60
   em CSharpSeleniumTemplate.Bases.TestBase.TearDown() na C:\Mantis2\csharpseleniumextentreporttemplate-master\CSharpSeleniumTemplate\Bases\TestBase.cs:linha 42]]></stack-trace>
            </failure>
          </test-case>
          <test-case id="0-1058" name="RedefinirSenhaSemPreencherEmail" fullname="CSharpSeleniumTemplate.Tests.GerenciarUsuarios.RedefinirSenhaSemPreencherEmail" methodname="RedefinirSenhaSemPreencherEmail" classname="CSharpSeleniumTemplate.Tests.GerenciarUsuarios" runstate="Runnable" seed="1606241382" result="Failed" label="Error" start-time="2019-05-24 17:18:15Z" end-time="2019-05-24 17:18:31Z" duration="15.314920" asserts="0">
            <failure>
              <message><![CDATA[OpenQA.Selenium.WebDriverException : Error forwarding the new session Error forwarding the request timeout
TearDown : System.NullReferenceException : Referência de objeto não definida para uma instância de um objeto.]]></message>
              <stack-trace><![CDATA[   em OpenQA.Selenium.Remote.RemoteWebDriver.UnpackAndThrowOnError(Response errorResponse)
   em OpenQA.Selenium.Remote.RemoteWebDriver.Execute(String driverCommandToExecute, Dictionary`2 parameters)
   em OpenQA.Selenium.Remote.RemoteWebDriver.StartSession(ICapabilities desiredCapabilities)
   em OpenQA.Selenium.Remote.RemoteWebDriver..ctor(ICommandExecutor commandExecutor, ICapabilities desiredCapabilities)
   em OpenQA.Selenium.Remote.RemoteWebDriver..ctor(Uri remoteAddress, ICapabilities desiredCapabilities)
   em CSharpSeleniumTemplate.Helpers.DriverFactory.CreateInstance() na C:\Mantis2\csharpseleniumextentreporttemplate-master\CSharpSeleniumTemplate\Helpers\DriverFactory.cs:linha 81
   em CSharpSeleniumTemplate.Bases.TestBase.SetUp() na C:\Mantis2\csharpseleniumextentreporttemplate-master\CSharpSeleniumTemplate\Bases\TestBase.cs:linha 26
--TearDown
   em CSharpSeleniumTemplate.Helpers.GeneralHelpers.GetScreenshot(String path) na C:\Mantis2\csharpseleniumextentreporttemplate-master\CSharpSeleniumTemplate\Helpers\GeneralHelpers.cs:linha 65
   em CSharpSeleniumTemplate.Helpers.ExtentReportHelpers.GetScreenShotMedia() na C:\Mantis2\csharpseleniumextentreporttemplate-master\CSharpSeleniumTemplate\Helpers\ExtentReportHelpers.cs:linha 46
   em CSharpSeleniumTemplate.Helpers.ExtentReportHelpers.AddTestResult() na C:\Mantis2\csharpseleniumextentreporttemplate-master\CSharpSeleniumTemplate\Helpers\ExtentReportHelpers.cs:linha 60
   em CSharpSeleniumTemplate.Bases.TestBase.TearDown() na C:\Mantis2\csharpseleniumextentreporttemplate-master\CSharpSeleniumTemplate\Bases\TestBase.cs:linha 42]]></stack-trace>
            </failure>
          </test-case>
          <test-case id="0-1054" name="UsuarioJaCadastrado" fullname="CSharpSeleniumTemplate.Tests.GerenciarUsuarios.UsuarioJaCadastrado" methodname="UsuarioJaCadastrado" classname="CSharpSeleniumTemplate.Tests.GerenciarUsuarios" runstate="Runnable" seed="1724584981" result="Failed" label="Error" start-time="2019-05-24 17:18:31Z" end-time="2019-05-24 17:18:46Z" duration="15.485970" asserts="0">
            <failure>
              <message><![CDATA[OpenQA.Selenium.WebDriverException : Error forwarding the new session Error forwarding the request timeout
TearDown : System.NullReferenceException : Referência de objeto não definida para uma instância de um objeto.]]></message>
              <stack-trace><![CDATA[   em OpenQA.Selenium.Remote.RemoteWebDriver.UnpackAndThrowOnError(Response errorResponse)
   em OpenQA.Selenium.Remote.RemoteWebDriver.Execute(String driverCommandToExecute, Dictionary`2 parameters)
   em OpenQA.Selenium.Remote.RemoteWebDriver.StartSession(ICapabilities desiredCapabilities)
   em OpenQA.Selenium.Remote.RemoteWebDriver..ctor(ICommandExecutor commandExecutor, ICapabilities desiredCapabilities)
   em OpenQA.Selenium.Remote.RemoteWebDriver..ctor(Uri remoteAddress, ICapabilities desiredCapabilities)
   em CSharpSeleniumTemplate.Helpers.DriverFactory.CreateInstance() na C:\Mantis2\csharpseleniumextentreporttemplate-master\CSharpSeleniumTemplate\Helpers\DriverFactory.cs:linha 81
   em CSharpSeleniumTemplate.Bases.TestBase.SetUp() na C:\Mantis2\csharpseleniumextentreporttemplate-master\CSharpSeleniumTemplate\Bases\TestBase.cs:linha 26
--TearDown
   em CSharpSeleniumTemplate.Helpers.GeneralHelpers.GetScreenshot(String path) na C:\Mantis2\csharpseleniumextentreporttemplate-master\CSharpSeleniumTemplate\Helpers\GeneralHelpers.cs:linha 65
   em CSharpSeleniumTemplate.Helpers.ExtentReportHelpers.GetScreenShotMedia() na C:\Mantis2\csharpseleniumextentreporttemplate-master\CSharpSeleniumTemplate\Helpers\ExtentReportHelpers.cs:linha 46
   em CSharpSeleniumTemplate.Helpers.ExtentReportHelpers.AddTestResult() na C:\Mantis2\csharpseleniumextentreporttemplate-master\CSharpSeleniumTemplate\Helpers\ExtentReportHelpers.cs:linha 60
   em CSharpSeleniumTemplate.Bases.TestBase.TearDown() na C:\Mantis2\csharpseleniumextentreporttemplate-master\CSharpSeleniumTemplate\Bases\TestBase.cs:linha 42]]></stack-trace>
            </failure>
          </test-case>
        </test-suite>
        <test-suite type="TestFixture" id="0-1061" name="LoginTests" fullname="CSharpSeleniumTemplate.Tests.LoginTests" classname="CSharpSeleniumTemplate.Tests.LoginTests" runstate="Runnable" testcasecount="4" result="Failed" site="Child" start-time="2019-05-24 17:18:46Z" end-time="2019-05-24 17:19:53Z" duration="67.231043" total="4" passed="0" failed="4" warnings="0" inconclusive="0" skipped="0" asserts="0">
          <failure>
            <message><![CDATA[One or more child tests had errors]]></message>
          </failure>
          <test-case id="0-1062" name="EfetuarLoginComSucesso" fullname="CSharpSeleniumTemplate.Tests.LoginTests.EfetuarLoginComSucesso" methodname="EfetuarLoginComSucesso" classname="CSharpSeleniumTemplate.Tests.LoginTests" runstate="Runnable" seed="1461196695" result="Failed" label="Error" start-time="2019-05-24 17:18:46Z" end-time="2019-05-24 17:19:02Z" duration="15.522971" asserts="0">
            <failure>
              <message><![CDATA[OpenQA.Selenium.WebDriverException : Error forwarding the new session Error forwarding the request timeout
TearDown : System.NullReferenceException : Referência de objeto não definida para uma instância de um objeto.]]></message>
              <stack-trace><![CDATA[   em OpenQA.Selenium.Remote.RemoteWebDriver.UnpackAndThrowOnError(Response errorResponse)
   em OpenQA.Selenium.Remote.RemoteWebDriver.Execute(String driverCommandToExecute, Dictionary`2 parameters)
   em OpenQA.Selenium.Remote.RemoteWebDriver.StartSession(ICapabilities desiredCapabilities)
   em OpenQA.Selenium.Remote.RemoteWebDriver..ctor(ICommandExecutor commandExecutor, ICapabilities desiredCapabilities)
   em OpenQA.Selenium.Remote.RemoteWebDriver..ctor(Uri remoteAddress, ICapabilities desiredCapabilities)
   em CSharpSeleniumTemplate.Helpers.DriverFactory.CreateInstance() na C:\Mantis2\csharpseleniumextentreporttemplate-master\CSharpSeleniumTemplate\Helpers\DriverFactory.cs:linha 81
   em CSharpSeleniumTemplate.Bases.TestBase.SetUp() na C:\Mantis2\csharpseleniumextentreporttemplate-master\CSharpSeleniumTemplate\Bases\TestBase.cs:linha 26
--TearDown
   em CSharpSeleniumTemplate.Helpers.GeneralHelpers.GetScreenshot(String path) na C:\Mantis2\csharpseleniumextentreporttemplate-master\CSharpSeleniumTemplate\Helpers\GeneralHelpers.cs:linha 65
   em CSharpSeleniumTemplate.Helpers.ExtentReportHelpers.GetScreenShotMedia() na C:\Mantis2\csharpseleniumextentreporttemplate-master\CSharpSeleniumTemplate\Helpers\ExtentReportHelpers.cs:linha 46
   em CSharpSeleniumTemplate.Helpers.ExtentReportHelpers.AddTestResult() na C:\Mantis2\csharpseleniumextentreporttemplate-master\CSharpSeleniumTemplate\Helpers\ExtentReportHelpers.cs:linha 60
   em CSharpSeleniumTemplate.Bases.TestBase.TearDown() na C:\Mantis2\csharpseleniumextentreporttemplate-master\CSharpSeleniumTemplate\Bases\TestBase.cs:linha 42]]></stack-trace>
            </failure>
          </test-case>
          <test-suite type="ParameterizedMethod" id="0-1066" name="EfetuarLoginInformandoUsuarioInvalido" fullname="CSharpSeleniumTemplate.Tests.LoginTests.EfetuarLoginInformandoUsuarioInvalido" classname="CSharpSeleniumTemplate.Tests.LoginTests" runstate="Runnable" testcasecount="3" result="Failed" site="Child" start-time="2019-05-24 17:19:02Z" end-time="2019-05-24 17:19:53Z" duration="51.691360" total="3" passed="0" failed="3" warnings="0" inconclusive="0" skipped="0" asserts="0">
            <failure>
              <message><![CDATA[One or more child tests had errors]]></message>
            </failure>
            <test-case id="0-1063" name="EfetuarLoginInformandoUsuarioInvalido(System.Collections.ArrayList)" fullname="CSharpSeleniumTemplate.Tests.LoginTests.EfetuarLoginInformandoUsuarioInvalido(System.Collections.ArrayList)" methodname="EfetuarLoginInformandoUsuarioInvalido" classname="CSharpSeleniumTemplate.Tests.LoginTests" runstate="Runnable" seed="1067621505" result="Failed" label="Error" start-time="2019-05-24 17:19:02Z" end-time="2019-05-24 17:19:18Z" duration="16.184635" asserts="0">
              <failure>
                <message><![CDATA[OpenQA.Selenium.WebDriverException : Error forwarding the new session Error forwarding the request timeout
TearDown : System.NullReferenceException : Referência de objeto não definida para uma instância de um objeto.]]></message>
                <stack-trace><![CDATA[   em OpenQA.Selenium.Remote.RemoteWebDriver.UnpackAndThrowOnError(Response errorResponse)
   em OpenQA.Selenium.Remote.RemoteWebDriver.Execute(String driverCommandToExecute, Dictionary`2 parameters)
   em OpenQA.Selenium.Remote.RemoteWebDriver.StartSession(ICapabilities desiredCapabilities)
   em OpenQA.Selenium.Remote.RemoteWebDriver..ctor(ICommandExecutor commandExecutor, ICapabilities desiredCapabilities)
   em OpenQA.Selenium.Remote.RemoteWebDriver..ctor(Uri remoteAddress, ICapabilities desiredCapabilities)
   em CSharpSeleniumTemplate.Helpers.DriverFactory.CreateInstance() na C:\Mantis2\csharpseleniumextentreporttemplate-master\CSharpSeleniumTemplate\Helpers\DriverFactory.cs:linha 81
   em CSharpSeleniumTemplate.Bases.TestBase.SetUp() na C:\Mantis2\csharpseleniumextentreporttemplate-master\CSharpSeleniumTemplate\Bases\TestBase.cs:linha 26
--TearDown
   em CSharpSeleniumTemplate.Helpers.GeneralHelpers.GetScreenshot(String path) na C:\Mantis2\csharpseleniumextentreporttemplate-master\CSharpSeleniumTemplate\Helpers\GeneralHelpers.cs:linha 65
   em CSharpSeleniumTemplate.Helpers.ExtentReportHelpers.GetScreenShotMedia() na C:\Mantis2\csharpseleniumextentreporttemplate-master\CSharpSeleniumTemplate\Helpers\ExtentReportHelpers.cs:linha 46
   em CSharpSeleniumTemplate.Helpers.ExtentReportHelpers.AddTestResult() na C:\Mantis2\csharpseleniumextentreporttemplate-master\CSharpSeleniumTemplate\Helpers\ExtentReportHelpers.cs:linha 60
   em CSharpSeleniumTemplate.Bases.TestBase.TearDown() na C:\Mantis2\csharpseleniumextentreporttemplate-master\CSharpSeleniumTemplate\Bases\TestBase.cs:linha 42]]></stack-trace>
              </failure>
            </test-case>
            <test-case id="0-1064" name="EfetuarLoginInformandoUsuarioInvalido(System.Collections.ArrayList)" fullname="CSharpSeleniumTemplate.Tests.LoginTests.EfetuarLoginInformandoUsuarioInvalido(System.Collections.ArrayList)" methodname="EfetuarLoginInformandoUsuarioInvalido" classname="CSharpSeleniumTemplate.Tests.LoginTests" runstate="Runnable" seed="85988739" result="Failed" label="Error" start-time="2019-05-24 17:19:18Z" end-time="2019-05-24 17:19:35Z" duration="17.335443" asserts="0">
              <failure>
                <message><![CDATA[OpenQA.Selenium.WebDriverException : Error forwarding the new session Error forwarding the request timeout
TearDown : System.NullReferenceException : Referência de objeto não definida para uma instância de um objeto.]]></message>
                <stack-trace><![CDATA[   em OpenQA.Selenium.Remote.RemoteWebDriver.UnpackAndThrowOnError(Response errorResponse)
   em OpenQA.Selenium.Remote.RemoteWebDriver.Execute(String driverCommandToExecute, Dictionary`2 parameters)
   em OpenQA.Selenium.Remote.RemoteWebDriver.StartSession(ICapabilities desiredCapabilities)
   em OpenQA.Selenium.Remote.RemoteWebDriver..ctor(ICommandExecutor commandExecutor, ICapabilities desiredCapabilities)
   em OpenQA.Selenium.Remote.RemoteWebDriver..ctor(Uri remoteAddress, ICapabilities desiredCapabilities)
   em CSharpSeleniumTemplate.Helpers.DriverFactory.CreateInstance() na C:\Mantis2\csharpseleniumextentreporttemplate-master\CSharpSeleniumTemplate\Helpers\DriverFactory.cs:linha 81
   em CSharpSeleniumTemplate.Bases.TestBase.SetUp() na C:\Mantis2\csharpseleniumextentreporttemplate-master\CSharpSeleniumTemplate\Bases\TestBase.cs:linha 26
--TearDown
   em CSharpSeleniumTemplate.Helpers.GeneralHelpers.GetScreenshot(String path) na C:\Mantis2\csharpseleniumextentreporttemplate-master\CSharpSeleniumTemplate\Helpers\GeneralHelpers.cs:linha 65
   em CSharpSeleniumTemplate.Helpers.ExtentReportHelpers.GetScreenShotMedia() na C:\Mantis2\csharpseleniumextentreporttemplate-master\CSharpSeleniumTemplate\Helpers\ExtentReportHelpers.cs:linha 46
   em CSharpSeleniumTemplate.Helpers.ExtentReportHelpers.AddTestResult() na C:\Mantis2\csharpseleniumextentreporttemplate-master\CSharpSeleniumTemplate\Helpers\ExtentReportHelpers.cs:linha 60
   em CSharpSeleniumTemplate.Bases.TestBase.TearDown() na C:\Mantis2\csharpseleniumextentreporttemplate-master\CSharpSeleniumTemplate\Bases\TestBase.cs:linha 42]]></stack-trace>
              </failure>
            </test-case>
            <test-case id="0-1065" name="EfetuarLoginInformandoUsuarioInvalido(System.Collections.ArrayList)" fullname="CSharpSeleniumTemplate.Tests.LoginTests.EfetuarLoginInformandoUsuarioInvalido(System.Collections.ArrayList)" methodname="EfetuarLoginInformandoUsuarioInvalido" classname="CSharpSeleniumTemplate.Tests.LoginTests" runstate="Runnable" seed="1124928523" result="Failed" label="Error" start-time="2019-05-24 17:19:35Z" end-time="2019-05-24 17:19:53Z" duration="18.170895" asserts="0">
              <failure>
                <message><![CDATA[OpenQA.Selenium.WebDriverException : Error forwarding the new session Error forwarding the request timeout
TearDown : System.NullReferenceException : Referência de objeto não definida para uma instância de um objeto.]]></message>
                <stack-trace><![CDATA[   em OpenQA.Selenium.Remote.RemoteWebDriver.UnpackAndThrowOnError(Response errorResponse)
   em OpenQA.Selenium.Remote.RemoteWebDriver.Execute(String driverCommandToExecute, Dictionary`2 parameters)
   em OpenQA.Selenium.Remote.RemoteWebDriver.StartSession(ICapabilities desiredCapabilities)
   em OpenQA.Selenium.Remote.RemoteWebDriver..ctor(ICommandExecutor commandExecutor, ICapabilities desiredCapabilities)
   em OpenQA.Selenium.Remote.RemoteWebDriver..ctor(Uri remoteAddress, ICapabilities desiredCapabilities)
   em CSharpSeleniumTemplate.Helpers.DriverFactory.CreateInstance() na C:\Mantis2\csharpseleniumextentreporttemplate-master\CSharpSeleniumTemplate\Helpers\DriverFactory.cs:linha 81
   em CSharpSeleniumTemplate.Bases.TestBase.SetUp() na C:\Mantis2\csharpseleniumextentreporttemplate-master\CSharpSeleniumTemplate\Bases\TestBase.cs:linha 26
--TearDown
   em CSharpSeleniumTemplate.Helpers.GeneralHelpers.GetScreenshot(String path) na C:\Mantis2\csharpseleniumextentreporttemplate-master\CSharpSeleniumTemplate\Helpers\GeneralHelpers.cs:linha 65
   em CSharpSeleniumTemplate.Helpers.ExtentReportHelpers.GetScreenShotMedia() na C:\Mantis2\csharpseleniumextentreporttemplate-master\CSharpSeleniumTemplate\Helpers\ExtentReportHelpers.cs:linha 46
   em CSharpSeleniumTemplate.Helpers.ExtentReportHelpers.AddTestResult() na C:\Mantis2\csharpseleniumextentreporttemplate-master\CSharpSeleniumTemplate\Helpers\ExtentReportHelpers.cs:linha 60
   em CSharpSeleniumTemplate.Bases.TestBase.TearDown() na C:\Mantis2\csharpseleniumextentreporttemplate-master\CSharpSeleniumTemplate\Bases\TestBase.cs:linha 42]]></stack-trace>
              </failure>
            </test-case>
          </test-suite>
        </test-suite>
        <test-suite type="TestFixture" id="0-1067" name="ReportIssueTests" fullname="CSharpSeleniumTemplate.Tests.ReportIssueTests" classname="CSharpSeleniumTemplate.Tests.ReportIssueTests" runstate="Runnable" testcasecount="0" result="Passed" start-time="2019-05-24 17:19:53Z" end-time="2019-05-24 17:19:53Z" duration="0.000013" total="0" passed="0" failed="0" warnings="0" inconclusive="0" skipped="0" asserts="0" />
      </test-suite>
    </test-suite>
  </test-suite>
</test-run>